[2021-08-02T13:54:34+08:00][sql] CONNECT:[ UseTime:0.000452s ] mysql:host=127.0.0.1;port=3306;dbname=aa;charset=utf8
[2021-08-02T13:54:34+08:00][sql] SHOW FULL COLUMNS FROM `config` [ RunTime:0.001288s ]
[2021-08-02T13:54:34+08:00][sql] SELECT `name`,`data` FROM `config` [ RunTime:0.001967s ]
[2021-08-02T13:54:44+08:00][sql] CONNECT:[ UseTime:0.000415s ] mysql:host=127.0.0.1;port=3306;dbname=aa;charset=utf8
[2021-08-02T13:54:44+08:00][sql] SHOW FULL COLUMNS FROM `admin_user` [ RunTime:0.003626s ]
[2021-08-02T13:54:44+08:00][sql] SELECT `a`.`user_id`,`a`.`name`,a.user as username,`a`.`status`,a.role_id as user_role_ids,`b`.`role_id`,b.name as role_name,b.status as role_status FROM `admin_user` `a` INNER JOIN `role` `b` ON a.role_id in(b.role_id) WHERE  `a`.`user` = 'admin'  AND `a`.`pwd` = 'b720cf94bcd2a6157043cac25209b9ab' LIMIT 1 [ RunTime:0.003346s ]
[2021-08-02T13:54:44+08:00][sql] SHOW FULL COLUMNS FROM `access` [ RunTime:0.002883s ]
[2021-08-02T13:54:44+08:00][sql] SELECT `id`,`purviewval` FROM `access` WHERE  `role_id` = 1 [ RunTime:0.001471s ]
[2021-08-02T13:54:44+08:00][sql] SHOW FULL COLUMNS FROM `log` [ RunTime:0.001310s ]
[2021-08-02T13:54:44+08:00][sql] INSERT INTO `log` SET `application_name` = 'admin' , `username` = 'admin' , `url` = 'http://xght.dxcfd.com/admin/Login/index.html' , `ip` = '115.52.229.38' , `useragent` = 'Mozilla/5.0 (Windows NT 10.0; WOW64) AppleWebKit/537.36 (KHTML, like Gecko) Chrome/86.0.4240.198 Safari/537.36' , `create_time` = 1627883684 , `type` = 1 [ RunTime:0.015360s ]
[2021-08-02T13:54:44+08:00][sql] CONNECT:[ UseTime:0.000912s ] mysql:host=127.0.0.1;port=3306;dbname=aa;charset=utf8
[2021-08-02T13:54:44+08:00][sql] SHOW FULL COLUMNS FROM `menu` [ RunTime:0.002219s ]
[2021-08-02T13:54:44+08:00][sql] SELECT * FROM `menu` WHERE  `status` = 1  AND `app_id` = 1  AND `pid` = 0 ORDER BY `sortid` ASC [ RunTime:0.002549s ]
[2021-08-02T13:54:44+08:00][sql] SELECT * FROM `menu` WHERE  `status` = 1  AND `app_id` = 1  AND `pid` = 778 ORDER BY `sortid` ASC [ RunTime:0.000560s ]
[2021-08-02T13:54:44+08:00][sql] SELECT * FROM `menu` WHERE  `status` = 1  AND `app_id` = 1  AND `pid` = 778 ORDER BY `sortid` ASC [ RunTime:0.000405s ]
[2021-08-02T13:54:44+08:00][sql] SELECT * FROM `menu` WHERE  `status` = 1  AND `app_id` = 1  AND `pid` = 779 ORDER BY `sortid` ASC [ RunTime:0.000415s ]
[2021-08-02T13:54:44+08:00][sql] SELECT * FROM `menu` WHERE  `status` = 1  AND `app_id` = 1  AND `pid` = 779 ORDER BY `sortid` ASC [ RunTime:0.000386s ]
[2021-08-02T13:54:44+08:00][sql] SELECT * FROM `menu` WHERE  `status` = 1  AND `app_id` = 1  AND `pid` = 780 ORDER BY `sortid` ASC [ RunTime:0.000390s ]
[2021-08-02T13:54:44+08:00][sql] SELECT * FROM `menu` WHERE  `status` = 1  AND `app_id` = 1  AND `pid` = 780 ORDER BY `sortid` ASC [ RunTime:0.000391s ]
[2021-08-02T13:54:44+08:00][sql] SELECT * FROM `menu` WHERE  `status` = 1  AND `app_id` = 1  AND `pid` = 12 ORDER BY `sortid` ASC [ RunTime:0.000412s ]
[2021-08-02T13:54:44+08:00][sql] SELECT * FROM `menu` WHERE  `status` = 1  AND `app_id` = 1  AND `pid` = 12 ORDER BY `sortid` ASC [ RunTime:0.000422s ]
[2021-08-02T13:54:44+08:00][sql] SELECT * FROM `menu` WHERE  `status` = 1  AND `app_id` = 1  AND `pid` = 17 ORDER BY `sortid` ASC [ RunTime:0.000360s ]
[2021-08-02T13:54:44+08:00][sql] SELECT * FROM `menu` WHERE  `status` = 1  AND `app_id` = 1  AND `pid` = 17 ORDER BY `sortid` ASC [ RunTime:0.000385s ]
[2021-08-02T13:54:44+08:00][sql] SELECT * FROM `menu` WHERE  `status` = 1  AND `app_id` = 1  AND `pid` = 80 ORDER BY `sortid` ASC [ RunTime:0.000358s ]
[2021-08-02T13:54:44+08:00][sql] SELECT * FROM `menu` WHERE  `status` = 1  AND `app_id` = 1  AND `pid` = 80 ORDER BY `sortid` ASC [ RunTime:0.000386s ]
[2021-08-02T13:54:44+08:00][sql] SELECT * FROM `menu` WHERE  `status` = 1  AND `app_id` = 1  AND `pid` = 21 ORDER BY `sortid` ASC [ RunTime:0.000371s ]
[2021-08-02T13:54:44+08:00][sql] SELECT * FROM `menu` WHERE  `status` = 1  AND `app_id` = 1  AND `pid` = 21 ORDER BY `sortid` ASC [ RunTime:0.000388s ]
[2021-08-02T13:54:44+08:00][sql] SELECT * FROM `menu` WHERE  `status` = 1  AND `app_id` = 1  AND `pid` = 18 ORDER BY `sortid` ASC [ RunTime:0.000402s ]
[2021-08-02T13:54:44+08:00][sql] SELECT * FROM `menu` WHERE  `status` = 1  AND `app_id` = 1  AND `pid` = 18 ORDER BY `sortid` ASC [ RunTime:0.000379s ]
[2021-08-02T13:54:44+08:00][sql] SELECT * FROM `menu` WHERE  `status` = 1  AND `app_id` = 1  AND `pid` = 19 ORDER BY `sortid` ASC [ RunTime:0.000387s ]
[2021-08-02T13:54:44+08:00][sql] SELECT * FROM `menu` WHERE  `status` = 1  AND `app_id` = 1  AND `pid` = 19 ORDER BY `sortid` ASC [ RunTime:0.000361s ]
[2021-08-02T13:54:44+08:00][sql] SELECT * FROM `menu` WHERE  `status` = 1  AND `app_id` = 1  AND `pid` = 41 ORDER BY `sortid` ASC [ RunTime:0.000357s ]
[2021-08-02T13:54:44+08:00][sql] SELECT * FROM `menu` WHERE  `status` = 1  AND `app_id` = 1  AND `pid` = 41 ORDER BY `sortid` ASC [ RunTime:0.000366s ]
[2021-08-02T13:54:44+08:00][sql] SELECT * FROM `menu` WHERE  `status` = 1  AND `app_id` = 1  AND `pid` = 670 ORDER BY `sortid` ASC [ RunTime:0.000372s ]
[2021-08-02T13:54:44+08:00][sql] SELECT * FROM `menu` WHERE  `status` = 1  AND `app_id` = 1  AND `pid` = 670 ORDER BY `sortid` ASC [ RunTime:0.000370s ]
[2021-08-02T13:54:44+08:00][sql] SELECT * FROM `menu` WHERE  `status` = 1  AND `app_id` = 1  AND `pid` = 673 ORDER BY `sortid` ASC [ RunTime:0.000386s ]
[2021-08-02T13:54:44+08:00][sql] SELECT * FROM `menu` WHERE  `status` = 1  AND `app_id` = 1  AND `pid` = 673 ORDER BY `sortid` ASC [ RunTime:0.000433s ]
[2021-08-02T13:54:47+08:00][sql] CONNECT:[ UseTime:0.000354s ] mysql:host=127.0.0.1;port=3306;dbname=aa;charset=utf8
[2021-08-02T13:54:47+08:00][sql] SHOW FULL COLUMNS FROM `newlist` [ RunTime:0.001448s ]
[2021-08-02T13:54:47+08:00][sql] SELECT COUNT(*) AS think_count FROM `newlist` [ RunTime:0.000405s ]
[2021-08-02T13:54:47+08:00][sql] SELECT `newlist_id`,`names`,`code`,`price`,`zt` FROM `newlist` ORDER BY `newlist_id` DESC LIMIT 0,20 [ RunTime:0.000337s ]
[2021-08-02T13:54:49+08:00][sql] CONNECT:[ UseTime:0.000549s ] mysql:host=127.0.0.1;port=3306;dbname=aa;charset=utf8
[2021-08-02T13:54:49+08:00][sql] SHOW FULL COLUMNS FROM `lists` [ RunTime:0.004001s ]
[2021-08-02T13:54:49+08:00][sql] SELECT COUNT(*) AS think_count FROM `lists` [ RunTime:0.001858s ]
[2021-08-02T13:54:49+08:00][sql] SELECT `lists_id`,`agent`,`zname`,`phone`,`xgname`,`codes`,`nums`,`bzj`,`zts`,`mrsj` FROM `lists` ORDER BY `lists_id` DESC LIMIT 0,20 [ RunTime:0.000312s ]
[2021-08-02T13:54:49+08:00][sql] CONNECT:[ UseTime:0.000511s ] mysql:host=127.0.0.1;port=3306;dbname=aa;charset=utf8
[2021-08-02T13:54:49+08:00][sql] SHOW FULL COLUMNS FROM `user` [ RunTime:0.001115s ]
[2021-08-02T13:54:49+08:00][sql] SELECT COUNT(*) AS think_count FROM `user` [ RunTime:0.000326s ]
[2021-08-02T13:54:49+08:00][sql] SELECT `id`,`agent_id`,`agent_name`,`phone`,`nick_name`,`sgzj`,`djzj` FROM `user` ORDER BY `id` DESC LIMIT 0,20 [ RunTime:0.000343s ]
[2021-08-02T14:15:00+08:00][sql] CONNECT:[ UseTime:0.000546s ] mysql:host=127.0.0.1;port=3306;dbname=aa;charset=utf8
[2021-08-02T14:15:00+08:00][sql] SHOW FULL COLUMNS FROM `config` [ RunTime:0.000887s ]
[2021-08-02T14:15:00+08:00][sql] SELECT `name`,`data` FROM `config` [ RunTime:0.000277s ]
[2021-08-02T14:15:00+08:00][sql] SHOW FULL COLUMNS FROM `menu` [ RunTime:0.000844s ]
[2021-08-02T14:15:00+08:00][sql] SELECT * FROM `menu` WHERE  `status` = 1  AND `app_id` = 1  AND `pid` = 0 ORDER BY `sortid` ASC [ RunTime:0.004666s ]
[2021-08-02T14:15:00+08:00][sql] SELECT * FROM `menu` WHERE  `status` = 1  AND `app_id` = 1  AND `pid` = 778 ORDER BY `sortid` ASC [ RunTime:0.000419s ]
[2021-08-02T14:15:00+08:00][sql] SELECT * FROM `menu` WHERE  `status` = 1  AND `app_id` = 1  AND `pid` = 778 ORDER BY `sortid` ASC [ RunTime:0.000366s ]
[2021-08-02T14:15:00+08:00][sql] SELECT * FROM `menu` WHERE  `status` = 1  AND `app_id` = 1  AND `pid` = 779 ORDER BY `sortid` ASC [ RunTime:0.000478s ]
[2021-08-02T14:15:00+08:00][sql] SELECT * FROM `menu` WHERE  `status` = 1  AND `app_id` = 1  AND `pid` = 779 ORDER BY `sortid` ASC [ RunTime:0.000436s ]
[2021-08-02T14:15:00+08:00][sql] SELECT * FROM `menu` WHERE  `status` = 1  AND `app_id` = 1  AND `pid` = 780 ORDER BY `sortid` ASC [ RunTime:0.000395s ]
[2021-08-02T14:15:00+08:00][sql] SELECT * FROM `menu` WHERE  `status` = 1  AND `app_id` = 1  AND `pid` = 780 ORDER BY `sortid` ASC [ RunTime:0.000367s ]
[2021-08-02T14:15:00+08:00][sql] SELECT * FROM `menu` WHERE  `status` = 1  AND `app_id` = 1  AND `pid` = 12 ORDER BY `sortid` ASC [ RunTime:0.000433s ]
[2021-08-02T14:15:00+08:00][sql] SELECT * FROM `menu` WHERE  `status` = 1  AND `app_id` = 1  AND `pid` = 12 ORDER BY `sortid` ASC [ RunTime:0.000431s ]
[2021-08-02T14:15:00+08:00][sql] SELECT * FROM `menu` WHERE  `status` = 1  AND `app_id` = 1  AND `pid` = 17 ORDER BY `sortid` ASC [ RunTime:0.000355s ]
[2021-08-02T14:15:00+08:00][sql] SELECT * FROM `menu` WHERE  `status` = 1  AND `app_id` = 1  AND `pid` = 17 ORDER BY `sortid` ASC [ RunTime:0.000392s ]
[2021-08-02T14:15:00+08:00][sql] SELECT * FROM `menu` WHERE  `status` = 1  AND `app_id` = 1  AND `pid` = 80 ORDER BY `sortid` ASC [ RunTime:0.103814s ]
[2021-08-02T14:15:00+08:00][sql] SELECT * FROM `menu` WHERE  `status` = 1  AND `app_id` = 1  AND `pid` = 80 ORDER BY `sortid` ASC [ RunTime:0.000384s ]
[2021-08-02T14:15:00+08:00][sql] SELECT * FROM `menu` WHERE  `status` = 1  AND `app_id` = 1  AND `pid` = 21 ORDER BY `sortid` ASC [ RunTime:0.000377s ]
[2021-08-02T14:15:00+08:00][sql] SELECT * FROM `menu` WHERE  `status` = 1  AND `app_id` = 1  AND `pid` = 21 ORDER BY `sortid` ASC [ RunTime:0.000369s ]
[2021-08-02T14:15:00+08:00][sql] SELECT * FROM `menu` WHERE  `status` = 1  AND `app_id` = 1  AND `pid` = 18 ORDER BY `sortid` ASC [ RunTime:0.000393s ]
[2021-08-02T14:15:00+08:00][sql] SELECT * FROM `menu` WHERE  `status` = 1  AND `app_id` = 1  AND `pid` = 18 ORDER BY `sortid` ASC [ RunTime:0.000359s ]
[2021-08-02T14:15:00+08:00][sql] SELECT * FROM `menu` WHERE  `status` = 1  AND `app_id` = 1  AND `pid` = 19 ORDER BY `sortid` ASC [ RunTime:0.000371s ]
[2021-08-02T14:15:00+08:00][sql] SELECT * FROM `menu` WHERE  `status` = 1  AND `app_id` = 1  AND `pid` = 19 ORDER BY `sortid` ASC [ RunTime:0.000358s ]
[2021-08-02T14:15:00+08:00][sql] SELECT * FROM `menu` WHERE  `status` = 1  AND `app_id` = 1  AND `pid` = 41 ORDER BY `sortid` ASC [ RunTime:0.000369s ]
[2021-08-02T14:15:00+08:00][sql] SELECT * FROM `menu` WHERE  `status` = 1  AND `app_id` = 1  AND `pid` = 41 ORDER BY `sortid` ASC [ RunTime:0.000403s ]
[2021-08-02T14:15:00+08:00][sql] SELECT * FROM `menu` WHERE  `status` = 1  AND `app_id` = 1  AND `pid` = 670 ORDER BY `sortid` ASC [ RunTime:0.000381s ]
[2021-08-02T14:15:00+08:00][sql] SELECT * FROM `menu` WHERE  `status` = 1  AND `app_id` = 1  AND `pid` = 670 ORDER BY `sortid` ASC [ RunTime:0.000358s ]
[2021-08-02T14:15:00+08:00][sql] SELECT * FROM `menu` WHERE  `status` = 1  AND `app_id` = 1  AND `pid` = 673 ORDER BY `sortid` ASC [ RunTime:0.000404s ]
[2021-08-02T14:15:00+08:00][sql] SELECT * FROM `menu` WHERE  `status` = 1  AND `app_id` = 1  AND `pid` = 673 ORDER BY `sortid` ASC [ RunTime:0.000383s ]
[2021-08-02T14:16:22+08:00][sql] CONNECT:[ UseTime:0.006234s ] mysql:host=127.0.0.1;port=3306;dbname=aa;charset=utf8
[2021-08-02T14:16:22+08:00][sql] SHOW FULL COLUMNS FROM `config` [ RunTime:0.005001s ]
[2021-08-02T14:16:22+08:00][sql] SELECT `name`,`data` FROM `config` [ RunTime:0.001693s ]
[2021-08-02T14:43:51+08:00][sql] CONNECT:[ UseTime:0.000642s ] mysql:host=127.0.0.1;port=3306;dbname=aa;charset=utf8
[2021-08-02T14:43:51+08:00][sql] SHOW FULL COLUMNS FROM `config` [ RunTime:0.001140s ]
[2021-08-02T14:43:51+08:00][sql] SELECT `name`,`data` FROM `config` [ RunTime:0.000317s ]
[2021-08-02T15:08:56+08:00][sql] CONNECT:[ UseTime:0.000707s ] mysql:host=127.0.0.1;port=3306;dbname=aa;charset=utf8
[2021-08-02T15:08:56+08:00][sql] SHOW FULL COLUMNS FROM `config` [ RunTime:0.000861s ]
[2021-08-02T15:08:56+08:00][sql] SELECT `name`,`data` FROM `config` [ RunTime:0.000299s ]
[2021-08-02T15:08:56+08:00][sql] SHOW FULL COLUMNS FROM `admin_user` [ RunTime:0.001288s ]
[2021-08-02T15:08:56+08:00][sql] SELECT `a`.`user_id`,`a`.`name`,a.user as username,`a`.`status`,a.role_id as user_role_ids,`b`.`role_id`,b.name as role_name,b.status as role_status FROM `admin_user` `a` INNER JOIN `role` `b` ON a.role_id in(b.role_id) WHERE  `a`.`user` = 'admin'  AND `a`.`pwd` = 'b720cf94bcd2a6157043cac25209b9ab' LIMIT 1 [ RunTime:0.001756s ]
[2021-08-02T15:08:56+08:00][sql] SHOW FULL COLUMNS FROM `access` [ RunTime:0.000984s ]
[2021-08-02T15:08:56+08:00][sql] SELECT `id`,`purviewval` FROM `access` WHERE  `role_id` = 1 [ RunTime:0.001000s ]
[2021-08-02T15:08:56+08:00][sql] SHOW FULL COLUMNS FROM `log` [ RunTime:0.000999s ]
[2021-08-02T15:08:56+08:00][sql] INSERT INTO `log` SET `application_name` = 'admin' , `username` = 'admin' , `url` = 'http://xght.dxcfd.com/admin/Login/index.html' , `ip` = '103.23.133.152' , `useragent` = 'Mozilla/5.0 (Macintosh; Intel Mac OS X 10_15_7) AppleWebKit/537.36 (KHTML, like Gecko) Chrome/92.0.4515.107 Safari/537.36' , `create_time` = 1627888136 , `type` = 1 [ RunTime:0.004586s ]
[2021-08-02T15:08:57+08:00][sql] CONNECT:[ UseTime:0.000443s ] mysql:host=127.0.0.1;port=3306;dbname=aa;charset=utf8
[2021-08-02T15:08:57+08:00][sql] SHOW FULL COLUMNS FROM `menu` [ RunTime:0.001210s ]
[2021-08-02T15:08:57+08:00][sql] SELECT * FROM `menu` WHERE  `status` = 1  AND `app_id` = 1  AND `pid` = 0 ORDER BY `sortid` ASC [ RunTime:0.001552s ]
[2021-08-02T15:08:57+08:00][sql] SELECT * FROM `menu` WHERE  `status` = 1  AND `app_id` = 1  AND `pid` = 778 ORDER BY `sortid` ASC [ RunTime:0.000732s ]
[2021-08-02T15:08:57+08:00][sql] SELECT * FROM `menu` WHERE  `status` = 1  AND `app_id` = 1  AND `pid` = 778 ORDER BY `sortid` ASC [ RunTime:0.000446s ]
[2021-08-02T15:08:57+08:00][sql] SELECT * FROM `menu` WHERE  `status` = 1  AND `app_id` = 1  AND `pid` = 779 ORDER BY `sortid` ASC [ RunTime:0.000572s ]
[2021-08-02T15:08:57+08:00][sql] SELECT * FROM `menu` WHERE  `status` = 1  AND `app_id` = 1  AND `pid` = 779 ORDER BY `sortid` ASC [ RunTime:0.000548s ]
[2021-08-02T15:08:57+08:00][sql] SELECT * FROM `menu` WHERE  `status` = 1  AND `app_id` = 1  AND `pid` = 780 ORDER BY `sortid` ASC [ RunTime:0.000462s ]
[2021-08-02T15:08:57+08:00][sql] SELECT * FROM `menu` WHERE  `status` = 1  AND `app_id` = 1  AND `pid` = 780 ORDER BY `sortid` ASC [ RunTime:0.000386s ]
[2021-08-02T15:08:57+08:00][sql] SELECT * FROM `menu` WHERE  `status` = 1  AND `app_id` = 1  AND `pid` = 12 ORDER BY `sortid` ASC [ RunTime:0.000412s ]
[2021-08-02T15:08:57+08:00][sql] SELECT * FROM `menu` WHERE  `status` = 1  AND `app_id` = 1  AND `pid` = 12 ORDER BY `sortid` ASC [ RunTime:0.000431s ]
[2021-08-02T15:08:57+08:00][sql] SELECT * FROM `menu` WHERE  `status` = 1  AND `app_id` = 1  AND `pid` = 17 ORDER BY `sortid` ASC [ RunTime:0.000381s ]
[2021-08-02T15:08:57+08:00][sql] SELECT * FROM `menu` WHERE  `status` = 1  AND `app_id` = 1  AND `pid` = 17 ORDER BY `sortid` ASC [ RunTime:0.000552s ]
[2021-08-02T15:08:57+08:00][sql] SELECT * FROM `menu` WHERE  `status` = 1  AND `app_id` = 1  AND `pid` = 80 ORDER BY `sortid` ASC [ RunTime:0.000438s ]
[2021-08-02T15:08:57+08:00][sql] SELECT * FROM `menu` WHERE  `status` = 1  AND `app_id` = 1  AND `pid` = 80 ORDER BY `sortid` ASC [ RunTime:0.000387s ]
[2021-08-02T15:08:57+08:00][sql] SELECT * FROM `menu` WHERE  `status` = 1  AND `app_id` = 1  AND `pid` = 21 ORDER BY `sortid` ASC [ RunTime:0.000555s ]
[2021-08-02T15:08:57+08:00][sql] SELECT * FROM `menu` WHERE  `status` = 1  AND `app_id` = 1  AND `pid` = 21 ORDER BY `sortid` ASC [ RunTime:0.000382s ]
[2021-08-02T15:08:57+08:00][sql] SELECT * FROM `menu` WHERE  `status` = 1  AND `app_id` = 1  AND `pid` = 18 ORDER BY `sortid` ASC [ RunTime:0.000395s ]
[2021-08-02T15:08:57+08:00][sql] SELECT * FROM `menu` WHERE  `status` = 1  AND `app_id` = 1  AND `pid` = 18 ORDER BY `sortid` ASC [ RunTime:0.000521s ]
[2021-08-02T15:08:57+08:00][sql] SELECT * FROM `menu` WHERE  `status` = 1  AND `app_id` = 1  AND `pid` = 19 ORDER BY `sortid` ASC [ RunTime:0.000445s ]
[2021-08-02T15:08:57+08:00][sql] SELECT * FROM `menu` WHERE  `status` = 1  AND `app_id` = 1  AND `pid` = 19 ORDER BY `sortid` ASC [ RunTime:0.000383s ]
[2021-08-02T15:08:57+08:00][sql] SELECT * FROM `menu` WHERE  `status` = 1  AND `app_id` = 1  AND `pid` = 41 ORDER BY `sortid` ASC [ RunTime:0.000373s ]
[2021-08-02T15:08:57+08:00][sql] SELECT * FROM `menu` WHERE  `status` = 1  AND `app_id` = 1  AND `pid` = 41 ORDER BY `sortid` ASC [ RunTime:0.000386s ]
[2021-08-02T15:08:57+08:00][sql] SELECT * FROM `menu` WHERE  `status` = 1  AND `app_id` = 1  AND `pid` = 670 ORDER BY `sortid` ASC [ RunTime:0.000366s ]
[2021-08-02T15:08:57+08:00][sql] SELECT * FROM `menu` WHERE  `status` = 1  AND `app_id` = 1  AND `pid` = 670 ORDER BY `sortid` ASC [ RunTime:0.000383s ]
[2021-08-02T15:08:57+08:00][sql] SELECT * FROM `menu` WHERE  `status` = 1  AND `app_id` = 1  AND `pid` = 673 ORDER BY `sortid` ASC [ RunTime:0.000478s ]
[2021-08-02T15:08:57+08:00][sql] SELECT * FROM `menu` WHERE  `status` = 1  AND `app_id` = 1  AND `pid` = 673 ORDER BY `sortid` ASC [ RunTime:0.000520s ]
[2021-08-02T15:09:21+08:00][sql] CONNECT:[ UseTime:0.000643s ] mysql:host=127.0.0.1;port=3306;dbname=aa;charset=utf8
[2021-08-02T15:09:21+08:00][sql] SHOW FULL COLUMNS FROM `lists` [ RunTime:0.006463s ]
[2021-08-02T15:09:21+08:00][sql] SELECT COUNT(*) AS think_count FROM `lists` [ RunTime:0.000442s ]
[2021-08-02T15:09:21+08:00][sql] SELECT `lists_id`,`agent`,`zname`,`phone`,`xgname`,`codes`,`nums`,`bzj`,`zts`,`mrsj` FROM `lists` ORDER BY `lists_id` DESC LIMIT 0,20 [ RunTime:0.000407s ]
[2021-08-02T16:17:59+08:00][sql] CONNECT:[ UseTime:0.000376s ] mysql:host=127.0.0.1;port=3306;dbname=aa;charset=utf8
[2021-08-02T16:17:59+08:00][sql] SHOW FULL COLUMNS FROM `config` [ RunTime:0.001341s ]
[2021-08-02T16:17:59+08:00][sql] SELECT `name`,`data` FROM `config` [ RunTime:0.000331s ]
[2021-08-02T16:36:56+08:00][sql] CONNECT:[ UseTime:0.000508s ] mysql:host=127.0.0.1;port=3306;dbname=aa;charset=utf8
[2021-08-02T16:36:56+08:00][sql] SHOW FULL COLUMNS FROM `config` [ RunTime:0.001099s ]
[2021-08-02T16:36:56+08:00][sql] SELECT `name`,`data` FROM `config` [ RunTime:0.000289s ]
[2021-08-02T16:37:25+08:00][sql] CONNECT:[ UseTime:0.000547s ] mysql:host=127.0.0.1;port=3306;dbname=aa;charset=utf8
[2021-08-02T16:37:25+08:00][sql] SHOW FULL COLUMNS FROM `admin_user` [ RunTime:0.000918s ]
[2021-08-02T16:37:25+08:00][sql] SELECT `a`.`user_id`,`a`.`name`,a.user as username,`a`.`status`,a.role_id as user_role_ids,`b`.`role_id`,b.name as role_name,b.status as role_status FROM `admin_user` `a` INNER JOIN `role` `b` ON a.role_id in(b.role_id) WHERE  `a`.`user` = '15888888888'  AND `a`.`pwd` = '7b2ad4e307d5b3ec9e786054225d0985' LIMIT 1 [ RunTime:0.001945s ]
[2021-08-02T16:37:59+08:00][sql] CONNECT:[ UseTime:0.000448s ] mysql:host=127.0.0.1;port=3306;dbname=aa;charset=utf8
[2021-08-02T16:37:59+08:00][sql] SHOW FULL COLUMNS FROM `config` [ RunTime:0.001196s ]
[2021-08-02T16:37:59+08:00][sql] SELECT `name`,`data` FROM `config` [ RunTime:0.000314s ]
[2021-08-02T16:37:59+08:00][sql] SHOW FULL COLUMNS FROM `admin_user` [ RunTime:0.001403s ]
[2021-08-02T16:37:59+08:00][sql] SELECT `a`.`user_id`,`a`.`name`,a.user as username,`a`.`status`,a.role_id as user_role_ids,`b`.`role_id`,b.name as role_name,b.status as role_status FROM `admin_user` `a` INNER JOIN `role` `b` ON a.role_id in(b.role_id) WHERE  `a`.`user` = '15888888888'  AND `a`.`pwd` = '7b2ad4e307d5b3ec9e786054225d0985' LIMIT 1 [ RunTime:0.000417s ]
[2021-08-02T17:22:41+08:00][sql] CONNECT:[ UseTime:0.000276s ] mysql:host=127.0.0.1;port=3306;dbname=aa;charset=utf8
[2021-08-02T17:22:41+08:00][sql] SHOW FULL COLUMNS FROM `config` [ RunTime:0.001201s ]
[2021-08-02T17:22:41+08:00][sql] SELECT `name`,`data` FROM `config` [ RunTime:0.000284s ]
[2021-08-02T17:22:55+08:00][sql] CONNECT:[ UseTime:0.000364s ] mysql:host=127.0.0.1;port=3306;dbname=aa;charset=utf8
[2021-08-02T17:22:55+08:00][sql] SHOW FULL COLUMNS FROM `admin_user` [ RunTime:0.000979s ]
[2021-08-02T17:22:55+08:00][sql] SELECT `a`.`user_id`,`a`.`name`,a.user as username,`a`.`status`,a.role_id as user_role_ids,`b`.`role_id`,b.name as role_name,b.status as role_status FROM `admin_user` `a` INNER JOIN `role` `b` ON a.role_id in(b.role_id) WHERE  `a`.`user` = 'admin'  AND `a`.`pwd` = '7b2ad4e307d5b3ec9e786054225d0985' LIMIT 1 [ RunTime:0.000375s ]
[2021-08-02T17:23:13+08:00][sql] CONNECT:[ UseTime:0.000406s ] mysql:host=127.0.0.1;port=3306;dbname=aa;charset=utf8
[2021-08-02T17:23:13+08:00][sql] SHOW FULL COLUMNS FROM `admin_user` [ RunTime:0.001274s ]
[2021-08-02T17:23:13+08:00][sql] SELECT `a`.`user_id`,`a`.`name`,a.user as username,`a`.`status`,a.role_id as user_role_ids,`b`.`role_id`,b.name as role_name,b.status as role_status FROM `admin_user` `a` INNER JOIN `role` `b` ON a.role_id in(b.role_id) WHERE  `a`.`user` = 'admin'  AND `a`.`pwd` = 'b720cf94bcd2a6157043cac25209b9ab' LIMIT 1 [ RunTime:0.000455s ]
[2021-08-02T17:23:13+08:00][sql] SHOW FULL COLUMNS FROM `access` [ RunTime:0.001073s ]
[2021-08-02T17:23:13+08:00][sql] SELECT `id`,`purviewval` FROM `access` WHERE  `role_id` = 1 [ RunTime:0.001365s ]
[2021-08-02T17:23:13+08:00][sql] SHOW FULL COLUMNS FROM `log` [ RunTime:0.001145s ]
[2021-08-02T17:23:13+08:00][sql] INSERT INTO `log` SET `application_name` = 'admin' , `username` = 'admin' , `url` = 'http://xght.dxcfd.com/admin/Login/index.html' , `ip` = '87.201.49.142' , `useragent` = 'Mozilla/5.0 (Windows NT 10.0; WOW64) AppleWebKit/537.36 (KHTML, like Gecko) Chrome/86.0.4240.198 Safari/537.36' , `create_time` = 1627896193 , `type` = 1 [ RunTime:0.004096s ]
[2021-08-02T17:23:13+08:00][sql] CONNECT:[ UseTime:0.000496s ] mysql:host=127.0.0.1;port=3306;dbname=aa;charset=utf8
[2021-08-02T17:23:13+08:00][sql] SHOW FULL COLUMNS FROM `menu` [ RunTime:0.001420s ]
[2021-08-02T17:23:13+08:00][sql] SELECT * FROM `menu` WHERE  `status` = 1  AND `app_id` = 1  AND `pid` = 0 ORDER BY `sortid` ASC [ RunTime:0.001220s ]
[2021-08-02T17:23:13+08:00][sql] SELECT * FROM `menu` WHERE  `status` = 1  AND `app_id` = 1  AND `pid` = 778 ORDER BY `sortid` ASC [ RunTime:0.000416s ]
[2021-08-02T17:23:13+08:00][sql] SELECT * FROM `menu` WHERE  `status` = 1  AND `app_id` = 1  AND `pid` = 778 ORDER BY `sortid` ASC [ RunTime:0.000403s ]
[2021-08-02T17:23:13+08:00][sql] SELECT * FROM `menu` WHERE  `status` = 1  AND `app_id` = 1  AND `pid` = 779 ORDER BY `sortid` ASC [ RunTime:0.000468s ]
[2021-08-02T17:23:13+08:00][sql] SELECT * FROM `menu` WHERE  `status` = 1  AND `app_id` = 1  AND `pid` = 779 ORDER BY `sortid` ASC [ RunTime:0.000366s ]
[2021-08-02T17:23:13+08:00][sql] SELECT * FROM `menu` WHERE  `status` = 1  AND `app_id` = 1  AND `pid` = 780 ORDER BY `sortid` ASC [ RunTime:0.000410s ]
[2021-08-02T17:23:13+08:00][sql] SELECT * FROM `menu` WHERE  `status` = 1  AND `app_id` = 1  AND `pid` = 780 ORDER BY `sortid` ASC [ RunTime:0.000393s ]
[2021-08-02T17:23:13+08:00][sql] SELECT * FROM `menu` WHERE  `status` = 1  AND `app_id` = 1  AND `pid` = 12 ORDER BY `sortid` ASC [ RunTime:0.000469s ]
[2021-08-02T17:23:13+08:00][sql] SELECT * FROM `menu` WHERE  `status` = 1  AND `app_id` = 1  AND `pid` = 12 ORDER BY `sortid` ASC [ RunTime:0.000418s ]
[2021-08-02T17:23:13+08:00][sql] SELECT * FROM `menu` WHERE  `status` = 1  AND `app_id` = 1  AND `pid` = 17 ORDER BY `sortid` ASC [ RunTime:0.000379s ]
[2021-08-02T17:23:13+08:00][sql] SELECT * FROM `menu` WHERE  `status` = 1  AND `app_id` = 1  AND `pid` = 17 ORDER BY `sortid` ASC [ RunTime:0.000421s ]
[2021-08-02T17:23:13+08:00][sql] SELECT * FROM `menu` WHERE  `status` = 1  AND `app_id` = 1  AND `pid` = 80 ORDER BY `sortid` ASC [ RunTime:0.000380s ]
[2021-08-02T17:23:13+08:00][sql] SELECT * FROM `menu` WHERE  `status` = 1  AND `app_id` = 1  AND `pid` = 80 ORDER BY `sortid` ASC [ RunTime:0.000406s ]
[2021-08-02T17:23:13+08:00][sql] SELECT * FROM `menu` WHERE  `status` = 1  AND `app_id` = 1  AND `pid` = 21 ORDER BY `sortid` ASC [ RunTime:0.000394s ]
[2021-08-02T17:23:13+08:00][sql] SELECT * FROM `menu` WHERE  `status` = 1  AND `app_id` = 1  AND `pid` = 21 ORDER BY `sortid` ASC [ RunTime:0.000408s ]
[2021-08-02T17:23:13+08:00][sql] SELECT * FROM `menu` WHERE  `status` = 1  AND `app_id` = 1  AND `pid` = 18 ORDER BY `sortid` ASC [ RunTime:0.000400s ]
[2021-08-02T17:23:13+08:00][sql] SELECT * FROM `menu` WHERE  `status` = 1  AND `app_id` = 1  AND `pid` = 18 ORDER BY `sortid` ASC [ RunTime:0.000388s ]
[2021-08-02T17:23:13+08:00][sql] SELECT * FROM `menu` WHERE  `status` = 1  AND `app_id` = 1  AND `pid` = 19 ORDER BY `sortid` ASC [ RunTime:0.000402s ]
[2021-08-02T17:23:13+08:00][sql] SELECT * FROM `menu` WHERE  `status` = 1  AND `app_id` = 1  AND `pid` = 19 ORDER BY `sortid` ASC [ RunTime:0.000388s ]
[2021-08-02T17:23:13+08:00][sql] SELECT * FROM `menu` WHERE  `status` = 1  AND `app_id` = 1  AND `pid` = 41 ORDER BY `sortid` ASC [ RunTime:0.000402s ]
[2021-08-02T17:23:13+08:00][sql] SELECT * FROM `menu` WHERE  `status` = 1  AND `app_id` = 1  AND `pid` = 41 ORDER BY `sortid` ASC [ RunTime:0.000362s ]
[2021-08-02T17:23:13+08:00][sql] SELECT * FROM `menu` WHERE  `status` = 1  AND `app_id` = 1  AND `pid` = 670 ORDER BY `sortid` ASC [ RunTime:0.000406s ]
[2021-08-02T17:23:13+08:00][sql] SELECT * FROM `menu` WHERE  `status` = 1  AND `app_id` = 1  AND `pid` = 670 ORDER BY `sortid` ASC [ RunTime:0.000363s ]
[2021-08-02T17:23:13+08:00][sql] SELECT * FROM `menu` WHERE  `status` = 1  AND `app_id` = 1  AND `pid` = 673 ORDER BY `sortid` ASC [ RunTime:0.000422s ]
[2021-08-02T17:23:13+08:00][sql] SELECT * FROM `menu` WHERE  `status` = 1  AND `app_id` = 1  AND `pid` = 673 ORDER BY `sortid` ASC [ RunTime:0.000358s ]
[2021-08-02T17:23:16+08:00][sql] CONNECT:[ UseTime:0.000463s ] mysql:host=127.0.0.1;port=3306;dbname=aa;charset=utf8
[2021-08-02T17:23:16+08:00][sql] SHOW FULL COLUMNS FROM `lists` [ RunTime:0.001246s ]
[2021-08-02T17:23:16+08:00][sql] SELECT COUNT(*) AS think_count FROM `lists` [ RunTime:0.000279s ]
[2021-08-02T17:23:16+08:00][sql] SELECT `lists_id`,`agent`,`zname`,`phone`,`xgname`,`codes`,`nums`,`bzj`,`zts`,`mrsj` FROM `lists` ORDER BY `lists_id` DESC LIMIT 0,20 [ RunTime:0.000331s ]
[2021-08-02T17:23:24+08:00][sql] CONNECT:[ UseTime:0.000669s ] mysql:host=127.0.0.1;port=3306;dbname=aa;charset=utf8
[2021-08-02T17:23:24+08:00][sql] SHOW FULL COLUMNS FROM `lists` [ RunTime:0.001487s ]
[2021-08-02T17:23:24+08:00][sql] SELECT * FROM `lists` WHERE  `lists_id` = 47 LIMIT 1 [ RunTime:0.000630s ]
[2021-08-02T17:23:56+08:00][sql] CONNECT:[ UseTime:0.000902s ] mysql:host=127.0.0.1;port=3306;dbname=aa;charset=utf8
[2021-08-02T17:23:56+08:00][sql] SHOW FULL COLUMNS FROM `log` [ RunTime:0.001249s ]
[2021-08-02T17:23:56+08:00][sql] INSERT INTO `log` SET `application_name` = 'admin' , `username` = 'admin' , `url` = 'http://xght.dxcfd.com/admin/Lists/update' , `ip` = '87.201.49.142' , `useragent` = 'Mozilla/5.0 (Windows NT 10.0; WOW64) AppleWebKit/537.36 (KHTML, like Gecko) Chrome/86.0.4240.198 Safari/537.36' , `content` = '{\"zts\":\"1\",\"lists_id\":\"47\",\"agent\":\"\\u6d4b\\u8bd5\",\"zname\":\"\\u8dd1\\u8dd1\",\"phone\":\"15888888888\",\"xgname\":\"\\u8054\\u60f3\\u7535\\u8111\",\"codes\":\"3566\",\"nums\":\"1000\",\"bzj\":\"12000\",\"mrsj\":\"2021-08-02 17:04:36\"}' , `create_time` = 1627896236 , `type` = 2 [ RunTime:0.006428s ]
[2021-08-02T17:23:56+08:00][sql] SHOW FULL COLUMNS FROM `config` [ RunTime:0.000750s ]
[2021-08-02T17:23:56+08:00][sql] SELECT `name`,`data` FROM `config` [ RunTime:0.000287s ]
[2021-08-02T17:23:56+08:00][sql] SHOW FULL COLUMNS FROM `lists` [ RunTime:0.000889s ]
[2021-08-02T17:23:56+08:00][sql] UPDATE `lists`  SET `agent` = '测试' , `zname` = '跑跑' , `phone` = '15888888888' , `xgname` = '联想电脑' , `codes` = '3566' , `nums` = '1000' , `bzj` = '12000' , `zts` = 1 , `mrsj` = 1627895076  WHERE  `lists_id` = 47 [ RunTime:0.000702s ]
[2021-08-02T17:23:56+08:00][sql] CONNECT:[ UseTime:0.000479s ] mysql:host=127.0.0.1;port=3306;dbname=aa;charset=utf8
[2021-08-02T17:23:56+08:00][sql] SHOW FULL COLUMNS FROM `lists` [ RunTime:0.001250s ]
[2021-08-02T17:23:56+08:00][sql] SELECT COUNT(*) AS think_count FROM `lists` [ RunTime:0.000339s ]
[2021-08-02T17:23:56+08:00][sql] SELECT `lists_id`,`agent`,`zname`,`phone`,`xgname`,`codes`,`nums`,`bzj`,`zts`,`mrsj` FROM `lists` ORDER BY `lists_id` DESC LIMIT 0,20 [ RunTime:0.000377s ]
[2021-08-02T17:24:19+08:00][sql] CONNECT:[ UseTime:0.000300s ] mysql:host=127.0.0.1;port=3306;dbname=aa;charset=utf8
[2021-08-02T17:24:19+08:00][sql] SHOW FULL COLUMNS FROM `lists` [ RunTime:0.000949s ]
[2021-08-02T17:24:19+08:00][sql] SELECT * FROM `lists` WHERE  `lists_id` = 46 LIMIT 1 [ RunTime:0.000388s ]
[2021-08-02T17:35:34+08:00][sql] CONNECT:[ UseTime:0.000515s ] mysql:host=127.0.0.1;port=3306;dbname=aa;charset=utf8
[2021-08-02T17:35:34+08:00][sql] SHOW FULL COLUMNS FROM `config` [ RunTime:0.000989s ]
[2021-08-02T17:35:34+08:00][sql] SELECT `name`,`data` FROM `config` [ RunTime:0.000270s ]
[2021-08-02T17:35:35+08:00][sql] CONNECT:[ UseTime:0.000879s ] mysql:host=127.0.0.1;port=3306;dbname=aa;charset=utf8
[2021-08-02T17:35:35+08:00][sql] SHOW FULL COLUMNS FROM `user` [ RunTime:0.001004s ]
[2021-08-02T17:35:35+08:00][sql] SELECT COUNT(*) AS think_count FROM `user` [ RunTime:0.000262s ]
[2021-08-02T17:35:35+08:00][sql] SELECT `id`,`agent_id`,`agent_name`,`phone`,`nick_name`,`sgzj`,`djzj` FROM `user` ORDER BY `id` DESC LIMIT 0,20 [ RunTime:0.000334s ]
[2021-08-02T17:35:45+08:00][sql] CONNECT:[ UseTime:0.000847s ] mysql:host=127.0.0.1;port=3306;dbname=aa;charset=utf8
[2021-08-02T17:35:45+08:00][sql] select role_id,name,pid from role [ RunTime:0.000516s ]
[2021-08-02T17:35:46+08:00][sql] CONNECT:[ UseTime:0.000318s ] mysql:host=127.0.0.1;port=3306;dbname=aa;charset=utf8
[2021-08-02T17:35:46+08:00][sql] select a.*,group_concat(b.name) as role_name from admin_user as a left join role as b on find_in_set(b.role_id,a.role_id)  group by a.user_id order by user_id desc limit 0,20 [ RunTime:0.003206s ]
[2021-08-02T17:35:46+08:00][sql] select count(*) as count from (select a.*,group_concat(b.name) as role_name from admin_user as a left join role as b on find_in_set(b.role_id,a.role_id)  group by a.user_id) as tp [ RunTime:0.000858s ]
[2021-08-02T17:35:49+08:00][sql] CONNECT:[ UseTime:0.001107s ] mysql:host=127.0.0.1;port=3306;dbname=aa;charset=utf8
[2021-08-02T17:35:49+08:00][sql] SHOW FULL COLUMNS FROM `role` [ RunTime:0.001176s ]
[2021-08-02T17:35:49+08:00][sql] SELECT COUNT(*) AS think_count FROM `role` [ RunTime:0.000270s ]
[2021-08-02T17:35:49+08:00][sql] SELECT * FROM `role` ORDER BY `role_id` DESC LIMIT 0,20 [ RunTime:0.000283s ]
[2021-08-02T17:51:25+08:00][sql] CONNECT:[ UseTime:0.000364s ] mysql:host=127.0.0.1;port=3306;dbname=aa;charset=utf8
[2021-08-02T17:51:25+08:00][sql] SHOW FULL COLUMNS FROM `config` [ RunTime:0.001229s ]
[2021-08-02T17:51:25+08:00][sql] SELECT `name`,`data` FROM `config` [ RunTime:0.000281s ]
[2021-08-02T17:51:40+08:00][sql] CONNECT:[ UseTime:0.000313s ] mysql:host=127.0.0.1;port=3306;dbname=aa;charset=utf8
[2021-08-02T17:51:40+08:00][sql] SHOW FULL COLUMNS FROM `admin_user` [ RunTime:0.001299s ]
[2021-08-02T17:51:40+08:00][sql] SELECT `a`.`user_id`,`a`.`name`,a.user as username,`a`.`status`,a.role_id as user_role_ids,`b`.`role_id`,b.name as role_name,b.status as role_status FROM `admin_user` `a` INNER JOIN `role` `b` ON a.role_id in(b.role_id) WHERE  `a`.`user` = 'admin'  AND `a`.`pwd` = 'b720cf94bcd2a6157043cac25209b9ab' LIMIT 1 [ RunTime:0.000432s ]
[2021-08-02T17:51:40+08:00][sql] SHOW FULL COLUMNS FROM `access` [ RunTime:0.000755s ]
[2021-08-02T17:51:40+08:00][sql] SELECT `id`,`purviewval` FROM `access` WHERE  `role_id` = 1 [ RunTime:0.000387s ]
[2021-08-02T17:51:40+08:00][sql] SHOW FULL COLUMNS FROM `log` [ RunTime:0.000789s ]
[2021-08-02T17:51:40+08:00][sql] INSERT INTO `log` SET `application_name` = 'admin' , `username` = 'admin' , `url` = 'http://xght.dxcfd.com/admin/Login/index.html' , `ip` = '171.8.170.120' , `useragent` = 'Mozilla/5.0 (Windows NT 10.0; Win64; x64) AppleWebKit/537.36 (KHTML, like Gecko) Chrome/92.0.4515.107 Safari/537.36' , `create_time` = 1627897900 , `type` = 1 [ RunTime:0.003834s ]
[2021-08-02T17:51:40+08:00][sql] CONNECT:[ UseTime:0.000324s ] mysql:host=127.0.0.1;port=3306;dbname=aa;charset=utf8
[2021-08-02T17:51:40+08:00][sql] SHOW FULL COLUMNS FROM `menu` [ RunTime:0.001001s ]
[2021-08-02T17:51:40+08:00][sql] SELECT * FROM `menu` WHERE  `status` = 1  AND `app_id` = 1  AND `pid` = 0 ORDER BY `sortid` ASC [ RunTime:0.000573s ]
[2021-08-02T17:51:40+08:00][sql] SELECT * FROM `menu` WHERE  `status` = 1  AND `app_id` = 1  AND `pid` = 778 ORDER BY `sortid` ASC [ RunTime:0.000501s ]
[2021-08-02T17:51:40+08:00][sql] SELECT * FROM `menu` WHERE  `status` = 1  AND `app_id` = 1  AND `pid` = 778 ORDER BY `sortid` ASC [ RunTime:0.000371s ]
[2021-08-02T17:51:40+08:00][sql] SELECT * FROM `menu` WHERE  `status` = 1  AND `app_id` = 1  AND `pid` = 779 ORDER BY `sortid` ASC [ RunTime:0.000398s ]
[2021-08-02T17:51:40+08:00][sql] SELECT * FROM `menu` WHERE  `status` = 1  AND `app_id` = 1  AND `pid` = 779 ORDER BY `sortid` ASC [ RunTime:0.000410s ]
[2021-08-02T17:51:40+08:00][sql] SELECT * FROM `menu` WHERE  `status` = 1  AND `app_id` = 1  AND `pid` = 780 ORDER BY `sortid` ASC [ RunTime:0.000367s ]
[2021-08-02T17:51:40+08:00][sql] SELECT * FROM `menu` WHERE  `status` = 1  AND `app_id` = 1  AND `pid` = 780 ORDER BY `sortid` ASC [ RunTime:0.000379s ]
[2021-08-02T17:51:40+08:00][sql] SELECT * FROM `menu` WHERE  `status` = 1  AND `app_id` = 1  AND `pid` = 12 ORDER BY `sortid` ASC [ RunTime:0.000398s ]
[2021-08-02T17:51:40+08:00][sql] SELECT * FROM `menu` WHERE  `status` = 1  AND `app_id` = 1  AND `pid` = 12 ORDER BY `sortid` ASC [ RunTime:0.000450s ]
[2021-08-02T17:51:40+08:00][sql] SELECT * FROM `menu` WHERE  `status` = 1  AND `app_id` = 1  AND `pid` = 17 ORDER BY `sortid` ASC [ RunTime:0.000388s ]
[2021-08-02T17:51:40+08:00][sql] SELECT * FROM `menu` WHERE  `status` = 1  AND `app_id` = 1  AND `pid` = 17 ORDER BY `sortid` ASC [ RunTime:0.000395s ]
[2021-08-02T17:51:40+08:00][sql] SELECT * FROM `menu` WHERE  `status` = 1  AND `app_id` = 1  AND `pid` = 80 ORDER BY `sortid` ASC [ RunTime:0.000363s ]
[2021-08-02T17:51:40+08:00][sql] SELECT * FROM `menu` WHERE  `status` = 1  AND `app_id` = 1  AND `pid` = 80 ORDER BY `sortid` ASC [ RunTime:0.000393s ]
[2021-08-02T17:51:40+08:00][sql] SELECT * FROM `menu` WHERE  `status` = 1  AND `app_id` = 1  AND `pid` = 21 ORDER BY `sortid` ASC [ RunTime:0.000384s ]
[2021-08-02T17:51:40+08:00][sql] SELECT * FROM `menu` WHERE  `status` = 1  AND `app_id` = 1  AND `pid` = 21 ORDER BY `sortid` ASC [ RunTime:0.000374s ]
[2021-08-02T17:51:40+08:00][sql] SELECT * FROM `menu` WHERE  `status` = 1  AND `app_id` = 1  AND `pid` = 18 ORDER BY `sortid` ASC [ RunTime:0.000364s ]
[2021-08-02T17:51:40+08:00][sql] SELECT * FROM `menu` WHERE  `status` = 1  AND `app_id` = 1  AND `pid` = 18 ORDER BY `sortid` ASC [ RunTime:0.000385s ]
[2021-08-02T17:51:40+08:00][sql] SELECT * FROM `menu` WHERE  `status` = 1  AND `app_id` = 1  AND `pid` = 19 ORDER BY `sortid` ASC [ RunTime:0.000408s ]
[2021-08-02T17:51:40+08:00][sql] SELECT * FROM `menu` WHERE  `status` = 1  AND `app_id` = 1  AND `pid` = 19 ORDER BY `sortid` ASC [ RunTime:0.000444s ]
[2021-08-02T17:51:40+08:00][sql] SELECT * FROM `menu` WHERE  `status` = 1  AND `app_id` = 1  AND `pid` = 41 ORDER BY `sortid` ASC [ RunTime:0.000482s ]
[2021-08-02T17:51:40+08:00][sql] SELECT * FROM `menu` WHERE  `status` = 1  AND `app_id` = 1  AND `pid` = 41 ORDER BY `sortid` ASC [ RunTime:0.000407s ]
[2021-08-02T17:51:40+08:00][sql] SELECT * FROM `menu` WHERE  `status` = 1  AND `app_id` = 1  AND `pid` = 670 ORDER BY `sortid` ASC [ RunTime:0.000470s ]
[2021-08-02T17:51:40+08:00][sql] SELECT * FROM `menu` WHERE  `status` = 1  AND `app_id` = 1  AND `pid` = 670 ORDER BY `sortid` ASC [ RunTime:0.000498s ]
[2021-08-02T17:51:40+08:00][sql] SELECT * FROM `menu` WHERE  `status` = 1  AND `app_id` = 1  AND `pid` = 673 ORDER BY `sortid` ASC [ RunTime:0.000460s ]
[2021-08-02T17:51:40+08:00][sql] SELECT * FROM `menu` WHERE  `status` = 1  AND `app_id` = 1  AND `pid` = 673 ORDER BY `sortid` ASC [ RunTime:0.000442s ]
[2021-08-02T17:51:42+08:00][sql] CONNECT:[ UseTime:0.000349s ] mysql:host=127.0.0.1;port=3306;dbname=aa;charset=utf8
[2021-08-02T17:51:42+08:00][sql] SHOW FULL COLUMNS FROM `newlist` [ RunTime:0.001117s ]
[2021-08-02T17:51:42+08:00][sql] SELECT COUNT(*) AS think_count FROM `newlist` [ RunTime:0.000269s ]
[2021-08-02T17:51:42+08:00][sql] SELECT `newlist_id`,`names`,`code`,`price`,`zt` FROM `newlist` ORDER BY `newlist_id` DESC LIMIT 0,20 [ RunTime:0.000262s ]
[2021-08-02T17:51:43+08:00][sql] CONNECT:[ UseTime:0.000353s ] mysql:host=127.0.0.1;port=3306;dbname=aa;charset=utf8
[2021-08-02T17:51:43+08:00][sql] SHOW FULL COLUMNS FROM `lists` [ RunTime:0.001748s ]
[2021-08-02T17:51:43+08:00][sql] SELECT COUNT(*) AS think_count FROM `lists` [ RunTime:0.000311s ]
[2021-08-02T17:51:43+08:00][sql] SELECT `lists_id`,`agent`,`zname`,`phone`,`xgname`,`codes`,`nums`,`bzj`,`zts`,`mrsj` FROM `lists` ORDER BY `lists_id` DESC LIMIT 0,20 [ RunTime:0.000395s ]
[2021-08-02T17:51:45+08:00][sql] CONNECT:[ UseTime:0.000363s ] mysql:host=127.0.0.1;port=3306;dbname=aa;charset=utf8
[2021-08-02T17:51:45+08:00][sql] SHOW FULL COLUMNS FROM `user` [ RunTime:0.001541s ]
[2021-08-02T17:51:45+08:00][sql] SELECT COUNT(*) AS think_count FROM `user` [ RunTime:0.000487s ]
[2021-08-02T17:51:45+08:00][sql] SELECT `id`,`agent_id`,`agent_name`,`phone`,`nick_name`,`sgzj`,`djzj` FROM `user` ORDER BY `id` DESC LIMIT 0,20 [ RunTime:0.000544s ]
