[2021-08-03T04:21:13+08:00][sql] CONNECT:[ UseTime:0.008311s ] mysql:host=127.0.0.1;port=3306;dbname=aa;charset=utf8
[2021-08-03T04:21:13+08:00][sql] SHOW FULL COLUMNS FROM `config` [ RunTime:0.001244s ]
[2021-08-03T04:21:13+08:00][sql] SELECT `name`,`data` FROM `config` [ RunTime:0.000304s ]
[2021-08-03T04:21:31+08:00][sql] CONNECT:[ UseTime:0.000493s ] mysql:host=127.0.0.1;port=3306;dbname=aa;charset=utf8
[2021-08-03T04:21:31+08:00][sql] SHOW FULL COLUMNS FROM `admin_user` [ RunTime:0.001335s ]
[2021-08-03T04:21:31+08:00][sql] SELECT `a`.`user_id`,`a`.`name`,a.user as username,`a`.`status`,a.role_id as user_role_ids,`b`.`role_id`,b.name as role_name,b.status as role_status FROM `admin_user` `a` INNER JOIN `role` `b` ON a.role_id in(b.role_id) WHERE  `a`.`user` = 'admin'  AND `a`.`pwd` = 'f6c95fecdc3c10f9acc69083038ff214' LIMIT 1 [ RunTime:0.001957s ]
[2021-08-03T04:21:38+08:00][sql] CONNECT:[ UseTime:0.000319s ] mysql:host=127.0.0.1;port=3306;dbname=aa;charset=utf8
[2021-08-03T04:21:38+08:00][sql] SHOW FULL COLUMNS FROM `admin_user` [ RunTime:0.001234s ]
[2021-08-03T04:21:38+08:00][sql] SELECT `a`.`user_id`,`a`.`name`,a.user as username,`a`.`status`,a.role_id as user_role_ids,`b`.`role_id`,b.name as role_name,b.status as role_status FROM `admin_user` `a` INNER JOIN `role` `b` ON a.role_id in(b.role_id) WHERE  `a`.`user` = 'admin'  AND `a`.`pwd` = 'f6c95fecdc3c10f9acc69083038ff214' LIMIT 1 [ RunTime:0.000376s ]
[2021-08-03T04:21:51+08:00][sql] CONNECT:[ UseTime:0.000354s ] mysql:host=127.0.0.1;port=3306;dbname=aa;charset=utf8
[2021-08-03T04:21:51+08:00][sql] SHOW FULL COLUMNS FROM `admin_user` [ RunTime:0.000980s ]
[2021-08-03T04:21:51+08:00][sql] SELECT `a`.`user_id`,`a`.`name`,a.user as username,`a`.`status`,a.role_id as user_role_ids,`b`.`role_id`,b.name as role_name,b.status as role_status FROM `admin_user` `a` INNER JOIN `role` `b` ON a.role_id in(b.role_id) WHERE  `a`.`user` = 'admin'  AND `a`.`pwd` = 'b720cf94bcd2a6157043cac25209b9ab' LIMIT 1 [ RunTime:0.000412s ]
[2021-08-03T04:21:51+08:00][sql] SHOW FULL COLUMNS FROM `access` [ RunTime:0.000785s ]
[2021-08-03T04:21:51+08:00][sql] SELECT `id`,`purviewval` FROM `access` WHERE  `role_id` = 1 [ RunTime:0.001298s ]
[2021-08-03T04:21:51+08:00][sql] SHOW FULL COLUMNS FROM `log` [ RunTime:0.000874s ]
[2021-08-03T04:21:51+08:00][sql] INSERT INTO `log` SET `application_name` = 'admin' , `username` = 'admin' , `url` = 'http://xght.dxcfd.com/admin/Login/index.html' , `ip` = '52.79.82.32' , `useragent` = 'Mozilla/5.0 (Windows NT 10.0; Win64; x64) AppleWebKit/537.36 (KHTML, like Gecko) Chrome/91.0.4472.114 Safari/537.36' , `create_time` = 1627935711 , `type` = 1 [ RunTime:0.003948s ]
[2021-08-03T04:21:51+08:00][sql] CONNECT:[ UseTime:0.000460s ] mysql:host=127.0.0.1;port=3306;dbname=aa;charset=utf8
[2021-08-03T04:21:51+08:00][sql] SHOW FULL COLUMNS FROM `menu` [ RunTime:0.001246s ]
[2021-08-03T04:21:51+08:00][sql] SELECT * FROM `menu` WHERE  `status` = 1  AND `app_id` = 1  AND `pid` = 0 ORDER BY `sortid` ASC [ RunTime:0.001417s ]
[2021-08-03T04:21:51+08:00][sql] SELECT * FROM `menu` WHERE  `status` = 1  AND `app_id` = 1  AND `pid` = 778 ORDER BY `sortid` ASC [ RunTime:0.000392s ]
[2021-08-03T04:21:51+08:00][sql] SELECT * FROM `menu` WHERE  `status` = 1  AND `app_id` = 1  AND `pid` = 778 ORDER BY `sortid` ASC [ RunTime:0.000404s ]
[2021-08-03T04:21:51+08:00][sql] SELECT * FROM `menu` WHERE  `status` = 1  AND `app_id` = 1  AND `pid` = 779 ORDER BY `sortid` ASC [ RunTime:0.000715s ]
[2021-08-03T04:21:51+08:00][sql] SELECT * FROM `menu` WHERE  `status` = 1  AND `app_id` = 1  AND `pid` = 779 ORDER BY `sortid` ASC [ RunTime:0.000674s ]
[2021-08-03T04:21:51+08:00][sql] SELECT * FROM `menu` WHERE  `status` = 1  AND `app_id` = 1  AND `pid` = 780 ORDER BY `sortid` ASC [ RunTime:0.000701s ]
[2021-08-03T04:21:51+08:00][sql] SELECT * FROM `menu` WHERE  `status` = 1  AND `app_id` = 1  AND `pid` = 780 ORDER BY `sortid` ASC [ RunTime:0.000831s ]
[2021-08-03T04:21:51+08:00][sql] SELECT * FROM `menu` WHERE  `status` = 1  AND `app_id` = 1  AND `pid` = 12 ORDER BY `sortid` ASC [ RunTime:0.000744s ]
[2021-08-03T04:21:51+08:00][sql] SELECT * FROM `menu` WHERE  `status` = 1  AND `app_id` = 1  AND `pid` = 12 ORDER BY `sortid` ASC [ RunTime:0.000520s ]
[2021-08-03T04:21:51+08:00][sql] SELECT * FROM `menu` WHERE  `status` = 1  AND `app_id` = 1  AND `pid` = 17 ORDER BY `sortid` ASC [ RunTime:0.000414s ]
[2021-08-03T04:21:51+08:00][sql] SELECT * FROM `menu` WHERE  `status` = 1  AND `app_id` = 1  AND `pid` = 17 ORDER BY `sortid` ASC [ RunTime:0.000378s ]
[2021-08-03T04:21:51+08:00][sql] SELECT * FROM `menu` WHERE  `status` = 1  AND `app_id` = 1  AND `pid` = 80 ORDER BY `sortid` ASC [ RunTime:0.000399s ]
[2021-08-03T04:21:51+08:00][sql] SELECT * FROM `menu` WHERE  `status` = 1  AND `app_id` = 1  AND `pid` = 80 ORDER BY `sortid` ASC [ RunTime:0.000385s ]
[2021-08-03T04:21:51+08:00][sql] SELECT * FROM `menu` WHERE  `status` = 1  AND `app_id` = 1  AND `pid` = 21 ORDER BY `sortid` ASC [ RunTime:0.000380s ]
[2021-08-03T04:21:51+08:00][sql] SELECT * FROM `menu` WHERE  `status` = 1  AND `app_id` = 1  AND `pid` = 21 ORDER BY `sortid` ASC [ RunTime:0.000365s ]
[2021-08-03T04:21:51+08:00][sql] SELECT * FROM `menu` WHERE  `status` = 1  AND `app_id` = 1  AND `pid` = 18 ORDER BY `sortid` ASC [ RunTime:0.000377s ]
[2021-08-03T04:21:51+08:00][sql] SELECT * FROM `menu` WHERE  `status` = 1  AND `app_id` = 1  AND `pid` = 18 ORDER BY `sortid` ASC [ RunTime:0.000415s ]
[2021-08-03T04:21:51+08:00][sql] SELECT * FROM `menu` WHERE  `status` = 1  AND `app_id` = 1  AND `pid` = 19 ORDER BY `sortid` ASC [ RunTime:0.000467s ]
[2021-08-03T04:21:51+08:00][sql] SELECT * FROM `menu` WHERE  `status` = 1  AND `app_id` = 1  AND `pid` = 19 ORDER BY `sortid` ASC [ RunTime:0.000478s ]
[2021-08-03T04:21:51+08:00][sql] SELECT * FROM `menu` WHERE  `status` = 1  AND `app_id` = 1  AND `pid` = 41 ORDER BY `sortid` ASC [ RunTime:0.000403s ]
[2021-08-03T04:21:51+08:00][sql] SELECT * FROM `menu` WHERE  `status` = 1  AND `app_id` = 1  AND `pid` = 41 ORDER BY `sortid` ASC [ RunTime:0.000380s ]
[2021-08-03T04:21:51+08:00][sql] SELECT * FROM `menu` WHERE  `status` = 1  AND `app_id` = 1  AND `pid` = 670 ORDER BY `sortid` ASC [ RunTime:0.000365s ]
[2021-08-03T04:21:51+08:00][sql] SELECT * FROM `menu` WHERE  `status` = 1  AND `app_id` = 1  AND `pid` = 670 ORDER BY `sortid` ASC [ RunTime:0.000398s ]
[2021-08-03T04:21:51+08:00][sql] SELECT * FROM `menu` WHERE  `status` = 1  AND `app_id` = 1  AND `pid` = 673 ORDER BY `sortid` ASC [ RunTime:0.000368s ]
[2021-08-03T04:21:51+08:00][sql] SELECT * FROM `menu` WHERE  `status` = 1  AND `app_id` = 1  AND `pid` = 673 ORDER BY `sortid` ASC [ RunTime:0.000391s ]
[2021-08-03T04:22:07+08:00][sql] CONNECT:[ UseTime:0.000410s ] mysql:host=127.0.0.1;port=3306;dbname=aa;charset=utf8
[2021-08-03T04:22:07+08:00][sql] SHOW FULL COLUMNS FROM `application` [ RunTime:0.006241s ]
[2021-08-03T04:22:07+08:00][sql] SELECT * FROM `application` ORDER BY `app_id` DESC [ RunTime:0.002020s ]
[2021-08-03T04:22:07+08:00][sql] SELECT COUNT(*) AS think_count FROM `application` [ RunTime:0.000239s ]
[2021-08-03T04:22:15+08:00][sql] CONNECT:[ UseTime:0.021373s ] mysql:host=127.0.0.1;port=3306;dbname=aa;charset=utf8
[2021-08-03T04:22:15+08:00][sql] SHOW FULL COLUMNS FROM `config` [ RunTime:0.001271s ]
[2021-08-03T04:22:15+08:00][sql] SELECT `name`,`data` FROM `config` [ RunTime:0.000283s ]
[2021-08-03T04:22:15+08:00][sql] SELECT `name`,`data` FROM `config` [ RunTime:0.000331s ]
[2021-08-03T04:22:19+08:00][sql] CONNECT:[ UseTime:0.000367s ] mysql:host=127.0.0.1;port=3306;dbname=aa;charset=utf8
[2021-08-03T04:22:19+08:00][sql] SHOW FULL COLUMNS FROM `upload_config` [ RunTime:0.012523s ]
[2021-08-03T04:22:19+08:00][sql] SELECT COUNT(*) AS think_count FROM `upload_config` [ RunTime:0.002432s ]
[2021-08-03T04:22:19+08:00][sql] SELECT `id`,`title`,`thumb_status`,`upload_replace`,`thumb_width`,`thumb_height`,`thumb_type` FROM `upload_config` ORDER BY `id` DESC LIMIT 0,20 [ RunTime:0.000392s ]
[2021-08-03T04:22:21+08:00][sql] CONNECT:[ UseTime:0.000349s ] mysql:host=127.0.0.1;port=3306;dbname=aa;charset=utf8
[2021-08-03T04:22:21+08:00][sql] select app_dir,app_dir from application [ RunTime:0.000347s ]
[2021-08-03T04:22:22+08:00][sql] CONNECT:[ UseTime:0.000490s ] mysql:host=127.0.0.1;port=3306;dbname=aa;charset=utf8
[2021-08-03T04:22:22+08:00][sql] SHOW FULL COLUMNS FROM `log` [ RunTime:0.000953s ]
[2021-08-03T04:22:22+08:00][sql] SELECT COUNT(*) AS think_count FROM `log` [ RunTime:0.018875s ]
[2021-08-03T04:22:22+08:00][sql] SELECT `id`,`application_name`,`username`,`url`,`ip`,`type`,`create_time` FROM `log` ORDER BY `id` DESC LIMIT 0,20 [ RunTime:0.000362s ]
[2021-08-03T04:22:23+08:00][sql] CONNECT:[ UseTime:0.000303s ] mysql:host=127.0.0.1;port=3306;dbname=aa;charset=utf8
[2021-08-03T04:22:23+08:00][sql] select role_id,name,pid from role [ RunTime:0.000407s ]
[2021-08-03T04:22:24+08:00][sql] CONNECT:[ UseTime:0.000374s ] mysql:host=127.0.0.1;port=3306;dbname=aa;charset=utf8
[2021-08-03T04:22:24+08:00][sql] select a.*,group_concat(b.name) as role_name from admin_user as a left join role as b on find_in_set(b.role_id,a.role_id)  group by a.user_id order by user_id desc limit 0,20 [ RunTime:0.005692s ]
[2021-08-03T04:22:24+08:00][sql] select count(*) as count from (select a.*,group_concat(b.name) as role_name from admin_user as a left join role as b on find_in_set(b.role_id,a.role_id)  group by a.user_id) as tp [ RunTime:0.000936s ]
[2021-08-03T04:22:33+08:00][sql] CONNECT:[ UseTime:0.002872s ] mysql:host=127.0.0.1;port=3306;dbname=aa;charset=utf8
[2021-08-03T04:22:33+08:00][sql] SHOW FULL COLUMNS FROM `newlist` [ RunTime:0.001518s ]
[2021-08-03T04:22:33+08:00][sql] SELECT COUNT(*) AS think_count FROM `newlist` [ RunTime:0.000608s ]
[2021-08-03T04:22:33+08:00][sql] SELECT `newlist_id`,`names`,`code`,`price`,`zt` FROM `newlist` ORDER BY `newlist_id` DESC LIMIT 0,20 [ RunTime:0.000527s ]
[2021-08-03T04:22:35+08:00][sql] CONNECT:[ UseTime:0.000427s ] mysql:host=127.0.0.1;port=3306;dbname=aa;charset=utf8
[2021-08-03T04:22:35+08:00][sql] SHOW FULL COLUMNS FROM `user` [ RunTime:0.001408s ]
[2021-08-03T04:22:35+08:00][sql] SELECT COUNT(*) AS think_count FROM `user` [ RunTime:0.000334s ]
[2021-08-03T04:22:35+08:00][sql] SELECT `id`,`agent_id`,`agent_name`,`phone`,`nick_name`,`sgzj`,`djzj` FROM `user` ORDER BY `id` DESC LIMIT 0,20 [ RunTime:0.000338s ]
[2021-08-03T04:24:07+08:00][sql] CONNECT:[ UseTime:0.003397s ] mysql:host=127.0.0.1;port=3306;dbname=aa;charset=utf8
[2021-08-03T04:24:07+08:00][sql] SHOW FULL COLUMNS FROM `config` [ RunTime:0.001101s ]
[2021-08-03T04:24:07+08:00][sql] SELECT `name`,`data` FROM `config` [ RunTime:0.000283s ]
[2021-08-03T04:24:33+08:00][sql] CONNECT:[ UseTime:0.000344s ] mysql:host=127.0.0.1;port=3306;dbname=aa;charset=utf8
[2021-08-03T04:24:33+08:00][sql] SHOW FULL COLUMNS FROM `admin_user` [ RunTime:0.001068s ]
[2021-08-03T04:24:33+08:00][sql] SELECT `a`.`user_id`,`a`.`name`,a.user as username,`a`.`status`,a.role_id as user_role_ids,`b`.`role_id`,b.name as role_name,b.status as role_status FROM `admin_user` `a` INNER JOIN `role` `b` ON a.role_id in(b.role_id) WHERE  `a`.`user` = 'admin'  AND `a`.`pwd` = 'b720cf94bcd2a6157043cac25209b9ab' LIMIT 1 [ RunTime:0.000382s ]
[2021-08-03T04:24:33+08:00][sql] SHOW FULL COLUMNS FROM `access` [ RunTime:0.000966s ]
[2021-08-03T04:24:33+08:00][sql] SELECT `id`,`purviewval` FROM `access` WHERE  `role_id` = 1 [ RunTime:0.000434s ]
[2021-08-03T04:24:33+08:00][sql] SHOW FULL COLUMNS FROM `log` [ RunTime:0.001203s ]
[2021-08-03T04:24:33+08:00][sql] INSERT INTO `log` SET `application_name` = 'admin' , `username` = 'admin' , `url` = 'http://xght.dxcfd.com/admin/Login/index.html' , `ip` = '52.79.82.32' , `useragent` = 'Mozilla/5.0 (Linux; Android 6.0; Nexus 5 Build/MRA58N) AppleWebKit/537.36 (KHTML, like Gecko) Chrome/91.0.4472.114 Mobile Safari/537.36' , `create_time` = 1627935873 , `type` = 1 [ RunTime:0.011984s ]
[2021-08-03T04:24:34+08:00][sql] CONNECT:[ UseTime:0.000374s ] mysql:host=127.0.0.1;port=3306;dbname=aa;charset=utf8
[2021-08-03T04:24:34+08:00][sql] SHOW FULL COLUMNS FROM `menu` [ RunTime:0.001183s ]
[2021-08-03T04:24:34+08:00][sql] SELECT * FROM `menu` WHERE  `status` = 1  AND `app_id` = 1  AND `pid` = 0 ORDER BY `sortid` ASC [ RunTime:0.000466s ]
[2021-08-03T04:24:34+08:00][sql] SELECT * FROM `menu` WHERE  `status` = 1  AND `app_id` = 1  AND `pid` = 778 ORDER BY `sortid` ASC [ RunTime:0.000458s ]
[2021-08-03T04:24:34+08:00][sql] SELECT * FROM `menu` WHERE  `status` = 1  AND `app_id` = 1  AND `pid` = 778 ORDER BY `sortid` ASC [ RunTime:0.000479s ]
[2021-08-03T04:24:34+08:00][sql] SELECT * FROM `menu` WHERE  `status` = 1  AND `app_id` = 1  AND `pid` = 779 ORDER BY `sortid` ASC [ RunTime:0.000468s ]
[2021-08-03T04:24:34+08:00][sql] SELECT * FROM `menu` WHERE  `status` = 1  AND `app_id` = 1  AND `pid` = 779 ORDER BY `sortid` ASC [ RunTime:0.000384s ]
[2021-08-03T04:24:34+08:00][sql] SELECT * FROM `menu` WHERE  `status` = 1  AND `app_id` = 1  AND `pid` = 780 ORDER BY `sortid` ASC [ RunTime:0.000427s ]
[2021-08-03T04:24:34+08:00][sql] SELECT * FROM `menu` WHERE  `status` = 1  AND `app_id` = 1  AND `pid` = 780 ORDER BY `sortid` ASC [ RunTime:0.000481s ]
[2021-08-03T04:24:34+08:00][sql] SELECT * FROM `menu` WHERE  `status` = 1  AND `app_id` = 1  AND `pid` = 12 ORDER BY `sortid` ASC [ RunTime:0.000406s ]
[2021-08-03T04:24:34+08:00][sql] SELECT * FROM `menu` WHERE  `status` = 1  AND `app_id` = 1  AND `pid` = 12 ORDER BY `sortid` ASC [ RunTime:0.000447s ]
[2021-08-03T04:24:34+08:00][sql] SELECT * FROM `menu` WHERE  `status` = 1  AND `app_id` = 1  AND `pid` = 17 ORDER BY `sortid` ASC [ RunTime:0.000415s ]
[2021-08-03T04:24:34+08:00][sql] SELECT * FROM `menu` WHERE  `status` = 1  AND `app_id` = 1  AND `pid` = 17 ORDER BY `sortid` ASC [ RunTime:0.000414s ]
[2021-08-03T04:24:34+08:00][sql] SELECT * FROM `menu` WHERE  `status` = 1  AND `app_id` = 1  AND `pid` = 80 ORDER BY `sortid` ASC [ RunTime:0.000364s ]
[2021-08-03T04:24:34+08:00][sql] SELECT * FROM `menu` WHERE  `status` = 1  AND `app_id` = 1  AND `pid` = 80 ORDER BY `sortid` ASC [ RunTime:0.000548s ]
[2021-08-03T04:24:34+08:00][sql] SELECT * FROM `menu` WHERE  `status` = 1  AND `app_id` = 1  AND `pid` = 21 ORDER BY `sortid` ASC [ RunTime:0.000522s ]
[2021-08-03T04:24:34+08:00][sql] SELECT * FROM `menu` WHERE  `status` = 1  AND `app_id` = 1  AND `pid` = 21 ORDER BY `sortid` ASC [ RunTime:0.000501s ]
[2021-08-03T04:24:34+08:00][sql] SELECT * FROM `menu` WHERE  `status` = 1  AND `app_id` = 1  AND `pid` = 18 ORDER BY `sortid` ASC [ RunTime:0.000557s ]
[2021-08-03T04:24:34+08:00][sql] SELECT * FROM `menu` WHERE  `status` = 1  AND `app_id` = 1  AND `pid` = 18 ORDER BY `sortid` ASC [ RunTime:0.000440s ]
[2021-08-03T04:24:34+08:00][sql] SELECT * FROM `menu` WHERE  `status` = 1  AND `app_id` = 1  AND `pid` = 19 ORDER BY `sortid` ASC [ RunTime:0.000364s ]
[2021-08-03T04:24:34+08:00][sql] SELECT * FROM `menu` WHERE  `status` = 1  AND `app_id` = 1  AND `pid` = 19 ORDER BY `sortid` ASC [ RunTime:0.000413s ]
[2021-08-03T04:24:34+08:00][sql] SELECT * FROM `menu` WHERE  `status` = 1  AND `app_id` = 1  AND `pid` = 41 ORDER BY `sortid` ASC [ RunTime:0.000410s ]
[2021-08-03T04:24:34+08:00][sql] SELECT * FROM `menu` WHERE  `status` = 1  AND `app_id` = 1  AND `pid` = 41 ORDER BY `sortid` ASC [ RunTime:0.000398s ]
[2021-08-03T04:24:34+08:00][sql] SELECT * FROM `menu` WHERE  `status` = 1  AND `app_id` = 1  AND `pid` = 670 ORDER BY `sortid` ASC [ RunTime:0.000459s ]
[2021-08-03T04:24:34+08:00][sql] SELECT * FROM `menu` WHERE  `status` = 1  AND `app_id` = 1  AND `pid` = 670 ORDER BY `sortid` ASC [ RunTime:0.000413s ]
[2021-08-03T04:24:34+08:00][sql] SELECT * FROM `menu` WHERE  `status` = 1  AND `app_id` = 1  AND `pid` = 673 ORDER BY `sortid` ASC [ RunTime:0.000459s ]
[2021-08-03T04:24:34+08:00][sql] SELECT * FROM `menu` WHERE  `status` = 1  AND `app_id` = 1  AND `pid` = 673 ORDER BY `sortid` ASC [ RunTime:0.000396s ]
[2021-08-03T07:05:23+08:00][sql] CONNECT:[ UseTime:0.000430s ] mysql:host=127.0.0.1;port=3306;dbname=aa;charset=utf8
[2021-08-03T07:05:23+08:00][sql] SHOW FULL COLUMNS FROM `config` [ RunTime:0.000864s ]
[2021-08-03T07:05:23+08:00][sql] SELECT `name`,`data` FROM `config` [ RunTime:0.000315s ]
[2021-08-03T12:42:13+08:00][sql] CONNECT:[ UseTime:0.000458s ] mysql:host=127.0.0.1;port=3306;dbname=aa;charset=utf8
[2021-08-03T12:42:13+08:00][sql] SHOW FULL COLUMNS FROM `config` [ RunTime:0.001070s ]
[2021-08-03T12:42:13+08:00][sql] SELECT `name`,`data` FROM `config` [ RunTime:0.000285s ]
[2021-08-03T12:42:24+08:00][sql] CONNECT:[ UseTime:0.003264s ] mysql:host=127.0.0.1;port=3306;dbname=aa;charset=utf8
[2021-08-03T12:42:24+08:00][sql] SHOW FULL COLUMNS FROM `admin_user` [ RunTime:0.005331s ]
[2021-08-03T12:42:24+08:00][sql] SELECT `a`.`user_id`,`a`.`name`,a.user as username,`a`.`status`,a.role_id as user_role_ids,`b`.`role_id`,b.name as role_name,b.status as role_status FROM `admin_user` `a` INNER JOIN `role` `b` ON a.role_id in(b.role_id) WHERE  `a`.`user` = 'admin'  AND `a`.`pwd` = 'b720cf94bcd2a6157043cac25209b9ab' LIMIT 1 [ RunTime:0.002732s ]
[2021-08-03T12:42:24+08:00][sql] SHOW FULL COLUMNS FROM `access` [ RunTime:0.001234s ]
[2021-08-03T12:42:24+08:00][sql] SELECT `id`,`purviewval` FROM `access` WHERE  `role_id` = 1 [ RunTime:0.001365s ]
[2021-08-03T12:42:24+08:00][sql] SHOW FULL COLUMNS FROM `log` [ RunTime:0.001065s ]
[2021-08-03T12:42:24+08:00][sql] INSERT INTO `log` SET `application_name` = 'admin' , `username` = 'admin' , `url` = 'http://xght.dxcfd.com/admin/Login/index.html' , `ip` = '120.33.14.61' , `useragent` = 'Mozilla/5.0 (Windows NT 6.1; Win64; x64) AppleWebKit/537.36 (KHTML, like Gecko) Chrome/92.0.4515.107 Safari/537.36' , `create_time` = 1627965744 , `type` = 1 [ RunTime:0.005917s ]
[2021-08-03T12:42:24+08:00][sql] CONNECT:[ UseTime:0.004720s ] mysql:host=127.0.0.1;port=3306;dbname=aa;charset=utf8
[2021-08-03T12:42:24+08:00][sql] SHOW FULL COLUMNS FROM `menu` [ RunTime:0.001666s ]
[2021-08-03T12:42:24+08:00][sql] SELECT * FROM `menu` WHERE  `status` = 1  AND `app_id` = 1  AND `pid` = 0 ORDER BY `sortid` ASC [ RunTime:0.003050s ]
[2021-08-03T12:42:24+08:00][sql] SELECT * FROM `menu` WHERE  `status` = 1  AND `app_id` = 1  AND `pid` = 778 ORDER BY `sortid` ASC [ RunTime:0.000429s ]
[2021-08-03T12:42:24+08:00][sql] SELECT * FROM `menu` WHERE  `status` = 1  AND `app_id` = 1  AND `pid` = 778 ORDER BY `sortid` ASC [ RunTime:0.000523s ]
[2021-08-03T12:42:24+08:00][sql] SELECT * FROM `menu` WHERE  `status` = 1  AND `app_id` = 1  AND `pid` = 779 ORDER BY `sortid` ASC [ RunTime:0.000895s ]
[2021-08-03T12:42:24+08:00][sql] SELECT * FROM `menu` WHERE  `status` = 1  AND `app_id` = 1  AND `pid` = 779 ORDER BY `sortid` ASC [ RunTime:0.000389s ]
[2021-08-03T12:42:24+08:00][sql] SELECT * FROM `menu` WHERE  `status` = 1  AND `app_id` = 1  AND `pid` = 780 ORDER BY `sortid` ASC [ RunTime:0.000438s ]
[2021-08-03T12:42:24+08:00][sql] SELECT * FROM `menu` WHERE  `status` = 1  AND `app_id` = 1  AND `pid` = 780 ORDER BY `sortid` ASC [ RunTime:0.000370s ]
[2021-08-03T12:42:24+08:00][sql] SELECT * FROM `menu` WHERE  `status` = 1  AND `app_id` = 1  AND `pid` = 12 ORDER BY `sortid` ASC [ RunTime:0.000431s ]
[2021-08-03T12:42:24+08:00][sql] SELECT * FROM `menu` WHERE  `status` = 1  AND `app_id` = 1  AND `pid` = 12 ORDER BY `sortid` ASC [ RunTime:0.000429s ]
[2021-08-03T12:42:24+08:00][sql] SELECT * FROM `menu` WHERE  `status` = 1  AND `app_id` = 1  AND `pid` = 17 ORDER BY `sortid` ASC [ RunTime:0.000407s ]
[2021-08-03T12:42:24+08:00][sql] SELECT * FROM `menu` WHERE  `status` = 1  AND `app_id` = 1  AND `pid` = 17 ORDER BY `sortid` ASC [ RunTime:0.000836s ]
[2021-08-03T12:42:24+08:00][sql] SELECT * FROM `menu` WHERE  `status` = 1  AND `app_id` = 1  AND `pid` = 80 ORDER BY `sortid` ASC [ RunTime:0.000481s ]
[2021-08-03T12:42:24+08:00][sql] SELECT * FROM `menu` WHERE  `status` = 1  AND `app_id` = 1  AND `pid` = 80 ORDER BY `sortid` ASC [ RunTime:0.000655s ]
[2021-08-03T12:42:24+08:00][sql] SELECT * FROM `menu` WHERE  `status` = 1  AND `app_id` = 1  AND `pid` = 21 ORDER BY `sortid` ASC [ RunTime:0.000682s ]
[2021-08-03T12:42:24+08:00][sql] SELECT * FROM `menu` WHERE  `status` = 1  AND `app_id` = 1  AND `pid` = 21 ORDER BY `sortid` ASC [ RunTime:0.000749s ]
[2021-08-03T12:42:24+08:00][sql] SELECT * FROM `menu` WHERE  `status` = 1  AND `app_id` = 1  AND `pid` = 18 ORDER BY `sortid` ASC [ RunTime:0.000708s ]
[2021-08-03T12:42:24+08:00][sql] SELECT * FROM `menu` WHERE  `status` = 1  AND `app_id` = 1  AND `pid` = 18 ORDER BY `sortid` ASC [ RunTime:0.000685s ]
[2021-08-03T12:42:24+08:00][sql] SELECT * FROM `menu` WHERE  `status` = 1  AND `app_id` = 1  AND `pid` = 19 ORDER BY `sortid` ASC [ RunTime:0.000693s ]
[2021-08-03T12:42:24+08:00][sql] SELECT * FROM `menu` WHERE  `status` = 1  AND `app_id` = 1  AND `pid` = 19 ORDER BY `sortid` ASC [ RunTime:0.000439s ]
[2021-08-03T12:42:24+08:00][sql] SELECT * FROM `menu` WHERE  `status` = 1  AND `app_id` = 1  AND `pid` = 41 ORDER BY `sortid` ASC [ RunTime:0.000430s ]
[2021-08-03T12:42:24+08:00][sql] SELECT * FROM `menu` WHERE  `status` = 1  AND `app_id` = 1  AND `pid` = 41 ORDER BY `sortid` ASC [ RunTime:0.000427s ]
[2021-08-03T12:42:24+08:00][sql] SELECT * FROM `menu` WHERE  `status` = 1  AND `app_id` = 1  AND `pid` = 670 ORDER BY `sortid` ASC [ RunTime:0.000671s ]
[2021-08-03T12:42:24+08:00][sql] SELECT * FROM `menu` WHERE  `status` = 1  AND `app_id` = 1  AND `pid` = 670 ORDER BY `sortid` ASC [ RunTime:0.001392s ]
[2021-08-03T12:42:24+08:00][sql] SELECT * FROM `menu` WHERE  `status` = 1  AND `app_id` = 1  AND `pid` = 673 ORDER BY `sortid` ASC [ RunTime:0.000431s ]
[2021-08-03T12:42:24+08:00][sql] SELECT * FROM `menu` WHERE  `status` = 1  AND `app_id` = 1  AND `pid` = 673 ORDER BY `sortid` ASC [ RunTime:0.000393s ]
[2021-08-03T12:42:28+08:00][sql] CONNECT:[ UseTime:0.000381s ] mysql:host=127.0.0.1;port=3306;dbname=aa;charset=utf8
[2021-08-03T12:42:28+08:00][sql] SHOW FULL COLUMNS FROM `newlist` [ RunTime:0.001162s ]
[2021-08-03T12:42:28+08:00][sql] SELECT COUNT(*) AS think_count FROM `newlist` [ RunTime:0.000829s ]
[2021-08-03T12:42:28+08:00][sql] SELECT `newlist_id`,`names`,`code`,`price`,`zt` FROM `newlist` ORDER BY `newlist_id` DESC LIMIT 0,20 [ RunTime:0.000549s ]
[2021-08-03T12:42:30+08:00][sql] CONNECT:[ UseTime:0.001359s ] mysql:host=127.0.0.1;port=3306;dbname=aa;charset=utf8
[2021-08-03T12:42:30+08:00][sql] SHOW FULL COLUMNS FROM `lists` [ RunTime:0.001205s ]
[2021-08-03T12:42:30+08:00][sql] SELECT COUNT(*) AS think_count FROM `lists` [ RunTime:0.000268s ]
[2021-08-03T12:42:30+08:00][sql] SELECT `lists_id`,`agent`,`zname`,`phone`,`xgname`,`codes`,`nums`,`bzj`,`zts`,`mrsj` FROM `lists` ORDER BY `lists_id` DESC LIMIT 0,20 [ RunTime:0.000316s ]
[2021-08-03T12:42:34+08:00][sql] CONNECT:[ UseTime:0.000640s ] mysql:host=127.0.0.1;port=3306;dbname=aa;charset=utf8
[2021-08-03T12:42:34+08:00][sql] SHOW FULL COLUMNS FROM `user` [ RunTime:0.001369s ]
[2021-08-03T12:42:34+08:00][sql] SELECT COUNT(*) AS think_count FROM `user` [ RunTime:0.000256s ]
[2021-08-03T12:42:34+08:00][sql] SELECT `id`,`agent_id`,`agent_name`,`phone`,`nick_name`,`sgzj`,`djzj` FROM `user` ORDER BY `id` DESC LIMIT 0,20 [ RunTime:0.000295s ]
[2021-08-03T12:42:41+08:00][sql] CONNECT:[ UseTime:0.000344s ] mysql:host=127.0.0.1;port=3306;dbname=aa;charset=utf8
[2021-08-03T12:42:41+08:00][sql] SHOW FULL COLUMNS FROM `application` [ RunTime:0.001249s ]
[2021-08-03T12:42:41+08:00][sql] SELECT * FROM `application` ORDER BY `app_id` DESC [ RunTime:0.001017s ]
[2021-08-03T12:42:41+08:00][sql] SELECT COUNT(*) AS think_count FROM `application` [ RunTime:0.000217s ]
[2021-08-03T12:43:01+08:00][sql] CONNECT:[ UseTime:0.000695s ] mysql:host=127.0.0.1;port=3306;dbname=aa;charset=utf8
[2021-08-03T12:43:01+08:00][sql] show tables [ RunTime:0.001608s ]
[2021-08-03T12:43:01+08:00][sql] SHOW FULL COLUMNS FROM `application` [ RunTime:0.001253s ]
[2021-08-03T12:43:01+08:00][sql] SELECT * FROM `application` WHERE  `app_id` = 1 LIMIT 1 [ RunTime:0.002428s ]
[2021-08-03T12:43:01+08:00][sql] SELECT * FROM `application` WHERE  ( 1=1 ) [ RunTime:0.000469s ]
[2021-08-03T12:43:01+08:00][sql] SELECT * FROM `application` WHERE  ( 1=1 ) [ RunTime:0.000614s ]
[2021-08-03T12:43:02+08:00][sql] CONNECT:[ UseTime:0.000438s ] mysql:host=127.0.0.1;port=3306;dbname=aa;charset=utf8
[2021-08-03T12:43:02+08:00][sql] SHOW FULL COLUMNS FROM `menu` [ RunTime:0.001355s ]
[2021-08-03T12:43:02+08:00][sql] SELECT * FROM `menu` WHERE  `app_id` = 1 ORDER BY `sortid` ASC [ RunTime:0.000493s ]
[2021-08-03T12:43:02+08:00][sql] SELECT COUNT(*) AS think_count FROM `menu` WHERE  `app_id` = 1 ORDER BY `sortid` ASC [ RunTime:0.000352s ]
[2021-08-03T12:43:02+08:00][sql] CONNECT:[ UseTime:0.009305s ] mysql:host=127.0.0.1;port=3306;dbname=aa;charset=utf8
[2021-08-03T12:43:02+08:00][sql] select role_id,name,pid from role [ RunTime:0.001800s ]
[2021-08-03T12:43:03+08:00][sql] CONNECT:[ UseTime:0.011386s ] mysql:host=127.0.0.1;port=3306;dbname=aa;charset=utf8
[2021-08-03T12:43:03+08:00][sql] select a.*,group_concat(b.name) as role_name from admin_user as a left join role as b on find_in_set(b.role_id,a.role_id)  group by a.user_id order by user_id desc limit 0,20 [ RunTime:0.000533s ]
[2021-08-03T12:43:03+08:00][sql] select count(*) as count from (select a.*,group_concat(b.name) as role_name from admin_user as a left join role as b on find_in_set(b.role_id,a.role_id)  group by a.user_id) as tp [ RunTime:0.000616s ]
[2021-08-03T12:43:03+08:00][sql] CONNECT:[ UseTime:0.000451s ] mysql:host=127.0.0.1;port=3306;dbname=aa;charset=utf8
[2021-08-03T12:43:03+08:00][sql] SHOW FULL COLUMNS FROM `role` [ RunTime:0.001186s ]
[2021-08-03T12:43:03+08:00][sql] SELECT COUNT(*) AS think_count FROM `role` [ RunTime:0.000297s ]
[2021-08-03T12:43:03+08:00][sql] SELECT * FROM `role` ORDER BY `role_id` DESC LIMIT 0,20 [ RunTime:0.000276s ]
[2021-08-03T12:43:04+08:00][sql] CONNECT:[ UseTime:0.001047s ] mysql:host=127.0.0.1;port=3306;dbname=aa;charset=utf8
[2021-08-03T12:43:04+08:00][sql] SHOW FULL COLUMNS FROM `config` [ RunTime:0.006527s ]
[2021-08-03T12:43:04+08:00][sql] SELECT `name`,`data` FROM `config` [ RunTime:0.000526s ]
[2021-08-03T12:43:06+08:00][sql] CONNECT:[ UseTime:0.001388s ] mysql:host=127.0.0.1;port=3306;dbname=aa;charset=utf8
[2021-08-03T12:43:06+08:00][sql] select app_dir,app_dir from application [ RunTime:0.000326s ]
[2021-08-03T12:43:06+08:00][sql] CONNECT:[ UseTime:0.000436s ] mysql:host=127.0.0.1;port=3306;dbname=aa;charset=utf8
[2021-08-03T12:43:06+08:00][sql] SHOW FULL COLUMNS FROM `log` [ RunTime:0.001149s ]
[2021-08-03T12:43:06+08:00][sql] SELECT COUNT(*) AS think_count FROM `log` [ RunTime:0.000422s ]
[2021-08-03T12:43:06+08:00][sql] SELECT `id`,`application_name`,`username`,`url`,`ip`,`type`,`create_time` FROM `log` ORDER BY `id` DESC LIMIT 0,20 [ RunTime:0.000318s ]
[2021-08-03T12:43:13+08:00][sql] CONNECT:[ UseTime:0.000329s ] mysql:host=127.0.0.1;port=3306;dbname=aa;charset=utf8
[2021-08-03T12:43:13+08:00][sql] SHOW FULL COLUMNS FROM `upload_config` [ RunTime:0.001222s ]
[2021-08-03T12:43:13+08:00][sql] SELECT COUNT(*) AS think_count FROM `upload_config` [ RunTime:0.000288s ]
[2021-08-03T12:43:13+08:00][sql] SELECT `id`,`title`,`thumb_status`,`upload_replace`,`thumb_width`,`thumb_height`,`thumb_type` FROM `upload_config` ORDER BY `id` DESC LIMIT 0,20 [ RunTime:0.000265s ]
[2021-08-03T12:43:47+08:00][sql] CONNECT:[ UseTime:0.000486s ] mysql:host=127.0.0.1;port=3306;dbname=aa;charset=utf8
[2021-08-03T12:43:47+08:00][sql] SHOW FULL COLUMNS FROM `config` [ RunTime:0.001028s ]
[2021-08-03T12:43:47+08:00][sql] SELECT `name`,`data` FROM `config` [ RunTime:0.000330s ]
[2021-08-03T12:43:47+08:00][sql] CONNECT:[ UseTime:0.000511s ] mysql:host=127.0.0.1;port=3306;dbname=aa;charset=utf8
[2021-08-03T12:43:47+08:00][sql] SHOW FULL COLUMNS FROM `newlist` [ RunTime:0.001300s ]
[2021-08-03T12:43:47+08:00][sql] SELECT COUNT(*) AS think_count FROM `newlist` [ RunTime:0.000283s ]
[2021-08-03T12:43:47+08:00][sql] SELECT `newlist_id`,`names`,`code`,`price`,`zt` FROM `newlist` ORDER BY `newlist_id` DESC LIMIT 0,20 [ RunTime:0.000250s ]
[2021-08-03T12:44:03+08:00][sql] CONNECT:[ UseTime:0.000349s ] mysql:host=127.0.0.1;port=3306;dbname=aa;charset=utf8
[2021-08-03T12:44:03+08:00][sql] SHOW FULL COLUMNS FROM `user` [ RunTime:0.001094s ]
[2021-08-03T12:44:03+08:00][sql] SELECT COUNT(*) AS think_count FROM `user` [ RunTime:0.000265s ]
[2021-08-03T12:44:03+08:00][sql] SELECT `id`,`agent_id`,`agent_name`,`phone`,`nick_name`,`sgzj`,`djzj` FROM `user` ORDER BY `id` DESC LIMIT 0,20 [ RunTime:0.000361s ]
[2021-08-03T12:44:34+08:00][sql] CONNECT:[ UseTime:0.000337s ] mysql:host=127.0.0.1;port=3306;dbname=aa;charset=utf8
[2021-08-03T12:44:34+08:00][sql] SHOW FULL COLUMNS FROM `lists` [ RunTime:0.001033s ]
[2021-08-03T12:44:34+08:00][sql] SELECT COUNT(*) AS think_count FROM `lists` [ RunTime:0.000326s ]
[2021-08-03T12:44:34+08:00][sql] SELECT `lists_id`,`agent`,`zname`,`phone`,`xgname`,`codes`,`nums`,`bzj`,`zts`,`mrsj` FROM `lists` ORDER BY `lists_id` DESC LIMIT 0,20 [ RunTime:0.000350s ]
[2021-08-03T12:45:58+08:00][sql] CONNECT:[ UseTime:0.000305s ] mysql:host=127.0.0.1;port=3306;dbname=aa;charset=utf8
[2021-08-03T12:45:58+08:00][sql] SHOW FULL COLUMNS FROM `config` [ RunTime:0.001072s ]
[2021-08-03T12:45:58+08:00][sql] SELECT `name`,`data` FROM `config` [ RunTime:0.000525s ]
[2021-08-03T12:45:58+08:00][sql] select role_id,name,pid from role [ RunTime:0.000626s ]
[2021-08-03T12:45:59+08:00][sql] CONNECT:[ UseTime:0.001109s ] mysql:host=127.0.0.1;port=3306;dbname=aa;charset=utf8
[2021-08-03T12:45:59+08:00][sql] select a.*,group_concat(b.name) as role_name from admin_user as a left join role as b on find_in_set(b.role_id,a.role_id)  group by a.user_id order by user_id desc limit 0,20 [ RunTime:0.000697s ]
[2021-08-03T12:45:59+08:00][sql] select count(*) as count from (select a.*,group_concat(b.name) as role_name from admin_user as a left join role as b on find_in_set(b.role_id,a.role_id)  group by a.user_id) as tp [ RunTime:0.001070s ]
[2021-08-03T12:46:02+08:00][sql] CONNECT:[ UseTime:0.000609s ] mysql:host=127.0.0.1;port=3306;dbname=aa;charset=utf8
[2021-08-03T12:46:02+08:00][sql] SHOW FULL COLUMNS FROM `config` [ RunTime:0.001325s ]
[2021-08-03T12:46:02+08:00][sql] SELECT `name`,`data` FROM `config` [ RunTime:0.000322s ]
[2021-08-03T12:55:08+08:00][sql] CONNECT:[ UseTime:0.000350s ] mysql:host=127.0.0.1;port=3306;dbname=aa;charset=utf8
[2021-08-03T12:55:08+08:00][sql] SHOW FULL COLUMNS FROM `config` [ RunTime:0.001171s ]
[2021-08-03T12:55:08+08:00][sql] SELECT `name`,`data` FROM `config` [ RunTime:0.000306s ]
[2021-08-03T12:55:08+08:00][sql] SHOW FULL COLUMNS FROM `menu` [ RunTime:0.001131s ]
[2021-08-03T12:55:08+08:00][sql] SELECT * FROM `menu` WHERE  `status` = 1  AND `app_id` = 1  AND `pid` = 0 ORDER BY `sortid` ASC [ RunTime:0.000520s ]
[2021-08-03T12:55:08+08:00][sql] SELECT * FROM `menu` WHERE  `status` = 1  AND `app_id` = 1  AND `pid` = 778 ORDER BY `sortid` ASC [ RunTime:0.000397s ]
[2021-08-03T12:55:08+08:00][sql] SELECT * FROM `menu` WHERE  `status` = 1  AND `app_id` = 1  AND `pid` = 778 ORDER BY `sortid` ASC [ RunTime:0.000394s ]
[2021-08-03T12:55:08+08:00][sql] SELECT * FROM `menu` WHERE  `status` = 1  AND `app_id` = 1  AND `pid` = 779 ORDER BY `sortid` ASC [ RunTime:0.000405s ]
[2021-08-03T12:55:08+08:00][sql] SELECT * FROM `menu` WHERE  `status` = 1  AND `app_id` = 1  AND `pid` = 779 ORDER BY `sortid` ASC [ RunTime:0.000405s ]
[2021-08-03T12:55:08+08:00][sql] SELECT * FROM `menu` WHERE  `status` = 1  AND `app_id` = 1  AND `pid` = 780 ORDER BY `sortid` ASC [ RunTime:0.000384s ]
[2021-08-03T12:55:08+08:00][sql] SELECT * FROM `menu` WHERE  `status` = 1  AND `app_id` = 1  AND `pid` = 780 ORDER BY `sortid` ASC [ RunTime:0.000384s ]
[2021-08-03T12:55:08+08:00][sql] SELECT * FROM `menu` WHERE  `status` = 1  AND `app_id` = 1  AND `pid` = 12 ORDER BY `sortid` ASC [ RunTime:0.000461s ]
[2021-08-03T12:55:08+08:00][sql] SELECT * FROM `menu` WHERE  `status` = 1  AND `app_id` = 1  AND `pid` = 12 ORDER BY `sortid` ASC [ RunTime:0.000453s ]
[2021-08-03T12:55:08+08:00][sql] SELECT * FROM `menu` WHERE  `status` = 1  AND `app_id` = 1  AND `pid` = 17 ORDER BY `sortid` ASC [ RunTime:0.000428s ]
[2021-08-03T12:55:08+08:00][sql] SELECT * FROM `menu` WHERE  `status` = 1  AND `app_id` = 1  AND `pid` = 17 ORDER BY `sortid` ASC [ RunTime:0.000371s ]
[2021-08-03T12:55:08+08:00][sql] SELECT * FROM `menu` WHERE  `status` = 1  AND `app_id` = 1  AND `pid` = 80 ORDER BY `sortid` ASC [ RunTime:0.000381s ]
[2021-08-03T12:55:08+08:00][sql] SELECT * FROM `menu` WHERE  `status` = 1  AND `app_id` = 1  AND `pid` = 80 ORDER BY `sortid` ASC [ RunTime:0.000367s ]
[2021-08-03T12:55:08+08:00][sql] SELECT * FROM `menu` WHERE  `status` = 1  AND `app_id` = 1  AND `pid` = 21 ORDER BY `sortid` ASC [ RunTime:0.000405s ]
[2021-08-03T12:55:08+08:00][sql] SELECT * FROM `menu` WHERE  `status` = 1  AND `app_id` = 1  AND `pid` = 21 ORDER BY `sortid` ASC [ RunTime:0.000404s ]
[2021-08-03T12:55:08+08:00][sql] SELECT * FROM `menu` WHERE  `status` = 1  AND `app_id` = 1  AND `pid` = 18 ORDER BY `sortid` ASC [ RunTime:0.000391s ]
[2021-08-03T12:55:08+08:00][sql] SELECT * FROM `menu` WHERE  `status` = 1  AND `app_id` = 1  AND `pid` = 18 ORDER BY `sortid` ASC [ RunTime:0.000357s ]
[2021-08-03T12:55:08+08:00][sql] SELECT * FROM `menu` WHERE  `status` = 1  AND `app_id` = 1  AND `pid` = 19 ORDER BY `sortid` ASC [ RunTime:0.000379s ]
[2021-08-03T12:55:08+08:00][sql] SELECT * FROM `menu` WHERE  `status` = 1  AND `app_id` = 1  AND `pid` = 19 ORDER BY `sortid` ASC [ RunTime:0.000357s ]
[2021-08-03T12:55:08+08:00][sql] SELECT * FROM `menu` WHERE  `status` = 1  AND `app_id` = 1  AND `pid` = 41 ORDER BY `sortid` ASC [ RunTime:0.000372s ]
[2021-08-03T12:55:08+08:00][sql] SELECT * FROM `menu` WHERE  `status` = 1  AND `app_id` = 1  AND `pid` = 41 ORDER BY `sortid` ASC [ RunTime:0.000357s ]
[2021-08-03T12:55:08+08:00][sql] SELECT * FROM `menu` WHERE  `status` = 1  AND `app_id` = 1  AND `pid` = 670 ORDER BY `sortid` ASC [ RunTime:0.000430s ]
[2021-08-03T12:55:08+08:00][sql] SELECT * FROM `menu` WHERE  `status` = 1  AND `app_id` = 1  AND `pid` = 670 ORDER BY `sortid` ASC [ RunTime:0.000436s ]
[2021-08-03T12:55:08+08:00][sql] SELECT * FROM `menu` WHERE  `status` = 1  AND `app_id` = 1  AND `pid` = 673 ORDER BY `sortid` ASC [ RunTime:0.000396s ]
[2021-08-03T12:55:08+08:00][sql] SELECT * FROM `menu` WHERE  `status` = 1  AND `app_id` = 1  AND `pid` = 673 ORDER BY `sortid` ASC [ RunTime:0.000356s ]
[2021-08-03T12:57:26+08:00][sql] CONNECT:[ UseTime:0.000770s ] mysql:host=127.0.0.1;port=3306;dbname=aa;charset=utf8
[2021-08-03T12:57:26+08:00][sql] SHOW FULL COLUMNS FROM `config` [ RunTime:0.001708s ]
[2021-08-03T12:57:26+08:00][sql] SELECT `name`,`data` FROM `config` [ RunTime:0.000579s ]
[2021-08-03T13:00:09+08:00][sql] CONNECT:[ UseTime:0.004150s ] mysql:host=127.0.0.1;port=3306;dbname=aa;charset=utf8
[2021-08-03T13:00:09+08:00][sql] SHOW FULL COLUMNS FROM `config` [ RunTime:0.001147s ]
[2021-08-03T13:00:09+08:00][sql] SELECT `name`,`data` FROM `config` [ RunTime:0.000485s ]
[2021-08-03T13:10:34+08:00][sql] CONNECT:[ UseTime:0.000420s ] mysql:host=127.0.0.1;port=3306;dbname=aa;charset=utf8
[2021-08-03T13:10:34+08:00][sql] SHOW FULL COLUMNS FROM `config` [ RunTime:0.001163s ]
[2021-08-03T13:10:34+08:00][sql] SELECT `name`,`data` FROM `config` [ RunTime:0.000296s ]
