[2021-08-06T00:54:55+08:00][sql] CONNECT:[ UseTime:0.011276s ] mysql:host=127.0.0.1;port=3306;dbname=aa;charset=utf8
[2021-08-06T00:54:55+08:00][sql] SHOW FULL COLUMNS FROM `config` [ RunTime:0.001086s ]
[2021-08-06T00:54:55+08:00][sql] SELECT `name`,`data` FROM `config` [ RunTime:0.001888s ]
[2021-08-06T00:55:16+08:00][sql] CONNECT:[ UseTime:0.000546s ] mysql:host=127.0.0.1;port=3306;dbname=aa;charset=utf8
[2021-08-06T00:55:16+08:00][sql] SHOW FULL COLUMNS FROM `admin_user` [ RunTime:0.001253s ]
[2021-08-06T00:55:16+08:00][sql] SELECT `a`.`user_id`,`a`.`name`,a.user as username,`a`.`status`,a.role_id as user_role_ids,`b`.`role_id`,b.name as role_name,b.status as role_status FROM `admin_user` `a` INNER JOIN `role` `b` ON a.role_id in(b.role_id) WHERE  `a`.`user` = 'admin'  AND `a`.`pwd` = 'b720cf94bcd2a6157043cac25209b9ab' LIMIT 1 [ RunTime:0.003637s ]
[2021-08-06T00:55:16+08:00][sql] SHOW FULL COLUMNS FROM `access` [ RunTime:0.000956s ]
[2021-08-06T00:55:16+08:00][sql] SELECT `id`,`purviewval` FROM `access` WHERE  `role_id` = 1 [ RunTime:0.001198s ]
[2021-08-06T00:55:16+08:00][sql] SHOW FULL COLUMNS FROM `log` [ RunTime:0.000968s ]
[2021-08-06T00:55:16+08:00][sql] INSERT INTO `log` SET `application_name` = 'admin' , `username` = 'admin' , `url` = 'http://xght.dxcfd.com/admin/Login/index.html' , `ip` = '58.62.3.44' , `useragent` = 'Mozilla/5.0 (Windows NT 10.0; WOW64) AppleWebKit/537.36 (KHTML, like Gecko) Chrome/72.0.3626.81 Safari/537.36 SE 2.X MetaSr 1.0' , `create_time` = 1628182516 , `type` = 1 [ RunTime:0.008500s ]
[2021-08-06T00:55:16+08:00][sql] CONNECT:[ UseTime:0.000666s ] mysql:host=127.0.0.1;port=3306;dbname=aa;charset=utf8
[2021-08-06T00:55:16+08:00][sql] SHOW FULL COLUMNS FROM `menu` [ RunTime:0.001626s ]
[2021-08-06T00:55:16+08:00][sql] SELECT * FROM `menu` WHERE  `status` = 1  AND `app_id` = 1  AND `pid` = 0 ORDER BY `sortid` ASC [ RunTime:0.002288s ]
[2021-08-06T00:55:16+08:00][sql] SELECT * FROM `menu` WHERE  `status` = 1  AND `app_id` = 1  AND `pid` = 778 ORDER BY `sortid` ASC [ RunTime:0.000680s ]
[2021-08-06T00:55:16+08:00][sql] SELECT * FROM `menu` WHERE  `status` = 1  AND `app_id` = 1  AND `pid` = 778 ORDER BY `sortid` ASC [ RunTime:0.000667s ]
[2021-08-06T00:55:16+08:00][sql] SELECT * FROM `menu` WHERE  `status` = 1  AND `app_id` = 1  AND `pid` = 779 ORDER BY `sortid` ASC [ RunTime:0.000706s ]
[2021-08-06T00:55:16+08:00][sql] SELECT * FROM `menu` WHERE  `status` = 1  AND `app_id` = 1  AND `pid` = 779 ORDER BY `sortid` ASC [ RunTime:0.000653s ]
[2021-08-06T00:55:16+08:00][sql] SELECT * FROM `menu` WHERE  `status` = 1  AND `app_id` = 1  AND `pid` = 780 ORDER BY `sortid` ASC [ RunTime:0.000453s ]
[2021-08-06T00:55:16+08:00][sql] SELECT * FROM `menu` WHERE  `status` = 1  AND `app_id` = 1  AND `pid` = 780 ORDER BY `sortid` ASC [ RunTime:0.000363s ]
[2021-08-06T00:55:16+08:00][sql] SELECT * FROM `menu` WHERE  `status` = 1  AND `app_id` = 1  AND `pid` = 12 ORDER BY `sortid` ASC [ RunTime:0.000440s ]
[2021-08-06T00:55:16+08:00][sql] SELECT * FROM `menu` WHERE  `status` = 1  AND `app_id` = 1  AND `pid` = 12 ORDER BY `sortid` ASC [ RunTime:0.000399s ]
[2021-08-06T00:55:16+08:00][sql] SELECT * FROM `menu` WHERE  `status` = 1  AND `app_id` = 1  AND `pid` = 17 ORDER BY `sortid` ASC [ RunTime:0.000378s ]
[2021-08-06T00:55:16+08:00][sql] SELECT * FROM `menu` WHERE  `status` = 1  AND `app_id` = 1  AND `pid` = 17 ORDER BY `sortid` ASC [ RunTime:0.000359s ]
[2021-08-06T00:55:16+08:00][sql] SELECT * FROM `menu` WHERE  `status` = 1  AND `app_id` = 1  AND `pid` = 80 ORDER BY `sortid` ASC [ RunTime:0.000366s ]
[2021-08-06T00:55:16+08:00][sql] SELECT * FROM `menu` WHERE  `status` = 1  AND `app_id` = 1  AND `pid` = 80 ORDER BY `sortid` ASC [ RunTime:0.000449s ]
[2021-08-06T00:55:16+08:00][sql] SELECT * FROM `menu` WHERE  `status` = 1  AND `app_id` = 1  AND `pid` = 21 ORDER BY `sortid` ASC [ RunTime:0.000470s ]
[2021-08-06T00:55:16+08:00][sql] SELECT * FROM `menu` WHERE  `status` = 1  AND `app_id` = 1  AND `pid` = 21 ORDER BY `sortid` ASC [ RunTime:0.000422s ]
[2021-08-06T00:55:16+08:00][sql] SELECT * FROM `menu` WHERE  `status` = 1  AND `app_id` = 1  AND `pid` = 18 ORDER BY `sortid` ASC [ RunTime:0.000379s ]
[2021-08-06T00:55:16+08:00][sql] SELECT * FROM `menu` WHERE  `status` = 1  AND `app_id` = 1  AND `pid` = 18 ORDER BY `sortid` ASC [ RunTime:0.000419s ]
[2021-08-06T00:55:16+08:00][sql] SELECT * FROM `menu` WHERE  `status` = 1  AND `app_id` = 1  AND `pid` = 19 ORDER BY `sortid` ASC [ RunTime:0.000364s ]
[2021-08-06T00:55:16+08:00][sql] SELECT * FROM `menu` WHERE  `status` = 1  AND `app_id` = 1  AND `pid` = 19 ORDER BY `sortid` ASC [ RunTime:0.000382s ]
[2021-08-06T00:55:16+08:00][sql] SELECT * FROM `menu` WHERE  `status` = 1  AND `app_id` = 1  AND `pid` = 41 ORDER BY `sortid` ASC [ RunTime:0.000360s ]
[2021-08-06T00:55:16+08:00][sql] SELECT * FROM `menu` WHERE  `status` = 1  AND `app_id` = 1  AND `pid` = 41 ORDER BY `sortid` ASC [ RunTime:0.000385s ]
[2021-08-06T00:55:16+08:00][sql] SELECT * FROM `menu` WHERE  `status` = 1  AND `app_id` = 1  AND `pid` = 670 ORDER BY `sortid` ASC [ RunTime:0.000370s ]
[2021-08-06T00:55:16+08:00][sql] SELECT * FROM `menu` WHERE  `status` = 1  AND `app_id` = 1  AND `pid` = 670 ORDER BY `sortid` ASC [ RunTime:0.000384s ]
[2021-08-06T00:55:16+08:00][sql] SELECT * FROM `menu` WHERE  `status` = 1  AND `app_id` = 1  AND `pid` = 673 ORDER BY `sortid` ASC [ RunTime:0.000362s ]
[2021-08-06T00:55:16+08:00][sql] SELECT * FROM `menu` WHERE  `status` = 1  AND `app_id` = 1  AND `pid` = 673 ORDER BY `sortid` ASC [ RunTime:0.000358s ]
[2021-08-06T00:55:18+08:00][sql] CONNECT:[ UseTime:0.000557s ] mysql:host=127.0.0.1;port=3306;dbname=aa;charset=utf8
[2021-08-06T00:55:18+08:00][sql] SHOW FULL COLUMNS FROM `newlist` [ RunTime:0.001568s ]
[2021-08-06T00:55:18+08:00][sql] SELECT COUNT(*) AS think_count FROM `newlist` [ RunTime:0.001987s ]
[2021-08-06T00:55:18+08:00][sql] SELECT `newlist_id`,`names`,`code`,`price`,`zt` FROM `newlist` ORDER BY `newlist_id` DESC LIMIT 0,20 [ RunTime:0.000315s ]
[2021-08-06T00:55:21+08:00][sql] CONNECT:[ UseTime:0.000389s ] mysql:host=127.0.0.1;port=3306;dbname=aa;charset=utf8
[2021-08-06T00:55:21+08:00][sql] SHOW FULL COLUMNS FROM `lists` [ RunTime:0.001346s ]
[2021-08-06T00:55:21+08:00][sql] SELECT COUNT(*) AS think_count FROM `lists` [ RunTime:0.002606s ]
[2021-08-06T00:55:21+08:00][sql] SELECT `lists_id`,`agent`,`zname`,`phone`,`xgname`,`codes`,`nums`,`bzj`,`zts`,`mrsj` FROM `lists` ORDER BY `lists_id` DESC LIMIT 0,20 [ RunTime:0.000488s ]
[2021-08-06T01:05:16+08:00][sql] CONNECT:[ UseTime:0.000308s ] mysql:host=127.0.0.1;port=3306;dbname=aa;charset=utf8
[2021-08-06T01:05:16+08:00][sql] SHOW FULL COLUMNS FROM `config` [ RunTime:0.000844s ]
[2021-08-06T01:05:16+08:00][sql] SELECT `name`,`data` FROM `config` [ RunTime:0.000294s ]
[2021-08-06T01:05:17+08:00][sql] CONNECT:[ UseTime:0.000348s ] mysql:host=127.0.0.1;port=3306;dbname=aa;charset=utf8
[2021-08-06T01:05:17+08:00][sql] SHOW FULL COLUMNS FROM `application` [ RunTime:0.000899s ]
[2021-08-06T01:05:17+08:00][sql] SELECT * FROM `application` ORDER BY `app_id` DESC [ RunTime:0.003145s ]
[2021-08-06T01:05:17+08:00][sql] SELECT COUNT(*) AS think_count FROM `application` [ RunTime:0.000223s ]
[2021-08-06T01:05:18+08:00][sql] CONNECT:[ UseTime:0.000395s ] mysql:host=127.0.0.1;port=3306;dbname=aa;charset=utf8
[2021-08-06T01:05:18+08:00][sql] select role_id,name,pid from role [ RunTime:0.000370s ]
[2021-08-06T01:05:18+08:00][sql] CONNECT:[ UseTime:0.000766s ] mysql:host=127.0.0.1;port=3306;dbname=aa;charset=utf8
[2021-08-06T01:05:18+08:00][sql] select a.*,group_concat(b.name) as role_name from admin_user as a left join role as b on find_in_set(b.role_id,a.role_id)  group by a.user_id order by user_id desc limit 0,20 [ RunTime:0.012341s ]
[2021-08-06T01:05:18+08:00][sql] select count(*) as count from (select a.*,group_concat(b.name) as role_name from admin_user as a left join role as b on find_in_set(b.role_id,a.role_id)  group by a.user_id) as tp [ RunTime:0.000710s ]
[2021-08-06T01:05:21+08:00][sql] CONNECT:[ UseTime:0.000694s ] mysql:host=127.0.0.1;port=3306;dbname=aa;charset=utf8
[2021-08-06T01:05:21+08:00][sql] show tables [ RunTime:0.001598s ]
[2021-08-06T01:05:21+08:00][sql] SHOW FULL COLUMNS FROM `application` [ RunTime:0.001236s ]
[2021-08-06T01:05:21+08:00][sql] SELECT * FROM `application` WHERE  `app_id` = 1 LIMIT 1 [ RunTime:0.000908s ]
[2021-08-06T01:05:21+08:00][sql] SELECT * FROM `application` WHERE  ( 1=1 ) [ RunTime:0.000542s ]
[2021-08-06T01:05:21+08:00][sql] SELECT * FROM `application` WHERE  ( 1=1 ) [ RunTime:0.000357s ]
[2021-08-06T01:05:21+08:00][sql] CONNECT:[ UseTime:0.000373s ] mysql:host=127.0.0.1;port=3306;dbname=aa;charset=utf8
[2021-08-06T01:05:21+08:00][sql] SHOW FULL COLUMNS FROM `menu` [ RunTime:0.001412s ]
[2021-08-06T01:05:21+08:00][sql] SELECT * FROM `menu` WHERE  `app_id` = 1 ORDER BY `sortid` ASC [ RunTime:0.000531s ]
[2021-08-06T01:05:21+08:00][sql] SELECT COUNT(*) AS think_count FROM `menu` WHERE  `app_id` = 1 ORDER BY `sortid` ASC [ RunTime:0.000410s ]
[2021-08-06T01:05:32+08:00][sql] CONNECT:[ UseTime:0.001706s ] mysql:host=127.0.0.1;port=3306;dbname=aa;charset=utf8
[2021-08-06T01:05:32+08:00][sql] select app_dir,app_dir from application [ RunTime:0.000328s ]
[2021-08-06T01:05:32+08:00][sql] CONNECT:[ UseTime:0.000589s ] mysql:host=127.0.0.1;port=3306;dbname=aa;charset=utf8
[2021-08-06T01:05:32+08:00][sql] SHOW FULL COLUMNS FROM `log` [ RunTime:0.001038s ]
[2021-08-06T01:05:32+08:00][sql] SELECT COUNT(*) AS think_count FROM `log` [ RunTime:0.039552s ]
[2021-08-06T01:05:32+08:00][sql] SELECT `id`,`application_name`,`username`,`url`,`ip`,`type`,`create_time` FROM `log` ORDER BY `id` DESC LIMIT 0,20 [ RunTime:0.000578s ]
[2021-08-06T01:05:33+08:00][sql] CONNECT:[ UseTime:0.000302s ] mysql:host=127.0.0.1;port=3306;dbname=aa;charset=utf8
[2021-08-06T01:05:33+08:00][sql] SHOW FULL COLUMNS FROM `config` [ RunTime:0.001206s ]
[2021-08-06T01:05:33+08:00][sql] SELECT `name`,`data` FROM `config` [ RunTime:0.000304s ]
[2021-08-06T01:05:34+08:00][sql] CONNECT:[ UseTime:0.000386s ] mysql:host=127.0.0.1;port=3306;dbname=aa;charset=utf8
[2021-08-06T01:05:34+08:00][sql] SHOW FULL COLUMNS FROM `role` [ RunTime:0.000889s ]
[2021-08-06T01:05:34+08:00][sql] SELECT COUNT(*) AS think_count FROM `role` [ RunTime:0.000225s ]
[2021-08-06T01:05:34+08:00][sql] SELECT * FROM `role` ORDER BY `role_id` DESC LIMIT 0,20 [ RunTime:0.000283s ]
[2021-08-06T21:59:25+08:00][sql] CONNECT:[ UseTime:0.000645s ] mysql:host=127.0.0.1;port=3306;dbname=aa;charset=utf8
[2021-08-06T21:59:25+08:00][sql] SHOW FULL COLUMNS FROM `config` [ RunTime:0.001134s ]
[2021-08-06T21:59:25+08:00][sql] SELECT `name`,`data` FROM `config` [ RunTime:0.002033s ]
[2021-08-06T21:59:36+08:00][sql] CONNECT:[ UseTime:0.000598s ] mysql:host=127.0.0.1;port=3306;dbname=aa;charset=utf8
[2021-08-06T21:59:36+08:00][sql] SHOW FULL COLUMNS FROM `admin_user` [ RunTime:0.001257s ]
[2021-08-06T21:59:36+08:00][sql] SELECT `a`.`user_id`,`a`.`name`,a.user as username,`a`.`status`,a.role_id as user_role_ids,`b`.`role_id`,b.name as role_name,b.status as role_status FROM `admin_user` `a` INNER JOIN `role` `b` ON a.role_id in(b.role_id) WHERE  `a`.`user` = 'admin'  AND `a`.`pwd` = '01c83c8a15752f48b2ba208aeb83a6ca' LIMIT 1 [ RunTime:0.002530s ]
[2021-08-06T21:59:45+08:00][sql] CONNECT:[ UseTime:0.010816s ] mysql:host=127.0.0.1;port=3306;dbname=aa;charset=utf8
[2021-08-06T21:59:45+08:00][sql] SHOW FULL COLUMNS FROM `admin_user` [ RunTime:0.001329s ]
[2021-08-06T21:59:45+08:00][sql] SELECT `a`.`user_id`,`a`.`name`,a.user as username,`a`.`status`,a.role_id as user_role_ids,`b`.`role_id`,b.name as role_name,b.status as role_status FROM `admin_user` `a` INNER JOIN `role` `b` ON a.role_id in(b.role_id) WHERE  `a`.`user` = 'admin'  AND `a`.`pwd` = '2ce65d863776d7f4b2b0e7e37fdba79e' LIMIT 1 [ RunTime:0.000439s ]
[2021-08-06T22:00:22+08:00][sql] CONNECT:[ UseTime:0.000302s ] mysql:host=127.0.0.1;port=3306;dbname=aa;charset=utf8
[2021-08-06T22:00:22+08:00][sql] SHOW FULL COLUMNS FROM `admin_user` [ RunTime:0.001220s ]
[2021-08-06T22:00:22+08:00][sql] SELECT `a`.`user_id`,`a`.`name`,a.user as username,`a`.`status`,a.role_id as user_role_ids,`b`.`role_id`,b.name as role_name,b.status as role_status FROM `admin_user` `a` INNER JOIN `role` `b` ON a.role_id in(b.role_id) WHERE  `a`.`user` = 'admin'  AND `a`.`pwd` = 'b720cf94bcd2a6157043cac25209b9ab' LIMIT 1 [ RunTime:0.000417s ]
[2021-08-06T22:00:22+08:00][sql] SHOW FULL COLUMNS FROM `access` [ RunTime:0.000961s ]
[2021-08-06T22:00:22+08:00][sql] SELECT `id`,`purviewval` FROM `access` WHERE  `role_id` = 1 [ RunTime:0.001747s ]
[2021-08-06T22:00:22+08:00][sql] SHOW FULL COLUMNS FROM `log` [ RunTime:0.000982s ]
[2021-08-06T22:00:22+08:00][sql] INSERT INTO `log` SET `application_name` = 'admin' , `username` = 'admin' , `url` = 'http://xght.dxcfd.com/admin/Login/index.html' , `ip` = '101.71.122.7' , `useragent` = 'Mozilla/5.0 (iPhone; CPU iPhone OS 14_4 like Mac OS X) AppleWebKit/605.1.15 (KHTML, like Gecko) Version/14.0.3 Mobile/15E148 Safari/604.1' , `create_time` = 1628258422 , `type` = 1 [ RunTime:0.008834s ]
[2021-08-06T22:00:22+08:00][sql] CONNECT:[ UseTime:0.000480s ] mysql:host=127.0.0.1;port=3306;dbname=aa;charset=utf8
[2021-08-06T22:00:22+08:00][sql] SHOW FULL COLUMNS FROM `menu` [ RunTime:0.001409s ]
[2021-08-06T22:00:22+08:00][sql] SELECT * FROM `menu` WHERE  `status` = 1  AND `app_id` = 1  AND `pid` = 0 ORDER BY `sortid` ASC [ RunTime:0.009823s ]
[2021-08-06T22:00:22+08:00][sql] SELECT * FROM `menu` WHERE  `status` = 1  AND `app_id` = 1  AND `pid` = 778 ORDER BY `sortid` ASC [ RunTime:0.000649s ]
[2021-08-06T22:00:22+08:00][sql] SELECT * FROM `menu` WHERE  `status` = 1  AND `app_id` = 1  AND `pid` = 778 ORDER BY `sortid` ASC [ RunTime:0.000505s ]
[2021-08-06T22:00:22+08:00][sql] SELECT * FROM `menu` WHERE  `status` = 1  AND `app_id` = 1  AND `pid` = 779 ORDER BY `sortid` ASC [ RunTime:0.000504s ]
[2021-08-06T22:00:22+08:00][sql] SELECT * FROM `menu` WHERE  `status` = 1  AND `app_id` = 1  AND `pid` = 779 ORDER BY `sortid` ASC [ RunTime:0.000379s ]
[2021-08-06T22:00:22+08:00][sql] SELECT * FROM `menu` WHERE  `status` = 1  AND `app_id` = 1  AND `pid` = 780 ORDER BY `sortid` ASC [ RunTime:0.000428s ]
[2021-08-06T22:00:22+08:00][sql] SELECT * FROM `menu` WHERE  `status` = 1  AND `app_id` = 1  AND `pid` = 780 ORDER BY `sortid` ASC [ RunTime:0.000368s ]
[2021-08-06T22:00:22+08:00][sql] SELECT * FROM `menu` WHERE  `status` = 1  AND `app_id` = 1  AND `pid` = 12 ORDER BY `sortid` ASC [ RunTime:0.000435s ]
[2021-08-06T22:00:22+08:00][sql] SELECT * FROM `menu` WHERE  `status` = 1  AND `app_id` = 1  AND `pid` = 12 ORDER BY `sortid` ASC [ RunTime:0.000419s ]
[2021-08-06T22:00:22+08:00][sql] SELECT * FROM `menu` WHERE  `status` = 1  AND `app_id` = 1  AND `pid` = 17 ORDER BY `sortid` ASC [ RunTime:0.000374s ]
[2021-08-06T22:00:22+08:00][sql] SELECT * FROM `menu` WHERE  `status` = 1  AND `app_id` = 1  AND `pid` = 17 ORDER BY `sortid` ASC [ RunTime:0.000363s ]
[2021-08-06T22:00:22+08:00][sql] SELECT * FROM `menu` WHERE  `status` = 1  AND `app_id` = 1  AND `pid` = 80 ORDER BY `sortid` ASC [ RunTime:0.000375s ]
[2021-08-06T22:00:22+08:00][sql] SELECT * FROM `menu` WHERE  `status` = 1  AND `app_id` = 1  AND `pid` = 80 ORDER BY `sortid` ASC [ RunTime:0.000379s ]
[2021-08-06T22:00:22+08:00][sql] SELECT * FROM `menu` WHERE  `status` = 1  AND `app_id` = 1  AND `pid` = 21 ORDER BY `sortid` ASC [ RunTime:0.000401s ]
[2021-08-06T22:00:22+08:00][sql] SELECT * FROM `menu` WHERE  `status` = 1  AND `app_id` = 1  AND `pid` = 21 ORDER BY `sortid` ASC [ RunTime:0.000390s ]
[2021-08-06T22:00:22+08:00][sql] SELECT * FROM `menu` WHERE  `status` = 1  AND `app_id` = 1  AND `pid` = 18 ORDER BY `sortid` ASC [ RunTime:0.000445s ]
[2021-08-06T22:00:22+08:00][sql] SELECT * FROM `menu` WHERE  `status` = 1  AND `app_id` = 1  AND `pid` = 18 ORDER BY `sortid` ASC [ RunTime:0.000392s ]
[2021-08-06T22:00:22+08:00][sql] SELECT * FROM `menu` WHERE  `status` = 1  AND `app_id` = 1  AND `pid` = 19 ORDER BY `sortid` ASC [ RunTime:0.000374s ]
[2021-08-06T22:00:22+08:00][sql] SELECT * FROM `menu` WHERE  `status` = 1  AND `app_id` = 1  AND `pid` = 19 ORDER BY `sortid` ASC [ RunTime:0.000467s ]
[2021-08-06T22:00:22+08:00][sql] SELECT * FROM `menu` WHERE  `status` = 1  AND `app_id` = 1  AND `pid` = 41 ORDER BY `sortid` ASC [ RunTime:0.000680s ]
[2021-08-06T22:00:22+08:00][sql] SELECT * FROM `menu` WHERE  `status` = 1  AND `app_id` = 1  AND `pid` = 41 ORDER BY `sortid` ASC [ RunTime:0.000666s ]
[2021-08-06T22:00:22+08:00][sql] SELECT * FROM `menu` WHERE  `status` = 1  AND `app_id` = 1  AND `pid` = 670 ORDER BY `sortid` ASC [ RunTime:0.000434s ]
[2021-08-06T22:00:22+08:00][sql] SELECT * FROM `menu` WHERE  `status` = 1  AND `app_id` = 1  AND `pid` = 670 ORDER BY `sortid` ASC [ RunTime:0.000552s ]
[2021-08-06T22:00:22+08:00][sql] SELECT * FROM `menu` WHERE  `status` = 1  AND `app_id` = 1  AND `pid` = 673 ORDER BY `sortid` ASC [ RunTime:0.000384s ]
[2021-08-06T22:00:22+08:00][sql] SELECT * FROM `menu` WHERE  `status` = 1  AND `app_id` = 1  AND `pid` = 673 ORDER BY `sortid` ASC [ RunTime:0.000406s ]
[2021-08-06T22:00:39+08:00][sql] CONNECT:[ UseTime:0.000656s ] mysql:host=127.0.0.1;port=3306;dbname=aa;charset=utf8
[2021-08-06T22:00:39+08:00][sql] SHOW FULL COLUMNS FROM `config` [ RunTime:0.001178s ]
[2021-08-06T22:00:39+08:00][sql] SELECT `name`,`data` FROM `config` [ RunTime:0.000470s ]
[2021-08-06T22:00:39+08:00][sql] CONNECT:[ UseTime:0.000413s ] mysql:host=127.0.0.1;port=3306;dbname=aa;charset=utf8
[2021-08-06T22:00:39+08:00][sql] SHOW FULL COLUMNS FROM `newlist` [ RunTime:0.001203s ]
[2021-08-06T22:00:39+08:00][sql] SELECT COUNT(*) AS think_count FROM `newlist` [ RunTime:0.002425s ]
[2021-08-06T22:00:39+08:00][sql] SELECT `newlist_id`,`names`,`code`,`price`,`zt` FROM `newlist` ORDER BY `newlist_id` DESC LIMIT 0,20 [ RunTime:0.000290s ]
[2021-08-06T22:00:42+08:00][sql] CONNECT:[ UseTime:0.000363s ] mysql:host=127.0.0.1;port=3306;dbname=aa;charset=utf8
[2021-08-06T22:00:42+08:00][sql] SHOW FULL COLUMNS FROM `lists` [ RunTime:0.001129s ]
[2021-08-06T22:00:42+08:00][sql] SELECT COUNT(*) AS think_count FROM `lists` [ RunTime:0.002599s ]
[2021-08-06T22:00:42+08:00][sql] SELECT `lists_id`,`agent`,`zname`,`phone`,`xgname`,`codes`,`nums`,`bzj`,`zts`,`mrsj` FROM `lists` ORDER BY `lists_id` DESC LIMIT 0,20 [ RunTime:0.000336s ]
[2021-08-06T22:01:13+08:00][sql] CONNECT:[ UseTime:0.000381s ] mysql:host=127.0.0.1;port=3306;dbname=aa;charset=utf8
[2021-08-06T22:01:13+08:00][sql] SHOW FULL COLUMNS FROM `application` [ RunTime:0.001292s ]
[2021-08-06T22:01:13+08:00][sql] SELECT * FROM `application` ORDER BY `app_id` DESC [ RunTime:0.001551s ]
[2021-08-06T22:01:13+08:00][sql] SELECT COUNT(*) AS think_count FROM `application` [ RunTime:0.000529s ]
[2021-08-06T22:01:24+08:00][sql] CONNECT:[ UseTime:0.000342s ] mysql:host=127.0.0.1;port=3306;dbname=aa;charset=utf8
[2021-08-06T22:01:24+08:00][sql] select role_id,name,pid from role [ RunTime:0.000380s ]
[2021-08-06T22:01:24+08:00][sql] CONNECT:[ UseTime:0.002693s ] mysql:host=127.0.0.1;port=3306;dbname=aa;charset=utf8
[2021-08-06T22:01:24+08:00][sql] select a.*,group_concat(b.name) as role_name from admin_user as a left join role as b on find_in_set(b.role_id,a.role_id)  group by a.user_id order by user_id desc limit 0,20 [ RunTime:0.005146s ]
[2021-08-06T22:01:24+08:00][sql] select count(*) as count from (select a.*,group_concat(b.name) as role_name from admin_user as a left join role as b on find_in_set(b.role_id,a.role_id)  group by a.user_id) as tp [ RunTime:0.000835s ]
[2021-08-06T22:01:29+08:00][sql] CONNECT:[ UseTime:0.004350s ] mysql:host=127.0.0.1;port=3306;dbname=aa;charset=utf8
[2021-08-06T22:01:29+08:00][sql] SHOW FULL COLUMNS FROM `role` [ RunTime:0.001130s ]
[2021-08-06T22:01:29+08:00][sql] SELECT COUNT(*) AS think_count FROM `role` [ RunTime:0.000241s ]
[2021-08-06T22:01:29+08:00][sql] SELECT * FROM `role` ORDER BY `role_id` DESC LIMIT 0,20 [ RunTime:0.000279s ]
[2021-08-06T22:01:31+08:00][sql] CONNECT:[ UseTime:0.000345s ] mysql:host=127.0.0.1;port=3306;dbname=aa;charset=utf8
[2021-08-06T22:01:31+08:00][sql] show tables [ RunTime:0.001487s ]
[2021-08-06T22:01:31+08:00][sql] SHOW FULL COLUMNS FROM `application` [ RunTime:0.001119s ]
[2021-08-06T22:01:31+08:00][sql] SELECT * FROM `application` WHERE  `app_id` = 1 LIMIT 1 [ RunTime:0.000337s ]
[2021-08-06T22:01:31+08:00][sql] SELECT * FROM `application` WHERE  ( 1=1 ) [ RunTime:0.000398s ]
[2021-08-06T22:01:31+08:00][sql] SELECT * FROM `application` WHERE  ( 1=1 ) [ RunTime:0.000724s ]
[2021-08-06T22:01:31+08:00][sql] CONNECT:[ UseTime:0.000489s ] mysql:host=127.0.0.1;port=3306;dbname=aa;charset=utf8
[2021-08-06T22:01:31+08:00][sql] SHOW FULL COLUMNS FROM `menu` [ RunTime:0.001265s ]
[2021-08-06T22:01:31+08:00][sql] SELECT * FROM `menu` WHERE  `app_id` = 1 ORDER BY `sortid` ASC [ RunTime:0.000744s ]
[2021-08-06T22:01:31+08:00][sql] SELECT COUNT(*) AS think_count FROM `menu` WHERE  `app_id` = 1 ORDER BY `sortid` ASC [ RunTime:0.000626s ]
[2021-08-06T22:01:50+08:00][sql] CONNECT:[ UseTime:0.000507s ] mysql:host=127.0.0.1;port=3306;dbname=aa;charset=utf8
[2021-08-06T22:01:50+08:00][sql] SHOW FULL COLUMNS FROM `config` [ RunTime:0.001249s ]
[2021-08-06T22:01:50+08:00][sql] SELECT `name`,`data` FROM `config` [ RunTime:0.000561s ]
[2021-08-06T22:01:50+08:00][sql] SELECT `name`,`data` FROM `config` [ RunTime:0.000757s ]
[2021-08-06T22:03:50+08:00][sql] CONNECT:[ UseTime:0.000573s ] mysql:host=127.0.0.1;port=3306;dbname=aa;charset=utf8
[2021-08-06T22:03:50+08:00][sql] SHOW FULL COLUMNS FROM `log` [ RunTime:0.001443s ]
[2021-08-06T22:03:50+08:00][sql] INSERT INTO `log` SET `application_name` = 'admin' , `username` = 'admin' , `url` = 'http://xght.dxcfd.com/admin/Base/config' , `ip` = '101.71.122.7' , `useragent` = 'Mozilla/5.0 (iPhone; CPU iPhone OS 14_4 like Mac OS X) AppleWebKit/605.1.15 (KHTML, like Gecko) Version/14.0.3 Mobile/15E148 Safari/604.1' , `content` = '{\"water_status\":\"0\",\"site_title\":\"\\u8759\\u8760\\ud83e\\udd87\\u79d1\\u6280\",\"site_logo\":\"\\/uploads\\/admin\\/202107\\/60ff79ec70000.png\",\"keyword\":\"\\u8759\\u8760\\ud83e\\udd87\\uff1a@DB8877\",\"description\":\"\\u6f14\\u793a\\u7f51\\u7ad9\\u7531\\u201c\\u8759\\u8760\\u79d1\\u6280\\u5f00\\u53d1\\u201d\\u9700\\u8981\\u642d\\u5efa\\u8054\\u7cfb\\u98de\\u673a\\uff1a@DB8877\",\"file_size\":\"100\",\"file_type\":\"gif,png,jpg,jpeg,doc,docx,xls,xlsx,csv,pdf,rar,zip,txt,mp4,flv.php\",\"copyright\":\"\",\"water_position\":\"9\",\"water_logo\":\"\",\"domain\":\"\"}' , `create_time` = 1628258630 , `type` = 2 [ RunTime:0.003219s ]
[2021-08-06T22:03:50+08:00][sql] SHOW FULL COLUMNS FROM `config` [ RunTime:0.000741s ]
[2021-08-06T22:03:50+08:00][sql] SELECT `name`,`data` FROM `config` [ RunTime:0.000260s ]
[2021-08-06T22:03:50+08:00][sql] SELECT `name`,`data` FROM `config` [ RunTime:0.000261s ]
[2021-08-06T22:03:50+08:00][sql] UPDATE `config`  SET `data` = '0'  WHERE  `name` = 'water_status' [ RunTime:0.005371s ]
[2021-08-06T22:03:50+08:00][sql] UPDATE `config`  SET `data` = '蝙蝠🦇科技'  WHERE  `name` = 'site_title' [ RunTime:0.006906s ]
[2021-08-06T22:03:50+08:00][sql] UPDATE `config`  SET `data` = '/uploads/admin/202107/60ff79ec70000.png'  WHERE  `name` = 'site_logo' [ RunTime:0.003499s ]
[2021-08-06T22:03:50+08:00][sql] UPDATE `config`  SET `data` = '蝙蝠🦇：@DB8877'  WHERE  `name` = 'keyword' [ RunTime:0.003975s ]
[2021-08-06T22:03:50+08:00][sql] UPDATE `config`  SET `data` = '演示网站由“蝙蝠科技开发”需要搭建联系飞机：@DB8877'  WHERE  `name` = 'description' [ RunTime:0.006842s ]
[2021-08-06T22:03:50+08:00][sql] UPDATE `config`  SET `data` = '100'  WHERE  `name` = 'file_size' [ RunTime:0.003580s ]
[2021-08-06T22:03:50+08:00][sql] UPDATE `config`  SET `data` = 'gif,png,jpg,jpeg,doc,docx,xls,xlsx,csv,pdf,rar,zip,txt,mp4,flv.php'  WHERE  `name` = 'file_type' [ RunTime:0.003825s ]
[2021-08-06T22:03:50+08:00][sql] UPDATE `config`  SET `data` = ''  WHERE  `name` = 'copyright' [ RunTime:0.004313s ]
[2021-08-06T22:03:50+08:00][sql] UPDATE `config`  SET `data` = '9'  WHERE  `name` = 'water_position' [ RunTime:0.008008s ]
[2021-08-06T22:03:50+08:00][sql] UPDATE `config`  SET `data` = ''  WHERE  `name` = 'water_logo' [ RunTime:0.010089s ]
[2021-08-06T22:03:50+08:00][sql] UPDATE `config`  SET `data` = ''  WHERE  `name` = 'domain' [ RunTime:0.005629s ]
[2021-08-06T22:03:58+08:00][sql] CONNECT:[ UseTime:0.000340s ] mysql:host=127.0.0.1;port=3306;dbname=aa;charset=utf8
[2021-08-06T22:03:58+08:00][sql] select app_dir,app_dir from application [ RunTime:0.003768s ]
[2021-08-06T22:03:58+08:00][sql] CONNECT:[ UseTime:0.000448s ] mysql:host=127.0.0.1;port=3306;dbname=aa;charset=utf8
[2021-08-06T22:03:58+08:00][sql] SHOW FULL COLUMNS FROM `log` [ RunTime:0.001808s ]
[2021-08-06T22:03:58+08:00][sql] SELECT COUNT(*) AS think_count FROM `log` [ RunTime:0.002893s ]
[2021-08-06T22:03:58+08:00][sql] SELECT `id`,`application_name`,`username`,`url`,`ip`,`type`,`create_time` FROM `log` ORDER BY `id` DESC LIMIT 0,20 [ RunTime:0.000566s ]
[2021-08-06T22:04:02+08:00][sql] CONNECT:[ UseTime:0.001032s ] mysql:host=127.0.0.1;port=3306;dbname=aa;charset=utf8
[2021-08-06T22:04:02+08:00][sql] SHOW FULL COLUMNS FROM `upload_config` [ RunTime:0.001403s ]
[2021-08-06T22:04:02+08:00][sql] SELECT COUNT(*) AS think_count FROM `upload_config` [ RunTime:0.002994s ]
[2021-08-06T22:04:02+08:00][sql] SELECT `id`,`title`,`thumb_status`,`upload_replace`,`thumb_width`,`thumb_height`,`thumb_type` FROM `upload_config` ORDER BY `id` DESC LIMIT 0,20 [ RunTime:0.000423s ]
[2021-08-06T22:05:21+08:00][sql] CONNECT:[ UseTime:0.000319s ] mysql:host=127.0.0.1;port=3306;dbname=aa;charset=utf8
[2021-08-06T22:05:21+08:00][sql] SHOW FULL COLUMNS FROM `config` [ RunTime:0.001113s ]
[2021-08-06T22:05:21+08:00][sql] SELECT `name`,`data` FROM `config` [ RunTime:0.000280s ]
[2021-08-06T22:05:21+08:00][sql] SHOW FULL COLUMNS FROM `menu` [ RunTime:0.001110s ]
[2021-08-06T22:05:21+08:00][sql] SELECT * FROM `menu` WHERE  `status` = 1  AND `app_id` = 1  AND `pid` = 0 ORDER BY `sortid` ASC [ RunTime:0.000448s ]
[2021-08-06T22:05:21+08:00][sql] SELECT * FROM `menu` WHERE  `status` = 1  AND `app_id` = 1  AND `pid` = 778 ORDER BY `sortid` ASC [ RunTime:0.000388s ]
[2021-08-06T22:05:21+08:00][sql] SELECT * FROM `menu` WHERE  `status` = 1  AND `app_id` = 1  AND `pid` = 778 ORDER BY `sortid` ASC [ RunTime:0.018669s ]
[2021-08-06T22:05:21+08:00][sql] SELECT * FROM `menu` WHERE  `status` = 1  AND `app_id` = 1  AND `pid` = 779 ORDER BY `sortid` ASC [ RunTime:0.005440s ]
[2021-08-06T22:05:21+08:00][sql] SELECT * FROM `menu` WHERE  `status` = 1  AND `app_id` = 1  AND `pid` = 779 ORDER BY `sortid` ASC [ RunTime:0.001378s ]
[2021-08-06T22:05:21+08:00][sql] SELECT * FROM `menu` WHERE  `status` = 1  AND `app_id` = 1  AND `pid` = 780 ORDER BY `sortid` ASC [ RunTime:0.001151s ]
[2021-08-06T22:05:21+08:00][sql] SELECT * FROM `menu` WHERE  `status` = 1  AND `app_id` = 1  AND `pid` = 780 ORDER BY `sortid` ASC [ RunTime:0.001118s ]
[2021-08-06T22:05:21+08:00][sql] SELECT * FROM `menu` WHERE  `status` = 1  AND `app_id` = 1  AND `pid` = 12 ORDER BY `sortid` ASC [ RunTime:0.001178s ]
[2021-08-06T22:05:21+08:00][sql] SELECT * FROM `menu` WHERE  `status` = 1  AND `app_id` = 1  AND `pid` = 12 ORDER BY `sortid` ASC [ RunTime:0.000437s ]
[2021-08-06T22:05:21+08:00][sql] SELECT * FROM `menu` WHERE  `status` = 1  AND `app_id` = 1  AND `pid` = 17 ORDER BY `sortid` ASC [ RunTime:0.003424s ]
[2021-08-06T22:05:21+08:00][sql] SELECT * FROM `menu` WHERE  `status` = 1  AND `app_id` = 1  AND `pid` = 17 ORDER BY `sortid` ASC [ RunTime:0.000390s ]
[2021-08-06T22:05:21+08:00][sql] SELECT * FROM `menu` WHERE  `status` = 1  AND `app_id` = 1  AND `pid` = 80 ORDER BY `sortid` ASC [ RunTime:0.000392s ]
[2021-08-06T22:05:21+08:00][sql] SELECT * FROM `menu` WHERE  `status` = 1  AND `app_id` = 1  AND `pid` = 80 ORDER BY `sortid` ASC [ RunTime:0.000364s ]
[2021-08-06T22:05:21+08:00][sql] SELECT * FROM `menu` WHERE  `status` = 1  AND `app_id` = 1  AND `pid` = 21 ORDER BY `sortid` ASC [ RunTime:0.000382s ]
[2021-08-06T22:05:21+08:00][sql] SELECT * FROM `menu` WHERE  `status` = 1  AND `app_id` = 1  AND `pid` = 21 ORDER BY `sortid` ASC [ RunTime:0.000376s ]
[2021-08-06T22:05:21+08:00][sql] SELECT * FROM `menu` WHERE  `status` = 1  AND `app_id` = 1  AND `pid` = 18 ORDER BY `sortid` ASC [ RunTime:0.000396s ]
[2021-08-06T22:05:21+08:00][sql] SELECT * FROM `menu` WHERE  `status` = 1  AND `app_id` = 1  AND `pid` = 18 ORDER BY `sortid` ASC [ RunTime:0.000362s ]
[2021-08-06T22:05:21+08:00][sql] SELECT * FROM `menu` WHERE  `status` = 1  AND `app_id` = 1  AND `pid` = 19 ORDER BY `sortid` ASC [ RunTime:0.000404s ]
[2021-08-06T22:05:21+08:00][sql] SELECT * FROM `menu` WHERE  `status` = 1  AND `app_id` = 1  AND `pid` = 19 ORDER BY `sortid` ASC [ RunTime:0.000366s ]
[2021-08-06T22:05:21+08:00][sql] SELECT * FROM `menu` WHERE  `status` = 1  AND `app_id` = 1  AND `pid` = 41 ORDER BY `sortid` ASC [ RunTime:0.000477s ]
[2021-08-06T22:05:21+08:00][sql] SELECT * FROM `menu` WHERE  `status` = 1  AND `app_id` = 1  AND `pid` = 41 ORDER BY `sortid` ASC [ RunTime:0.000368s ]
[2021-08-06T22:05:21+08:00][sql] SELECT * FROM `menu` WHERE  `status` = 1  AND `app_id` = 1  AND `pid` = 670 ORDER BY `sortid` ASC [ RunTime:0.000385s ]
[2021-08-06T22:05:21+08:00][sql] SELECT * FROM `menu` WHERE  `status` = 1  AND `app_id` = 1  AND `pid` = 670 ORDER BY `sortid` ASC [ RunTime:0.000359s ]
[2021-08-06T22:05:21+08:00][sql] SELECT * FROM `menu` WHERE  `status` = 1  AND `app_id` = 1  AND `pid` = 673 ORDER BY `sortid` ASC [ RunTime:0.000384s ]
[2021-08-06T22:05:21+08:00][sql] SELECT * FROM `menu` WHERE  `status` = 1  AND `app_id` = 1  AND `pid` = 673 ORDER BY `sortid` ASC [ RunTime:0.000359s ]
[2021-08-06T22:05:28+08:00][sql] CONNECT:[ UseTime:0.000413s ] mysql:host=127.0.0.1;port=3306;dbname=aa;charset=utf8
[2021-08-06T22:05:28+08:00][sql] SHOW FULL COLUMNS FROM `newlist` [ RunTime:0.001061s ]
[2021-08-06T22:05:28+08:00][sql] SELECT COUNT(*) AS think_count FROM `newlist` [ RunTime:0.000293s ]
[2021-08-06T22:05:28+08:00][sql] SELECT `newlist_id`,`names`,`code`,`price`,`zt` FROM `newlist` ORDER BY `newlist_id` DESC LIMIT 0,20 [ RunTime:0.000315s ]
[2021-08-06T22:05:39+08:00][sql] CONNECT:[ UseTime:0.000445s ] mysql:host=127.0.0.1;port=3306;dbname=aa;charset=utf8
[2021-08-06T22:05:39+08:00][sql] SHOW FULL COLUMNS FROM `lists` [ RunTime:0.001407s ]
[2021-08-06T22:05:39+08:00][sql] SELECT COUNT(*) AS think_count FROM `lists` [ RunTime:0.000761s ]
[2021-08-06T22:05:39+08:00][sql] SELECT `lists_id`,`agent`,`zname`,`phone`,`xgname`,`codes`,`nums`,`bzj`,`zts`,`mrsj` FROM `lists` ORDER BY `lists_id` DESC LIMIT 0,20 [ RunTime:0.000352s ]
[2021-08-06T22:05:41+08:00][sql] CONNECT:[ UseTime:0.000322s ] mysql:host=127.0.0.1;port=3306;dbname=aa;charset=utf8
[2021-08-06T22:05:41+08:00][sql] SHOW FULL COLUMNS FROM `user` [ RunTime:0.001428s ]
[2021-08-06T22:05:41+08:00][sql] SELECT COUNT(*) AS think_count FROM `user` [ RunTime:0.000300s ]
[2021-08-06T22:05:41+08:00][sql] SELECT `id`,`agent_id`,`agent_name`,`phone`,`nick_name`,`sgzj`,`djzj` FROM `user` ORDER BY `id` DESC LIMIT 0,20 [ RunTime:0.000356s ]
[2021-08-06T22:05:53+08:00][sql] CONNECT:[ UseTime:0.000799s ] mysql:host=127.0.0.1;port=3306;dbname=aa;charset=utf8
[2021-08-06T22:05:53+08:00][sql] SHOW FULL COLUMNS FROM `upload_config` [ RunTime:0.001652s ]
[2021-08-06T22:05:53+08:00][sql] SELECT COUNT(*) AS think_count FROM `upload_config` [ RunTime:0.000307s ]
[2021-08-06T22:05:53+08:00][sql] SELECT `id`,`title`,`thumb_status`,`upload_replace`,`thumb_width`,`thumb_height`,`thumb_type` FROM `upload_config` ORDER BY `id` DESC LIMIT 0,20 [ RunTime:0.000365s ]
[2021-08-06T22:05:59+08:00][sql] CONNECT:[ UseTime:0.000645s ] mysql:host=127.0.0.1;port=3306;dbname=aa;charset=utf8
[2021-08-06T22:05:59+08:00][sql] select app_dir,app_dir from application [ RunTime:0.000771s ]
[2021-08-06T22:05:59+08:00][sql] CONNECT:[ UseTime:0.000335s ] mysql:host=127.0.0.1;port=3306;dbname=aa;charset=utf8
[2021-08-06T22:05:59+08:00][sql] SHOW FULL COLUMNS FROM `log` [ RunTime:0.002919s ]
[2021-08-06T22:05:59+08:00][sql] SELECT COUNT(*) AS think_count FROM `log` [ RunTime:0.000636s ]
[2021-08-06T22:05:59+08:00][sql] SELECT `id`,`application_name`,`username`,`url`,`ip`,`type`,`create_time` FROM `log` ORDER BY `id` DESC LIMIT 0,20 [ RunTime:0.001047s ]
[2021-08-06T22:06:03+08:00][sql] CONNECT:[ UseTime:0.000368s ] mysql:host=127.0.0.1;port=3306;dbname=aa;charset=utf8
[2021-08-06T22:06:03+08:00][sql] SHOW FULL COLUMNS FROM `config` [ RunTime:0.001009s ]
[2021-08-06T22:06:03+08:00][sql] SELECT `name`,`data` FROM `config` [ RunTime:0.000310s ]
[2021-08-06T22:06:13+08:00][sql] CONNECT:[ UseTime:0.002332s ] mysql:host=127.0.0.1;port=3306;dbname=aa;charset=utf8
[2021-08-06T22:06:13+08:00][sql] SHOW FULL COLUMNS FROM `role` [ RunTime:0.001953s ]
[2021-08-06T22:06:13+08:00][sql] SELECT COUNT(*) AS think_count FROM `role` [ RunTime:0.000631s ]
[2021-08-06T22:06:13+08:00][sql] SELECT * FROM `role` ORDER BY `role_id` DESC LIMIT 0,20 [ RunTime:0.000671s ]
[2021-08-06T22:06:35+08:00][sql] CONNECT:[ UseTime:0.000387s ] mysql:host=127.0.0.1;port=3306;dbname=aa;charset=utf8
[2021-08-06T22:06:35+08:00][sql] SHOW FULL COLUMNS FROM `log` [ RunTime:0.001709s ]
[2021-08-06T22:06:35+08:00][sql] INSERT INTO `log` SET `application_name` = 'admin' , `username` = 'admin' , `url` = 'http://xght.dxcfd.com/admin/Base/config' , `ip` = '101.71.122.7' , `useragent` = 'Mozilla/5.0 (iPhone; CPU iPhone OS 14_4 like Mac OS X) AppleWebKit/605.1.15 (KHTML, like Gecko) Version/14.0.3 Mobile/15E148 Safari/604.1' , `content` = '{\"water_status\":\"0\",\"site_title\":\"\\u8759\\u8760\",\"site_logo\":\"\\/uploads\\/admin\\/202107\\/60ff79ec70000.png\",\"keyword\":\"\\u8759\\u8760\",\"description\":\"\\u6f14\\u793a\\u7f51\\u7ad9\\u7531\\u201c\\u8759\\u8760\\u79d1\\u6280\\u5f00\\u53d1\\u201d\\u9700\\u8981\\u642d\\u5efa\\u8054\\u7cfb\\u98de\\u673a\\uff1a@DB8877\",\"file_size\":\"100\",\"file_type\":\"gif,png,jpg,jpeg,doc,docx,xls,xlsx,csv,pdf,rar,zip,txt,mp4,flv.php\",\"copyright\":\"\\u8759\\u8760\\u79d1\\u6280\\uff1a@DB8877\",\"water_position\":\"9\",\"water_logo\":\"\",\"domain\":\"\"}' , `create_time` = 1628258795 , `type` = 2 [ RunTime:0.010166s ]
[2021-08-06T22:06:35+08:00][sql] SHOW FULL COLUMNS FROM `config` [ RunTime:0.001146s ]
[2021-08-06T22:06:35+08:00][sql] SELECT `name`,`data` FROM `config` [ RunTime:0.000370s ]
[2021-08-06T22:06:35+08:00][sql] SELECT `name`,`data` FROM `config` [ RunTime:0.000330s ]
[2021-08-06T22:06:35+08:00][sql] UPDATE `config`  SET `data` = '0'  WHERE  `name` = 'water_status' [ RunTime:0.006053s ]
[2021-08-06T22:06:35+08:00][sql] UPDATE `config`  SET `data` = '蝙蝠'  WHERE  `name` = 'site_title' [ RunTime:0.003984s ]
[2021-08-06T22:06:35+08:00][sql] UPDATE `config`  SET `data` = '/uploads/admin/202107/60ff79ec70000.png'  WHERE  `name` = 'site_logo' [ RunTime:0.005003s ]
[2021-08-06T22:06:35+08:00][sql] UPDATE `config`  SET `data` = '蝙蝠'  WHERE  `name` = 'keyword' [ RunTime:0.003957s ]
[2021-08-06T22:06:35+08:00][sql] UPDATE `config`  SET `data` = '演示网站由“蝙蝠科技开发”需要搭建联系飞机：@DB8877'  WHERE  `name` = 'description' [ RunTime:0.004145s ]
[2021-08-06T22:06:35+08:00][sql] UPDATE `config`  SET `data` = '100'  WHERE  `name` = 'file_size' [ RunTime:0.005332s ]
[2021-08-06T22:06:35+08:00][sql] UPDATE `config`  SET `data` = 'gif,png,jpg,jpeg,doc,docx,xls,xlsx,csv,pdf,rar,zip,txt,mp4,flv.php'  WHERE  `name` = 'file_type' [ RunTime:0.003746s ]
[2021-08-06T22:06:35+08:00][sql] UPDATE `config`  SET `data` = '蝙蝠科技：@DB8877'  WHERE  `name` = 'copyright' [ RunTime:0.003849s ]
[2021-08-06T22:06:35+08:00][sql] UPDATE `config`  SET `data` = '9'  WHERE  `name` = 'water_position' [ RunTime:0.004378s ]
[2021-08-06T22:06:35+08:00][sql] UPDATE `config`  SET `data` = ''  WHERE  `name` = 'water_logo' [ RunTime:0.004047s ]
[2021-08-06T22:06:35+08:00][sql] UPDATE `config`  SET `data` = ''  WHERE  `name` = 'domain' [ RunTime:0.009167s ]
