[2021-08-07T01:53:34+08:00][sql] CONNECT:[ UseTime:0.009962s ] mysql:host=127.0.0.1;port=3306;dbname=aa;charset=utf8
[2021-08-07T01:53:34+08:00][sql] SHOW FULL COLUMNS FROM `config` [ RunTime:0.001048s ]
[2021-08-07T01:53:34+08:00][sql] SELECT `name`,`data` FROM `config` [ RunTime:0.000331s ]
[2021-08-07T01:53:50+08:00][sql] CONNECT:[ UseTime:0.000493s ] mysql:host=127.0.0.1;port=3306;dbname=aa;charset=utf8
[2021-08-07T01:53:50+08:00][sql] SHOW FULL COLUMNS FROM `admin_user` [ RunTime:0.000981s ]
[2021-08-07T01:53:50+08:00][sql] SELECT `a`.`user_id`,`a`.`name`,a.user as username,`a`.`status`,a.role_id as user_role_ids,`b`.`role_id`,b.name as role_name,b.status as role_status FROM `admin_user` `a` INNER JOIN `role` `b` ON a.role_id in(b.role_id) WHERE  `a`.`user` = 'admin'  AND `a`.`pwd` = 'b720cf94bcd2a6157043cac25209b9ab' LIMIT 1 [ RunTime:0.008305s ]
[2021-08-07T01:53:50+08:00][sql] SHOW FULL COLUMNS FROM `access` [ RunTime:0.002349s ]
[2021-08-07T01:53:50+08:00][sql] SELECT `id`,`purviewval` FROM `access` WHERE  `role_id` = 1 [ RunTime:0.001900s ]
[2021-08-07T01:53:50+08:00][sql] SHOW FULL COLUMNS FROM `log` [ RunTime:0.000795s ]
[2021-08-07T01:53:50+08:00][sql] INSERT INTO `log` SET `application_name` = 'admin' , `username` = 'admin' , `url` = 'http://xght.dxcfd.com/admin/Login/index.html' , `ip` = '1.116.231.45' , `useragent` = 'Mozilla/5.0 (Windows NT 10.0; WOW64) AppleWebKit/537.36 (KHTML, like Gecko) Chrome/86.0.4240.198 Safari/537.36' , `create_time` = 1628272430 , `type` = 1 [ RunTime:0.006314s ]
[2021-08-07T01:53:50+08:00][sql] CONNECT:[ UseTime:0.000502s ] mysql:host=127.0.0.1;port=3306;dbname=aa;charset=utf8
[2021-08-07T01:53:50+08:00][sql] SHOW FULL COLUMNS FROM `menu` [ RunTime:0.001072s ]
[2021-08-07T01:53:50+08:00][sql] SELECT * FROM `menu` WHERE  `status` = 1  AND `app_id` = 1  AND `pid` = 0 ORDER BY `sortid` ASC [ RunTime:0.009783s ]
[2021-08-07T01:53:50+08:00][sql] SELECT * FROM `menu` WHERE  `status` = 1  AND `app_id` = 1  AND `pid` = 778 ORDER BY `sortid` ASC [ RunTime:0.000488s ]
[2021-08-07T01:53:50+08:00][sql] SELECT * FROM `menu` WHERE  `status` = 1  AND `app_id` = 1  AND `pid` = 778 ORDER BY `sortid` ASC [ RunTime:0.000392s ]
[2021-08-07T01:53:50+08:00][sql] SELECT * FROM `menu` WHERE  `status` = 1  AND `app_id` = 1  AND `pid` = 779 ORDER BY `sortid` ASC [ RunTime:0.000422s ]
[2021-08-07T01:53:50+08:00][sql] SELECT * FROM `menu` WHERE  `status` = 1  AND `app_id` = 1  AND `pid` = 779 ORDER BY `sortid` ASC [ RunTime:0.000386s ]
[2021-08-07T01:53:50+08:00][sql] SELECT * FROM `menu` WHERE  `status` = 1  AND `app_id` = 1  AND `pid` = 780 ORDER BY `sortid` ASC [ RunTime:0.000395s ]
[2021-08-07T01:53:50+08:00][sql] SELECT * FROM `menu` WHERE  `status` = 1  AND `app_id` = 1  AND `pid` = 780 ORDER BY `sortid` ASC [ RunTime:0.000667s ]
[2021-08-07T01:53:50+08:00][sql] SELECT * FROM `menu` WHERE  `status` = 1  AND `app_id` = 1  AND `pid` = 12 ORDER BY `sortid` ASC [ RunTime:0.000896s ]
[2021-08-07T01:53:50+08:00][sql] SELECT * FROM `menu` WHERE  `status` = 1  AND `app_id` = 1  AND `pid` = 12 ORDER BY `sortid` ASC [ RunTime:0.001140s ]
[2021-08-07T01:53:50+08:00][sql] SELECT * FROM `menu` WHERE  `status` = 1  AND `app_id` = 1  AND `pid` = 17 ORDER BY `sortid` ASC [ RunTime:0.000968s ]
[2021-08-07T01:53:50+08:00][sql] SELECT * FROM `menu` WHERE  `status` = 1  AND `app_id` = 1  AND `pid` = 17 ORDER BY `sortid` ASC [ RunTime:0.000893s ]
[2021-08-07T01:53:50+08:00][sql] SELECT * FROM `menu` WHERE  `status` = 1  AND `app_id` = 1  AND `pid` = 80 ORDER BY `sortid` ASC [ RunTime:0.000948s ]
[2021-08-07T01:53:50+08:00][sql] SELECT * FROM `menu` WHERE  `status` = 1  AND `app_id` = 1  AND `pid` = 80 ORDER BY `sortid` ASC [ RunTime:0.000744s ]
[2021-08-07T01:53:50+08:00][sql] SELECT * FROM `menu` WHERE  `status` = 1  AND `app_id` = 1  AND `pid` = 21 ORDER BY `sortid` ASC [ RunTime:0.000814s ]
[2021-08-07T01:53:50+08:00][sql] SELECT * FROM `menu` WHERE  `status` = 1  AND `app_id` = 1  AND `pid` = 21 ORDER BY `sortid` ASC [ RunTime:0.000607s ]
[2021-08-07T01:53:50+08:00][sql] SELECT * FROM `menu` WHERE  `status` = 1  AND `app_id` = 1  AND `pid` = 18 ORDER BY `sortid` ASC [ RunTime:0.000532s ]
[2021-08-07T01:53:50+08:00][sql] SELECT * FROM `menu` WHERE  `status` = 1  AND `app_id` = 1  AND `pid` = 18 ORDER BY `sortid` ASC [ RunTime:0.000483s ]
[2021-08-07T01:53:50+08:00][sql] SELECT * FROM `menu` WHERE  `status` = 1  AND `app_id` = 1  AND `pid` = 19 ORDER BY `sortid` ASC [ RunTime:0.000399s ]
[2021-08-07T01:53:50+08:00][sql] SELECT * FROM `menu` WHERE  `status` = 1  AND `app_id` = 1  AND `pid` = 19 ORDER BY `sortid` ASC [ RunTime:0.000545s ]
[2021-08-07T01:53:50+08:00][sql] SELECT * FROM `menu` WHERE  `status` = 1  AND `app_id` = 1  AND `pid` = 41 ORDER BY `sortid` ASC [ RunTime:0.000496s ]
[2021-08-07T01:53:50+08:00][sql] SELECT * FROM `menu` WHERE  `status` = 1  AND `app_id` = 1  AND `pid` = 41 ORDER BY `sortid` ASC [ RunTime:0.000559s ]
[2021-08-07T01:53:50+08:00][sql] SELECT * FROM `menu` WHERE  `status` = 1  AND `app_id` = 1  AND `pid` = 670 ORDER BY `sortid` ASC [ RunTime:0.000913s ]
[2021-08-07T01:53:50+08:00][sql] SELECT * FROM `menu` WHERE  `status` = 1  AND `app_id` = 1  AND `pid` = 670 ORDER BY `sortid` ASC [ RunTime:0.000596s ]
[2021-08-07T01:53:50+08:00][sql] SELECT * FROM `menu` WHERE  `status` = 1  AND `app_id` = 1  AND `pid` = 673 ORDER BY `sortid` ASC [ RunTime:0.001089s ]
[2021-08-07T01:53:50+08:00][sql] SELECT * FROM `menu` WHERE  `status` = 1  AND `app_id` = 1  AND `pid` = 673 ORDER BY `sortid` ASC [ RunTime:0.000395s ]
[2021-08-07T01:53:54+08:00][sql] CONNECT:[ UseTime:0.000384s ] mysql:host=127.0.0.1;port=3306;dbname=aa;charset=utf8
[2021-08-07T01:53:54+08:00][sql] SHOW FULL COLUMNS FROM `newlist` [ RunTime:0.001285s ]
[2021-08-07T01:53:54+08:00][sql] SELECT COUNT(*) AS think_count FROM `newlist` [ RunTime:0.000280s ]
[2021-08-07T01:53:54+08:00][sql] SELECT `newlist_id`,`names`,`code`,`price`,`zt` FROM `newlist` ORDER BY `newlist_id` DESC LIMIT 0,20 [ RunTime:0.000301s ]
[2021-08-07T01:53:56+08:00][sql] CONNECT:[ UseTime:0.000535s ] mysql:host=127.0.0.1;port=3306;dbname=aa;charset=utf8
[2021-08-07T01:53:56+08:00][sql] SHOW FULL COLUMNS FROM `lists` [ RunTime:0.003677s ]
[2021-08-07T01:53:56+08:00][sql] SELECT COUNT(*) AS think_count FROM `lists` [ RunTime:0.000664s ]
[2021-08-07T01:53:56+08:00][sql] SELECT `lists_id`,`agent`,`zname`,`phone`,`xgname`,`codes`,`nums`,`bzj`,`zts`,`mrsj` FROM `lists` ORDER BY `lists_id` DESC LIMIT 0,20 [ RunTime:0.000694s ]
[2021-08-07T01:53:57+08:00][sql] CONNECT:[ UseTime:0.000403s ] mysql:host=127.0.0.1;port=3306;dbname=aa;charset=utf8
[2021-08-07T01:53:57+08:00][sql] SHOW FULL COLUMNS FROM `user` [ RunTime:0.001307s ]
[2021-08-07T01:53:57+08:00][sql] SELECT COUNT(*) AS think_count FROM `user` [ RunTime:0.000290s ]
[2021-08-07T01:53:57+08:00][sql] SELECT `id`,`agent_id`,`agent_name`,`phone`,`nick_name`,`sgzj`,`djzj` FROM `user` ORDER BY `id` DESC LIMIT 0,20 [ RunTime:0.000299s ]
[2021-08-07T01:54:00+08:00][sql] CONNECT:[ UseTime:0.000510s ] mysql:host=127.0.0.1;port=3306;dbname=aa;charset=utf8
[2021-08-07T01:54:00+08:00][sql] SHOW FULL COLUMNS FROM `application` [ RunTime:0.001179s ]
[2021-08-07T01:54:00+08:00][sql] SELECT * FROM `application` ORDER BY `app_id` DESC [ RunTime:0.001138s ]
[2021-08-07T01:54:00+08:00][sql] SELECT COUNT(*) AS think_count FROM `application` [ RunTime:0.000286s ]
[2021-08-07T01:54:01+08:00][sql] CONNECT:[ UseTime:0.002216s ] mysql:host=127.0.0.1;port=3306;dbname=aa;charset=utf8
[2021-08-07T01:54:01+08:00][sql] show tables [ RunTime:0.011328s ]
[2021-08-07T01:54:01+08:00][sql] SHOW FULL COLUMNS FROM `application` [ RunTime:0.001369s ]
[2021-08-07T01:54:01+08:00][sql] SELECT * FROM `application` WHERE  `app_id` = 1 LIMIT 1 [ RunTime:0.000461s ]
[2021-08-07T01:54:01+08:00][sql] SELECT * FROM `application` WHERE  ( 1=1 ) [ RunTime:0.000305s ]
[2021-08-07T01:54:01+08:00][sql] SELECT * FROM `application` WHERE  ( 1=1 ) [ RunTime:0.000272s ]
[2021-08-07T01:54:01+08:00][sql] CONNECT:[ UseTime:0.000397s ] mysql:host=127.0.0.1;port=3306;dbname=aa;charset=utf8
[2021-08-07T01:54:01+08:00][sql] SHOW FULL COLUMNS FROM `menu` [ RunTime:0.006350s ]
[2021-08-07T01:54:01+08:00][sql] SELECT * FROM `menu` WHERE  `app_id` = 1 ORDER BY `sortid` ASC [ RunTime:0.000556s ]
[2021-08-07T01:54:01+08:00][sql] SELECT COUNT(*) AS think_count FROM `menu` WHERE  `app_id` = 1 ORDER BY `sortid` ASC [ RunTime:0.000465s ]
[2021-08-07T01:54:03+08:00][sql] CONNECT:[ UseTime:0.000431s ] mysql:host=127.0.0.1;port=3306;dbname=aa;charset=utf8
[2021-08-07T01:54:03+08:00][sql] select role_id,name,pid from role [ RunTime:0.000334s ]
[2021-08-07T01:54:03+08:00][sql] CONNECT:[ UseTime:0.001257s ] mysql:host=127.0.0.1;port=3306;dbname=aa;charset=utf8
[2021-08-07T01:54:03+08:00][sql] select a.*,group_concat(b.name) as role_name from admin_user as a left join role as b on find_in_set(b.role_id,a.role_id)  group by a.user_id order by user_id desc limit 0,20 [ RunTime:0.000475s ]
[2021-08-07T01:54:03+08:00][sql] select count(*) as count from (select a.*,group_concat(b.name) as role_name from admin_user as a left join role as b on find_in_set(b.role_id,a.role_id)  group by a.user_id) as tp [ RunTime:0.000644s ]
[2021-08-07T01:54:04+08:00][sql] CONNECT:[ UseTime:0.000335s ] mysql:host=127.0.0.1;port=3306;dbname=aa;charset=utf8
[2021-08-07T01:54:04+08:00][sql] SHOW FULL COLUMNS FROM `role` [ RunTime:0.000898s ]
[2021-08-07T01:54:04+08:00][sql] SELECT COUNT(*) AS think_count FROM `role` [ RunTime:0.000273s ]
[2021-08-07T01:54:04+08:00][sql] SELECT * FROM `role` ORDER BY `role_id` DESC LIMIT 0,20 [ RunTime:0.000268s ]
[2021-08-07T01:54:05+08:00][sql] CONNECT:[ UseTime:0.000451s ] mysql:host=127.0.0.1;port=3306;dbname=aa;charset=utf8
[2021-08-07T01:54:05+08:00][sql] select app_dir,app_dir from application [ RunTime:0.000390s ]
[2021-08-07T01:54:05+08:00][sql] CONNECT:[ UseTime:0.000588s ] mysql:host=127.0.0.1;port=3306;dbname=aa;charset=utf8
[2021-08-07T01:54:05+08:00][sql] SHOW FULL COLUMNS FROM `log` [ RunTime:0.001993s ]
[2021-08-07T01:54:05+08:00][sql] SELECT COUNT(*) AS think_count FROM `log` [ RunTime:0.000915s ]
[2021-08-07T01:54:05+08:00][sql] SELECT `id`,`application_name`,`username`,`url`,`ip`,`type`,`create_time` FROM `log` ORDER BY `id` DESC LIMIT 0,20 [ RunTime:0.000588s ]
[2021-08-07T01:54:06+08:00][sql] CONNECT:[ UseTime:0.002044s ] mysql:host=127.0.0.1;port=3306;dbname=aa;charset=utf8
[2021-08-07T01:54:06+08:00][sql] SHOW FULL COLUMNS FROM `config` [ RunTime:0.001161s ]
[2021-08-07T01:54:06+08:00][sql] SELECT `name`,`data` FROM `config` [ RunTime:0.000308s ]
[2021-08-07T01:58:37+08:00][sql] CONNECT:[ UseTime:0.000620s ] mysql:host=127.0.0.1;port=3306;dbname=aa;charset=utf8
[2021-08-07T01:58:37+08:00][sql] SHOW FULL COLUMNS FROM `config` [ RunTime:0.001095s ]
[2021-08-07T01:58:37+08:00][sql] SELECT `name`,`data` FROM `config` [ RunTime:0.000706s ]
[2021-08-07T01:58:37+08:00][sql] CONNECT:[ UseTime:0.000383s ] mysql:host=127.0.0.1;port=3306;dbname=aa;charset=utf8
[2021-08-07T01:58:37+08:00][sql] SHOW FULL COLUMNS FROM `upload_config` [ RunTime:0.001179s ]
[2021-08-07T01:58:37+08:00][sql] SELECT COUNT(*) AS think_count FROM `upload_config` [ RunTime:0.000266s ]
[2021-08-07T01:58:37+08:00][sql] SELECT `id`,`title`,`thumb_status`,`upload_replace`,`thumb_width`,`thumb_height`,`thumb_type` FROM `upload_config` ORDER BY `id` DESC LIMIT 0,20 [ RunTime:0.000308s ]
[2021-08-07T02:00:51+08:00][sql] CONNECT:[ UseTime:0.000689s ] mysql:host=127.0.0.1;port=3306;dbname=aa;charset=utf8
[2021-08-07T02:00:51+08:00][sql] SHOW FULL COLUMNS FROM `log` [ RunTime:0.001390s ]
[2021-08-07T02:00:51+08:00][sql] INSERT INTO `log` SET `application_name` = 'admin' , `username` = 'admin' , `url` = 'http://xght.dxcfd.com/admin/Base/config' , `ip` = '1.116.231.45' , `useragent` = 'Mozilla/5.0 (Windows NT 10.0; WOW64) AppleWebKit/537.36 (KHTML, like Gecko) Chrome/86.0.4240.198 Safari/537.36' , `content` = '{\"water_status\":\"0\",\"site_title\":\"\\u8587\\u96c5\\u7f51\\u7edc\\uff1a@weiyawangluo\",\"site_logo\":\"\\/uploads\\/admin\\/202107\\/60ff79ec70000.png\",\"keyword\":\"\\u8587\\u96c5\\u7f51\\u7edc\\uff1a@weiyawangluo\",\"description\":\"\\u6f14\\u793a\\u7f51\\u7ad9\\u7531\\u201c\\u8587\\u96c5\\u7f51\\u7edc\\u5f00\\u53d1\\u201d\\u9700\\u8981\\u642d\\u5efa\\u8054\\u7cfb\\u98de\\u673a\\uff1a@weiyawangluo\",\"file_size\":\"100\",\"file_type\":\"gif,png,jpg,jpeg,doc,docx,xls,xlsx,csv,pdf,rar,zip,txt,mp4,flv.php\",\"copyright\":\"\\u8587\\u96c5\\u7f51\\u7edc\\uff1a@weiyawangluo\",\"water_position\":\"9\",\"water_logo\":\"\",\"domain\":\"\"}' , `create_time` = 1628272851 , `type` = 2 [ RunTime:0.004292s ]
[2021-08-07T02:00:51+08:00][sql] SHOW FULL COLUMNS FROM `config` [ RunTime:0.000932s ]
[2021-08-07T02:00:51+08:00][sql] SELECT `name`,`data` FROM `config` [ RunTime:0.000260s ]
[2021-08-07T02:00:51+08:00][sql] SELECT `name`,`data` FROM `config` [ RunTime:0.000344s ]
[2021-08-07T02:00:51+08:00][sql] UPDATE `config`  SET `data` = '0'  WHERE  `name` = 'water_status' [ RunTime:0.004486s ]
[2021-08-07T02:00:51+08:00][sql] UPDATE `config`  SET `data` = '薇雅网络：@weiyawangluo'  WHERE  `name` = 'site_title' [ RunTime:0.003900s ]
[2021-08-07T02:00:51+08:00][sql] UPDATE `config`  SET `data` = '/uploads/admin/202107/60ff79ec70000.png'  WHERE  `name` = 'site_logo' [ RunTime:0.004448s ]
[2021-08-07T02:00:51+08:00][sql] UPDATE `config`  SET `data` = '薇雅网络：@weiyawangluo'  WHERE  `name` = 'keyword' [ RunTime:0.003910s ]
[2021-08-07T02:00:51+08:00][sql] UPDATE `config`  SET `data` = '演示网站由“薇雅网络开发”需要搭建联系飞机：@weiyawangluo'  WHERE  `name` = 'description' [ RunTime:0.003648s ]
[2021-08-07T02:00:51+08:00][sql] UPDATE `config`  SET `data` = '100'  WHERE  `name` = 'file_size' [ RunTime:0.004462s ]
[2021-08-07T02:00:51+08:00][sql] UPDATE `config`  SET `data` = 'gif,png,jpg,jpeg,doc,docx,xls,xlsx,csv,pdf,rar,zip,txt,mp4,flv.php'  WHERE  `name` = 'file_type' [ RunTime:0.004842s ]
[2021-08-07T02:00:51+08:00][sql] UPDATE `config`  SET `data` = '薇雅网络：@weiyawangluo'  WHERE  `name` = 'copyright' [ RunTime:0.003687s ]
[2021-08-07T02:00:51+08:00][sql] UPDATE `config`  SET `data` = '9'  WHERE  `name` = 'water_position' [ RunTime:0.003750s ]
[2021-08-07T02:00:51+08:00][sql] UPDATE `config`  SET `data` = ''  WHERE  `name` = 'water_logo' [ RunTime:0.004405s ]
[2021-08-07T02:00:51+08:00][sql] UPDATE `config`  SET `data` = ''  WHERE  `name` = 'domain' [ RunTime:0.003333s ]
[2021-08-07T02:01:15+08:00][sql] CONNECT:[ UseTime:0.000676s ] mysql:host=127.0.0.1;port=3306;dbname=aa;charset=utf8
[2021-08-07T02:01:15+08:00][sql] SHOW FULL COLUMNS FROM `log` [ RunTime:0.002573s ]
[2021-08-07T02:01:15+08:00][sql] INSERT INTO `log` SET `application_name` = 'admin' , `username` = 'admin' , `url` = 'http://xght.dxcfd.com/admin/Base/config' , `ip` = '1.116.231.45' , `useragent` = 'Mozilla/5.0 (Windows NT 10.0; WOW64) AppleWebKit/537.36 (KHTML, like Gecko) Chrome/86.0.4240.198 Safari/537.36' , `content` = '{\"water_status\":\"0\",\"site_title\":\"\\u8587\\u96c5\\u7f51\\u7edc\\uff1a@weiyawangluo\",\"site_logo\":\"\\/uploads\\/admin\\/202107\\/60ff79ec70000.png\",\"keyword\":\"\\u8587\\u96c5\\u7f51\\u7edc\\uff1a@weiyawangluo\",\"description\":\"\\u6f14\\u793a\\u7f51\\u7ad9\\u7531\\u201c\\u8587\\u96c5\\u7f51\\u7edc\\u5f00\\u53d1\\u201d\\u9700\\u8981\\u642d\\u5efa\\u8054\\u7cfb\\u98de\\u673a\\uff1a@weiyawangluo\\n\\u540c\\u884c\\u624b\\u4e0b\\u7559\\u60c5\",\"file_size\":\"100\",\"file_type\":\"gif,png,jpg,jpeg,doc,docx,xls,xlsx,csv,pdf,rar,zip,txt,mp4,flv.php\",\"copyright\":\"\\u8587\\u96c5\\u7f51\\u7edc\\uff1a@weiyawangluo\",\"water_position\":\"9\",\"water_logo\":\"\",\"domain\":\"\"}' , `create_time` = 1628272875 , `type` = 2 [ RunTime:0.024707s ]
[2021-08-07T02:01:15+08:00][sql] SHOW FULL COLUMNS FROM `config` [ RunTime:0.001170s ]
[2021-08-07T02:01:15+08:00][sql] SELECT `name`,`data` FROM `config` [ RunTime:0.000408s ]
[2021-08-07T02:01:15+08:00][sql] UPDATE `config`  SET `data` = '0'  WHERE  `name` = 'water_status' [ RunTime:0.013081s ]
[2021-08-07T02:01:15+08:00][sql] UPDATE `config`  SET `data` = '薇雅网络：@weiyawangluo'  WHERE  `name` = 'site_title' [ RunTime:0.006178s ]
[2021-08-07T02:01:15+08:00][sql] UPDATE `config`  SET `data` = '/uploads/admin/202107/60ff79ec70000.png'  WHERE  `name` = 'site_logo' [ RunTime:0.003939s ]
[2021-08-07T02:01:15+08:00][sql] UPDATE `config`  SET `data` = '薇雅网络：@weiyawangluo'  WHERE  `name` = 'keyword' [ RunTime:0.006461s ]
[2021-08-07T02:01:15+08:00][sql] UPDATE `config`  SET `data` = '演示网站由“薇雅网络开发”需要搭建联系飞机：@weiyawangluo
同行手下留情'  WHERE  `name` = 'description' [ RunTime:0.003253s ]
[2021-08-07T02:01:15+08:00][sql] UPDATE `config`  SET `data` = '100'  WHERE  `name` = 'file_size' [ RunTime:0.003341s ]
[2021-08-07T02:01:15+08:00][sql] UPDATE `config`  SET `data` = 'gif,png,jpg,jpeg,doc,docx,xls,xlsx,csv,pdf,rar,zip,txt,mp4,flv.php'  WHERE  `name` = 'file_type' [ RunTime:0.004678s ]
[2021-08-07T02:01:15+08:00][sql] UPDATE `config`  SET `data` = '薇雅网络：@weiyawangluo'  WHERE  `name` = 'copyright' [ RunTime:0.004595s ]
[2021-08-07T02:01:15+08:00][sql] UPDATE `config`  SET `data` = '9'  WHERE  `name` = 'water_position' [ RunTime:0.004225s ]
[2021-08-07T02:01:15+08:00][sql] UPDATE `config`  SET `data` = ''  WHERE  `name` = 'water_logo' [ RunTime:0.005541s ]
[2021-08-07T02:01:15+08:00][sql] UPDATE `config`  SET `data` = ''  WHERE  `name` = 'domain' [ RunTime:0.004054s ]
[2021-08-07T02:01:25+08:00][sql] CONNECT:[ UseTime:0.000576s ] mysql:host=127.0.0.1;port=3306;dbname=aa;charset=utf8
[2021-08-07T02:01:25+08:00][sql] SHOW FULL COLUMNS FROM `user` [ RunTime:0.001238s ]
[2021-08-07T02:01:25+08:00][sql] SELECT COUNT(*) AS think_count FROM `user` [ RunTime:0.000354s ]
[2021-08-07T02:01:25+08:00][sql] SELECT `id`,`agent_id`,`agent_name`,`phone`,`nick_name`,`sgzj`,`djzj` FROM `user` ORDER BY `id` DESC LIMIT 0,20 [ RunTime:0.000323s ]
[2021-08-07T02:01:30+08:00][sql] CONNECT:[ UseTime:0.000340s ] mysql:host=127.0.0.1;port=3306;dbname=aa;charset=utf8
[2021-08-07T02:01:30+08:00][sql] SHOW FULL COLUMNS FROM `menu` [ RunTime:0.001153s ]
[2021-08-07T02:01:30+08:00][sql] SELECT * FROM `menu` WHERE  `status` = 1  AND `app_id` = 1  AND `pid` = 0 ORDER BY `sortid` ASC [ RunTime:0.000540s ]
[2021-08-07T02:01:30+08:00][sql] SELECT * FROM `menu` WHERE  `status` = 1  AND `app_id` = 1  AND `pid` = 778 ORDER BY `sortid` ASC [ RunTime:0.000480s ]
[2021-08-07T02:01:30+08:00][sql] SELECT * FROM `menu` WHERE  `status` = 1  AND `app_id` = 1  AND `pid` = 778 ORDER BY `sortid` ASC [ RunTime:0.000433s ]
[2021-08-07T02:01:30+08:00][sql] SELECT * FROM `menu` WHERE  `status` = 1  AND `app_id` = 1  AND `pid` = 779 ORDER BY `sortid` ASC [ RunTime:0.000439s ]
[2021-08-07T02:01:30+08:00][sql] SELECT * FROM `menu` WHERE  `status` = 1  AND `app_id` = 1  AND `pid` = 779 ORDER BY `sortid` ASC [ RunTime:0.000549s ]
[2021-08-07T02:01:30+08:00][sql] SELECT * FROM `menu` WHERE  `status` = 1  AND `app_id` = 1  AND `pid` = 780 ORDER BY `sortid` ASC [ RunTime:0.000686s ]
[2021-08-07T02:01:30+08:00][sql] SELECT * FROM `menu` WHERE  `status` = 1  AND `app_id` = 1  AND `pid` = 780 ORDER BY `sortid` ASC [ RunTime:0.000699s ]
[2021-08-07T02:01:30+08:00][sql] SELECT * FROM `menu` WHERE  `status` = 1  AND `app_id` = 1  AND `pid` = 12 ORDER BY `sortid` ASC [ RunTime:0.000823s ]
[2021-08-07T02:01:30+08:00][sql] SELECT * FROM `menu` WHERE  `status` = 1  AND `app_id` = 1  AND `pid` = 12 ORDER BY `sortid` ASC [ RunTime:0.000714s ]
[2021-08-07T02:01:30+08:00][sql] SELECT * FROM `menu` WHERE  `status` = 1  AND `app_id` = 1  AND `pid` = 17 ORDER BY `sortid` ASC [ RunTime:0.000667s ]
[2021-08-07T02:01:30+08:00][sql] SELECT * FROM `menu` WHERE  `status` = 1  AND `app_id` = 1  AND `pid` = 17 ORDER BY `sortid` ASC [ RunTime:0.000706s ]
[2021-08-07T02:01:30+08:00][sql] SELECT * FROM `menu` WHERE  `status` = 1  AND `app_id` = 1  AND `pid` = 80 ORDER BY `sortid` ASC [ RunTime:0.000692s ]
[2021-08-07T02:01:30+08:00][sql] SELECT * FROM `menu` WHERE  `status` = 1  AND `app_id` = 1  AND `pid` = 80 ORDER BY `sortid` ASC [ RunTime:0.000647s ]
[2021-08-07T02:01:30+08:00][sql] SELECT * FROM `menu` WHERE  `status` = 1  AND `app_id` = 1  AND `pid` = 21 ORDER BY `sortid` ASC [ RunTime:0.000661s ]
[2021-08-07T02:01:30+08:00][sql] SELECT * FROM `menu` WHERE  `status` = 1  AND `app_id` = 1  AND `pid` = 21 ORDER BY `sortid` ASC [ RunTime:0.000841s ]
[2021-08-07T02:01:30+08:00][sql] SELECT * FROM `menu` WHERE  `status` = 1  AND `app_id` = 1  AND `pid` = 18 ORDER BY `sortid` ASC [ RunTime:0.001072s ]
[2021-08-07T02:01:30+08:00][sql] SELECT * FROM `menu` WHERE  `status` = 1  AND `app_id` = 1  AND `pid` = 18 ORDER BY `sortid` ASC [ RunTime:0.000625s ]
[2021-08-07T02:01:30+08:00][sql] SELECT * FROM `menu` WHERE  `status` = 1  AND `app_id` = 1  AND `pid` = 19 ORDER BY `sortid` ASC [ RunTime:0.000584s ]
[2021-08-07T02:01:30+08:00][sql] SELECT * FROM `menu` WHERE  `status` = 1  AND `app_id` = 1  AND `pid` = 19 ORDER BY `sortid` ASC [ RunTime:0.000470s ]
[2021-08-07T02:01:30+08:00][sql] SELECT * FROM `menu` WHERE  `status` = 1  AND `app_id` = 1  AND `pid` = 41 ORDER BY `sortid` ASC [ RunTime:0.000664s ]
[2021-08-07T02:01:30+08:00][sql] SELECT * FROM `menu` WHERE  `status` = 1  AND `app_id` = 1  AND `pid` = 41 ORDER BY `sortid` ASC [ RunTime:0.000661s ]
[2021-08-07T02:01:30+08:00][sql] SELECT * FROM `menu` WHERE  `status` = 1  AND `app_id` = 1  AND `pid` = 670 ORDER BY `sortid` ASC [ RunTime:0.000671s ]
[2021-08-07T02:01:30+08:00][sql] SELECT * FROM `menu` WHERE  `status` = 1  AND `app_id` = 1  AND `pid` = 670 ORDER BY `sortid` ASC [ RunTime:0.000714s ]
[2021-08-07T02:01:30+08:00][sql] SELECT * FROM `menu` WHERE  `status` = 1  AND `app_id` = 1  AND `pid` = 673 ORDER BY `sortid` ASC [ RunTime:0.000718s ]
[2021-08-07T02:01:30+08:00][sql] SELECT * FROM `menu` WHERE  `status` = 1  AND `app_id` = 1  AND `pid` = 673 ORDER BY `sortid` ASC [ RunTime:0.000691s ]
[2021-08-07T02:01:32+08:00][sql] CONNECT:[ UseTime:0.001032s ] mysql:host=127.0.0.1;port=3306;dbname=aa;charset=utf8
[2021-08-07T02:01:32+08:00][sql] SHOW FULL COLUMNS FROM `newlist` [ RunTime:0.001174s ]
[2021-08-07T02:01:32+08:00][sql] SELECT COUNT(*) AS think_count FROM `newlist` [ RunTime:0.000266s ]
[2021-08-07T02:01:32+08:00][sql] SELECT `newlist_id`,`names`,`code`,`price`,`zt` FROM `newlist` ORDER BY `newlist_id` DESC LIMIT 0,20 [ RunTime:0.000275s ]
[2021-08-07T02:04:10+08:00][sql] CONNECT:[ UseTime:0.000341s ] mysql:host=127.0.0.1;port=3306;dbname=aa;charset=utf8
[2021-08-07T02:04:10+08:00][sql] SHOW FULL COLUMNS FROM `config` [ RunTime:0.001191s ]
[2021-08-07T02:04:10+08:00][sql] SELECT `name`,`data` FROM `config` [ RunTime:0.000290s ]
[2021-08-07T02:04:10+08:00][sql] SHOW FULL COLUMNS FROM `menu` [ RunTime:0.001156s ]
[2021-08-07T02:04:10+08:00][sql] SELECT * FROM `menu` WHERE  `status` = 1  AND `app_id` = 1  AND `pid` = 0 ORDER BY `sortid` ASC [ RunTime:0.000495s ]
[2021-08-07T02:04:10+08:00][sql] SELECT * FROM `menu` WHERE  `status` = 1  AND `app_id` = 1  AND `pid` = 778 ORDER BY `sortid` ASC [ RunTime:0.000445s ]
[2021-08-07T02:04:10+08:00][sql] SELECT * FROM `menu` WHERE  `status` = 1  AND `app_id` = 1  AND `pid` = 778 ORDER BY `sortid` ASC [ RunTime:0.000389s ]
[2021-08-07T02:04:10+08:00][sql] SELECT * FROM `menu` WHERE  `status` = 1  AND `app_id` = 1  AND `pid` = 779 ORDER BY `sortid` ASC [ RunTime:0.000408s ]
[2021-08-07T02:04:10+08:00][sql] SELECT * FROM `menu` WHERE  `status` = 1  AND `app_id` = 1  AND `pid` = 779 ORDER BY `sortid` ASC [ RunTime:0.000375s ]
[2021-08-07T02:04:10+08:00][sql] SELECT * FROM `menu` WHERE  `status` = 1  AND `app_id` = 1  AND `pid` = 780 ORDER BY `sortid` ASC [ RunTime:0.000402s ]
[2021-08-07T02:04:10+08:00][sql] SELECT * FROM `menu` WHERE  `status` = 1  AND `app_id` = 1  AND `pid` = 780 ORDER BY `sortid` ASC [ RunTime:0.000722s ]
[2021-08-07T02:04:10+08:00][sql] SELECT * FROM `menu` WHERE  `status` = 1  AND `app_id` = 1  AND `pid` = 12 ORDER BY `sortid` ASC [ RunTime:0.000449s ]
[2021-08-07T02:04:10+08:00][sql] SELECT * FROM `menu` WHERE  `status` = 1  AND `app_id` = 1  AND `pid` = 12 ORDER BY `sortid` ASC [ RunTime:0.000421s ]
[2021-08-07T02:04:10+08:00][sql] SELECT * FROM `menu` WHERE  `status` = 1  AND `app_id` = 1  AND `pid` = 17 ORDER BY `sortid` ASC [ RunTime:0.000391s ]
[2021-08-07T02:04:10+08:00][sql] SELECT * FROM `menu` WHERE  `status` = 1  AND `app_id` = 1  AND `pid` = 17 ORDER BY `sortid` ASC [ RunTime:0.000428s ]
[2021-08-07T02:04:10+08:00][sql] SELECT * FROM `menu` WHERE  `status` = 1  AND `app_id` = 1  AND `pid` = 80 ORDER BY `sortid` ASC [ RunTime:0.000388s ]
[2021-08-07T02:04:10+08:00][sql] SELECT * FROM `menu` WHERE  `status` = 1  AND `app_id` = 1  AND `pid` = 80 ORDER BY `sortid` ASC [ RunTime:0.000393s ]
[2021-08-07T02:04:10+08:00][sql] SELECT * FROM `menu` WHERE  `status` = 1  AND `app_id` = 1  AND `pid` = 21 ORDER BY `sortid` ASC [ RunTime:0.000408s ]
[2021-08-07T02:04:10+08:00][sql] SELECT * FROM `menu` WHERE  `status` = 1  AND `app_id` = 1  AND `pid` = 21 ORDER BY `sortid` ASC [ RunTime:0.000367s ]
[2021-08-07T02:04:10+08:00][sql] SELECT * FROM `menu` WHERE  `status` = 1  AND `app_id` = 1  AND `pid` = 18 ORDER BY `sortid` ASC [ RunTime:0.000391s ]
[2021-08-07T02:04:10+08:00][sql] SELECT * FROM `menu` WHERE  `status` = 1  AND `app_id` = 1  AND `pid` = 18 ORDER BY `sortid` ASC [ RunTime:0.000359s ]
[2021-08-07T02:04:10+08:00][sql] SELECT * FROM `menu` WHERE  `status` = 1  AND `app_id` = 1  AND `pid` = 19 ORDER BY `sortid` ASC [ RunTime:0.000392s ]
[2021-08-07T02:04:10+08:00][sql] SELECT * FROM `menu` WHERE  `status` = 1  AND `app_id` = 1  AND `pid` = 19 ORDER BY `sortid` ASC [ RunTime:0.000360s ]
[2021-08-07T02:04:10+08:00][sql] SELECT * FROM `menu` WHERE  `status` = 1  AND `app_id` = 1  AND `pid` = 41 ORDER BY `sortid` ASC [ RunTime:0.000387s ]
[2021-08-07T02:04:10+08:00][sql] SELECT * FROM `menu` WHERE  `status` = 1  AND `app_id` = 1  AND `pid` = 41 ORDER BY `sortid` ASC [ RunTime:0.000385s ]
[2021-08-07T02:04:10+08:00][sql] SELECT * FROM `menu` WHERE  `status` = 1  AND `app_id` = 1  AND `pid` = 670 ORDER BY `sortid` ASC [ RunTime:0.000403s ]
[2021-08-07T02:04:10+08:00][sql] SELECT * FROM `menu` WHERE  `status` = 1  AND `app_id` = 1  AND `pid` = 670 ORDER BY `sortid` ASC [ RunTime:0.001258s ]
[2021-08-07T02:04:10+08:00][sql] SELECT * FROM `menu` WHERE  `status` = 1  AND `app_id` = 1  AND `pid` = 673 ORDER BY `sortid` ASC [ RunTime:0.000468s ]
[2021-08-07T02:04:10+08:00][sql] SELECT * FROM `menu` WHERE  `status` = 1  AND `app_id` = 1  AND `pid` = 673 ORDER BY `sortid` ASC [ RunTime:0.000588s ]
[2021-08-07T02:11:28+08:00][sql] CONNECT:[ UseTime:0.000332s ] mysql:host=127.0.0.1;port=3306;dbname=aa;charset=utf8
[2021-08-07T02:11:28+08:00][sql] SHOW FULL COLUMNS FROM `config` [ RunTime:0.001091s ]
[2021-08-07T02:11:28+08:00][sql] SELECT `name`,`data` FROM `config` [ RunTime:0.000303s ]
[2021-08-07T02:11:28+08:00][sql] SHOW FULL COLUMNS FROM `admin_user` [ RunTime:0.000911s ]
[2021-08-07T02:11:28+08:00][sql] SELECT `a`.`user_id`,`a`.`name`,a.user as username,`a`.`status`,a.role_id as user_role_ids,`b`.`role_id`,b.name as role_name,b.status as role_status FROM `admin_user` `a` INNER JOIN `role` `b` ON a.role_id in(b.role_id) WHERE  `a`.`user` = 'admin'  AND `a`.`pwd` = 'b720cf94bcd2a6157043cac25209b9ab' LIMIT 1 [ RunTime:0.000376s ]
[2021-08-07T02:11:28+08:00][sql] SHOW FULL COLUMNS FROM `access` [ RunTime:0.000720s ]
[2021-08-07T02:11:28+08:00][sql] SELECT `id`,`purviewval` FROM `access` WHERE  `role_id` = 1 [ RunTime:0.001682s ]
[2021-08-07T02:11:28+08:00][sql] SHOW FULL COLUMNS FROM `log` [ RunTime:0.000825s ]
[2021-08-07T02:11:28+08:00][sql] INSERT INTO `log` SET `application_name` = 'admin' , `username` = 'admin' , `url` = 'http://xght.dxcfd.com/admin/Login/index.html' , `ip` = '1.116.231.45' , `useragent` = 'Mozilla/5.0 (Windows NT 10.0; WOW64) AppleWebKit/537.36 (KHTML, like Gecko) Chrome/86.0.4240.198 Safari/537.36' , `create_time` = 1628273488 , `type` = 1 [ RunTime:0.042312s ]
[2021-08-07T02:11:28+08:00][sql] CONNECT:[ UseTime:0.000374s ] mysql:host=127.0.0.1;port=3306;dbname=aa;charset=utf8
[2021-08-07T02:11:28+08:00][sql] SHOW FULL COLUMNS FROM `menu` [ RunTime:0.001345s ]
[2021-08-07T02:11:28+08:00][sql] SELECT * FROM `menu` WHERE  `status` = 1  AND `app_id` = 1  AND `pid` = 0 ORDER BY `sortid` ASC [ RunTime:0.000504s ]
[2021-08-07T02:11:28+08:00][sql] SELECT * FROM `menu` WHERE  `status` = 1  AND `app_id` = 1  AND `pid` = 778 ORDER BY `sortid` ASC [ RunTime:0.000581s ]
[2021-08-07T02:11:28+08:00][sql] SELECT * FROM `menu` WHERE  `status` = 1  AND `app_id` = 1  AND `pid` = 778 ORDER BY `sortid` ASC [ RunTime:0.000409s ]
[2021-08-07T02:11:28+08:00][sql] SELECT * FROM `menu` WHERE  `status` = 1  AND `app_id` = 1  AND `pid` = 779 ORDER BY `sortid` ASC [ RunTime:0.000440s ]
[2021-08-07T02:11:28+08:00][sql] SELECT * FROM `menu` WHERE  `status` = 1  AND `app_id` = 1  AND `pid` = 779 ORDER BY `sortid` ASC [ RunTime:0.000437s ]
[2021-08-07T02:11:28+08:00][sql] SELECT * FROM `menu` WHERE  `status` = 1  AND `app_id` = 1  AND `pid` = 780 ORDER BY `sortid` ASC [ RunTime:0.000394s ]
[2021-08-07T02:11:28+08:00][sql] SELECT * FROM `menu` WHERE  `status` = 1  AND `app_id` = 1  AND `pid` = 780 ORDER BY `sortid` ASC [ RunTime:0.000418s ]
[2021-08-07T02:11:28+08:00][sql] SELECT * FROM `menu` WHERE  `status` = 1  AND `app_id` = 1  AND `pid` = 12 ORDER BY `sortid` ASC [ RunTime:0.000431s ]
[2021-08-07T02:11:28+08:00][sql] SELECT * FROM `menu` WHERE  `status` = 1  AND `app_id` = 1  AND `pid` = 12 ORDER BY `sortid` ASC [ RunTime:0.000530s ]
[2021-08-07T02:11:28+08:00][sql] SELECT * FROM `menu` WHERE  `status` = 1  AND `app_id` = 1  AND `pid` = 17 ORDER BY `sortid` ASC [ RunTime:0.000500s ]
[2021-08-07T02:11:28+08:00][sql] SELECT * FROM `menu` WHERE  `status` = 1  AND `app_id` = 1  AND `pid` = 17 ORDER BY `sortid` ASC [ RunTime:0.000416s ]
[2021-08-07T02:11:28+08:00][sql] SELECT * FROM `menu` WHERE  `status` = 1  AND `app_id` = 1  AND `pid` = 80 ORDER BY `sortid` ASC [ RunTime:0.000403s ]
[2021-08-07T02:11:28+08:00][sql] SELECT * FROM `menu` WHERE  `status` = 1  AND `app_id` = 1  AND `pid` = 80 ORDER BY `sortid` ASC [ RunTime:0.000427s ]
[2021-08-07T02:11:28+08:00][sql] SELECT * FROM `menu` WHERE  `status` = 1  AND `app_id` = 1  AND `pid` = 21 ORDER BY `sortid` ASC [ RunTime:0.000433s ]
[2021-08-07T02:11:28+08:00][sql] SELECT * FROM `menu` WHERE  `status` = 1  AND `app_id` = 1  AND `pid` = 21 ORDER BY `sortid` ASC [ RunTime:0.000367s ]
[2021-08-07T02:11:28+08:00][sql] SELECT * FROM `menu` WHERE  `status` = 1  AND `app_id` = 1  AND `pid` = 18 ORDER BY `sortid` ASC [ RunTime:0.000435s ]
[2021-08-07T02:11:28+08:00][sql] SELECT * FROM `menu` WHERE  `status` = 1  AND `app_id` = 1  AND `pid` = 18 ORDER BY `sortid` ASC [ RunTime:0.000395s ]
[2021-08-07T02:11:28+08:00][sql] SELECT * FROM `menu` WHERE  `status` = 1  AND `app_id` = 1  AND `pid` = 19 ORDER BY `sortid` ASC [ RunTime:0.000404s ]
[2021-08-07T02:11:28+08:00][sql] SELECT * FROM `menu` WHERE  `status` = 1  AND `app_id` = 1  AND `pid` = 19 ORDER BY `sortid` ASC [ RunTime:0.000438s ]
[2021-08-07T02:11:28+08:00][sql] SELECT * FROM `menu` WHERE  `status` = 1  AND `app_id` = 1  AND `pid` = 41 ORDER BY `sortid` ASC [ RunTime:0.000435s ]
[2021-08-07T02:11:28+08:00][sql] SELECT * FROM `menu` WHERE  `status` = 1  AND `app_id` = 1  AND `pid` = 41 ORDER BY `sortid` ASC [ RunTime:0.000432s ]
[2021-08-07T02:11:28+08:00][sql] SELECT * FROM `menu` WHERE  `status` = 1  AND `app_id` = 1  AND `pid` = 670 ORDER BY `sortid` ASC [ RunTime:0.000382s ]
[2021-08-07T02:11:28+08:00][sql] SELECT * FROM `menu` WHERE  `status` = 1  AND `app_id` = 1  AND `pid` = 670 ORDER BY `sortid` ASC [ RunTime:0.000440s ]
[2021-08-07T02:11:28+08:00][sql] SELECT * FROM `menu` WHERE  `status` = 1  AND `app_id` = 1  AND `pid` = 673 ORDER BY `sortid` ASC [ RunTime:0.000430s ]
[2021-08-07T02:11:28+08:00][sql] SELECT * FROM `menu` WHERE  `status` = 1  AND `app_id` = 1  AND `pid` = 673 ORDER BY `sortid` ASC [ RunTime:0.000447s ]
[2021-08-07T02:11:31+08:00][sql] CONNECT:[ UseTime:0.000546s ] mysql:host=127.0.0.1;port=3306;dbname=aa;charset=utf8
[2021-08-07T02:11:31+08:00][sql] SHOW FULL COLUMNS FROM `lists` [ RunTime:0.001503s ]
[2021-08-07T02:11:31+08:00][sql] SELECT COUNT(*) AS think_count FROM `lists` [ RunTime:0.000345s ]
[2021-08-07T02:11:31+08:00][sql] SELECT `lists_id`,`agent`,`zname`,`phone`,`xgname`,`codes`,`nums`,`bzj`,`zts`,`mrsj` FROM `lists` ORDER BY `lists_id` DESC LIMIT 0,20 [ RunTime:0.000306s ]
[2021-08-07T02:11:34+08:00][sql] CONNECT:[ UseTime:0.000365s ] mysql:host=127.0.0.1;port=3306;dbname=aa;charset=utf8
[2021-08-07T02:11:34+08:00][sql] SHOW FULL COLUMNS FROM `config` [ RunTime:0.001295s ]
[2021-08-07T02:11:34+08:00][sql] SELECT `name`,`data` FROM `config` [ RunTime:0.000283s ]
[2021-08-07T02:12:07+08:00][sql] CONNECT:[ UseTime:0.002647s ] mysql:host=127.0.0.1;port=3306;dbname=aa;charset=utf8
[2021-08-07T02:12:07+08:00][sql] SHOW FULL COLUMNS FROM `log` [ RunTime:0.000954s ]
[2021-08-07T02:12:07+08:00][sql] INSERT INTO `log` SET `application_name` = 'admin' , `username` = 'admin' , `url` = 'http://xght.dxcfd.com/admin/Base/config' , `ip` = '1.116.231.45' , `useragent` = 'Mozilla/5.0 (Windows NT 10.0; WOW64) AppleWebKit/537.36 (KHTML, like Gecko) Chrome/86.0.4240.198 Safari/537.36' , `content` = '{\"water_status\":\"0\",\"site_title\":\"\\u8587\\u96c5\\u7f51\\u7edcTg\\u98de\\u673a\\uff1a@weiyawangluo\",\"site_logo\":\"\\/uploads\\/admin\\/202107\\/60ff79ec70000.png\",\"keyword\":\"\\uff1a\\u8587\\u96c5\\u7f51\\u7edc\\uff1a@weiyawangluo\",\"description\":\"\\u6f14\\u793a\\u7f51\\u7ad9\\u7531\\u201c\\u8587\\u96c5\\u7f51\\u7edc\\u5f00\\u53d1\\u201d\\u9700\\u8981\\u642d\\u5efa\\u8054\\u7cfb\\u98de\\u673a\\uff1a@weiyawangluo\\n\\u540c\\u884c\\u624b\\u4e0b\\u7559\\u60c5\",\"file_size\":\"100\",\"file_type\":\"gif,png,jpg,jpeg,doc,docx,xls,xlsx,csv,pdf,rar,zip,txt,mp4,flv.php\",\"copyright\":\"\\u8587\\u96c5\\u7f51\\u7edcTg\\uff1a@weiyawangluo\",\"water_position\":\"9\",\"water_logo\":\"\",\"domain\":\"\"}' , `create_time` = 1628273527 , `type` = 2 [ RunTime:0.011739s ]
[2021-08-07T02:12:07+08:00][sql] SHOW FULL COLUMNS FROM `config` [ RunTime:0.000964s ]
[2021-08-07T02:12:07+08:00][sql] SELECT `name`,`data` FROM `config` [ RunTime:0.000282s ]
[2021-08-07T02:12:07+08:00][sql] UPDATE `config`  SET `data` = '0'  WHERE  `name` = 'water_status' [ RunTime:0.010608s ]
[2021-08-07T02:12:07+08:00][sql] UPDATE `config`  SET `data` = '薇雅网络Tg飞机：@weiyawangluo'  WHERE  `name` = 'site_title' [ RunTime:0.005321s ]
[2021-08-07T02:12:07+08:00][sql] UPDATE `config`  SET `data` = '/uploads/admin/202107/60ff79ec70000.png'  WHERE  `name` = 'site_logo' [ RunTime:0.003813s ]
[2021-08-07T02:12:07+08:00][sql] UPDATE `config`  SET `data` = '：薇雅网络：@weiyawangluo'  WHERE  `name` = 'keyword' [ RunTime:0.003073s ]
[2021-08-07T02:12:07+08:00][sql] UPDATE `config`  SET `data` = '演示网站由“薇雅网络开发”需要搭建联系飞机：@weiyawangluo
同行手下留情'  WHERE  `name` = 'description' [ RunTime:0.003286s ]
[2021-08-07T02:12:07+08:00][sql] UPDATE `config`  SET `data` = '100'  WHERE  `name` = 'file_size' [ RunTime:0.003795s ]
[2021-08-07T02:12:07+08:00][sql] UPDATE `config`  SET `data` = 'gif,png,jpg,jpeg,doc,docx,xls,xlsx,csv,pdf,rar,zip,txt,mp4,flv.php'  WHERE  `name` = 'file_type' [ RunTime:0.005422s ]
[2021-08-07T02:12:07+08:00][sql] UPDATE `config`  SET `data` = '薇雅网络Tg：@weiyawangluo'  WHERE  `name` = 'copyright' [ RunTime:0.003815s ]
[2021-08-07T02:12:07+08:00][sql] UPDATE `config`  SET `data` = '9'  WHERE  `name` = 'water_position' [ RunTime:0.003739s ]
[2021-08-07T02:12:07+08:00][sql] UPDATE `config`  SET `data` = ''  WHERE  `name` = 'water_logo' [ RunTime:0.003290s ]
[2021-08-07T02:12:07+08:00][sql] UPDATE `config`  SET `data` = ''  WHERE  `name` = 'domain' [ RunTime:0.004028s ]
[2021-08-07T02:12:12+08:00][sql] CONNECT:[ UseTime:0.001133s ] mysql:host=127.0.0.1;port=3306;dbname=aa;charset=utf8
[2021-08-07T02:12:12+08:00][sql] SHOW FULL COLUMNS FROM `newlist` [ RunTime:0.001337s ]
[2021-08-07T02:12:12+08:00][sql] SELECT COUNT(*) AS think_count FROM `newlist` [ RunTime:0.000291s ]
[2021-08-07T02:12:12+08:00][sql] SELECT `newlist_id`,`names`,`code`,`price`,`zt` FROM `newlist` ORDER BY `newlist_id` DESC LIMIT 0,20 [ RunTime:0.000293s ]
[2021-08-07T13:25:43+08:00][sql] CONNECT:[ UseTime:0.000454s ] mysql:host=127.0.0.1;port=3306;dbname=aa;charset=utf8
[2021-08-07T13:25:43+08:00][sql] SHOW FULL COLUMNS FROM `config` [ RunTime:0.001298s ]
[2021-08-07T13:25:43+08:00][sql] SELECT `name`,`data` FROM `config` [ RunTime:0.000392s ]
[2021-08-07T18:11:32+08:00][sql] CONNECT:[ UseTime:0.000388s ] mysql:host=127.0.0.1;port=3306;dbname=aa;charset=utf8
[2021-08-07T18:11:32+08:00][sql] SHOW FULL COLUMNS FROM `config` [ RunTime:0.000883s ]
[2021-08-07T18:11:32+08:00][sql] SELECT `name`,`data` FROM `config` [ RunTime:0.000284s ]
