[2021-08-08T01:09:07+08:00][sql] CONNECT:[ UseTime:0.000321s ] mysql:host=127.0.0.1;port=3306;dbname=aa;charset=utf8
[2021-08-08T01:09:07+08:00][sql] SHOW FULL COLUMNS FROM `config` [ RunTime:0.001384s ]
[2021-08-08T01:09:07+08:00][sql] SELECT `name`,`data` FROM `config` [ RunTime:0.000666s ]
[2021-08-08T01:09:36+08:00][sql] CONNECT:[ UseTime:0.000544s ] mysql:host=127.0.0.1;port=3306;dbname=aa;charset=utf8
[2021-08-08T01:09:36+08:00][sql] SHOW FULL COLUMNS FROM `admin_user` [ RunTime:0.001206s ]
[2021-08-08T01:09:36+08:00][sql] SELECT `a`.`user_id`,`a`.`name`,a.user as username,`a`.`status`,a.role_id as user_role_ids,`b`.`role_id`,b.name as role_name,b.status as role_status FROM `admin_user` `a` INNER JOIN `role` `b` ON a.role_id in(b.role_id) WHERE  `a`.`user` = 'admin'  AND `a`.`pwd` = 'b720cf94bcd2a6157043cac25209b9ab' LIMIT 1 [ RunTime:0.002119s ]
[2021-08-08T01:09:36+08:00][sql] SHOW FULL COLUMNS FROM `access` [ RunTime:0.000865s ]
[2021-08-08T01:09:36+08:00][sql] SELECT `id`,`purviewval` FROM `access` WHERE  `role_id` = 1 [ RunTime:0.001883s ]
[2021-08-08T01:09:36+08:00][sql] SHOW FULL COLUMNS FROM `log` [ RunTime:0.001149s ]
[2021-08-08T01:09:36+08:00][sql] INSERT INTO `log` SET `application_name` = 'admin' , `username` = 'admin' , `url` = 'http://xght.dxcfd.com/admin/Login/index.html' , `ip` = '182.125.96.69' , `useragent` = 'Mozilla/5.0 (Windows NT 10.0; WOW64) AppleWebKit/537.36 (KHTML, like Gecko) Chrome/86.0.4240.198 Safari/537.36' , `create_time` = 1628356176 , `type` = 1 [ RunTime:0.003722s ]
[2021-08-08T01:09:36+08:00][sql] CONNECT:[ UseTime:0.000646s ] mysql:host=127.0.0.1;port=3306;dbname=aa;charset=utf8
[2021-08-08T01:09:36+08:00][sql] SHOW FULL COLUMNS FROM `menu` [ RunTime:0.001366s ]
[2021-08-08T01:09:36+08:00][sql] SELECT * FROM `menu` WHERE  `status` = 1  AND `app_id` = 1  AND `pid` = 0 ORDER BY `sortid` ASC [ RunTime:0.006035s ]
[2021-08-08T01:09:36+08:00][sql] SELECT * FROM `menu` WHERE  `status` = 1  AND `app_id` = 1  AND `pid` = 778 ORDER BY `sortid` ASC [ RunTime:0.000458s ]
[2021-08-08T01:09:36+08:00][sql] SELECT * FROM `menu` WHERE  `status` = 1  AND `app_id` = 1  AND `pid` = 778 ORDER BY `sortid` ASC [ RunTime:0.000384s ]
[2021-08-08T01:09:36+08:00][sql] SELECT * FROM `menu` WHERE  `status` = 1  AND `app_id` = 1  AND `pid` = 779 ORDER BY `sortid` ASC [ RunTime:0.000691s ]
[2021-08-08T01:09:36+08:00][sql] SELECT * FROM `menu` WHERE  `status` = 1  AND `app_id` = 1  AND `pid` = 779 ORDER BY `sortid` ASC [ RunTime:0.000432s ]
[2021-08-08T01:09:36+08:00][sql] SELECT * FROM `menu` WHERE  `status` = 1  AND `app_id` = 1  AND `pid` = 780 ORDER BY `sortid` ASC [ RunTime:0.000608s ]
[2021-08-08T01:09:36+08:00][sql] SELECT * FROM `menu` WHERE  `status` = 1  AND `app_id` = 1  AND `pid` = 780 ORDER BY `sortid` ASC [ RunTime:0.000375s ]
[2021-08-08T01:09:36+08:00][sql] SELECT * FROM `menu` WHERE  `status` = 1  AND `app_id` = 1  AND `pid` = 12 ORDER BY `sortid` ASC [ RunTime:0.000436s ]
[2021-08-08T01:09:36+08:00][sql] SELECT * FROM `menu` WHERE  `status` = 1  AND `app_id` = 1  AND `pid` = 12 ORDER BY `sortid` ASC [ RunTime:0.000453s ]
[2021-08-08T01:09:36+08:00][sql] SELECT * FROM `menu` WHERE  `status` = 1  AND `app_id` = 1  AND `pid` = 17 ORDER BY `sortid` ASC [ RunTime:0.000396s ]
[2021-08-08T01:09:36+08:00][sql] SELECT * FROM `menu` WHERE  `status` = 1  AND `app_id` = 1  AND `pid` = 17 ORDER BY `sortid` ASC [ RunTime:0.000388s ]
[2021-08-08T01:09:36+08:00][sql] SELECT * FROM `menu` WHERE  `status` = 1  AND `app_id` = 1  AND `pid` = 80 ORDER BY `sortid` ASC [ RunTime:0.000365s ]
[2021-08-08T01:09:36+08:00][sql] SELECT * FROM `menu` WHERE  `status` = 1  AND `app_id` = 1  AND `pid` = 80 ORDER BY `sortid` ASC [ RunTime:0.000393s ]
[2021-08-08T01:09:36+08:00][sql] SELECT * FROM `menu` WHERE  `status` = 1  AND `app_id` = 1  AND `pid` = 21 ORDER BY `sortid` ASC [ RunTime:0.000364s ]
[2021-08-08T01:09:36+08:00][sql] SELECT * FROM `menu` WHERE  `status` = 1  AND `app_id` = 1  AND `pid` = 21 ORDER BY `sortid` ASC [ RunTime:0.000377s ]
[2021-08-08T01:09:36+08:00][sql] SELECT * FROM `menu` WHERE  `status` = 1  AND `app_id` = 1  AND `pid` = 18 ORDER BY `sortid` ASC [ RunTime:0.000390s ]
[2021-08-08T01:09:36+08:00][sql] SELECT * FROM `menu` WHERE  `status` = 1  AND `app_id` = 1  AND `pid` = 18 ORDER BY `sortid` ASC [ RunTime:0.000376s ]
[2021-08-08T01:09:36+08:00][sql] SELECT * FROM `menu` WHERE  `status` = 1  AND `app_id` = 1  AND `pid` = 19 ORDER BY `sortid` ASC [ RunTime:0.000516s ]
[2021-08-08T01:09:36+08:00][sql] SELECT * FROM `menu` WHERE  `status` = 1  AND `app_id` = 1  AND `pid` = 19 ORDER BY `sortid` ASC [ RunTime:0.000380s ]
[2021-08-08T01:09:36+08:00][sql] SELECT * FROM `menu` WHERE  `status` = 1  AND `app_id` = 1  AND `pid` = 41 ORDER BY `sortid` ASC [ RunTime:0.000371s ]
[2021-08-08T01:09:36+08:00][sql] SELECT * FROM `menu` WHERE  `status` = 1  AND `app_id` = 1  AND `pid` = 41 ORDER BY `sortid` ASC [ RunTime:0.000375s ]
[2021-08-08T01:09:36+08:00][sql] SELECT * FROM `menu` WHERE  `status` = 1  AND `app_id` = 1  AND `pid` = 670 ORDER BY `sortid` ASC [ RunTime:0.000389s ]
[2021-08-08T01:09:36+08:00][sql] SELECT * FROM `menu` WHERE  `status` = 1  AND `app_id` = 1  AND `pid` = 670 ORDER BY `sortid` ASC [ RunTime:0.000392s ]
[2021-08-08T01:09:36+08:00][sql] SELECT * FROM `menu` WHERE  `status` = 1  AND `app_id` = 1  AND `pid` = 673 ORDER BY `sortid` ASC [ RunTime:0.000370s ]
[2021-08-08T01:09:36+08:00][sql] SELECT * FROM `menu` WHERE  `status` = 1  AND `app_id` = 1  AND `pid` = 673 ORDER BY `sortid` ASC [ RunTime:0.000374s ]
[2021-08-08T01:09:39+08:00][sql] CONNECT:[ UseTime:0.000470s ] mysql:host=127.0.0.1;port=3306;dbname=aa;charset=utf8
[2021-08-08T01:09:39+08:00][sql] SHOW FULL COLUMNS FROM `newlist` [ RunTime:0.001140s ]
[2021-08-08T01:09:39+08:00][sql] SELECT COUNT(*) AS think_count FROM `newlist` [ RunTime:0.000269s ]
[2021-08-08T01:09:39+08:00][sql] SELECT `newlist_id`,`names`,`code`,`price`,`zt` FROM `newlist` ORDER BY `newlist_id` DESC LIMIT 0,20 [ RunTime:0.000252s ]
[2021-08-08T01:09:42+08:00][sql] CONNECT:[ UseTime:0.000386s ] mysql:host=127.0.0.1;port=3306;dbname=aa;charset=utf8
[2021-08-08T01:09:42+08:00][sql] SHOW FULL COLUMNS FROM `upload_config` [ RunTime:0.000879s ]
[2021-08-08T01:09:42+08:00][sql] SELECT COUNT(*) AS think_count FROM `upload_config` [ RunTime:0.002308s ]
[2021-08-08T01:09:42+08:00][sql] SELECT `id`,`title`,`thumb_status`,`upload_replace`,`thumb_width`,`thumb_height`,`thumb_type` FROM `upload_config` ORDER BY `id` DESC LIMIT 0,20 [ RunTime:0.000271s ]
[2021-08-08T01:09:44+08:00][sql] CONNECT:[ UseTime:0.000408s ] mysql:host=127.0.0.1;port=3306;dbname=aa;charset=utf8
[2021-08-08T01:09:44+08:00][sql] SHOW FULL COLUMNS FROM `upload_config` [ RunTime:0.001261s ]
[2021-08-08T01:09:44+08:00][sql] SELECT * FROM `upload_config` WHERE  `id` = 1 LIMIT 1 [ RunTime:0.000394s ]
[2021-08-08T01:09:48+08:00][sql] CONNECT:[ UseTime:0.000444s ] mysql:host=127.0.0.1;port=3306;dbname=aa;charset=utf8
[2021-08-08T01:09:48+08:00][sql] SHOW FULL COLUMNS FROM `config` [ RunTime:0.001445s ]
[2021-08-08T01:09:48+08:00][sql] SELECT `name`,`data` FROM `config` [ RunTime:0.000403s ]
