[2021-08-11T00:38:22+08:00][sql] CONNECT:[ UseTime:0.001983s ] mysql:host=127.0.0.1;port=3306;dbname=aa;charset=utf8
[2021-08-11T00:38:22+08:00][sql] SHOW FULL COLUMNS FROM `config` [ RunTime:0.001086s ]
[2021-08-11T00:38:22+08:00][sql] SELECT `name`,`data` FROM `config` [ RunTime:0.002056s ]
[2021-08-11T00:38:32+08:00][sql] CONNECT:[ UseTime:0.000432s ] mysql:host=127.0.0.1;port=3306;dbname=aa;charset=utf8
[2021-08-11T00:38:32+08:00][sql] SHOW FULL COLUMNS FROM `admin_user` [ RunTime:0.001186s ]
[2021-08-11T00:38:32+08:00][sql] SELECT `a`.`user_id`,`a`.`name`,a.user as username,`a`.`status`,a.role_id as user_role_ids,`b`.`role_id`,b.name as role_name,b.status as role_status FROM `admin_user` `a` INNER JOIN `role` `b` ON a.role_id in(b.role_id) WHERE  `a`.`user` = 'admin'  AND `a`.`pwd` = 'b720cf94bcd2a6157043cac25209b9ab' LIMIT 1 [ RunTime:0.001826s ]
[2021-08-11T00:38:32+08:00][sql] SHOW FULL COLUMNS FROM `access` [ RunTime:0.001040s ]
[2021-08-11T00:38:32+08:00][sql] SELECT `id`,`purviewval` FROM `access` WHERE  `role_id` = 1 [ RunTime:0.000987s ]
[2021-08-11T00:38:32+08:00][sql] SHOW FULL COLUMNS FROM `log` [ RunTime:0.001111s ]
[2021-08-11T00:38:32+08:00][sql] INSERT INTO `log` SET `application_name` = 'admin' , `username` = 'admin' , `url` = 'http://xght.dxcfd.com/admin/Login/index.html' , `ip` = '120.229.243.109' , `useragent` = 'Mozilla/5.0 (Windows NT 10.0; Win64; x64) AppleWebKit/537.36 (KHTML, like Gecko) Chrome/92.0.4515.131 Safari/537.36' , `create_time` = 1628613512 , `type` = 1 [ RunTime:0.008699s ]
[2021-08-11T00:38:32+08:00][sql] CONNECT:[ UseTime:0.001201s ] mysql:host=127.0.0.1;port=3306;dbname=aa;charset=utf8
[2021-08-11T00:38:32+08:00][sql] SHOW FULL COLUMNS FROM `menu` [ RunTime:0.001046s ]
[2021-08-11T00:38:32+08:00][sql] SELECT * FROM `menu` WHERE  `status` = 1  AND `app_id` = 1  AND `pid` = 0 ORDER BY `sortid` ASC [ RunTime:0.001387s ]
[2021-08-11T00:38:32+08:00][sql] SELECT * FROM `menu` WHERE  `status` = 1  AND `app_id` = 1  AND `pid` = 778 ORDER BY `sortid` ASC [ RunTime:0.000521s ]
[2021-08-11T00:38:32+08:00][sql] SELECT * FROM `menu` WHERE  `status` = 1  AND `app_id` = 1  AND `pid` = 778 ORDER BY `sortid` ASC [ RunTime:0.000447s ]
[2021-08-11T00:38:32+08:00][sql] SELECT * FROM `menu` WHERE  `status` = 1  AND `app_id` = 1  AND `pid` = 779 ORDER BY `sortid` ASC [ RunTime:0.000756s ]
[2021-08-11T00:38:32+08:00][sql] SELECT * FROM `menu` WHERE  `status` = 1  AND `app_id` = 1  AND `pid` = 779 ORDER BY `sortid` ASC [ RunTime:0.000430s ]
[2021-08-11T00:38:32+08:00][sql] SELECT * FROM `menu` WHERE  `status` = 1  AND `app_id` = 1  AND `pid` = 780 ORDER BY `sortid` ASC [ RunTime:0.000389s ]
[2021-08-11T00:38:32+08:00][sql] SELECT * FROM `menu` WHERE  `status` = 1  AND `app_id` = 1  AND `pid` = 780 ORDER BY `sortid` ASC [ RunTime:0.000414s ]
[2021-08-11T00:38:32+08:00][sql] SELECT * FROM `menu` WHERE  `status` = 1  AND `app_id` = 1  AND `pid` = 12 ORDER BY `sortid` ASC [ RunTime:0.000479s ]
[2021-08-11T00:38:32+08:00][sql] SELECT * FROM `menu` WHERE  `status` = 1  AND `app_id` = 1  AND `pid` = 12 ORDER BY `sortid` ASC [ RunTime:0.000476s ]
[2021-08-11T00:38:32+08:00][sql] SELECT * FROM `menu` WHERE  `status` = 1  AND `app_id` = 1  AND `pid` = 17 ORDER BY `sortid` ASC [ RunTime:0.000509s ]
[2021-08-11T00:38:32+08:00][sql] SELECT * FROM `menu` WHERE  `status` = 1  AND `app_id` = 1  AND `pid` = 17 ORDER BY `sortid` ASC [ RunTime:0.000402s ]
[2021-08-11T00:38:32+08:00][sql] SELECT * FROM `menu` WHERE  `status` = 1  AND `app_id` = 1  AND `pid` = 80 ORDER BY `sortid` ASC [ RunTime:0.000495s ]
[2021-08-11T00:38:32+08:00][sql] SELECT * FROM `menu` WHERE  `status` = 1  AND `app_id` = 1  AND `pid` = 80 ORDER BY `sortid` ASC [ RunTime:0.000441s ]
[2021-08-11T00:38:32+08:00][sql] SELECT * FROM `menu` WHERE  `status` = 1  AND `app_id` = 1  AND `pid` = 21 ORDER BY `sortid` ASC [ RunTime:0.000415s ]
[2021-08-11T00:38:32+08:00][sql] SELECT * FROM `menu` WHERE  `status` = 1  AND `app_id` = 1  AND `pid` = 21 ORDER BY `sortid` ASC [ RunTime:0.000492s ]
[2021-08-11T00:38:32+08:00][sql] SELECT * FROM `menu` WHERE  `status` = 1  AND `app_id` = 1  AND `pid` = 18 ORDER BY `sortid` ASC [ RunTime:0.000461s ]
[2021-08-11T00:38:32+08:00][sql] SELECT * FROM `menu` WHERE  `status` = 1  AND `app_id` = 1  AND `pid` = 18 ORDER BY `sortid` ASC [ RunTime:0.000380s ]
[2021-08-11T00:38:32+08:00][sql] SELECT * FROM `menu` WHERE  `status` = 1  AND `app_id` = 1  AND `pid` = 19 ORDER BY `sortid` ASC [ RunTime:0.000380s ]
[2021-08-11T00:38:32+08:00][sql] SELECT * FROM `menu` WHERE  `status` = 1  AND `app_id` = 1  AND `pid` = 19 ORDER BY `sortid` ASC [ RunTime:0.000419s ]
[2021-08-11T00:38:32+08:00][sql] SELECT * FROM `menu` WHERE  `status` = 1  AND `app_id` = 1  AND `pid` = 41 ORDER BY `sortid` ASC [ RunTime:0.000467s ]
[2021-08-11T00:38:32+08:00][sql] SELECT * FROM `menu` WHERE  `status` = 1  AND `app_id` = 1  AND `pid` = 41 ORDER BY `sortid` ASC [ RunTime:0.000456s ]
[2021-08-11T00:38:32+08:00][sql] SELECT * FROM `menu` WHERE  `status` = 1  AND `app_id` = 1  AND `pid` = 670 ORDER BY `sortid` ASC [ RunTime:0.000414s ]
[2021-08-11T00:38:32+08:00][sql] SELECT * FROM `menu` WHERE  `status` = 1  AND `app_id` = 1  AND `pid` = 670 ORDER BY `sortid` ASC [ RunTime:0.000436s ]
[2021-08-11T00:38:32+08:00][sql] SELECT * FROM `menu` WHERE  `status` = 1  AND `app_id` = 1  AND `pid` = 673 ORDER BY `sortid` ASC [ RunTime:0.000441s ]
[2021-08-11T00:38:32+08:00][sql] SELECT * FROM `menu` WHERE  `status` = 1  AND `app_id` = 1  AND `pid` = 673 ORDER BY `sortid` ASC [ RunTime:0.000393s ]
[2021-08-11T00:38:35+08:00][sql] CONNECT:[ UseTime:0.000492s ] mysql:host=127.0.0.1;port=3306;dbname=aa;charset=utf8
[2021-08-11T00:38:35+08:00][sql] SHOW FULL COLUMNS FROM `newlist` [ RunTime:0.001038s ]
[2021-08-11T00:38:35+08:00][sql] SELECT COUNT(*) AS think_count FROM `newlist` [ RunTime:0.000601s ]
[2021-08-11T00:38:35+08:00][sql] SELECT `newlist_id`,`names`,`code`,`price`,`zt` FROM `newlist` ORDER BY `newlist_id` DESC LIMIT 0,20 [ RunTime:0.000344s ]
[2021-08-11T00:38:40+08:00][sql] CONNECT:[ UseTime:0.000429s ] mysql:host=127.0.0.1;port=3306;dbname=aa;charset=utf8
[2021-08-11T00:38:40+08:00][sql] select role_id,name,pid from role [ RunTime:0.000365s ]
[2021-08-11T00:38:41+08:00][sql] CONNECT:[ UseTime:0.000795s ] mysql:host=127.0.0.1;port=3306;dbname=aa;charset=utf8
[2021-08-11T00:38:41+08:00][sql] select a.*,group_concat(b.name) as role_name from admin_user as a left join role as b on find_in_set(b.role_id,a.role_id)  group by a.user_id order by user_id desc limit 0,20 [ RunTime:0.001165s ]
[2021-08-11T00:38:41+08:00][sql] select count(*) as count from (select a.*,group_concat(b.name) as role_name from admin_user as a left join role as b on find_in_set(b.role_id,a.role_id)  group by a.user_id) as tp [ RunTime:0.001249s ]
[2021-08-11T00:38:43+08:00][sql] CONNECT:[ UseTime:0.000502s ] mysql:host=127.0.0.1;port=3306;dbname=aa;charset=utf8
[2021-08-11T00:38:43+08:00][sql] SHOW FULL COLUMNS FROM `role` [ RunTime:0.001396s ]
[2021-08-11T00:38:43+08:00][sql] SELECT COUNT(*) AS think_count FROM `role` [ RunTime:0.000562s ]
[2021-08-11T00:38:43+08:00][sql] SELECT * FROM `role` ORDER BY `role_id` DESC LIMIT 0,20 [ RunTime:0.000503s ]
[2021-08-11T00:38:44+08:00][sql] CONNECT:[ UseTime:0.000596s ] mysql:host=127.0.0.1;port=3306;dbname=aa;charset=utf8
[2021-08-11T00:38:44+08:00][sql] show tables [ RunTime:0.001999s ]
[2021-08-11T00:38:44+08:00][sql] SHOW FULL COLUMNS FROM `application` [ RunTime:0.001119s ]
[2021-08-11T00:38:44+08:00][sql] SELECT * FROM `application` WHERE  `app_id` = 1 LIMIT 1 [ RunTime:0.001124s ]
[2021-08-11T00:38:44+08:00][sql] SELECT * FROM `application` WHERE  ( 1=1 ) [ RunTime:0.000294s ]
[2021-08-11T00:38:44+08:00][sql] SELECT * FROM `application` WHERE  ( 1=1 ) [ RunTime:0.000356s ]
[2021-08-11T00:38:44+08:00][sql] CONNECT:[ UseTime:0.000511s ] mysql:host=127.0.0.1;port=3306;dbname=aa;charset=utf8
[2021-08-11T00:38:44+08:00][sql] SHOW FULL COLUMNS FROM `menu` [ RunTime:0.001266s ]
[2021-08-11T00:38:44+08:00][sql] SELECT * FROM `menu` WHERE  `app_id` = 1 ORDER BY `sortid` ASC [ RunTime:0.000569s ]
[2021-08-11T00:38:44+08:00][sql] SELECT COUNT(*) AS think_count FROM `menu` WHERE  `app_id` = 1 ORDER BY `sortid` ASC [ RunTime:0.002212s ]
[2021-08-11T00:38:46+08:00][sql] CONNECT:[ UseTime:0.000677s ] mysql:host=127.0.0.1;port=3306;dbname=aa;charset=utf8
[2021-08-11T00:38:46+08:00][sql] SHOW FULL COLUMNS FROM `application` [ RunTime:0.006756s ]
[2021-08-11T00:38:46+08:00][sql] SELECT * FROM `application` ORDER BY `app_id` DESC [ RunTime:0.001276s ]
[2021-08-11T00:38:46+08:00][sql] SELECT COUNT(*) AS think_count FROM `application` [ RunTime:0.000421s ]
[2021-08-11T00:38:49+08:00][sql] CONNECT:[ UseTime:0.000345s ] mysql:host=127.0.0.1;port=3306;dbname=aa;charset=utf8
[2021-08-11T00:38:49+08:00][sql] SHOW FULL COLUMNS FROM `config` [ RunTime:0.001179s ]
[2021-08-11T00:38:49+08:00][sql] SELECT `name`,`data` FROM `config` [ RunTime:0.000354s ]
[2021-08-11T00:38:56+08:00][sql] CONNECT:[ UseTime:0.000412s ] mysql:host=127.0.0.1;port=3306;dbname=aa;charset=utf8
[2021-08-11T00:38:56+08:00][sql] select app_dir,app_dir from application [ RunTime:0.000391s ]
[2021-08-11T00:38:56+08:00][sql] CONNECT:[ UseTime:0.000548s ] mysql:host=127.0.0.1;port=3306;dbname=aa;charset=utf8
[2021-08-11T00:38:56+08:00][sql] SHOW FULL COLUMNS FROM `log` [ RunTime:0.001491s ]
[2021-08-11T00:38:56+08:00][sql] SELECT COUNT(*) AS think_count FROM `log` [ RunTime:0.017505s ]
[2021-08-11T00:38:56+08:00][sql] SELECT `id`,`application_name`,`username`,`url`,`ip`,`type`,`create_time` FROM `log` ORDER BY `id` DESC LIMIT 0,20 [ RunTime:0.000367s ]
[2021-08-11T00:38:59+08:00][sql] CONNECT:[ UseTime:0.000361s ] mysql:host=127.0.0.1;port=3306;dbname=aa;charset=utf8
[2021-08-11T00:38:59+08:00][sql] SHOW FULL COLUMNS FROM `upload_config` [ RunTime:0.001277s ]
[2021-08-11T00:38:59+08:00][sql] SELECT COUNT(*) AS think_count FROM `upload_config` [ RunTime:0.002380s ]
[2021-08-11T00:38:59+08:00][sql] SELECT `id`,`title`,`thumb_status`,`upload_replace`,`thumb_width`,`thumb_height`,`thumb_type` FROM `upload_config` ORDER BY `id` DESC LIMIT 0,20 [ RunTime:0.000271s ]
[2021-08-11T00:39:07+08:00][sql] CONNECT:[ UseTime:0.000355s ] mysql:host=127.0.0.1;port=3306;dbname=aa;charset=utf8
[2021-08-11T00:39:07+08:00][sql] SHOW FULL COLUMNS FROM `lists` [ RunTime:0.001241s ]
[2021-08-11T00:39:07+08:00][sql] SELECT COUNT(*) AS think_count FROM `lists` [ RunTime:0.000298s ]
[2021-08-11T00:39:07+08:00][sql] SELECT `lists_id`,`agent`,`zname`,`phone`,`xgname`,`codes`,`nums`,`bzj`,`zts`,`mrsj` FROM `lists` ORDER BY `lists_id` DESC LIMIT 0,20 [ RunTime:0.000356s ]
[2021-08-11T19:53:27+08:00][sql] CONNECT:[ UseTime:0.000524s ] mysql:host=127.0.0.1;port=3306;dbname=aa;charset=utf8
[2021-08-11T19:53:27+08:00][sql] SHOW FULL COLUMNS FROM `config` [ RunTime:0.002865s ]
[2021-08-11T19:53:27+08:00][sql] SELECT `name`,`data` FROM `config` [ RunTime:0.001884s ]
[2021-08-11T19:54:07+08:00][sql] CONNECT:[ UseTime:0.000394s ] mysql:host=127.0.0.1;port=3306;dbname=aa;charset=utf8
[2021-08-11T19:54:07+08:00][sql] SHOW FULL COLUMNS FROM `admin_user` [ RunTime:0.003553s ]
[2021-08-11T19:54:07+08:00][sql] SELECT `a`.`user_id`,`a`.`name`,a.user as username,`a`.`status`,a.role_id as user_role_ids,`b`.`role_id`,b.name as role_name,b.status as role_status FROM `admin_user` `a` INNER JOIN `role` `b` ON a.role_id in(b.role_id) WHERE  `a`.`user` = 'admin'  AND `a`.`pwd` = 'f6c95fecdc3c10f9acc69083038ff214' LIMIT 1 [ RunTime:0.004103s ]
[2021-08-11T19:54:22+08:00][sql] CONNECT:[ UseTime:0.000468s ] mysql:host=127.0.0.1;port=3306;dbname=aa;charset=utf8
[2021-08-11T19:54:22+08:00][sql] SHOW FULL COLUMNS FROM `admin_user` [ RunTime:0.001082s ]
[2021-08-11T19:54:22+08:00][sql] SELECT `a`.`user_id`,`a`.`name`,a.user as username,`a`.`status`,a.role_id as user_role_ids,`b`.`role_id`,b.name as role_name,b.status as role_status FROM `admin_user` `a` INNER JOIN `role` `b` ON a.role_id in(b.role_id) WHERE  `a`.`user` = 'admin'  AND `a`.`pwd` = 'b720cf94bcd2a6157043cac25209b9ab' LIMIT 1 [ RunTime:0.000373s ]
[2021-08-11T19:54:22+08:00][sql] SHOW FULL COLUMNS FROM `access` [ RunTime:0.015493s ]
[2021-08-11T19:54:22+08:00][sql] SELECT `id`,`purviewval` FROM `access` WHERE  `role_id` = 1 [ RunTime:0.001236s ]
[2021-08-11T19:54:22+08:00][sql] SHOW FULL COLUMNS FROM `log` [ RunTime:0.008121s ]
[2021-08-11T19:54:22+08:00][sql] INSERT INTO `log` SET `application_name` = 'admin' , `username` = 'admin' , `url` = 'http://xght.dxcfd.com/admin/Login/index.html' , `ip` = '103.193.125.68' , `useragent` = 'Mozilla/5.0 (Windows NT 10.0; Win64; x64) AppleWebKit/537.36 (KHTML, like Gecko) Chrome/92.0.4515.131 Safari/537.36' , `create_time` = 1628682862 , `type` = 1 [ RunTime:0.005051s ]
[2021-08-11T19:54:23+08:00][sql] CONNECT:[ UseTime:0.000357s ] mysql:host=127.0.0.1;port=3306;dbname=aa;charset=utf8
[2021-08-11T19:54:23+08:00][sql] SHOW FULL COLUMNS FROM `menu` [ RunTime:0.003357s ]
[2021-08-11T19:54:23+08:00][sql] SELECT * FROM `menu` WHERE  `status` = 1  AND `app_id` = 1  AND `pid` = 0 ORDER BY `sortid` ASC [ RunTime:0.001136s ]
[2021-08-11T19:54:23+08:00][sql] SELECT * FROM `menu` WHERE  `status` = 1  AND `app_id` = 1  AND `pid` = 778 ORDER BY `sortid` ASC [ RunTime:0.000397s ]
[2021-08-11T19:54:23+08:00][sql] SELECT * FROM `menu` WHERE  `status` = 1  AND `app_id` = 1  AND `pid` = 778 ORDER BY `sortid` ASC [ RunTime:0.000459s ]
[2021-08-11T19:54:23+08:00][sql] SELECT * FROM `menu` WHERE  `status` = 1  AND `app_id` = 1  AND `pid` = 779 ORDER BY `sortid` ASC [ RunTime:0.000463s ]
[2021-08-11T19:54:23+08:00][sql] SELECT * FROM `menu` WHERE  `status` = 1  AND `app_id` = 1  AND `pid` = 779 ORDER BY `sortid` ASC [ RunTime:0.000399s ]
[2021-08-11T19:54:23+08:00][sql] SELECT * FROM `menu` WHERE  `status` = 1  AND `app_id` = 1  AND `pid` = 780 ORDER BY `sortid` ASC [ RunTime:0.000455s ]
[2021-08-11T19:54:23+08:00][sql] SELECT * FROM `menu` WHERE  `status` = 1  AND `app_id` = 1  AND `pid` = 780 ORDER BY `sortid` ASC [ RunTime:0.000401s ]
[2021-08-11T19:54:23+08:00][sql] SELECT * FROM `menu` WHERE  `status` = 1  AND `app_id` = 1  AND `pid` = 12 ORDER BY `sortid` ASC [ RunTime:0.000421s ]
[2021-08-11T19:54:23+08:00][sql] SELECT * FROM `menu` WHERE  `status` = 1  AND `app_id` = 1  AND `pid` = 12 ORDER BY `sortid` ASC [ RunTime:0.000440s ]
[2021-08-11T19:54:23+08:00][sql] SELECT * FROM `menu` WHERE  `status` = 1  AND `app_id` = 1  AND `pid` = 17 ORDER BY `sortid` ASC [ RunTime:0.000401s ]
[2021-08-11T19:54:23+08:00][sql] SELECT * FROM `menu` WHERE  `status` = 1  AND `app_id` = 1  AND `pid` = 17 ORDER BY `sortid` ASC [ RunTime:0.000458s ]
[2021-08-11T19:54:23+08:00][sql] SELECT * FROM `menu` WHERE  `status` = 1  AND `app_id` = 1  AND `pid` = 80 ORDER BY `sortid` ASC [ RunTime:0.000376s ]
[2021-08-11T19:54:23+08:00][sql] SELECT * FROM `menu` WHERE  `status` = 1  AND `app_id` = 1  AND `pid` = 80 ORDER BY `sortid` ASC [ RunTime:0.000459s ]
[2021-08-11T19:54:23+08:00][sql] SELECT * FROM `menu` WHERE  `status` = 1  AND `app_id` = 1  AND `pid` = 21 ORDER BY `sortid` ASC [ RunTime:0.000411s ]
[2021-08-11T19:54:23+08:00][sql] SELECT * FROM `menu` WHERE  `status` = 1  AND `app_id` = 1  AND `pid` = 21 ORDER BY `sortid` ASC [ RunTime:0.000382s ]
[2021-08-11T19:54:23+08:00][sql] SELECT * FROM `menu` WHERE  `status` = 1  AND `app_id` = 1  AND `pid` = 18 ORDER BY `sortid` ASC [ RunTime:0.000426s ]
[2021-08-11T19:54:23+08:00][sql] SELECT * FROM `menu` WHERE  `status` = 1  AND `app_id` = 1  AND `pid` = 18 ORDER BY `sortid` ASC [ RunTime:0.000434s ]
[2021-08-11T19:54:23+08:00][sql] SELECT * FROM `menu` WHERE  `status` = 1  AND `app_id` = 1  AND `pid` = 19 ORDER BY `sortid` ASC [ RunTime:0.000412s ]
[2021-08-11T19:54:23+08:00][sql] SELECT * FROM `menu` WHERE  `status` = 1  AND `app_id` = 1  AND `pid` = 19 ORDER BY `sortid` ASC [ RunTime:0.000377s ]
[2021-08-11T19:54:23+08:00][sql] SELECT * FROM `menu` WHERE  `status` = 1  AND `app_id` = 1  AND `pid` = 41 ORDER BY `sortid` ASC [ RunTime:0.000477s ]
[2021-08-11T19:54:23+08:00][sql] SELECT * FROM `menu` WHERE  `status` = 1  AND `app_id` = 1  AND `pid` = 41 ORDER BY `sortid` ASC [ RunTime:0.000446s ]
[2021-08-11T19:54:23+08:00][sql] SELECT * FROM `menu` WHERE  `status` = 1  AND `app_id` = 1  AND `pid` = 670 ORDER BY `sortid` ASC [ RunTime:0.000396s ]
[2021-08-11T19:54:23+08:00][sql] SELECT * FROM `menu` WHERE  `status` = 1  AND `app_id` = 1  AND `pid` = 670 ORDER BY `sortid` ASC [ RunTime:0.000418s ]
[2021-08-11T19:54:23+08:00][sql] SELECT * FROM `menu` WHERE  `status` = 1  AND `app_id` = 1  AND `pid` = 673 ORDER BY `sortid` ASC [ RunTime:0.000391s ]
[2021-08-11T19:54:23+08:00][sql] SELECT * FROM `menu` WHERE  `status` = 1  AND `app_id` = 1  AND `pid` = 673 ORDER BY `sortid` ASC [ RunTime:0.000472s ]
[2021-08-11T19:55:27+08:00][sql] CONNECT:[ UseTime:0.000326s ] mysql:host=127.0.0.1;port=3306;dbname=aa;charset=utf8
[2021-08-11T19:55:27+08:00][sql] SHOW FULL COLUMNS FROM `config` [ RunTime:0.001231s ]
[2021-08-11T19:55:27+08:00][sql] SELECT `name`,`data` FROM `config` [ RunTime:0.000295s ]
[2021-08-11T19:55:27+08:00][sql] SELECT `name`,`data` FROM `config` [ RunTime:0.000335s ]
[2021-08-11T19:57:16+08:00][sql] CONNECT:[ UseTime:0.000516s ] mysql:host=127.0.0.1;port=3306;dbname=aa;charset=utf8
[2021-08-11T19:57:16+08:00][sql] SHOW FULL COLUMNS FROM `log` [ RunTime:0.001530s ]
[2021-08-11T19:57:16+08:00][sql] INSERT INTO `log` SET `application_name` = 'admin' , `username` = 'admin' , `url` = 'http://xght.dxcfd.com/admin/Base/config' , `ip` = '103.193.125.68' , `useragent` = 'Mozilla/5.0 (Windows NT 10.0; Win64; x64) AppleWebKit/537.36 (KHTML, like Gecko) Chrome/92.0.4515.131 Safari/537.36' , `content` = '{\"water_status\":\"0\",\"site_title\":\"\\u8587\\u96c5\\u7f51\\u7edcTg\\u98de\\u673a\\uff1a@weiyawangluo\",\"site_logo\":\"\\/uploads\\/admin\\/202107\\/60ff79ec70000.png\",\"keyword\":\"\\uff1a\\u8587\\u96c5\\u7f51\\u7edc\\uff1a@weiyawangluo\",\"description\":\"\\u6f14\\u793a\\u7f51\\u7ad9\\u7531\\u201c\\u8587\\u96c5\\u7f51\\u7edc\\u5f00\\u53d1\\u201d\\u9700\\u8981\\u642d\\u5efa\\u8054\\u7cfb\\u98de\\u673a\\uff1a@weiyawangluo\\n\\u540c\\u884c\\u624b\\u4e0b\\u7559\\u60c5\",\"file_size\":\"100\",\"file_type\":\"gif,png,jpg,jpeg,doc,docx,xls,xlsx,csv,pdf,rar,zip,txt,mp4,flv.php\",\"copyright\":\"\\u8587\\u96c5\\u7f51\\u7edcTg\\uff1a@weiyawangluo\",\"water_position\":\"9\",\"water_logo\":\"\",\"domain\":\"\"}' , `create_time` = 1628683036 , `type` = 2 [ RunTime:0.006395s ]
[2021-08-11T19:57:16+08:00][sql] SHOW FULL COLUMNS FROM `config` [ RunTime:0.001032s ]
[2021-08-11T19:57:16+08:00][sql] SELECT `name`,`data` FROM `config` [ RunTime:0.000279s ]
[2021-08-11T19:57:16+08:00][sql] SELECT `name`,`data` FROM `config` [ RunTime:0.000314s ]
[2021-08-11T19:57:16+08:00][sql] UPDATE `config`  SET `data` = '0'  WHERE  `name` = 'water_status' [ RunTime:0.005566s ]
[2021-08-11T19:57:16+08:00][sql] UPDATE `config`  SET `data` = '薇雅网络Tg飞机：@weiyawangluo'  WHERE  `name` = 'site_title' [ RunTime:0.004077s ]
[2021-08-11T19:57:16+08:00][sql] UPDATE `config`  SET `data` = '/uploads/admin/202107/60ff79ec70000.png'  WHERE  `name` = 'site_logo' [ RunTime:0.004836s ]
[2021-08-11T19:57:16+08:00][sql] UPDATE `config`  SET `data` = '：薇雅网络：@weiyawangluo'  WHERE  `name` = 'keyword' [ RunTime:0.003845s ]
[2021-08-11T19:57:16+08:00][sql] UPDATE `config`  SET `data` = '演示网站由“薇雅网络开发”需要搭建联系飞机：@weiyawangluo
同行手下留情'  WHERE  `name` = 'description' [ RunTime:0.003914s ]
[2021-08-11T19:57:16+08:00][sql] UPDATE `config`  SET `data` = '100'  WHERE  `name` = 'file_size' [ RunTime:0.004134s ]
[2021-08-11T19:57:16+08:00][sql] UPDATE `config`  SET `data` = 'gif,png,jpg,jpeg,doc,docx,xls,xlsx,csv,pdf,rar,zip,txt,mp4,flv.php'  WHERE  `name` = 'file_type' [ RunTime:0.004184s ]
[2021-08-11T19:57:16+08:00][sql] UPDATE `config`  SET `data` = '薇雅网络Tg：@weiyawangluo'  WHERE  `name` = 'copyright' [ RunTime:0.003620s ]
[2021-08-11T19:57:16+08:00][sql] UPDATE `config`  SET `data` = '9'  WHERE  `name` = 'water_position' [ RunTime:0.003917s ]
[2021-08-11T19:57:16+08:00][sql] UPDATE `config`  SET `data` = ''  WHERE  `name` = 'water_logo' [ RunTime:0.004495s ]
[2021-08-11T19:57:16+08:00][sql] UPDATE `config`  SET `data` = ''  WHERE  `name` = 'domain' [ RunTime:0.003853s ]
[2021-08-11T19:59:28+08:00][sql] CONNECT:[ UseTime:0.000283s ] mysql:host=127.0.0.1;port=3306;dbname=aa;charset=utf8
[2021-08-11T19:59:28+08:00][sql] SHOW FULL COLUMNS FROM `config` [ RunTime:0.000970s ]
[2021-08-11T19:59:28+08:00][sql] SELECT `name`,`data` FROM `config` [ RunTime:0.000285s ]
[2021-08-11T19:59:28+08:00][sql] CONNECT:[ UseTime:0.001750s ] mysql:host=127.0.0.1;port=3306;dbname=aa;charset=utf8
[2021-08-11T19:59:28+08:00][sql] SHOW FULL COLUMNS FROM `newlist` [ RunTime:0.001459s ]
[2021-08-11T19:59:28+08:00][sql] SELECT COUNT(*) AS think_count FROM `newlist` [ RunTime:0.000269s ]
[2021-08-11T19:59:28+08:00][sql] SELECT `newlist_id`,`names`,`code`,`price`,`zt` FROM `newlist` ORDER BY `newlist_id` DESC LIMIT 0,20 [ RunTime:0.000295s ]
[2021-08-11T19:59:41+08:00][sql] CONNECT:[ UseTime:0.000285s ] mysql:host=127.0.0.1;port=3306;dbname=aa;charset=utf8
[2021-08-11T19:59:41+08:00][sql] SHOW FULL COLUMNS FROM `lists` [ RunTime:0.005420s ]
[2021-08-11T19:59:41+08:00][sql] SELECT COUNT(*) AS think_count FROM `lists` [ RunTime:0.000277s ]
[2021-08-11T19:59:41+08:00][sql] SELECT `lists_id`,`agent`,`zname`,`phone`,`xgname`,`codes`,`nums`,`bzj`,`zts`,`mrsj` FROM `lists` ORDER BY `lists_id` DESC LIMIT 0,20 [ RunTime:0.000416s ]
[2021-08-11T19:59:45+08:00][sql] CONNECT:[ UseTime:0.000673s ] mysql:host=127.0.0.1;port=3306;dbname=aa;charset=utf8
[2021-08-11T19:59:45+08:00][sql] SHOW FULL COLUMNS FROM `user` [ RunTime:0.001469s ]
[2021-08-11T19:59:45+08:00][sql] SELECT COUNT(*) AS think_count FROM `user` [ RunTime:0.000307s ]
[2021-08-11T19:59:45+08:00][sql] SELECT `id`,`agent_id`,`agent_name`,`phone`,`nick_name`,`sgzj`,`djzj` FROM `user` ORDER BY `id` DESC LIMIT 0,20 [ RunTime:0.000307s ]
[2021-08-11T20:00:04+08:00][sql] CONNECT:[ UseTime:0.000401s ] mysql:host=127.0.0.1;port=3306;dbname=aa;charset=utf8
[2021-08-11T20:00:04+08:00][sql] SHOW FULL COLUMNS FROM `application` [ RunTime:0.005979s ]
[2021-08-11T20:00:04+08:00][sql] SELECT * FROM `application` ORDER BY `app_id` DESC [ RunTime:0.005184s ]
[2021-08-11T20:00:04+08:00][sql] SELECT COUNT(*) AS think_count FROM `application` [ RunTime:0.000324s ]
[2021-08-11T20:00:06+08:00][sql] CONNECT:[ UseTime:0.000312s ] mysql:host=127.0.0.1;port=3306;dbname=aa;charset=utf8
[2021-08-11T20:00:06+08:00][sql] show tables [ RunTime:0.000650s ]
[2021-08-11T20:00:06+08:00][sql] SHOW FULL COLUMNS FROM `application` [ RunTime:0.001431s ]
[2021-08-11T20:00:06+08:00][sql] SELECT * FROM `application` WHERE  `app_id` = 1 LIMIT 1 [ RunTime:0.000340s ]
[2021-08-11T20:00:06+08:00][sql] SELECT * FROM `application` WHERE  ( 1=1 ) [ RunTime:0.000353s ]
[2021-08-11T20:00:06+08:00][sql] SELECT * FROM `application` WHERE  ( 1=1 ) [ RunTime:0.000421s ]
[2021-08-11T20:00:07+08:00][sql] CONNECT:[ UseTime:0.000402s ] mysql:host=127.0.0.1;port=3306;dbname=aa;charset=utf8
[2021-08-11T20:00:07+08:00][sql] SHOW FULL COLUMNS FROM `menu` [ RunTime:0.001682s ]
[2021-08-11T20:00:07+08:00][sql] SELECT * FROM `menu` WHERE  `app_id` = 1 ORDER BY `sortid` ASC [ RunTime:0.000631s ]
[2021-08-11T20:00:07+08:00][sql] SELECT COUNT(*) AS think_count FROM `menu` WHERE  `app_id` = 1 ORDER BY `sortid` ASC [ RunTime:0.000752s ]
[2021-08-11T20:00:14+08:00][sql] CONNECT:[ UseTime:0.000394s ] mysql:host=127.0.0.1;port=3306;dbname=aa;charset=utf8
[2021-08-11T20:00:14+08:00][sql] select role_id,name,pid from role [ RunTime:0.000323s ]
[2021-08-11T20:00:14+08:00][sql] CONNECT:[ UseTime:0.000439s ] mysql:host=127.0.0.1;port=3306;dbname=aa;charset=utf8
[2021-08-11T20:00:14+08:00][sql] select a.*,group_concat(b.name) as role_name from admin_user as a left join role as b on find_in_set(b.role_id,a.role_id)  group by a.user_id order by user_id desc limit 0,20 [ RunTime:0.000458s ]
[2021-08-11T20:00:14+08:00][sql] select count(*) as count from (select a.*,group_concat(b.name) as role_name from admin_user as a left join role as b on find_in_set(b.role_id,a.role_id)  group by a.user_id) as tp [ RunTime:0.000844s ]
[2021-08-11T20:00:16+08:00][sql] CONNECT:[ UseTime:0.000490s ] mysql:host=127.0.0.1;port=3306;dbname=aa;charset=utf8
[2021-08-11T20:00:16+08:00][sql] SHOW FULL COLUMNS FROM `config` [ RunTime:0.001251s ]
[2021-08-11T20:00:16+08:00][sql] SELECT `name`,`data` FROM `config` [ RunTime:0.000337s ]
[2021-08-11T20:00:19+08:00][sql] CONNECT:[ UseTime:0.000371s ] mysql:host=127.0.0.1;port=3306;dbname=aa;charset=utf8
[2021-08-11T20:00:19+08:00][sql] SHOW FULL COLUMNS FROM `role` [ RunTime:0.001063s ]
[2021-08-11T20:00:19+08:00][sql] SELECT COUNT(*) AS think_count FROM `role` [ RunTime:0.000269s ]
[2021-08-11T20:00:19+08:00][sql] SELECT * FROM `role` ORDER BY `role_id` DESC LIMIT 0,20 [ RunTime:0.000267s ]
[2021-08-11T20:00:23+08:00][sql] CONNECT:[ UseTime:0.000329s ] mysql:host=127.0.0.1;port=3306;dbname=aa;charset=utf8
[2021-08-11T20:00:23+08:00][sql] select app_dir,app_dir from application [ RunTime:0.000732s ]
[2021-08-11T20:00:24+08:00][sql] CONNECT:[ UseTime:0.000333s ] mysql:host=127.0.0.1;port=3306;dbname=aa;charset=utf8
[2021-08-11T20:00:24+08:00][sql] SHOW FULL COLUMNS FROM `log` [ RunTime:0.001291s ]
[2021-08-11T20:00:24+08:00][sql] SELECT COUNT(*) AS think_count FROM `log` [ RunTime:0.000838s ]
[2021-08-11T20:00:24+08:00][sql] SELECT `id`,`application_name`,`username`,`url`,`ip`,`type`,`create_time` FROM `log` ORDER BY `id` DESC LIMIT 0,20 [ RunTime:0.000479s ]
[2021-08-11T20:00:25+08:00][sql] CONNECT:[ UseTime:0.000324s ] mysql:host=127.0.0.1;port=3306;dbname=aa;charset=utf8
[2021-08-11T20:00:25+08:00][sql] SHOW FULL COLUMNS FROM `upload_config` [ RunTime:0.003726s ]
[2021-08-11T20:00:25+08:00][sql] SELECT COUNT(*) AS think_count FROM `upload_config` [ RunTime:0.000296s ]
[2021-08-11T20:00:25+08:00][sql] SELECT `id`,`title`,`thumb_status`,`upload_replace`,`thumb_width`,`thumb_height`,`thumb_type` FROM `upload_config` ORDER BY `id` DESC LIMIT 0,20 [ RunTime:0.000263s ]
[2021-08-11T21:09:45+08:00][sql] CONNECT:[ UseTime:0.000324s ] mysql:host=127.0.0.1;port=3306;dbname=aa;charset=utf8
[2021-08-11T21:09:45+08:00][sql] SHOW FULL COLUMNS FROM `config` [ RunTime:0.001318s ]
[2021-08-11T21:09:45+08:00][sql] SELECT `name`,`data` FROM `config` [ RunTime:0.000387s ]
[2021-08-11T21:09:54+08:00][sql] CONNECT:[ UseTime:0.000455s ] mysql:host=127.0.0.1;port=3306;dbname=aa;charset=utf8
[2021-08-11T21:09:54+08:00][sql] SHOW FULL COLUMNS FROM `admin_user` [ RunTime:0.001277s ]
[2021-08-11T21:09:54+08:00][sql] SELECT `a`.`user_id`,`a`.`name`,a.user as username,`a`.`status`,a.role_id as user_role_ids,`b`.`role_id`,b.name as role_name,b.status as role_status FROM `admin_user` `a` INNER JOIN `role` `b` ON a.role_id in(b.role_id) WHERE  `a`.`user` = 'admin'  AND `a`.`pwd` = 'b720cf94bcd2a6157043cac25209b9ab' LIMIT 1 [ RunTime:0.000435s ]
[2021-08-11T21:09:54+08:00][sql] SHOW FULL COLUMNS FROM `access` [ RunTime:0.000871s ]
[2021-08-11T21:09:54+08:00][sql] SELECT `id`,`purviewval` FROM `access` WHERE  `role_id` = 1 [ RunTime:0.000369s ]
[2021-08-11T21:09:54+08:00][sql] SHOW FULL COLUMNS FROM `log` [ RunTime:0.000959s ]
[2021-08-11T21:09:54+08:00][sql] INSERT INTO `log` SET `application_name` = 'admin' , `username` = 'admin' , `url` = 'http://xght.dxcfd.com/admin/Login/index.html' , `ip` = '103.193.125.68' , `useragent` = 'Mozilla/5.0 (Windows NT 10.0; Win64; x64) AppleWebKit/537.36 (KHTML, like Gecko) Chrome/92.0.4515.131 Safari/537.36' , `create_time` = 1628687394 , `type` = 1 [ RunTime:0.004995s ]
[2021-08-11T21:09:55+08:00][sql] CONNECT:[ UseTime:0.000383s ] mysql:host=127.0.0.1;port=3306;dbname=aa;charset=utf8
[2021-08-11T21:09:55+08:00][sql] SHOW FULL COLUMNS FROM `menu` [ RunTime:0.001130s ]
[2021-08-11T21:09:55+08:00][sql] SELECT * FROM `menu` WHERE  `status` = 1  AND `app_id` = 1  AND `pid` = 0 ORDER BY `sortid` ASC [ RunTime:0.000489s ]
[2021-08-11T21:09:55+08:00][sql] SELECT * FROM `menu` WHERE  `status` = 1  AND `app_id` = 1  AND `pid` = 778 ORDER BY `sortid` ASC [ RunTime:0.000409s ]
[2021-08-11T21:09:55+08:00][sql] SELECT * FROM `menu` WHERE  `status` = 1  AND `app_id` = 1  AND `pid` = 778 ORDER BY `sortid` ASC [ RunTime:0.000365s ]
[2021-08-11T21:09:55+08:00][sql] SELECT * FROM `menu` WHERE  `status` = 1  AND `app_id` = 1  AND `pid` = 779 ORDER BY `sortid` ASC [ RunTime:0.000403s ]
[2021-08-11T21:09:55+08:00][sql] SELECT * FROM `menu` WHERE  `status` = 1  AND `app_id` = 1  AND `pid` = 779 ORDER BY `sortid` ASC [ RunTime:0.000377s ]
[2021-08-11T21:09:55+08:00][sql] SELECT * FROM `menu` WHERE  `status` = 1  AND `app_id` = 1  AND `pid` = 780 ORDER BY `sortid` ASC [ RunTime:0.000418s ]
[2021-08-11T21:09:55+08:00][sql] SELECT * FROM `menu` WHERE  `status` = 1  AND `app_id` = 1  AND `pid` = 780 ORDER BY `sortid` ASC [ RunTime:0.000391s ]
[2021-08-11T21:09:55+08:00][sql] SELECT * FROM `menu` WHERE  `status` = 1  AND `app_id` = 1  AND `pid` = 12 ORDER BY `sortid` ASC [ RunTime:0.000420s ]
[2021-08-11T21:09:55+08:00][sql] SELECT * FROM `menu` WHERE  `status` = 1  AND `app_id` = 1  AND `pid` = 12 ORDER BY `sortid` ASC [ RunTime:0.000471s ]
[2021-08-11T21:09:55+08:00][sql] SELECT * FROM `menu` WHERE  `status` = 1  AND `app_id` = 1  AND `pid` = 17 ORDER BY `sortid` ASC [ RunTime:0.000395s ]
[2021-08-11T21:09:55+08:00][sql] SELECT * FROM `menu` WHERE  `status` = 1  AND `app_id` = 1  AND `pid` = 17 ORDER BY `sortid` ASC [ RunTime:0.000385s ]
[2021-08-11T21:09:55+08:00][sql] SELECT * FROM `menu` WHERE  `status` = 1  AND `app_id` = 1  AND `pid` = 80 ORDER BY `sortid` ASC [ RunTime:0.000358s ]
[2021-08-11T21:09:55+08:00][sql] SELECT * FROM `menu` WHERE  `status` = 1  AND `app_id` = 1  AND `pid` = 80 ORDER BY `sortid` ASC [ RunTime:0.000380s ]
[2021-08-11T21:09:55+08:00][sql] SELECT * FROM `menu` WHERE  `status` = 1  AND `app_id` = 1  AND `pid` = 21 ORDER BY `sortid` ASC [ RunTime:0.000361s ]
[2021-08-11T21:09:55+08:00][sql] SELECT * FROM `menu` WHERE  `status` = 1  AND `app_id` = 1  AND `pid` = 21 ORDER BY `sortid` ASC [ RunTime:0.000388s ]
[2021-08-11T21:09:55+08:00][sql] SELECT * FROM `menu` WHERE  `status` = 1  AND `app_id` = 1  AND `pid` = 18 ORDER BY `sortid` ASC [ RunTime:0.000360s ]
[2021-08-11T21:09:55+08:00][sql] SELECT * FROM `menu` WHERE  `status` = 1  AND `app_id` = 1  AND `pid` = 18 ORDER BY `sortid` ASC [ RunTime:0.000404s ]
[2021-08-11T21:09:55+08:00][sql] SELECT * FROM `menu` WHERE  `status` = 1  AND `app_id` = 1  AND `pid` = 19 ORDER BY `sortid` ASC [ RunTime:0.000362s ]
[2021-08-11T21:09:55+08:00][sql] SELECT * FROM `menu` WHERE  `status` = 1  AND `app_id` = 1  AND `pid` = 19 ORDER BY `sortid` ASC [ RunTime:0.000368s ]
[2021-08-11T21:09:55+08:00][sql] SELECT * FROM `menu` WHERE  `status` = 1  AND `app_id` = 1  AND `pid` = 41 ORDER BY `sortid` ASC [ RunTime:0.000357s ]
[2021-08-11T21:09:55+08:00][sql] SELECT * FROM `menu` WHERE  `status` = 1  AND `app_id` = 1  AND `pid` = 41 ORDER BY `sortid` ASC [ RunTime:0.000386s ]
[2021-08-11T21:09:55+08:00][sql] SELECT * FROM `menu` WHERE  `status` = 1  AND `app_id` = 1  AND `pid` = 670 ORDER BY `sortid` ASC [ RunTime:0.000357s ]
[2021-08-11T21:09:55+08:00][sql] SELECT * FROM `menu` WHERE  `status` = 1  AND `app_id` = 1  AND `pid` = 670 ORDER BY `sortid` ASC [ RunTime:0.000395s ]
[2021-08-11T21:09:55+08:00][sql] SELECT * FROM `menu` WHERE  `status` = 1  AND `app_id` = 1  AND `pid` = 673 ORDER BY `sortid` ASC [ RunTime:0.000356s ]
[2021-08-11T21:09:55+08:00][sql] SELECT * FROM `menu` WHERE  `status` = 1  AND `app_id` = 1  AND `pid` = 673 ORDER BY `sortid` ASC [ RunTime:0.000366s ]
[2021-08-11T21:10:03+08:00][sql] CONNECT:[ UseTime:0.001770s ] mysql:host=127.0.0.1;port=3306;dbname=aa;charset=utf8
[2021-08-11T21:10:03+08:00][sql] SHOW FULL COLUMNS FROM `application` [ RunTime:0.001478s ]
[2021-08-11T21:10:03+08:00][sql] SELECT * FROM `application` ORDER BY `app_id` DESC [ RunTime:0.000581s ]
[2021-08-11T21:10:03+08:00][sql] SELECT COUNT(*) AS think_count FROM `application` [ RunTime:0.000256s ]
[2021-08-11T21:10:16+08:00][sql] CONNECT:[ UseTime:0.000393s ] mysql:host=127.0.0.1;port=3306;dbname=aa;charset=utf8
[2021-08-11T21:10:16+08:00][sql] SHOW FULL COLUMNS FROM `menu` [ RunTime:0.001414s ]
[2021-08-11T21:10:16+08:00][sql] SELECT * FROM `menu` WHERE  `status` = 1  AND `app_id` = 1  AND `pid` = 0 ORDER BY `sortid` ASC [ RunTime:0.000561s ]
[2021-08-11T21:10:16+08:00][sql] SELECT * FROM `menu` WHERE  `status` = 1  AND `app_id` = 1  AND `pid` = 778 ORDER BY `sortid` ASC [ RunTime:0.000480s ]
[2021-08-11T21:10:16+08:00][sql] SELECT * FROM `menu` WHERE  `status` = 1  AND `app_id` = 1  AND `pid` = 778 ORDER BY `sortid` ASC [ RunTime:0.000382s ]
[2021-08-11T21:10:16+08:00][sql] SELECT * FROM `menu` WHERE  `status` = 1  AND `app_id` = 1  AND `pid` = 779 ORDER BY `sortid` ASC [ RunTime:0.000404s ]
[2021-08-11T21:10:16+08:00][sql] SELECT * FROM `menu` WHERE  `status` = 1  AND `app_id` = 1  AND `pid` = 779 ORDER BY `sortid` ASC [ RunTime:0.000441s ]
[2021-08-11T21:10:16+08:00][sql] SELECT * FROM `menu` WHERE  `status` = 1  AND `app_id` = 1  AND `pid` = 780 ORDER BY `sortid` ASC [ RunTime:0.000401s ]
[2021-08-11T21:10:16+08:00][sql] SELECT * FROM `menu` WHERE  `status` = 1  AND `app_id` = 1  AND `pid` = 780 ORDER BY `sortid` ASC [ RunTime:0.000388s ]
[2021-08-11T21:10:16+08:00][sql] SELECT * FROM `menu` WHERE  `status` = 1  AND `app_id` = 1  AND `pid` = 12 ORDER BY `sortid` ASC [ RunTime:0.000400s ]
[2021-08-11T21:10:16+08:00][sql] SELECT * FROM `menu` WHERE  `status` = 1  AND `app_id` = 1  AND `pid` = 12 ORDER BY `sortid` ASC [ RunTime:0.000476s ]
[2021-08-11T21:10:16+08:00][sql] SELECT * FROM `menu` WHERE  `status` = 1  AND `app_id` = 1  AND `pid` = 17 ORDER BY `sortid` ASC [ RunTime:0.000393s ]
[2021-08-11T21:10:16+08:00][sql] SELECT * FROM `menu` WHERE  `status` = 1  AND `app_id` = 1  AND `pid` = 17 ORDER BY `sortid` ASC [ RunTime:0.000408s ]
[2021-08-11T21:10:16+08:00][sql] SELECT * FROM `menu` WHERE  `status` = 1  AND `app_id` = 1  AND `pid` = 80 ORDER BY `sortid` ASC [ RunTime:0.000371s ]
[2021-08-11T21:10:16+08:00][sql] SELECT * FROM `menu` WHERE  `status` = 1  AND `app_id` = 1  AND `pid` = 80 ORDER BY `sortid` ASC [ RunTime:0.000376s ]
[2021-08-11T21:10:16+08:00][sql] SELECT * FROM `menu` WHERE  `status` = 1  AND `app_id` = 1  AND `pid` = 21 ORDER BY `sortid` ASC [ RunTime:0.000375s ]
[2021-08-11T21:10:16+08:00][sql] SELECT * FROM `menu` WHERE  `status` = 1  AND `app_id` = 1  AND `pid` = 21 ORDER BY `sortid` ASC [ RunTime:0.000408s ]
[2021-08-11T21:10:16+08:00][sql] SELECT * FROM `menu` WHERE  `status` = 1  AND `app_id` = 1  AND `pid` = 18 ORDER BY `sortid` ASC [ RunTime:0.000472s ]
[2021-08-11T21:10:16+08:00][sql] SELECT * FROM `menu` WHERE  `status` = 1  AND `app_id` = 1  AND `pid` = 18 ORDER BY `sortid` ASC [ RunTime:0.000375s ]
[2021-08-11T21:10:16+08:00][sql] SELECT * FROM `menu` WHERE  `status` = 1  AND `app_id` = 1  AND `pid` = 19 ORDER BY `sortid` ASC [ RunTime:0.001450s ]
[2021-08-11T21:10:16+08:00][sql] SELECT * FROM `menu` WHERE  `status` = 1  AND `app_id` = 1  AND `pid` = 19 ORDER BY `sortid` ASC [ RunTime:0.000401s ]
[2021-08-11T21:10:16+08:00][sql] SELECT * FROM `menu` WHERE  `status` = 1  AND `app_id` = 1  AND `pid` = 41 ORDER BY `sortid` ASC [ RunTime:0.000419s ]
[2021-08-11T21:10:16+08:00][sql] SELECT * FROM `menu` WHERE  `status` = 1  AND `app_id` = 1  AND `pid` = 41 ORDER BY `sortid` ASC [ RunTime:0.000392s ]
[2021-08-11T21:10:16+08:00][sql] SELECT * FROM `menu` WHERE  `status` = 1  AND `app_id` = 1  AND `pid` = 670 ORDER BY `sortid` ASC [ RunTime:0.000376s ]
[2021-08-11T21:10:16+08:00][sql] SELECT * FROM `menu` WHERE  `status` = 1  AND `app_id` = 1  AND `pid` = 670 ORDER BY `sortid` ASC [ RunTime:0.000401s ]
[2021-08-11T21:10:16+08:00][sql] SELECT * FROM `menu` WHERE  `status` = 1  AND `app_id` = 1  AND `pid` = 673 ORDER BY `sortid` ASC [ RunTime:0.000390s ]
[2021-08-11T21:10:16+08:00][sql] SELECT * FROM `menu` WHERE  `status` = 1  AND `app_id` = 1  AND `pid` = 673 ORDER BY `sortid` ASC [ RunTime:0.000390s ]
[2021-08-11T21:10:22+08:00][sql] CONNECT:[ UseTime:0.000379s ] mysql:host=127.0.0.1;port=3306;dbname=aa;charset=utf8
[2021-08-11T21:10:22+08:00][sql] SHOW FULL COLUMNS FROM `application` [ RunTime:0.001073s ]
[2021-08-11T21:10:22+08:00][sql] SELECT * FROM `application` WHERE  `app_id` = 227 LIMIT 1 [ RunTime:0.000349s ]
[2021-08-11T21:11:33+08:00][sql] CONNECT:[ UseTime:0.000343s ] mysql:host=127.0.0.1;port=3306;dbname=aa;charset=utf8
[2021-08-11T21:11:33+08:00][sql] SHOW FULL COLUMNS FROM `config` [ RunTime:0.001268s ]
[2021-08-11T21:11:33+08:00][sql] SELECT `name`,`data` FROM `config` [ RunTime:0.000321s ]
[2021-08-11T21:11:33+08:00][sql] show tables [ RunTime:0.000607s ]
[2021-08-11T21:11:33+08:00][sql] SHOW FULL COLUMNS FROM `application` [ RunTime:0.001009s ]
[2021-08-11T21:11:33+08:00][sql] SELECT * FROM `application` WHERE  `app_id` = 1 LIMIT 1 [ RunTime:0.000333s ]
[2021-08-11T21:11:33+08:00][sql] SELECT * FROM `application` WHERE  ( 1=1 ) [ RunTime:0.000278s ]
[2021-08-11T21:11:33+08:00][sql] SELECT * FROM `application` WHERE  ( 1=1 ) [ RunTime:0.000278s ]
[2021-08-11T21:11:33+08:00][sql] CONNECT:[ UseTime:0.000425s ] mysql:host=127.0.0.1;port=3306;dbname=aa;charset=utf8
[2021-08-11T21:11:33+08:00][sql] SHOW FULL COLUMNS FROM `menu` [ RunTime:0.001165s ]
[2021-08-11T21:11:33+08:00][sql] SELECT * FROM `menu` WHERE  `app_id` = 1 ORDER BY `sortid` ASC [ RunTime:0.000498s ]
[2021-08-11T21:11:33+08:00][sql] SELECT COUNT(*) AS think_count FROM `menu` WHERE  `app_id` = 1 ORDER BY `sortid` ASC [ RunTime:0.000326s ]
[2021-08-11T21:11:51+08:00][sql] CONNECT:[ UseTime:0.000500s ] mysql:host=127.0.0.1;port=3306;dbname=aa;charset=utf8
[2021-08-11T21:11:51+08:00][sql] SHOW FULL COLUMNS FROM `menu` [ RunTime:0.001108s ]
[2021-08-11T21:11:51+08:00][sql] SELECT * FROM `menu` WHERE  `app_id` = 1 [ RunTime:0.000483s ]
[2021-08-11T21:11:51+08:00][sql] SHOW FULL COLUMNS FROM `application` [ RunTime:0.000928s ]
[2021-08-11T21:11:51+08:00][sql] SELECT * FROM `application` WHERE  `app_id` = 1 LIMIT 1 [ RunTime:0.000306s ]
[2021-08-11T21:11:51+08:00][sql] SHOW FULL COLUMNS FROM `upload_config` [ RunTime:0.002344s ]
[2021-08-11T21:11:51+08:00][sql] SELECT * FROM `upload_config` WHERE  ( 1=1 ) [ RunTime:0.000385s ]
[2021-08-11T21:12:00+08:00][sql] CONNECT:[ UseTime:0.000429s ] mysql:host=127.0.0.1;port=3306;dbname=aa;charset=utf8
[2021-08-11T21:12:00+08:00][sql] select role_id,name,pid from role [ RunTime:0.002247s ]
[2021-08-11T21:12:00+08:00][sql] CONNECT:[ UseTime:0.000327s ] mysql:host=127.0.0.1;port=3306;dbname=aa;charset=utf8
[2021-08-11T21:12:00+08:00][sql] select a.*,group_concat(b.name) as role_name from admin_user as a left join role as b on find_in_set(b.role_id,a.role_id)  group by a.user_id order by user_id desc limit 0,20 [ RunTime:0.000441s ]
[2021-08-11T21:12:00+08:00][sql] select count(*) as count from (select a.*,group_concat(b.name) as role_name from admin_user as a left join role as b on find_in_set(b.role_id,a.role_id)  group by a.user_id) as tp [ RunTime:0.000699s ]
[2021-08-11T21:12:03+08:00][sql] CONNECT:[ UseTime:0.001196s ] mysql:host=127.0.0.1;port=3306;dbname=aa;charset=utf8
[2021-08-11T21:12:03+08:00][sql] SHOW FULL COLUMNS FROM `role` [ RunTime:0.001183s ]
[2021-08-11T21:12:03+08:00][sql] SELECT COUNT(*) AS think_count FROM `role` [ RunTime:0.000288s ]
[2021-08-11T21:12:03+08:00][sql] SELECT * FROM `role` ORDER BY `role_id` DESC LIMIT 0,20 [ RunTime:0.000297s ]
[2021-08-11T21:12:05+08:00][sql] CONNECT:[ UseTime:0.000301s ] mysql:host=127.0.0.1;port=3306;dbname=aa;charset=utf8
[2021-08-11T21:12:05+08:00][sql] SHOW FULL COLUMNS FROM `config` [ RunTime:0.001240s ]
[2021-08-11T21:12:05+08:00][sql] SELECT `name`,`data` FROM `config` [ RunTime:0.000279s ]
[2021-08-11T21:12:14+08:00][sql] CONNECT:[ UseTime:0.000347s ] mysql:host=127.0.0.1;port=3306;dbname=aa;charset=utf8
[2021-08-11T21:12:14+08:00][sql] select app_dir,app_dir from application [ RunTime:0.000325s ]
[2021-08-11T21:12:14+08:00][sql] CONNECT:[ UseTime:0.000429s ] mysql:host=127.0.0.1;port=3306;dbname=aa;charset=utf8
[2021-08-11T21:12:14+08:00][sql] SHOW FULL COLUMNS FROM `log` [ RunTime:0.001134s ]
[2021-08-11T21:12:14+08:00][sql] SELECT COUNT(*) AS think_count FROM `log` [ RunTime:0.000428s ]
[2021-08-11T21:12:14+08:00][sql] SELECT `id`,`application_name`,`username`,`url`,`ip`,`type`,`create_time` FROM `log` ORDER BY `id` DESC LIMIT 0,20 [ RunTime:0.000334s ]
[2021-08-11T21:12:18+08:00][sql] CONNECT:[ UseTime:0.000368s ] mysql:host=127.0.0.1;port=3306;dbname=aa;charset=utf8
[2021-08-11T21:12:18+08:00][sql] SHOW FULL COLUMNS FROM `upload_config` [ RunTime:0.001059s ]
[2021-08-11T21:12:18+08:00][sql] SELECT COUNT(*) AS think_count FROM `upload_config` [ RunTime:0.000288s ]
[2021-08-11T21:12:18+08:00][sql] SELECT `id`,`title`,`thumb_status`,`upload_replace`,`thumb_width`,`thumb_height`,`thumb_type` FROM `upload_config` ORDER BY `id` DESC LIMIT 0,20 [ RunTime:0.000269s ]
[2021-08-11T21:12:20+08:00][sql] CONNECT:[ UseTime:0.000329s ] mysql:host=127.0.0.1;port=3306;dbname=aa;charset=utf8
[2021-08-11T21:12:20+08:00][sql] SHOW FULL COLUMNS FROM `user` [ RunTime:0.001243s ]
[2021-08-11T21:12:20+08:00][sql] SELECT COUNT(*) AS think_count FROM `user` [ RunTime:0.000289s ]
[2021-08-11T21:12:20+08:00][sql] SELECT `id`,`agent_id`,`agent_name`,`phone`,`nick_name`,`sgzj`,`djzj` FROM `user` ORDER BY `id` DESC LIMIT 0,20 [ RunTime:0.000302s ]
[2021-08-11T21:12:28+08:00][sql] CONNECT:[ UseTime:0.000361s ] mysql:host=127.0.0.1;port=3306;dbname=aa;charset=utf8
[2021-08-11T21:12:28+08:00][sql] SHOW FULL COLUMNS FROM `lists` [ RunTime:0.002363s ]
[2021-08-11T21:12:28+08:00][sql] SELECT COUNT(*) AS think_count FROM `lists` [ RunTime:0.000288s ]
[2021-08-11T21:12:28+08:00][sql] SELECT `lists_id`,`agent`,`zname`,`phone`,`xgname`,`codes`,`nums`,`bzj`,`zts`,`mrsj` FROM `lists` ORDER BY `lists_id` DESC LIMIT 0,20 [ RunTime:0.000339s ]
[2021-08-11T21:12:35+08:00][sql] CONNECT:[ UseTime:0.000469s ] mysql:host=127.0.0.1;port=3306;dbname=aa;charset=utf8
[2021-08-11T21:12:35+08:00][sql] SHOW FULL COLUMNS FROM `config` [ RunTime:0.001309s ]
[2021-08-11T21:12:35+08:00][sql] SELECT `name`,`data` FROM `config` [ RunTime:0.000314s ]
[2021-08-11T21:12:35+08:00][sql] CONNECT:[ UseTime:0.000378s ] mysql:host=127.0.0.1;port=3306;dbname=aa;charset=utf8
[2021-08-11T21:12:35+08:00][sql] SHOW FULL COLUMNS FROM `newlist` [ RunTime:0.001376s ]
[2021-08-11T21:12:35+08:00][sql] SELECT COUNT(*) AS think_count FROM `newlist` [ RunTime:0.000303s ]
[2021-08-11T21:12:35+08:00][sql] SELECT `newlist_id`,`names`,`code`,`price`,`zt` FROM `newlist` ORDER BY `newlist_id` DESC LIMIT 0,20 [ RunTime:0.000269s ]
