[2021-08-19T14:01:17+08:00][sql] CONNECT:[ UseTime:0.000443s ] mysql:host=127.0.0.1;port=3306;dbname=aa;charset=utf8
[2021-08-19T14:01:17+08:00][sql] SHOW FULL COLUMNS FROM `config` [ RunTime:0.002024s ]
[2021-08-19T14:01:17+08:00][sql] SELECT `name`,`data` FROM `config` [ RunTime:0.002907s ]
[2021-08-19T14:01:57+08:00][sql] CONNECT:[ UseTime:0.000467s ] mysql:host=127.0.0.1;port=3306;dbname=aa;charset=utf8
[2021-08-19T14:01:57+08:00][sql] SHOW FULL COLUMNS FROM `admin_user` [ RunTime:0.003143s ]
[2021-08-19T14:01:57+08:00][sql] SELECT `a`.`user_id`,`a`.`name`,a.user as username,`a`.`status`,a.role_id as user_role_ids,`b`.`role_id`,b.name as role_name,b.status as role_status FROM `admin_user` `a` INNER JOIN `role` `b` ON a.role_id in(b.role_id) WHERE  `a`.`user` = 'admin'  AND `a`.`pwd` = 'b720cf94bcd2a6157043cac25209b9ab' LIMIT 1 [ RunTime:0.003503s ]
[2021-08-19T14:01:57+08:00][sql] SHOW FULL COLUMNS FROM `access` [ RunTime:0.002453s ]
[2021-08-19T14:01:57+08:00][sql] SELECT `id`,`purviewval` FROM `access` WHERE  `role_id` = 1 [ RunTime:0.000942s ]
[2021-08-19T14:01:57+08:00][sql] SHOW FULL COLUMNS FROM `log` [ RunTime:0.019107s ]
[2021-08-19T14:01:57+08:00][sql] INSERT INTO `log` SET `application_name` = 'admin' , `username` = 'admin' , `url` = 'http://xght.dxcfd.com/admin/Login/index.html' , `ip` = '123.13.190.20' , `useragent` = 'Mozilla/5.0 (Windows NT 10.0; Win64; x64) AppleWebKit/537.36 (KHTML, like Gecko) Chrome/92.0.4515.131 Safari/537.36 Edg/92.0.902.73' , `create_time` = 1629352917 , `type` = 1 [ RunTime:0.005745s ]
[2021-08-19T14:01:57+08:00][sql] CONNECT:[ UseTime:0.000622s ] mysql:host=127.0.0.1;port=3306;dbname=aa;charset=utf8
[2021-08-19T14:01:57+08:00][sql] SHOW FULL COLUMNS FROM `menu` [ RunTime:0.003257s ]
[2021-08-19T14:01:57+08:00][sql] SELECT * FROM `menu` WHERE  `status` = 1  AND `app_id` = 1  AND `pid` = 0 ORDER BY `sortid` ASC [ RunTime:0.001149s ]
[2021-08-19T14:01:57+08:00][sql] SELECT * FROM `menu` WHERE  `status` = 1  AND `app_id` = 1  AND `pid` = 778 ORDER BY `sortid` ASC [ RunTime:0.000401s ]
[2021-08-19T14:01:57+08:00][sql] SELECT * FROM `menu` WHERE  `status` = 1  AND `app_id` = 1  AND `pid` = 778 ORDER BY `sortid` ASC [ RunTime:0.000427s ]
[2021-08-19T14:01:57+08:00][sql] SELECT * FROM `menu` WHERE  `status` = 1  AND `app_id` = 1  AND `pid` = 779 ORDER BY `sortid` ASC [ RunTime:0.000456s ]
[2021-08-19T14:01:57+08:00][sql] SELECT * FROM `menu` WHERE  `status` = 1  AND `app_id` = 1  AND `pid` = 779 ORDER BY `sortid` ASC [ RunTime:0.000383s ]
[2021-08-19T14:01:57+08:00][sql] SELECT * FROM `menu` WHERE  `status` = 1  AND `app_id` = 1  AND `pid` = 780 ORDER BY `sortid` ASC [ RunTime:0.000427s ]
[2021-08-19T14:01:57+08:00][sql] SELECT * FROM `menu` WHERE  `status` = 1  AND `app_id` = 1  AND `pid` = 780 ORDER BY `sortid` ASC [ RunTime:0.000380s ]
[2021-08-19T14:01:57+08:00][sql] SELECT * FROM `menu` WHERE  `status` = 1  AND `app_id` = 1  AND `pid` = 12 ORDER BY `sortid` ASC [ RunTime:0.000423s ]
[2021-08-19T14:01:57+08:00][sql] SELECT * FROM `menu` WHERE  `status` = 1  AND `app_id` = 1  AND `pid` = 12 ORDER BY `sortid` ASC [ RunTime:0.000409s ]
[2021-08-19T14:01:57+08:00][sql] SELECT * FROM `menu` WHERE  `status` = 1  AND `app_id` = 1  AND `pid` = 17 ORDER BY `sortid` ASC [ RunTime:0.000392s ]
[2021-08-19T14:01:57+08:00][sql] SELECT * FROM `menu` WHERE  `status` = 1  AND `app_id` = 1  AND `pid` = 17 ORDER BY `sortid` ASC [ RunTime:0.000377s ]
[2021-08-19T14:01:57+08:00][sql] SELECT * FROM `menu` WHERE  `status` = 1  AND `app_id` = 1  AND `pid` = 80 ORDER BY `sortid` ASC [ RunTime:0.000408s ]
[2021-08-19T14:01:57+08:00][sql] SELECT * FROM `menu` WHERE  `status` = 1  AND `app_id` = 1  AND `pid` = 80 ORDER BY `sortid` ASC [ RunTime:0.000392s ]
[2021-08-19T14:01:57+08:00][sql] SELECT * FROM `menu` WHERE  `status` = 1  AND `app_id` = 1  AND `pid` = 21 ORDER BY `sortid` ASC [ RunTime:0.000397s ]
[2021-08-19T14:01:57+08:00][sql] SELECT * FROM `menu` WHERE  `status` = 1  AND `app_id` = 1  AND `pid` = 21 ORDER BY `sortid` ASC [ RunTime:0.000370s ]
[2021-08-19T14:01:57+08:00][sql] SELECT * FROM `menu` WHERE  `status` = 1  AND `app_id` = 1  AND `pid` = 18 ORDER BY `sortid` ASC [ RunTime:0.000441s ]
[2021-08-19T14:01:57+08:00][sql] SELECT * FROM `menu` WHERE  `status` = 1  AND `app_id` = 1  AND `pid` = 18 ORDER BY `sortid` ASC [ RunTime:0.000363s ]
[2021-08-19T14:01:57+08:00][sql] SELECT * FROM `menu` WHERE  `status` = 1  AND `app_id` = 1  AND `pid` = 19 ORDER BY `sortid` ASC [ RunTime:0.000372s ]
[2021-08-19T14:01:57+08:00][sql] SELECT * FROM `menu` WHERE  `status` = 1  AND `app_id` = 1  AND `pid` = 19 ORDER BY `sortid` ASC [ RunTime:0.000385s ]
[2021-08-19T14:01:57+08:00][sql] SELECT * FROM `menu` WHERE  `status` = 1  AND `app_id` = 1  AND `pid` = 41 ORDER BY `sortid` ASC [ RunTime:0.000400s ]
[2021-08-19T14:01:57+08:00][sql] SELECT * FROM `menu` WHERE  `status` = 1  AND `app_id` = 1  AND `pid` = 41 ORDER BY `sortid` ASC [ RunTime:0.000428s ]
[2021-08-19T14:01:57+08:00][sql] SELECT * FROM `menu` WHERE  `status` = 1  AND `app_id` = 1  AND `pid` = 670 ORDER BY `sortid` ASC [ RunTime:0.000411s ]
[2021-08-19T14:01:57+08:00][sql] SELECT * FROM `menu` WHERE  `status` = 1  AND `app_id` = 1  AND `pid` = 670 ORDER BY `sortid` ASC [ RunTime:0.000440s ]
[2021-08-19T14:01:57+08:00][sql] SELECT * FROM `menu` WHERE  `status` = 1  AND `app_id` = 1  AND `pid` = 673 ORDER BY `sortid` ASC [ RunTime:0.000382s ]
[2021-08-19T14:01:57+08:00][sql] SELECT * FROM `menu` WHERE  `status` = 1  AND `app_id` = 1  AND `pid` = 673 ORDER BY `sortid` ASC [ RunTime:0.000379s ]
[2021-08-19T14:02:03+08:00][sql] CONNECT:[ UseTime:0.000376s ] mysql:host=127.0.0.1;port=3306;dbname=aa;charset=utf8
[2021-08-19T14:02:03+08:00][sql] SHOW FULL COLUMNS FROM `newlist` [ RunTime:0.037547s ]
[2021-08-19T14:02:03+08:00][sql] SELECT COUNT(*) AS think_count FROM `newlist` [ RunTime:0.000288s ]
[2021-08-19T14:02:03+08:00][sql] SELECT `newlist_id`,`names`,`code`,`price`,`zt` FROM `newlist` ORDER BY `newlist_id` DESC LIMIT 0,20 [ RunTime:0.000268s ]
[2021-08-19T14:02:07+08:00][sql] CONNECT:[ UseTime:0.000334s ] mysql:host=127.0.0.1;port=3306;dbname=aa;charset=utf8
[2021-08-19T14:02:07+08:00][sql] SHOW FULL COLUMNS FROM `lists` [ RunTime:0.011287s ]
[2021-08-19T14:02:07+08:00][sql] SELECT COUNT(*) AS think_count FROM `lists` [ RunTime:0.000262s ]
[2021-08-19T14:02:07+08:00][sql] SELECT `lists_id`,`agent`,`zname`,`phone`,`xgname`,`codes`,`nums`,`bzj`,`zts`,`mrsj` FROM `lists` ORDER BY `lists_id` DESC LIMIT 0,20 [ RunTime:0.000321s ]
[2021-08-19T14:02:12+08:00][sql] CONNECT:[ UseTime:0.001575s ] mysql:host=127.0.0.1;port=3306;dbname=aa;charset=utf8
[2021-08-19T14:02:12+08:00][sql] SHOW FULL COLUMNS FROM `user` [ RunTime:0.001641s ]
[2021-08-19T14:02:12+08:00][sql] SELECT COUNT(*) AS think_count FROM `user` [ RunTime:0.002409s ]
[2021-08-19T14:02:12+08:00][sql] SELECT `id`,`agent_id`,`agent_name`,`phone`,`nick_name`,`sgzj`,`djzj` FROM `user` ORDER BY `id` DESC LIMIT 0,20 [ RunTime:0.000342s ]
[2021-08-19T14:02:24+08:00][sql] CONNECT:[ UseTime:0.002106s ] mysql:host=127.0.0.1;port=3306;dbname=aa;charset=utf8
[2021-08-19T14:02:24+08:00][sql] SHOW FULL COLUMNS FROM `config` [ RunTime:0.002461s ]
[2021-08-19T14:02:24+08:00][sql] SELECT `name`,`data` FROM `config` [ RunTime:0.000286s ]
[2021-08-19T14:02:24+08:00][sql] SELECT `name`,`data` FROM `config` [ RunTime:0.000338s ]
[2021-08-19T14:02:34+08:00][sql] CONNECT:[ UseTime:0.000409s ] mysql:host=127.0.0.1;port=3306;dbname=aa;charset=utf8
[2021-08-19T14:02:34+08:00][sql] select role_id,name,pid from role [ RunTime:0.000322s ]
[2021-08-19T14:02:35+08:00][sql] CONNECT:[ UseTime:0.000583s ] mysql:host=127.0.0.1;port=3306;dbname=aa;charset=utf8
[2021-08-19T14:02:35+08:00][sql] select a.*,group_concat(b.name) as role_name from admin_user as a left join role as b on find_in_set(b.role_id,a.role_id)  group by a.user_id order by user_id desc limit 0,20 [ RunTime:0.000490s ]
[2021-08-19T14:02:35+08:00][sql] select count(*) as count from (select a.*,group_concat(b.name) as role_name from admin_user as a left join role as b on find_in_set(b.role_id,a.role_id)  group by a.user_id) as tp [ RunTime:0.000736s ]
[2021-08-19T14:02:36+08:00][sql] CONNECT:[ UseTime:0.000491s ] mysql:host=127.0.0.1;port=3306;dbname=aa;charset=utf8
[2021-08-19T14:02:36+08:00][sql] SHOW FULL COLUMNS FROM `role` [ RunTime:0.000878s ]
[2021-08-19T14:02:36+08:00][sql] SELECT COUNT(*) AS think_count FROM `role` [ RunTime:0.000248s ]
[2021-08-19T14:02:36+08:00][sql] SELECT * FROM `role` ORDER BY `role_id` DESC LIMIT 0,20 [ RunTime:0.000278s ]
[2021-08-19T14:02:37+08:00][sql] CONNECT:[ UseTime:0.000377s ] mysql:host=127.0.0.1;port=3306;dbname=aa;charset=utf8
[2021-08-19T14:02:37+08:00][sql] SHOW FULL COLUMNS FROM `application` [ RunTime:0.002976s ]
[2021-08-19T14:02:37+08:00][sql] SELECT * FROM `application` ORDER BY `app_id` DESC [ RunTime:0.001100s ]
[2021-08-19T14:02:37+08:00][sql] SELECT COUNT(*) AS think_count FROM `application` [ RunTime:0.000222s ]
[2021-08-19T14:02:42+08:00][sql] CONNECT:[ UseTime:0.000400s ] mysql:host=127.0.0.1;port=3306;dbname=aa;charset=utf8
[2021-08-19T14:02:42+08:00][sql] SHOW FULL COLUMNS FROM `menu` [ RunTime:0.001110s ]
[2021-08-19T14:02:42+08:00][sql] SELECT * FROM `menu` WHERE  `status` = 1  AND `app_id` = 1  AND `pid` = 0 ORDER BY `sortid` ASC [ RunTime:0.000467s ]
[2021-08-19T14:02:42+08:00][sql] SELECT * FROM `menu` WHERE  `status` = 1  AND `app_id` = 1  AND `pid` = 778 ORDER BY `sortid` ASC [ RunTime:0.000476s ]
[2021-08-19T14:02:42+08:00][sql] SELECT * FROM `menu` WHERE  `status` = 1  AND `app_id` = 1  AND `pid` = 778 ORDER BY `sortid` ASC [ RunTime:0.000414s ]
[2021-08-19T14:02:42+08:00][sql] SELECT * FROM `menu` WHERE  `status` = 1  AND `app_id` = 1  AND `pid` = 779 ORDER BY `sortid` ASC [ RunTime:0.000412s ]
[2021-08-19T14:02:42+08:00][sql] SELECT * FROM `menu` WHERE  `status` = 1  AND `app_id` = 1  AND `pid` = 779 ORDER BY `sortid` ASC [ RunTime:0.000379s ]
[2021-08-19T14:02:42+08:00][sql] SELECT * FROM `menu` WHERE  `status` = 1  AND `app_id` = 1  AND `pid` = 780 ORDER BY `sortid` ASC [ RunTime:0.000380s ]
[2021-08-19T14:02:42+08:00][sql] SELECT * FROM `menu` WHERE  `status` = 1  AND `app_id` = 1  AND `pid` = 780 ORDER BY `sortid` ASC [ RunTime:0.000392s ]
[2021-08-19T14:02:42+08:00][sql] SELECT * FROM `menu` WHERE  `status` = 1  AND `app_id` = 1  AND `pid` = 12 ORDER BY `sortid` ASC [ RunTime:0.000437s ]
[2021-08-19T14:02:42+08:00][sql] SELECT * FROM `menu` WHERE  `status` = 1  AND `app_id` = 1  AND `pid` = 12 ORDER BY `sortid` ASC [ RunTime:0.000416s ]
[2021-08-19T14:02:42+08:00][sql] SELECT * FROM `menu` WHERE  `status` = 1  AND `app_id` = 1  AND `pid` = 17 ORDER BY `sortid` ASC [ RunTime:0.000390s ]
[2021-08-19T14:02:42+08:00][sql] SELECT * FROM `menu` WHERE  `status` = 1  AND `app_id` = 1  AND `pid` = 17 ORDER BY `sortid` ASC [ RunTime:0.000407s ]
[2021-08-19T14:02:42+08:00][sql] SELECT * FROM `menu` WHERE  `status` = 1  AND `app_id` = 1  AND `pid` = 80 ORDER BY `sortid` ASC [ RunTime:0.000368s ]
[2021-08-19T14:02:42+08:00][sql] SELECT * FROM `menu` WHERE  `status` = 1  AND `app_id` = 1  AND `pid` = 80 ORDER BY `sortid` ASC [ RunTime:0.000440s ]
[2021-08-19T14:02:42+08:00][sql] SELECT * FROM `menu` WHERE  `status` = 1  AND `app_id` = 1  AND `pid` = 21 ORDER BY `sortid` ASC [ RunTime:0.000371s ]
[2021-08-19T14:02:42+08:00][sql] SELECT * FROM `menu` WHERE  `status` = 1  AND `app_id` = 1  AND `pid` = 21 ORDER BY `sortid` ASC [ RunTime:0.000381s ]
[2021-08-19T14:02:42+08:00][sql] SELECT * FROM `menu` WHERE  `status` = 1  AND `app_id` = 1  AND `pid` = 18 ORDER BY `sortid` ASC [ RunTime:0.000423s ]
[2021-08-19T14:02:42+08:00][sql] SELECT * FROM `menu` WHERE  `status` = 1  AND `app_id` = 1  AND `pid` = 18 ORDER BY `sortid` ASC [ RunTime:0.000381s ]
[2021-08-19T14:02:42+08:00][sql] SELECT * FROM `menu` WHERE  `status` = 1  AND `app_id` = 1  AND `pid` = 19 ORDER BY `sortid` ASC [ RunTime:0.000365s ]
[2021-08-19T14:02:42+08:00][sql] SELECT * FROM `menu` WHERE  `status` = 1  AND `app_id` = 1  AND `pid` = 19 ORDER BY `sortid` ASC [ RunTime:0.000389s ]
[2021-08-19T14:02:42+08:00][sql] SELECT * FROM `menu` WHERE  `status` = 1  AND `app_id` = 1  AND `pid` = 41 ORDER BY `sortid` ASC [ RunTime:0.000372s ]
[2021-08-19T14:02:42+08:00][sql] SELECT * FROM `menu` WHERE  `status` = 1  AND `app_id` = 1  AND `pid` = 41 ORDER BY `sortid` ASC [ RunTime:0.000472s ]
[2021-08-19T14:02:42+08:00][sql] SELECT * FROM `menu` WHERE  `status` = 1  AND `app_id` = 1  AND `pid` = 670 ORDER BY `sortid` ASC [ RunTime:0.000372s ]
[2021-08-19T14:02:42+08:00][sql] SELECT * FROM `menu` WHERE  `status` = 1  AND `app_id` = 1  AND `pid` = 670 ORDER BY `sortid` ASC [ RunTime:0.000400s ]
[2021-08-19T14:02:42+08:00][sql] SELECT * FROM `menu` WHERE  `status` = 1  AND `app_id` = 1  AND `pid` = 673 ORDER BY `sortid` ASC [ RunTime:0.000369s ]
[2021-08-19T14:02:42+08:00][sql] SELECT * FROM `menu` WHERE  `status` = 1  AND `app_id` = 1  AND `pid` = 673 ORDER BY `sortid` ASC [ RunTime:0.000403s ]
[2021-08-19T14:02:52+08:00][sql] CONNECT:[ UseTime:0.000395s ] mysql:host=127.0.0.1;port=3306;dbname=aa;charset=utf8
[2021-08-19T14:02:52+08:00][sql] show tables [ RunTime:0.000583s ]
[2021-08-19T14:02:52+08:00][sql] SHOW FULL COLUMNS FROM `application` [ RunTime:0.000815s ]
[2021-08-19T14:02:52+08:00][sql] SELECT * FROM `application` WHERE  `app_id` = 1 LIMIT 1 [ RunTime:0.000341s ]
[2021-08-19T14:02:52+08:00][sql] SELECT * FROM `application` WHERE  ( 1=1 ) [ RunTime:0.000303s ]
[2021-08-19T14:02:52+08:00][sql] SELECT * FROM `application` WHERE  ( 1=1 ) [ RunTime:0.000384s ]
[2021-08-19T14:02:52+08:00][sql] CONNECT:[ UseTime:0.000388s ] mysql:host=127.0.0.1;port=3306;dbname=aa;charset=utf8
[2021-08-19T14:02:52+08:00][sql] SHOW FULL COLUMNS FROM `menu` [ RunTime:0.000937s ]
[2021-08-19T14:02:52+08:00][sql] SELECT * FROM `menu` WHERE  `app_id` = 1 ORDER BY `sortid` ASC [ RunTime:0.000551s ]
[2021-08-19T14:02:52+08:00][sql] SELECT COUNT(*) AS think_count FROM `menu` WHERE  `app_id` = 1 ORDER BY `sortid` ASC [ RunTime:0.000340s ]
[2021-08-19T14:03:07+08:00][sql] CONNECT:[ UseTime:0.022267s ] mysql:host=127.0.0.1;port=3306;dbname=aa;charset=utf8
[2021-08-19T14:03:07+08:00][sql] SHOW FULL COLUMNS FROM `role` [ RunTime:0.001206s ]
[2021-08-19T14:03:07+08:00][sql] SELECT * FROM `role` WHERE  `role_id` = 1 LIMIT 1 [ RunTime:0.000338s ]
[2021-08-19T14:03:07+08:00][sql] SELECT * FROM `role` WHERE  `role_id` = 0 LIMIT 1 [ RunTime:0.000425s ]
[2021-08-19T14:03:07+08:00][sql] SHOW FULL COLUMNS FROM `access` [ RunTime:0.001230s ]
[2021-08-19T14:03:07+08:00][sql] SELECT `id`,`purviewval` FROM `access` WHERE  `role_id` IS NULL [ RunTime:0.000299s ]
[2021-08-19T14:03:07+08:00][sql] SELECT `id`,`purviewval` FROM `access` WHERE  `role_id` = 1 [ RunTime:0.000342s ]
[2021-08-19T14:03:07+08:00][sql] SHOW FULL COLUMNS FROM `menu` [ RunTime:0.002079s ]
[2021-08-19T14:03:07+08:00][sql] SELECT * FROM `menu` WHERE  `app_id` = 1  AND `pid` = 0 ORDER BY `sortid` ASC [ RunTime:0.000468s ]
[2021-08-19T14:03:07+08:00][sql] SELECT * FROM `menu` WHERE  `app_id` = 1  AND `pid` = 778 ORDER BY `sortid` ASC [ RunTime:0.000459s ]
[2021-08-19T14:03:07+08:00][sql] SHOW FULL COLUMNS FROM `action` [ RunTime:0.006235s ]
[2021-08-19T14:03:07+08:00][sql] SELECT * FROM `action` WHERE  `menu_id` = 778 ORDER BY `sortid` ASC [ RunTime:0.002065s ]
[2021-08-19T14:03:07+08:00][sql] SELECT * FROM `menu` WHERE  `app_id` = 1  AND `pid` = 779 ORDER BY `sortid` ASC [ RunTime:0.000386s ]
[2021-08-19T14:03:07+08:00][sql] SELECT * FROM `action` WHERE  `menu_id` = 779 ORDER BY `sortid` ASC [ RunTime:0.000459s ]
[2021-08-19T14:03:07+08:00][sql] SELECT * FROM `menu` WHERE  `app_id` = 1  AND `pid` = 780 ORDER BY `sortid` ASC [ RunTime:0.000383s ]
[2021-08-19T14:03:07+08:00][sql] SELECT * FROM `action` WHERE  `menu_id` = 780 ORDER BY `sortid` ASC [ RunTime:0.000432s ]
[2021-08-19T14:03:07+08:00][sql] SELECT * FROM `menu` WHERE  `app_id` = 1  AND `pid` = 12 ORDER BY `sortid` ASC [ RunTime:0.000405s ]
[2021-08-19T14:03:07+08:00][sql] SELECT * FROM `menu` WHERE  `app_id` = 1  AND `pid` = 12 ORDER BY `sortid` ASC [ RunTime:0.000423s ]
[2021-08-19T14:03:07+08:00][sql] SELECT * FROM `menu` WHERE  `app_id` = 1  AND `pid` = 17 ORDER BY `sortid` ASC [ RunTime:0.000363s ]
[2021-08-19T14:03:07+08:00][sql] SELECT * FROM `action` WHERE  `menu_id` = 17 ORDER BY `sortid` ASC [ RunTime:0.000340s ]
[2021-08-19T14:03:07+08:00][sql] SELECT * FROM `menu` WHERE  `app_id` = 1  AND `pid` = 80 ORDER BY `sortid` ASC [ RunTime:0.000388s ]
[2021-08-19T14:03:07+08:00][sql] SELECT * FROM `action` WHERE  `menu_id` = 80 ORDER BY `sortid` ASC [ RunTime:0.000334s ]
[2021-08-19T14:03:07+08:00][sql] SELECT * FROM `menu` WHERE  `app_id` = 1  AND `pid` = 21 ORDER BY `sortid` ASC [ RunTime:0.000378s ]
[2021-08-19T14:03:07+08:00][sql] SELECT * FROM `action` WHERE  `menu_id` = 21 ORDER BY `sortid` ASC [ RunTime:0.000332s ]
[2021-08-19T14:03:07+08:00][sql] SELECT * FROM `menu` WHERE  `app_id` = 1  AND `pid` = 18 ORDER BY `sortid` ASC [ RunTime:0.000355s ]
[2021-08-19T14:03:07+08:00][sql] SELECT * FROM `action` WHERE  `menu_id` = 18 ORDER BY `sortid` ASC [ RunTime:0.000452s ]
[2021-08-19T14:03:07+08:00][sql] SELECT * FROM `menu` WHERE  `app_id` = 1  AND `pid` = 19 ORDER BY `sortid` ASC [ RunTime:0.000370s ]
[2021-08-19T14:03:07+08:00][sql] SELECT * FROM `action` WHERE  `menu_id` = 19 ORDER BY `sortid` ASC [ RunTime:0.000395s ]
[2021-08-19T14:03:07+08:00][sql] SELECT * FROM `menu` WHERE  `app_id` = 1  AND `pid` = 41 ORDER BY `sortid` ASC [ RunTime:0.000417s ]
[2021-08-19T14:03:07+08:00][sql] SELECT * FROM `action` WHERE  `menu_id` = 41 ORDER BY `sortid` ASC [ RunTime:0.000329s ]
[2021-08-19T14:03:07+08:00][sql] SELECT * FROM `menu` WHERE  `app_id` = 1  AND `pid` = 605 ORDER BY `sortid` ASC [ RunTime:0.002458s ]
[2021-08-19T14:03:07+08:00][sql] SELECT * FROM `action` WHERE  `menu_id` = 605 ORDER BY `sortid` ASC [ RunTime:0.000354s ]
[2021-08-19T14:03:07+08:00][sql] SELECT * FROM `menu` WHERE  `app_id` = 1  AND `pid` = 670 ORDER BY `sortid` ASC [ RunTime:0.000353s ]
[2021-08-19T14:03:07+08:00][sql] SELECT * FROM `action` WHERE  `menu_id` = 670 ORDER BY `sortid` ASC [ RunTime:0.000373s ]
[2021-08-19T14:03:07+08:00][sql] SELECT * FROM `menu` WHERE  `app_id` = 1  AND `pid` = 673 ORDER BY `sortid` ASC [ RunTime:0.000359s ]
[2021-08-19T14:03:07+08:00][sql] SELECT * FROM `action` WHERE  `menu_id` = 673 ORDER BY `sortid` ASC [ RunTime:0.000426s ]
