[2021-08-23T13:47:23+08:00][sql] CONNECT:[ UseTime:0.002591s ] mysql:host=127.0.0.1;port=3306;dbname=aa;charset=utf8
[2021-08-23T13:47:23+08:00][sql] SHOW FULL COLUMNS FROM `config` [ RunTime:0.010327s ]
[2021-08-23T13:47:23+08:00][sql] SELECT `name`,`data` FROM `config` [ RunTime:0.001772s ]
[2021-08-23T13:47:42+08:00][sql] CONNECT:[ UseTime:0.000473s ] mysql:host=127.0.0.1;port=3306;dbname=aa;charset=utf8
[2021-08-23T13:47:42+08:00][sql] SHOW FULL COLUMNS FROM `admin_user` [ RunTime:0.018061s ]
[2021-08-23T13:47:42+08:00][sql] SELECT `a`.`user_id`,`a`.`name`,a.user as username,`a`.`status`,a.role_id as user_role_ids,`b`.`role_id`,b.name as role_name,b.status as role_status FROM `admin_user` `a` INNER JOIN `role` `b` ON a.role_id in(b.role_id) WHERE  `a`.`user` = 'admin'  AND `a`.`pwd` = 'b720cf94bcd2a6157043cac25209b9ab' LIMIT 1 [ RunTime:0.002834s ]
[2021-08-23T13:47:42+08:00][sql] SHOW FULL COLUMNS FROM `access` [ RunTime:0.001419s ]
[2021-08-23T13:47:42+08:00][sql] SELECT `id`,`purviewval` FROM `access` WHERE  `role_id` = 1 [ RunTime:0.001178s ]
[2021-08-23T13:47:42+08:00][sql] SHOW FULL COLUMNS FROM `log` [ RunTime:0.000912s ]
[2021-08-23T13:47:42+08:00][sql] INSERT INTO `log` SET `application_name` = 'admin' , `username` = 'admin' , `url` = 'http://xght.dxcfd.com/admin/Login/index.html' , `ip` = '119.131.150.129' , `useragent` = 'Mozilla/5.0 (Windows NT 10.0; Win64; x64) AppleWebKit/537.36 (KHTML, like Gecko) Chrome/91.0.4472.101 Safari/537.36' , `create_time` = 1629697662 , `type` = 1 [ RunTime:0.006344s ]
[2021-08-23T13:47:43+08:00][sql] CONNECT:[ UseTime:0.000471s ] mysql:host=127.0.0.1;port=3306;dbname=aa;charset=utf8
[2021-08-23T13:47:43+08:00][sql] SHOW FULL COLUMNS FROM `menu` [ RunTime:0.002084s ]
[2021-08-23T13:47:43+08:00][sql] SELECT * FROM `menu` WHERE  `status` = 1  AND `app_id` = 1  AND `pid` = 0 ORDER BY `sortid` ASC [ RunTime:0.001386s ]
[2021-08-23T13:47:43+08:00][sql] SELECT * FROM `menu` WHERE  `status` = 1  AND `app_id` = 1  AND `pid` = 778 ORDER BY `sortid` ASC [ RunTime:0.000389s ]
[2021-08-23T13:47:43+08:00][sql] SELECT * FROM `menu` WHERE  `status` = 1  AND `app_id` = 1  AND `pid` = 778 ORDER BY `sortid` ASC [ RunTime:0.000404s ]
[2021-08-23T13:47:43+08:00][sql] SELECT * FROM `menu` WHERE  `status` = 1  AND `app_id` = 1  AND `pid` = 779 ORDER BY `sortid` ASC [ RunTime:0.000435s ]
[2021-08-23T13:47:43+08:00][sql] SELECT * FROM `menu` WHERE  `status` = 1  AND `app_id` = 1  AND `pid` = 779 ORDER BY `sortid` ASC [ RunTime:0.000367s ]
[2021-08-23T13:47:43+08:00][sql] SELECT * FROM `menu` WHERE  `status` = 1  AND `app_id` = 1  AND `pid` = 780 ORDER BY `sortid` ASC [ RunTime:0.000421s ]
[2021-08-23T13:47:43+08:00][sql] SELECT * FROM `menu` WHERE  `status` = 1  AND `app_id` = 1  AND `pid` = 780 ORDER BY `sortid` ASC [ RunTime:0.000372s ]
[2021-08-23T13:47:43+08:00][sql] SELECT * FROM `menu` WHERE  `status` = 1  AND `app_id` = 1  AND `pid` = 12 ORDER BY `sortid` ASC [ RunTime:0.000449s ]
[2021-08-23T13:47:43+08:00][sql] SELECT * FROM `menu` WHERE  `status` = 1  AND `app_id` = 1  AND `pid` = 12 ORDER BY `sortid` ASC [ RunTime:0.000405s ]
[2021-08-23T13:47:43+08:00][sql] SELECT * FROM `menu` WHERE  `status` = 1  AND `app_id` = 1  AND `pid` = 17 ORDER BY `sortid` ASC [ RunTime:0.000390s ]
[2021-08-23T13:47:43+08:00][sql] SELECT * FROM `menu` WHERE  `status` = 1  AND `app_id` = 1  AND `pid` = 17 ORDER BY `sortid` ASC [ RunTime:0.000375s ]
[2021-08-23T13:47:43+08:00][sql] SELECT * FROM `menu` WHERE  `status` = 1  AND `app_id` = 1  AND `pid` = 80 ORDER BY `sortid` ASC [ RunTime:0.000386s ]
[2021-08-23T13:47:43+08:00][sql] SELECT * FROM `menu` WHERE  `status` = 1  AND `app_id` = 1  AND `pid` = 80 ORDER BY `sortid` ASC [ RunTime:0.000369s ]
[2021-08-23T13:47:43+08:00][sql] SELECT * FROM `menu` WHERE  `status` = 1  AND `app_id` = 1  AND `pid` = 21 ORDER BY `sortid` ASC [ RunTime:0.000372s ]
[2021-08-23T13:47:43+08:00][sql] SELECT * FROM `menu` WHERE  `status` = 1  AND `app_id` = 1  AND `pid` = 21 ORDER BY `sortid` ASC [ RunTime:0.000366s ]
[2021-08-23T13:47:43+08:00][sql] SELECT * FROM `menu` WHERE  `status` = 1  AND `app_id` = 1  AND `pid` = 18 ORDER BY `sortid` ASC [ RunTime:0.000374s ]
[2021-08-23T13:47:43+08:00][sql] SELECT * FROM `menu` WHERE  `status` = 1  AND `app_id` = 1  AND `pid` = 18 ORDER BY `sortid` ASC [ RunTime:0.000377s ]
[2021-08-23T13:47:43+08:00][sql] SELECT * FROM `menu` WHERE  `status` = 1  AND `app_id` = 1  AND `pid` = 19 ORDER BY `sortid` ASC [ RunTime:0.000396s ]
[2021-08-23T13:47:43+08:00][sql] SELECT * FROM `menu` WHERE  `status` = 1  AND `app_id` = 1  AND `pid` = 19 ORDER BY `sortid` ASC [ RunTime:0.000378s ]
[2021-08-23T13:47:43+08:00][sql] SELECT * FROM `menu` WHERE  `status` = 1  AND `app_id` = 1  AND `pid` = 41 ORDER BY `sortid` ASC [ RunTime:0.000375s ]
[2021-08-23T13:47:43+08:00][sql] SELECT * FROM `menu` WHERE  `status` = 1  AND `app_id` = 1  AND `pid` = 41 ORDER BY `sortid` ASC [ RunTime:0.000390s ]
[2021-08-23T13:47:43+08:00][sql] SELECT * FROM `menu` WHERE  `status` = 1  AND `app_id` = 1  AND `pid` = 670 ORDER BY `sortid` ASC [ RunTime:0.000361s ]
[2021-08-23T13:47:43+08:00][sql] SELECT * FROM `menu` WHERE  `status` = 1  AND `app_id` = 1  AND `pid` = 670 ORDER BY `sortid` ASC [ RunTime:0.000396s ]
[2021-08-23T13:47:43+08:00][sql] SELECT * FROM `menu` WHERE  `status` = 1  AND `app_id` = 1  AND `pid` = 673 ORDER BY `sortid` ASC [ RunTime:0.000361s ]
[2021-08-23T13:47:43+08:00][sql] SELECT * FROM `menu` WHERE  `status` = 1  AND `app_id` = 1  AND `pid` = 673 ORDER BY `sortid` ASC [ RunTime:0.000398s ]
[2021-08-23T13:47:47+08:00][sql] CONNECT:[ UseTime:0.000445s ] mysql:host=127.0.0.1;port=3306;dbname=aa;charset=utf8
[2021-08-23T13:47:47+08:00][sql] SHOW FULL COLUMNS FROM `lists` [ RunTime:0.001283s ]
[2021-08-23T13:47:47+08:00][sql] SELECT COUNT(*) AS think_count FROM `lists` [ RunTime:0.002476s ]
[2021-08-23T13:47:47+08:00][sql] SELECT `lists_id`,`agent`,`zname`,`phone`,`xgname`,`codes`,`nums`,`bzj`,`zts`,`mrsj` FROM `lists` ORDER BY `lists_id` DESC LIMIT 0,20 [ RunTime:0.000368s ]
[2021-08-23T13:47:53+08:00][sql] CONNECT:[ UseTime:0.000454s ] mysql:host=127.0.0.1;port=3306;dbname=aa;charset=utf8
[2021-08-23T13:47:53+08:00][sql] SHOW FULL COLUMNS FROM `newlist` [ RunTime:0.001358s ]
[2021-08-23T13:47:53+08:00][sql] SELECT COUNT(*) AS think_count FROM `newlist` [ RunTime:0.052040s ]
[2021-08-23T13:47:53+08:00][sql] SELECT `newlist_id`,`names`,`code`,`price`,`zt` FROM `newlist` ORDER BY `newlist_id` DESC LIMIT 0,20 [ RunTime:0.000372s ]
[2021-08-23T17:59:41+08:00][error] 错误信息:controller not exists:\think\app
[2021-08-23T17:59:41+08:00][error] 错误信息:controller not exists:\think\Lang
[2021-08-23T17:59:41+08:00][error] 错误信息:controller not exists:\think\Lang
[2021-08-23T20:01:37+08:00][sql] CONNECT:[ UseTime:0.000405s ] mysql:host=127.0.0.1;port=3306;dbname=aa;charset=utf8
[2021-08-23T20:01:37+08:00][sql] SHOW FULL COLUMNS FROM `config` [ RunTime:0.000855s ]
[2021-08-23T20:01:37+08:00][sql] SELECT `name`,`data` FROM `config` [ RunTime:0.000326s ]
[2021-08-23T20:01:49+08:00][sql] CONNECT:[ UseTime:0.000631s ] mysql:host=127.0.0.1;port=3306;dbname=aa;charset=utf8
[2021-08-23T20:01:49+08:00][sql] SHOW FULL COLUMNS FROM `admin_user` [ RunTime:0.001205s ]
[2021-08-23T20:01:49+08:00][sql] SELECT `a`.`user_id`,`a`.`name`,a.user as username,`a`.`status`,a.role_id as user_role_ids,`b`.`role_id`,b.name as role_name,b.status as role_status FROM `admin_user` `a` INNER JOIN `role` `b` ON a.role_id in(b.role_id) WHERE  `a`.`user` = 'admin'  AND `a`.`pwd` = 'b720cf94bcd2a6157043cac25209b9ab' LIMIT 1 [ RunTime:0.001808s ]
[2021-08-23T20:01:49+08:00][sql] SHOW FULL COLUMNS FROM `access` [ RunTime:0.000919s ]
[2021-08-23T20:01:49+08:00][sql] SELECT `id`,`purviewval` FROM `access` WHERE  `role_id` = 1 [ RunTime:0.001000s ]
[2021-08-23T20:01:49+08:00][sql] SHOW FULL COLUMNS FROM `log` [ RunTime:0.001267s ]
[2021-08-23T20:01:49+08:00][sql] INSERT INTO `log` SET `application_name` = 'admin' , `username` = 'admin' , `url` = 'http://xght.dxcfd.com/admin/Login/index.html' , `ip` = '60.16.131.165' , `useragent` = 'Mozilla/5.0 (Windows NT 10.0; WOW64) AppleWebKit/537.36 (KHTML, like Gecko) Chrome/86.0.4240.198 Safari/537.36' , `create_time` = 1629720109 , `type` = 1 [ RunTime:0.004673s ]
[2021-08-23T20:01:49+08:00][sql] CONNECT:[ UseTime:0.000412s ] mysql:host=127.0.0.1;port=3306;dbname=aa;charset=utf8
[2021-08-23T20:01:49+08:00][sql] SHOW FULL COLUMNS FROM `menu` [ RunTime:0.001239s ]
[2021-08-23T20:01:49+08:00][sql] SELECT * FROM `menu` WHERE  `status` = 1  AND `app_id` = 1  AND `pid` = 0 ORDER BY `sortid` ASC [ RunTime:0.001494s ]
[2021-08-23T20:01:49+08:00][sql] SELECT * FROM `menu` WHERE  `status` = 1  AND `app_id` = 1  AND `pid` = 778 ORDER BY `sortid` ASC [ RunTime:0.000456s ]
[2021-08-23T20:01:49+08:00][sql] SELECT * FROM `menu` WHERE  `status` = 1  AND `app_id` = 1  AND `pid` = 778 ORDER BY `sortid` ASC [ RunTime:0.000382s ]
[2021-08-23T20:01:49+08:00][sql] SELECT * FROM `menu` WHERE  `status` = 1  AND `app_id` = 1  AND `pid` = 779 ORDER BY `sortid` ASC [ RunTime:0.000454s ]
[2021-08-23T20:01:49+08:00][sql] SELECT * FROM `menu` WHERE  `status` = 1  AND `app_id` = 1  AND `pid` = 779 ORDER BY `sortid` ASC [ RunTime:0.000384s ]
[2021-08-23T20:01:49+08:00][sql] SELECT * FROM `menu` WHERE  `status` = 1  AND `app_id` = 1  AND `pid` = 780 ORDER BY `sortid` ASC [ RunTime:0.000430s ]
[2021-08-23T20:01:49+08:00][sql] SELECT * FROM `menu` WHERE  `status` = 1  AND `app_id` = 1  AND `pid` = 780 ORDER BY `sortid` ASC [ RunTime:0.000381s ]
[2021-08-23T20:01:49+08:00][sql] SELECT * FROM `menu` WHERE  `status` = 1  AND `app_id` = 1  AND `pid` = 12 ORDER BY `sortid` ASC [ RunTime:0.000456s ]
[2021-08-23T20:01:49+08:00][sql] SELECT * FROM `menu` WHERE  `status` = 1  AND `app_id` = 1  AND `pid` = 12 ORDER BY `sortid` ASC [ RunTime:0.000435s ]
[2021-08-23T20:01:49+08:00][sql] SELECT * FROM `menu` WHERE  `status` = 1  AND `app_id` = 1  AND `pid` = 17 ORDER BY `sortid` ASC [ RunTime:0.000376s ]
[2021-08-23T20:01:49+08:00][sql] SELECT * FROM `menu` WHERE  `status` = 1  AND `app_id` = 1  AND `pid` = 17 ORDER BY `sortid` ASC [ RunTime:0.000373s ]
[2021-08-23T20:01:49+08:00][sql] SELECT * FROM `menu` WHERE  `status` = 1  AND `app_id` = 1  AND `pid` = 80 ORDER BY `sortid` ASC [ RunTime:0.000391s ]
[2021-08-23T20:01:49+08:00][sql] SELECT * FROM `menu` WHERE  `status` = 1  AND `app_id` = 1  AND `pid` = 80 ORDER BY `sortid` ASC [ RunTime:0.000413s ]
[2021-08-23T20:01:49+08:00][sql] SELECT * FROM `menu` WHERE  `status` = 1  AND `app_id` = 1  AND `pid` = 21 ORDER BY `sortid` ASC [ RunTime:0.000457s ]
[2021-08-23T20:01:49+08:00][sql] SELECT * FROM `menu` WHERE  `status` = 1  AND `app_id` = 1  AND `pid` = 21 ORDER BY `sortid` ASC [ RunTime:0.000483s ]
[2021-08-23T20:01:49+08:00][sql] SELECT * FROM `menu` WHERE  `status` = 1  AND `app_id` = 1  AND `pid` = 18 ORDER BY `sortid` ASC [ RunTime:0.000399s ]
[2021-08-23T20:01:49+08:00][sql] SELECT * FROM `menu` WHERE  `status` = 1  AND `app_id` = 1  AND `pid` = 18 ORDER BY `sortid` ASC [ RunTime:0.000387s ]
[2021-08-23T20:01:49+08:00][sql] SELECT * FROM `menu` WHERE  `status` = 1  AND `app_id` = 1  AND `pid` = 19 ORDER BY `sortid` ASC [ RunTime:0.000379s ]
[2021-08-23T20:01:49+08:00][sql] SELECT * FROM `menu` WHERE  `status` = 1  AND `app_id` = 1  AND `pid` = 19 ORDER BY `sortid` ASC [ RunTime:0.000393s ]
[2021-08-23T20:01:49+08:00][sql] SELECT * FROM `menu` WHERE  `status` = 1  AND `app_id` = 1  AND `pid` = 41 ORDER BY `sortid` ASC [ RunTime:0.000383s ]
[2021-08-23T20:01:49+08:00][sql] SELECT * FROM `menu` WHERE  `status` = 1  AND `app_id` = 1  AND `pid` = 41 ORDER BY `sortid` ASC [ RunTime:0.000393s ]
[2021-08-23T20:01:49+08:00][sql] SELECT * FROM `menu` WHERE  `status` = 1  AND `app_id` = 1  AND `pid` = 670 ORDER BY `sortid` ASC [ RunTime:0.000395s ]
[2021-08-23T20:01:49+08:00][sql] SELECT * FROM `menu` WHERE  `status` = 1  AND `app_id` = 1  AND `pid` = 670 ORDER BY `sortid` ASC [ RunTime:0.000381s ]
[2021-08-23T20:01:49+08:00][sql] SELECT * FROM `menu` WHERE  `status` = 1  AND `app_id` = 1  AND `pid` = 673 ORDER BY `sortid` ASC [ RunTime:0.000386s ]
[2021-08-23T20:01:49+08:00][sql] SELECT * FROM `menu` WHERE  `status` = 1  AND `app_id` = 1  AND `pid` = 673 ORDER BY `sortid` ASC [ RunTime:0.000418s ]
[2021-08-23T20:01:52+08:00][sql] CONNECT:[ UseTime:0.000473s ] mysql:host=127.0.0.1;port=3306;dbname=aa;charset=utf8
[2021-08-23T20:01:52+08:00][sql] SHOW FULL COLUMNS FROM `newlist` [ RunTime:0.001117s ]
[2021-08-23T20:01:52+08:00][sql] SELECT COUNT(*) AS think_count FROM `newlist` [ RunTime:0.000299s ]
[2021-08-23T20:01:52+08:00][sql] SELECT `newlist_id`,`names`,`code`,`price`,`zt` FROM `newlist` ORDER BY `newlist_id` DESC LIMIT 0,20 [ RunTime:0.000294s ]
[2021-08-23T20:01:57+08:00][sql] CONNECT:[ UseTime:0.000399s ] mysql:host=127.0.0.1;port=3306;dbname=aa;charset=utf8
[2021-08-23T20:01:57+08:00][sql] SHOW FULL COLUMNS FROM `lists` [ RunTime:0.000988s ]
[2021-08-23T20:01:57+08:00][sql] SELECT COUNT(*) AS think_count FROM `lists` [ RunTime:0.000285s ]
[2021-08-23T20:01:57+08:00][sql] SELECT `lists_id`,`agent`,`zname`,`phone`,`xgname`,`codes`,`nums`,`bzj`,`zts`,`mrsj` FROM `lists` ORDER BY `lists_id` DESC LIMIT 0,20 [ RunTime:0.000306s ]
[2021-08-23T20:01:58+08:00][sql] CONNECT:[ UseTime:0.000373s ] mysql:host=127.0.0.1;port=3306;dbname=aa;charset=utf8
[2021-08-23T20:01:58+08:00][sql] SHOW FULL COLUMNS FROM `user` [ RunTime:0.001108s ]
[2021-08-23T20:01:58+08:00][sql] SELECT COUNT(*) AS think_count FROM `user` [ RunTime:0.000274s ]
[2021-08-23T20:01:58+08:00][sql] SELECT `id`,`agent_id`,`agent_name`,`phone`,`nick_name`,`sgzj`,`djzj` FROM `user` ORDER BY `id` DESC LIMIT 0,20 [ RunTime:0.000296s ]
[2021-08-23T20:04:31+08:00][sql] CONNECT:[ UseTime:0.000487s ] mysql:host=127.0.0.1;port=3306;dbname=aa;charset=utf8
[2021-08-23T20:04:31+08:00][sql] SHOW FULL COLUMNS FROM `config` [ RunTime:0.000937s ]
[2021-08-23T20:04:31+08:00][sql] SELECT `name`,`data` FROM `config` [ RunTime:0.000290s ]
