[2021-08-24T13:08:46+08:00][sql] CONNECT:[ UseTime:0.000468s ] mysql:host=127.0.0.1;port=3306;dbname=aa;charset=utf8
[2021-08-24T13:08:46+08:00][sql] SHOW FULL COLUMNS FROM `config` [ RunTime:0.000921s ]
[2021-08-24T13:08:46+08:00][sql] SELECT `name`,`data` FROM `config` [ RunTime:0.000327s ]
[2021-08-24T14:23:19+08:00][sql] CONNECT:[ UseTime:0.000426s ] mysql:host=127.0.0.1;port=3306;dbname=aa;charset=utf8
[2021-08-24T14:23:19+08:00][sql] SHOW FULL COLUMNS FROM `config` [ RunTime:0.002006s ]
[2021-08-24T14:23:19+08:00][sql] SELECT `name`,`data` FROM `config` [ RunTime:0.000272s ]
[2021-08-24T14:23:38+08:00][sql] CONNECT:[ UseTime:0.000445s ] mysql:host=127.0.0.1;port=3306;dbname=aa;charset=utf8
[2021-08-24T14:23:38+08:00][sql] SHOW FULL COLUMNS FROM `admin_user` [ RunTime:0.000909s ]
[2021-08-24T14:23:38+08:00][sql] SELECT `a`.`user_id`,`a`.`name`,a.user as username,`a`.`status`,a.role_id as user_role_ids,`b`.`role_id`,b.name as role_name,b.status as role_status FROM `admin_user` `a` INNER JOIN `role` `b` ON a.role_id in(b.role_id) WHERE  `a`.`user` = 'admin'  AND `a`.`pwd` = 'b720cf94bcd2a6157043cac25209b9ab' LIMIT 1 [ RunTime:0.006349s ]
[2021-08-24T14:23:38+08:00][sql] SHOW FULL COLUMNS FROM `access` [ RunTime:0.000880s ]
[2021-08-24T14:23:38+08:00][sql] SELECT `id`,`purviewval` FROM `access` WHERE  `role_id` = 1 [ RunTime:0.002827s ]
[2021-08-24T14:23:38+08:00][sql] SHOW FULL COLUMNS FROM `log` [ RunTime:0.000819s ]
[2021-08-24T14:23:38+08:00][sql] INSERT INTO `log` SET `application_name` = 'admin' , `username` = 'admin' , `url` = 'http://xght.dxcfd.com/admin/Login/index.html' , `ip` = '111.173.133.111' , `useragent` = 'Mozilla/5.0 (Macintosh; Intel Mac OS X 10_15_6) AppleWebKit/605.1.15 (KHTML, like Gecko) Version/14.0.3 Safari/605.1.15' , `create_time` = 1629786218 , `type` = 1 [ RunTime:0.004811s ]
[2021-08-24T14:23:39+08:00][sql] CONNECT:[ UseTime:0.000476s ] mysql:host=127.0.0.1;port=3306;dbname=aa;charset=utf8
[2021-08-24T14:23:39+08:00][sql] SHOW FULL COLUMNS FROM `menu` [ RunTime:0.002863s ]
[2021-08-24T14:23:39+08:00][sql] SELECT * FROM `menu` WHERE  `status` = 1  AND `app_id` = 1  AND `pid` = 0 ORDER BY `sortid` ASC [ RunTime:0.006403s ]
[2021-08-24T14:23:39+08:00][sql] SELECT * FROM `menu` WHERE  `status` = 1  AND `app_id` = 1  AND `pid` = 778 ORDER BY `sortid` ASC [ RunTime:0.000466s ]
[2021-08-24T14:23:39+08:00][sql] SELECT * FROM `menu` WHERE  `status` = 1  AND `app_id` = 1  AND `pid` = 778 ORDER BY `sortid` ASC [ RunTime:0.000369s ]
[2021-08-24T14:23:39+08:00][sql] SELECT * FROM `menu` WHERE  `status` = 1  AND `app_id` = 1  AND `pid` = 779 ORDER BY `sortid` ASC [ RunTime:0.000389s ]
[2021-08-24T14:23:39+08:00][sql] SELECT * FROM `menu` WHERE  `status` = 1  AND `app_id` = 1  AND `pid` = 779 ORDER BY `sortid` ASC [ RunTime:0.000428s ]
[2021-08-24T14:23:39+08:00][sql] SELECT * FROM `menu` WHERE  `status` = 1  AND `app_id` = 1  AND `pid` = 780 ORDER BY `sortid` ASC [ RunTime:0.000387s ]
[2021-08-24T14:23:39+08:00][sql] SELECT * FROM `menu` WHERE  `status` = 1  AND `app_id` = 1  AND `pid` = 780 ORDER BY `sortid` ASC [ RunTime:0.000417s ]
[2021-08-24T14:23:39+08:00][sql] SELECT * FROM `menu` WHERE  `status` = 1  AND `app_id` = 1  AND `pid` = 12 ORDER BY `sortid` ASC [ RunTime:0.000408s ]
[2021-08-24T14:23:39+08:00][sql] SELECT * FROM `menu` WHERE  `status` = 1  AND `app_id` = 1  AND `pid` = 12 ORDER BY `sortid` ASC [ RunTime:0.000501s ]
[2021-08-24T14:23:39+08:00][sql] SELECT * FROM `menu` WHERE  `status` = 1  AND `app_id` = 1  AND `pid` = 17 ORDER BY `sortid` ASC [ RunTime:0.000386s ]
[2021-08-24T14:23:39+08:00][sql] SELECT * FROM `menu` WHERE  `status` = 1  AND `app_id` = 1  AND `pid` = 17 ORDER BY `sortid` ASC [ RunTime:0.000383s ]
[2021-08-24T14:23:39+08:00][sql] SELECT * FROM `menu` WHERE  `status` = 1  AND `app_id` = 1  AND `pid` = 80 ORDER BY `sortid` ASC [ RunTime:0.000414s ]
[2021-08-24T14:23:39+08:00][sql] SELECT * FROM `menu` WHERE  `status` = 1  AND `app_id` = 1  AND `pid` = 80 ORDER BY `sortid` ASC [ RunTime:0.000375s ]
[2021-08-24T14:23:39+08:00][sql] SELECT * FROM `menu` WHERE  `status` = 1  AND `app_id` = 1  AND `pid` = 21 ORDER BY `sortid` ASC [ RunTime:0.000466s ]
[2021-08-24T14:23:39+08:00][sql] SELECT * FROM `menu` WHERE  `status` = 1  AND `app_id` = 1  AND `pid` = 21 ORDER BY `sortid` ASC [ RunTime:0.000384s ]
[2021-08-24T14:23:39+08:00][sql] SELECT * FROM `menu` WHERE  `status` = 1  AND `app_id` = 1  AND `pid` = 18 ORDER BY `sortid` ASC [ RunTime:0.000443s ]
[2021-08-24T14:23:39+08:00][sql] SELECT * FROM `menu` WHERE  `status` = 1  AND `app_id` = 1  AND `pid` = 18 ORDER BY `sortid` ASC [ RunTime:0.000363s ]
[2021-08-24T14:23:39+08:00][sql] SELECT * FROM `menu` WHERE  `status` = 1  AND `app_id` = 1  AND `pid` = 19 ORDER BY `sortid` ASC [ RunTime:0.000367s ]
[2021-08-24T14:23:39+08:00][sql] SELECT * FROM `menu` WHERE  `status` = 1  AND `app_id` = 1  AND `pid` = 19 ORDER BY `sortid` ASC [ RunTime:0.000383s ]
[2021-08-24T14:23:39+08:00][sql] SELECT * FROM `menu` WHERE  `status` = 1  AND `app_id` = 1  AND `pid` = 41 ORDER BY `sortid` ASC [ RunTime:0.000483s ]
[2021-08-24T14:23:39+08:00][sql] SELECT * FROM `menu` WHERE  `status` = 1  AND `app_id` = 1  AND `pid` = 41 ORDER BY `sortid` ASC [ RunTime:0.000452s ]
[2021-08-24T14:23:39+08:00][sql] SELECT * FROM `menu` WHERE  `status` = 1  AND `app_id` = 1  AND `pid` = 670 ORDER BY `sortid` ASC [ RunTime:0.000373s ]
[2021-08-24T14:23:39+08:00][sql] SELECT * FROM `menu` WHERE  `status` = 1  AND `app_id` = 1  AND `pid` = 670 ORDER BY `sortid` ASC [ RunTime:0.000383s ]
[2021-08-24T14:23:39+08:00][sql] SELECT * FROM `menu` WHERE  `status` = 1  AND `app_id` = 1  AND `pid` = 673 ORDER BY `sortid` ASC [ RunTime:0.000377s ]
[2021-08-24T14:23:39+08:00][sql] SELECT * FROM `menu` WHERE  `status` = 1  AND `app_id` = 1  AND `pid` = 673 ORDER BY `sortid` ASC [ RunTime:0.000387s ]
[2021-08-24T14:23:48+08:00][sql] CONNECT:[ UseTime:0.000454s ] mysql:host=127.0.0.1;port=3306;dbname=aa;charset=utf8
[2021-08-24T14:23:48+08:00][sql] SHOW FULL COLUMNS FROM `user` [ RunTime:0.001253s ]
[2021-08-24T14:23:48+08:00][sql] SELECT COUNT(*) AS think_count FROM `user` [ RunTime:0.000299s ]
[2021-08-24T14:23:48+08:00][sql] SELECT `id`,`agent_id`,`agent_name`,`phone`,`nick_name`,`sgzj`,`djzj` FROM `user` ORDER BY `id` DESC LIMIT 0,20 [ RunTime:0.000299s ]
[2021-08-24T14:23:50+08:00][sql] CONNECT:[ UseTime:0.000429s ] mysql:host=127.0.0.1;port=3306;dbname=aa;charset=utf8
[2021-08-24T14:23:50+08:00][sql] SHOW FULL COLUMNS FROM `lists` [ RunTime:0.000965s ]
[2021-08-24T14:23:50+08:00][sql] SELECT COUNT(*) AS think_count FROM `lists` [ RunTime:0.000294s ]
[2021-08-24T14:23:50+08:00][sql] SELECT `lists_id`,`agent`,`zname`,`phone`,`xgname`,`codes`,`nums`,`bzj`,`zts`,`mrsj` FROM `lists` ORDER BY `lists_id` DESC LIMIT 0,20 [ RunTime:0.000349s ]
[2021-08-24T14:23:51+08:00][sql] CONNECT:[ UseTime:0.000441s ] mysql:host=127.0.0.1;port=3306;dbname=aa;charset=utf8
[2021-08-24T14:23:51+08:00][sql] SHOW FULL COLUMNS FROM `newlist` [ RunTime:0.001229s ]
[2021-08-24T14:23:51+08:00][sql] SELECT COUNT(*) AS think_count FROM `newlist` [ RunTime:0.000312s ]
[2021-08-24T14:23:51+08:00][sql] SELECT `newlist_id`,`names`,`code`,`price`,`zt` FROM `newlist` ORDER BY `newlist_id` DESC LIMIT 0,20 [ RunTime:0.000314s ]
[2021-08-24T14:25:46+08:00][sql] CONNECT:[ UseTime:0.000496s ] mysql:host=127.0.0.1;port=3306;dbname=aa;charset=utf8
[2021-08-24T14:25:46+08:00][sql] SHOW FULL COLUMNS FROM `config` [ RunTime:0.000898s ]
[2021-08-24T14:25:46+08:00][sql] SELECT `name`,`data` FROM `config` [ RunTime:0.000316s ]
