[2022-03-28T00:18:23+08:00][info] 接口地址：Lists/getprice,接口输入：Array
(
    [timestamp] => 2022-03-28 00:18:23
)

[2022-03-28T00:18:23+08:00][error] [0]Class 'Redis' not found[/www/wwwroot/lr3.0/lr/new/app/api/common.php:16]
[2022-03-28T00:18:25+08:00][info] 接口地址：Lists/getprice,接口输入：Array
(
    [timestamp] => 2022-03-28 00:18:25
)

[2022-03-28T00:18:25+08:00][error] [0]Class 'Redis' not found[/www/wwwroot/lr3.0/lr/new/app/api/common.php:16]
[2022-03-28T00:19:51+08:00][info] 接口地址：Lists/getprice,接口输入：Array
(
    [timestamp] => 2022-03-28 00:19:51
)

[2022-03-28T00:19:51+08:00][error] [0]Class 'Redis' not found[/www/wwwroot/lr3.0/lr/new/app/api/common.php:16]
[2022-03-28T00:20:02+08:00][info] 接口地址：Newlist/index,接口输入：Array
(
    [timestamp] => 2022-03-28 00:20:02
)

[2022-03-28T00:20:02+08:00][sql] CONNECT:[ UseTime:0.000702s ] mysql:host=127.0.0.1;port=3306;dbname=aa;charset=utf8
[2022-03-28T00:20:02+08:00][sql] SHOW FULL COLUMNS FROM `newlist` [ RunTime:0.003448s ]
[2022-03-28T00:20:02+08:00][sql] SELECT COUNT(*) AS think_count FROM `newlist` [ RunTime:0.000439s ]
[2022-03-28T00:20:02+08:00][sql] SELECT * FROM `newlist` ORDER BY `newlist_id` DESC LIMIT 0,20 [ RunTime:0.000479s ]
[2022-03-28T00:20:03+08:00][info] 接口地址：Lists/getprice,接口输入：Array
(
    [timestamp] => 2022-03-28 00:20:03
)

[2022-03-28T00:20:03+08:00][error] [0]Class 'Redis' not found[/www/wwwroot/lr3.0/lr/new/app/api/common.php:16]
