[2022-04-17T03:12:26+08:00][info] 接口地址：Newlist/index,接口输入：Array
(
    [timestamp] => 2022-04-17 03:12:26
)

[2022-04-17T03:12:26+08:00][sql] CONNECT:[ UseTime:0.000345s ] mysql:host=127.0.0.1;port=3306;dbname=aa;charset=utf8
[2022-04-17T03:12:26+08:00][sql] SHOW FULL COLUMNS FROM `newlist` [ RunTime:0.000752s ]
[2022-04-17T03:12:26+08:00][sql] SELECT COUNT(*) AS think_count FROM `newlist` [ RunTime:0.000232s ]
[2022-04-17T03:12:26+08:00][sql] SELECT * FROM `newlist` ORDER BY `newlist_id` DESC LIMIT 0,20 [ RunTime:0.000218s ]
[2022-04-17T03:12:43+08:00][info] 接口地址：Newlist/index,接口输入：Array
(
    [timestamp] => 2022-04-17 03:12:43
)

[2022-04-17T03:12:43+08:00][sql] CONNECT:[ UseTime:0.000359s ] mysql:host=127.0.0.1;port=3306;dbname=aa;charset=utf8
[2022-04-17T03:12:43+08:00][sql] SHOW FULL COLUMNS FROM `newlist` [ RunTime:0.000868s ]
[2022-04-17T03:12:43+08:00][sql] SELECT COUNT(*) AS think_count FROM `newlist` [ RunTime:0.000213s ]
[2022-04-17T03:12:43+08:00][sql] SELECT * FROM `newlist` ORDER BY `newlist_id` DESC LIMIT 0,20 [ RunTime:0.000183s ]
[2022-04-17T03:12:47+08:00][info] 接口地址：Lists/getprice,接口输入：Array
(
    [timestamp] => 2022-04-17 03:12:47
)

[2022-04-17T03:12:47+08:00][sql] CONNECT:[ UseTime:0.000279s ] mysql:host=127.0.0.1;port=3306;dbname=aa;charset=utf8
[2022-04-17T03:12:47+08:00][sql] SHOW FULL COLUMNS FROM `user` [ RunTime:0.000842s ]
[2022-04-17T03:12:47+08:00][sql] SELECT * FROM `user` WHERE  `id` = 391 LIMIT 1 [ RunTime:0.000345s ]
[2022-04-17T03:14:56+08:00][info] 接口地址：Newlist/index,接口输入：Array
(
    [timestamp] => 2022-04-17 03:14:56
)

[2022-04-17T03:14:56+08:00][sql] CONNECT:[ UseTime:0.000376s ] mysql:host=127.0.0.1;port=3306;dbname=aa;charset=utf8
[2022-04-17T03:14:56+08:00][sql] SHOW FULL COLUMNS FROM `newlist` [ RunTime:0.000740s ]
[2022-04-17T03:14:56+08:00][sql] SELECT COUNT(*) AS think_count FROM `newlist` [ RunTime:0.000219s ]
[2022-04-17T03:14:56+08:00][sql] SELECT * FROM `newlist` ORDER BY `newlist_id` DESC LIMIT 0,20 [ RunTime:0.000176s ]
[2022-04-17T03:15:15+08:00][info] 接口地址：Lists/getprice,接口输入：Array
(
    [timestamp] => 2022-04-17 03:15:15
)

[2022-04-17T03:15:15+08:00][sql] CONNECT:[ UseTime:0.000332s ] mysql:host=127.0.0.1;port=3306;dbname=aa;charset=utf8
[2022-04-17T03:15:15+08:00][sql] SHOW FULL COLUMNS FROM `user` [ RunTime:0.000853s ]
[2022-04-17T03:15:15+08:00][sql] SELECT * FROM `user` WHERE  `id` = 391 LIMIT 1 [ RunTime:0.000354s ]
