[2021-07-27T11:20:40+08:00][info] 接口地址：Newlist/index,接口输入：Array
(
    [timestamp] => 2021-07-27 11:20:40
)

[2021-07-27T11:20:40+08:00][sql] CONNECT:[ UseTime:0.003232s ] mysql:host=127.0.0.1;port=3306;dbname=aa;charset=utf8
[2021-07-27T11:20:40+08:00][sql] SHOW FULL COLUMNS FROM `newlist` [ RunTime:0.002229s ]
[2021-07-27T11:20:40+08:00][sql] SELECT COUNT(*) AS think_count FROM `newlist` [ RunTime:0.000307s ]
[2021-07-27T11:20:40+08:00][sql] SELECT * FROM `newlist` ORDER BY `newlist_id` DESC LIMIT 0,20 [ RunTime:0.000260s ]
[2021-07-27T11:21:44+08:00][info] 接口地址：Newlist/index,接口输入：Array
(
    [timestamp] => 2021-07-27 11:21:44
)

[2021-07-27T11:21:44+08:00][sql] CONNECT:[ UseTime:0.000344s ] mysql:host=127.0.0.1;port=3306;dbname=aa;charset=utf8
[2021-07-27T11:21:44+08:00][sql] SHOW FULL COLUMNS FROM `newlist` [ RunTime:0.000847s ]
[2021-07-27T11:21:44+08:00][sql] SELECT COUNT(*) AS think_count FROM `newlist` [ RunTime:0.000263s ]
[2021-07-27T11:21:44+08:00][sql] SELECT * FROM `newlist` ORDER BY `newlist_id` DESC LIMIT 0,20 [ RunTime:0.000286s ]
[2021-07-27T11:23:10+08:00][info] 接口地址：Newlist/index,接口输入：Array
(
    [timestamp] => 2021-07-27 11:23:10
)

[2021-07-27T11:23:10+08:00][sql] CONNECT:[ UseTime:0.018086s ] mysql:host=127.0.0.1;port=3306;dbname=aa;charset=utf8
[2021-07-27T11:23:10+08:00][sql] SHOW FULL COLUMNS FROM `newlist` [ RunTime:0.000984s ]
[2021-07-27T11:23:10+08:00][sql] SELECT COUNT(*) AS think_count FROM `newlist` [ RunTime:0.000253s ]
[2021-07-27T11:23:10+08:00][sql] SELECT * FROM `newlist` ORDER BY `newlist_id` DESC LIMIT 0,20 [ RunTime:0.000254s ]
[2021-07-27T11:23:34+08:00][info] 接口地址：Lists/getprice,接口输入：Array
(
    [timestamp] => 2021-07-27 11:23:34
)

[2021-07-27T11:23:34+08:00][sql] CONNECT:[ UseTime:0.000639s ] mysql:host=127.0.0.1;port=3306;dbname=aa;charset=utf8
[2021-07-27T11:23:34+08:00][sql] SHOW FULL COLUMNS FROM `user` [ RunTime:0.001315s ]
[2021-07-27T11:23:34+08:00][sql] SELECT * FROM `user` WHERE  `id` = 391 LIMIT 1 [ RunTime:0.000464s ]
[2021-07-27T11:23:46+08:00][info] 接口地址：Newlist/index,接口输入：Array
(
    [timestamp] => 2021-07-27 11:23:46
)

[2021-07-27T11:23:46+08:00][sql] CONNECT:[ UseTime:0.000388s ] mysql:host=127.0.0.1;port=3306;dbname=aa;charset=utf8
[2021-07-27T11:23:46+08:00][sql] SHOW FULL COLUMNS FROM `newlist` [ RunTime:0.000823s ]
[2021-07-27T11:23:46+08:00][sql] SELECT COUNT(*) AS think_count FROM `newlist` [ RunTime:0.000261s ]
[2021-07-27T11:23:46+08:00][sql] SELECT * FROM `newlist` ORDER BY `newlist_id` DESC LIMIT 0,20 [ RunTime:0.000248s ]
[2021-07-27T11:24:50+08:00][info] 接口地址：Newlist/index,接口输入：Array
(
    [timestamp] => 2021-07-27 11:24:50
)

[2021-07-27T11:24:50+08:00][sql] CONNECT:[ UseTime:0.000365s ] mysql:host=127.0.0.1;port=3306;dbname=aa;charset=utf8
[2021-07-27T11:24:50+08:00][sql] SHOW FULL COLUMNS FROM `newlist` [ RunTime:0.001120s ]
[2021-07-27T11:24:50+08:00][sql] SELECT COUNT(*) AS think_count FROM `newlist` [ RunTime:0.000273s ]
[2021-07-27T11:24:50+08:00][sql] SELECT * FROM `newlist` ORDER BY `newlist_id` DESC LIMIT 0,20 [ RunTime:0.000270s ]
[2021-07-27T11:25:20+08:00][info] 接口地址：Lists/index,接口输入：Array
(
    [timestamp] => 2021-07-27 11:25:20
)

[2021-07-27T11:25:20+08:00][sql] CONNECT:[ UseTime:0.002104s ] mysql:host=127.0.0.1;port=3306;dbname=aa;charset=utf8
[2021-07-27T11:25:20+08:00][sql] SHOW FULL COLUMNS FROM `lists` [ RunTime:0.001443s ]
[2021-07-27T11:25:20+08:00][sql] SELECT COUNT(*) AS think_count FROM `lists` WHERE  `phone` = '15888888888' [ RunTime:0.000367s ]
[2021-07-27T11:25:20+08:00][sql] SELECT * FROM `lists` WHERE  `phone` = '15888888888' ORDER BY `lists_id` DESC LIMIT 0,20 [ RunTime:0.000787s ]
[2021-07-27T11:39:51+08:00][info] 接口地址：Lists/index,接口输入：Array
(
    [timestamp] => 2021-07-27 11:39:51
)

[2021-07-27T11:39:51+08:00][sql] CONNECT:[ UseTime:0.000312s ] mysql:host=127.0.0.1;port=3306;dbname=aa;charset=utf8
[2021-07-27T11:39:51+08:00][sql] SHOW FULL COLUMNS FROM `lists` [ RunTime:0.000924s ]
[2021-07-27T11:39:51+08:00][sql] SELECT COUNT(*) AS think_count FROM `lists` [ RunTime:0.000253s ]
[2021-07-27T11:39:51+08:00][sql] SELECT * FROM `lists` ORDER BY `lists_id` DESC LIMIT 0,20 [ RunTime:0.000304s ]
[2021-07-27T11:43:26+08:00][info] 接口地址：Lists/getprice,接口输入：Array
(
    [timestamp] => 2021-07-27 11:43:26
)

[2021-07-27T11:43:26+08:00][sql] CONNECT:[ UseTime:0.000388s ] mysql:host=127.0.0.1;port=3306;dbname=aa;charset=utf8
[2021-07-27T11:43:26+08:00][sql] SHOW FULL COLUMNS FROM `user` [ RunTime:0.001390s ]
[2021-07-27T11:43:26+08:00][sql] SELECT * FROM `user` WHERE  `id` = 391 LIMIT 1 [ RunTime:0.000541s ]
[2021-07-27T12:21:14+08:00][info] 接口地址：Newlist/index,接口输入：Array
(
    [timestamp] => 2021-07-27 12:21:14
)

[2021-07-27T12:21:14+08:00][sql] CONNECT:[ UseTime:0.000374s ] mysql:host=127.0.0.1;port=3306;dbname=aa;charset=utf8
[2021-07-27T12:21:14+08:00][sql] SHOW FULL COLUMNS FROM `newlist` [ RunTime:0.000898s ]
[2021-07-27T12:21:14+08:00][sql] SELECT COUNT(*) AS think_count FROM `newlist` [ RunTime:0.000332s ]
[2021-07-27T12:21:14+08:00][sql] SELECT * FROM `newlist` ORDER BY `newlist_id` DESC LIMIT 0,20 [ RunTime:0.000287s ]
[2021-07-27T12:21:16+08:00][info] 接口地址：Newlist/index,接口输入：Array
(
    [timestamp] => 2021-07-27 12:21:16
)

[2021-07-27T12:21:16+08:00][sql] CONNECT:[ UseTime:0.000419s ] mysql:host=127.0.0.1;port=3306;dbname=aa;charset=utf8
[2021-07-27T12:21:16+08:00][sql] SHOW FULL COLUMNS FROM `newlist` [ RunTime:0.000879s ]
[2021-07-27T12:21:16+08:00][sql] SELECT COUNT(*) AS think_count FROM `newlist` [ RunTime:0.000286s ]
[2021-07-27T12:21:16+08:00][sql] SELECT * FROM `newlist` ORDER BY `newlist_id` DESC LIMIT 0,20 [ RunTime:0.000292s ]
[2021-07-27T12:21:20+08:00][info] 接口地址：Newlist/index,接口输入：Array
(
    [timestamp] => 2021-07-27 12:21:20
)

[2021-07-27T12:21:20+08:00][sql] CONNECT:[ UseTime:0.000311s ] mysql:host=127.0.0.1;port=3306;dbname=aa;charset=utf8
[2021-07-27T12:21:20+08:00][sql] SHOW FULL COLUMNS FROM `newlist` [ RunTime:0.000857s ]
[2021-07-27T12:21:20+08:00][sql] SELECT COUNT(*) AS think_count FROM `newlist` [ RunTime:0.000271s ]
[2021-07-27T12:21:20+08:00][sql] SELECT * FROM `newlist` ORDER BY `newlist_id` DESC LIMIT 0,20 [ RunTime:0.000279s ]
[2021-07-27T12:21:28+08:00][info] 接口地址：Lists/add,接口输入：Array
(
    [timestamp] => 2021-07-27 12:21:28
)

[2021-07-27T12:21:28+08:00][sql] CONNECT:[ UseTime:0.000323s ] mysql:host=127.0.0.1;port=3306;dbname=aa;charset=utf8
[2021-07-27T12:21:28+08:00][sql] SHOW FULL COLUMNS FROM `user` [ RunTime:0.001164s ]
[2021-07-27T12:21:28+08:00][sql] SELECT * FROM `user` WHERE  `id` = 391 LIMIT 1 [ RunTime:0.000441s ]
[2021-07-27T12:21:28+08:00][sql] SHOW FULL COLUMNS FROM `lists` [ RunTime:0.000859s ]
[2021-07-27T12:21:28+08:00][sql] INSERT INTO `lists` SET `agent` = '测试' , `zname` = '跑跑' , `phone` = '15888888888' , `zts` = 3 , `mrsj` = 1627359688 , `xgname` = '园林股份' , `codes` = '605303' , `nums` = '1000' , `bzj` = 16380 [ RunTime:0.000311s ]
[2021-07-27T12:21:28+08:00][sql] UPDATE `user`  SET `djzj` = `djzj` + 16380  WHERE  `id` = 391 [ RunTime:0.003592s ]
[2021-07-27T12:21:28+08:00][sql] UPDATE `user`  SET `sgzj` = `sgzj` - 16380  WHERE  `id` = 391 [ RunTime:0.008766s ]
[2021-07-27T12:21:28+08:00][sql] UPDATE `user`  SET `user_amt` = `user_amt` - 16380  WHERE  `id` = 391 [ RunTime:0.011179s ]
[2021-07-27T12:21:33+08:00][info] 接口地址：Lists/getprice,接口输入：Array
(
    [timestamp] => 2021-07-27 12:21:33
)

[2021-07-27T12:21:33+08:00][sql] CONNECT:[ UseTime:0.000437s ] mysql:host=127.0.0.1;port=3306;dbname=aa;charset=utf8
[2021-07-27T12:21:33+08:00][sql] SHOW FULL COLUMNS FROM `user` [ RunTime:0.001068s ]
[2021-07-27T12:21:33+08:00][sql] SELECT * FROM `user` WHERE  `id` = 391 LIMIT 1 [ RunTime:0.000452s ]
[2021-07-27T12:22:24+08:00][info] 接口地址：Newlist/index,接口输入：Array
(
    [timestamp] => 2021-07-27 12:22:24
)

[2021-07-27T12:22:24+08:00][sql] CONNECT:[ UseTime:0.000392s ] mysql:host=127.0.0.1;port=3306;dbname=aa;charset=utf8
[2021-07-27T12:22:24+08:00][sql] SHOW FULL COLUMNS FROM `newlist` [ RunTime:0.000911s ]
[2021-07-27T12:22:24+08:00][sql] SELECT COUNT(*) AS think_count FROM `newlist` [ RunTime:0.000278s ]
[2021-07-27T12:22:24+08:00][sql] SELECT * FROM `newlist` ORDER BY `newlist_id` DESC LIMIT 0,20 [ RunTime:0.000264s ]
[2021-07-27T12:22:29+08:00][info] 接口地址：Lists/add,接口输入：Array
(
    [timestamp] => 2021-07-27 12:22:29
)

[2021-07-27T12:22:29+08:00][sql] CONNECT:[ UseTime:0.000365s ] mysql:host=127.0.0.1;port=3306;dbname=aa;charset=utf8
[2021-07-27T12:22:29+08:00][sql] SHOW FULL COLUMNS FROM `user` [ RunTime:0.001029s ]
[2021-07-27T12:22:29+08:00][sql] SELECT * FROM `user` WHERE  `id` = 391 LIMIT 1 [ RunTime:0.000435s ]
[2021-07-27T12:22:29+08:00][sql] SHOW FULL COLUMNS FROM `lists` [ RunTime:0.000725s ]
[2021-07-27T12:22:29+08:00][sql] INSERT INTO `lists` SET `agent` = '测试' , `zname` = '跑跑' , `phone` = '15888888888' , `zts` = 3 , `mrsj` = 1627359749 , `xgname` = '园林股份' , `codes` = '605303' , `nums` = '1000' , `bzj` = 16380 [ RunTime:0.000307s ]
[2021-07-27T12:22:29+08:00][sql] UPDATE `user`  SET `djzj` = `djzj` + 16380  WHERE  `id` = 391 [ RunTime:0.003709s ]
[2021-07-27T12:22:29+08:00][sql] UPDATE `user`  SET `sgzj` = `sgzj` - 16380  WHERE  `id` = 391 [ RunTime:0.003711s ]
[2021-07-27T12:22:29+08:00][sql] UPDATE `user`  SET `user_amt` = `user_amt` - 16380  WHERE  `id` = 391 [ RunTime:0.003407s ]
[2021-07-27T12:22:35+08:00][info] 接口地址：Lists/getprice,接口输入：Array
(
    [timestamp] => 2021-07-27 12:22:35
)

[2021-07-27T12:22:35+08:00][sql] CONNECT:[ UseTime:0.000344s ] mysql:host=127.0.0.1;port=3306;dbname=aa;charset=utf8
[2021-07-27T12:22:35+08:00][sql] SHOW FULL COLUMNS FROM `user` [ RunTime:0.001129s ]
[2021-07-27T12:22:35+08:00][sql] SELECT * FROM `user` WHERE  `id` = 391 LIMIT 1 [ RunTime:0.000444s ]
[2021-07-27T12:45:48+08:00][info] 接口地址：Lists/getprice,接口输入：Array
(
    [timestamp] => 2021-07-27 12:45:48
)

[2021-07-27T12:45:48+08:00][sql] CONNECT:[ UseTime:0.000831s ] mysql:host=127.0.0.1;port=3306;dbname=aa;charset=utf8
[2021-07-27T12:45:48+08:00][sql] SHOW FULL COLUMNS FROM `user` [ RunTime:0.001412s ]
[2021-07-27T12:45:48+08:00][sql] SELECT * FROM `user` WHERE  `id` = 71 LIMIT 1 [ RunTime:0.000449s ]
[2021-07-27T13:14:57+08:00][info] 接口地址：Lists/getprice,接口输入：Array
(
    [timestamp] => 2021-07-27 13:14:57
)

[2021-07-27T13:14:57+08:00][sql] CONNECT:[ UseTime:0.000334s ] mysql:host=127.0.0.1;port=3306;dbname=aa;charset=utf8
[2021-07-27T13:14:57+08:00][sql] SHOW FULL COLUMNS FROM `user` [ RunTime:0.001387s ]
[2021-07-27T13:14:57+08:00][sql] SELECT * FROM `user` WHERE  `id` = 71 LIMIT 1 [ RunTime:0.000427s ]
[2021-07-27T13:15:03+08:00][info] 接口地址：Newlist/index,接口输入：Array
(
    [timestamp] => 2021-07-27 13:15:03
)

[2021-07-27T13:15:03+08:00][sql] CONNECT:[ UseTime:0.000326s ] mysql:host=127.0.0.1;port=3306;dbname=aa;charset=utf8
[2021-07-27T13:15:03+08:00][sql] SHOW FULL COLUMNS FROM `newlist` [ RunTime:0.000936s ]
[2021-07-27T13:15:03+08:00][sql] SELECT COUNT(*) AS think_count FROM `newlist` [ RunTime:0.000322s ]
[2021-07-27T13:15:03+08:00][sql] SELECT * FROM `newlist` ORDER BY `newlist_id` DESC LIMIT 0,20 [ RunTime:0.000346s ]
[2021-07-27T13:15:05+08:00][info] 接口地址：Newlist/index,接口输入：Array
(
    [timestamp] => 2021-07-27 13:15:05
)

[2021-07-27T13:15:05+08:00][sql] CONNECT:[ UseTime:0.002291s ] mysql:host=127.0.0.1;port=3306;dbname=aa;charset=utf8
[2021-07-27T13:15:05+08:00][sql] SHOW FULL COLUMNS FROM `newlist` [ RunTime:0.001094s ]
[2021-07-27T13:15:05+08:00][sql] SELECT COUNT(*) AS think_count FROM `newlist` [ RunTime:0.000267s ]
[2021-07-27T13:15:05+08:00][sql] SELECT * FROM `newlist` ORDER BY `newlist_id` DESC LIMIT 0,20 [ RunTime:0.000282s ]
[2021-07-27T13:15:17+08:00][info] 接口地址：Newlist/index,接口输入：Array
(
    [timestamp] => 2021-07-27 13:15:17
)

[2021-07-27T13:15:17+08:00][sql] CONNECT:[ UseTime:0.001254s ] mysql:host=127.0.0.1;port=3306;dbname=aa;charset=utf8
[2021-07-27T13:15:17+08:00][sql] SHOW FULL COLUMNS FROM `newlist` [ RunTime:0.002342s ]
[2021-07-27T13:15:17+08:00][sql] SELECT COUNT(*) AS think_count FROM `newlist` [ RunTime:0.000250s ]
[2021-07-27T13:15:17+08:00][sql] SELECT * FROM `newlist` ORDER BY `newlist_id` DESC LIMIT 0,20 [ RunTime:0.000285s ]
[2021-07-27T13:15:18+08:00][info] 接口地址：Lists/getprice,接口输入：Array
(
    [timestamp] => 2021-07-27 13:15:18
)

[2021-07-27T13:15:18+08:00][sql] CONNECT:[ UseTime:0.013132s ] mysql:host=127.0.0.1;port=3306;dbname=aa;charset=utf8
[2021-07-27T13:15:18+08:00][sql] SHOW FULL COLUMNS FROM `user` [ RunTime:0.002455s ]
[2021-07-27T13:15:18+08:00][sql] SELECT * FROM `user` WHERE  `id` = 71 LIMIT 1 [ RunTime:0.000412s ]
[2021-07-27T13:15:21+08:00][info] 接口地址：Newlist/index,接口输入：Array
(
    [timestamp] => 2021-07-27 13:15:21
)

[2021-07-27T13:15:21+08:00][sql] CONNECT:[ UseTime:0.000718s ] mysql:host=127.0.0.1;port=3306;dbname=aa;charset=utf8
[2021-07-27T13:15:21+08:00][sql] SHOW FULL COLUMNS FROM `newlist` [ RunTime:0.001300s ]
[2021-07-27T13:15:21+08:00][sql] SELECT COUNT(*) AS think_count FROM `newlist` [ RunTime:0.000269s ]
[2021-07-27T13:15:21+08:00][sql] SELECT * FROM `newlist` ORDER BY `newlist_id` DESC LIMIT 0,20 [ RunTime:0.000256s ]
[2021-07-27T13:29:35+08:00][info] 接口地址：Lists/getprice,接口输入：Array
(
    [timestamp] => 2021-07-27 13:29:35
)

[2021-07-27T13:29:35+08:00][sql] CONNECT:[ UseTime:0.000369s ] mysql:host=127.0.0.1;port=3306;dbname=aa;charset=utf8
[2021-07-27T13:29:35+08:00][sql] SHOW FULL COLUMNS FROM `user` [ RunTime:0.001142s ]
[2021-07-27T13:29:35+08:00][sql] SELECT * FROM `user` WHERE  `id` = 71 LIMIT 1 [ RunTime:0.000453s ]
[2021-07-27T13:30:37+08:00][info] 接口地址：Newlist/index,接口输入：Array
(
    [timestamp] => 2021-07-27 13:30:37
)

[2021-07-27T13:30:37+08:00][sql] CONNECT:[ UseTime:0.000361s ] mysql:host=127.0.0.1;port=3306;dbname=aa;charset=utf8
[2021-07-27T13:30:37+08:00][sql] SHOW FULL COLUMNS FROM `newlist` [ RunTime:0.001068s ]
[2021-07-27T13:30:37+08:00][sql] SELECT COUNT(*) AS think_count FROM `newlist` [ RunTime:0.000325s ]
[2021-07-27T13:30:37+08:00][sql] SELECT * FROM `newlist` ORDER BY `newlist_id` DESC LIMIT 0,20 [ RunTime:0.000264s ]
[2021-07-27T13:31:09+08:00][info] 接口地址：Lists/getprice,接口输入：Array
(
    [timestamp] => 2021-07-27 13:31:09
)

[2021-07-27T13:31:09+08:00][sql] CONNECT:[ UseTime:0.006728s ] mysql:host=127.0.0.1;port=3306;dbname=aa;charset=utf8
[2021-07-27T13:31:09+08:00][sql] SHOW FULL COLUMNS FROM `user` [ RunTime:0.001196s ]
[2021-07-27T13:31:09+08:00][sql] SELECT * FROM `user` WHERE  `id` = 391 LIMIT 1 [ RunTime:0.000483s ]
[2021-07-27T15:31:46+08:00][info] 接口地址：Lists/getprice,接口输入：Array
(
    [timestamp] => 2021-07-27 15:31:46
)

[2021-07-27T15:31:46+08:00][sql] CONNECT:[ UseTime:0.001404s ] mysql:host=127.0.0.1;port=3306;dbname=aa;charset=utf8
[2021-07-27T15:31:46+08:00][sql] SHOW FULL COLUMNS FROM `user` [ RunTime:0.001360s ]
[2021-07-27T15:31:46+08:00][sql] SELECT * FROM `user` WHERE  `id` = 391 LIMIT 1 [ RunTime:0.000971s ]
[2021-07-27T16:07:19+08:00][info] 接口地址：Lists/getprice,接口输入：Array
(
    [timestamp] => 2021-07-27 16:07:19
)

[2021-07-27T16:07:19+08:00][sql] CONNECT:[ UseTime:0.000426s ] mysql:host=127.0.0.1;port=3306;dbname=aa;charset=utf8
[2021-07-27T16:07:19+08:00][sql] SHOW FULL COLUMNS FROM `user` [ RunTime:0.001227s ]
[2021-07-27T16:07:19+08:00][sql] SELECT * FROM `user` WHERE  `id` IS NULL LIMIT 1 [ RunTime:0.000365s ]
[2021-07-27T16:26:28+08:00][info] 接口地址：Lists/getprice,接口输入：Array
(
    [timestamp] => 2021-07-27 16:26:28
)

[2021-07-27T16:26:28+08:00][sql] CONNECT:[ UseTime:0.000378s ] mysql:host=127.0.0.1;port=3306;dbname=aa;charset=utf8
[2021-07-27T16:26:28+08:00][sql] SHOW FULL COLUMNS FROM `user` [ RunTime:0.001081s ]
[2021-07-27T16:26:28+08:00][sql] SELECT * FROM `user` WHERE  `id` IS NULL LIMIT 1 [ RunTime:0.000376s ]
[2021-07-27T16:31:35+08:00][info] 接口地址：Lists/getprice,接口输入：Array
(
    [timestamp] => 2021-07-27 16:31:35
)

[2021-07-27T16:31:35+08:00][sql] CONNECT:[ UseTime:0.000370s ] mysql:host=127.0.0.1;port=3306;dbname=aa;charset=utf8
[2021-07-27T16:31:35+08:00][sql] SHOW FULL COLUMNS FROM `user` [ RunTime:0.001372s ]
[2021-07-27T16:31:35+08:00][sql] SELECT * FROM `user` WHERE  `id` IS NULL LIMIT 1 [ RunTime:0.000354s ]
[2021-07-27T16:31:42+08:00][info] 接口地址：Lists/getprice,接口输入：Array
(
    [timestamp] => 2021-07-27 16:31:42
)

[2021-07-27T16:31:42+08:00][sql] CONNECT:[ UseTime:0.000338s ] mysql:host=127.0.0.1;port=3306;dbname=aa;charset=utf8
[2021-07-27T16:31:42+08:00][sql] SHOW FULL COLUMNS FROM `user` [ RunTime:0.001309s ]
[2021-07-27T16:31:42+08:00][sql] SELECT * FROM `user` WHERE  `id` IS NULL LIMIT 1 [ RunTime:0.000353s ]
[2021-07-27T16:31:57+08:00][info] 接口地址：Lists/getprice,接口输入：Array
(
    [timestamp] => 2021-07-27 16:31:57
)

[2021-07-27T16:31:57+08:00][sql] CONNECT:[ UseTime:0.000447s ] mysql:host=127.0.0.1;port=3306;dbname=aa;charset=utf8
[2021-07-27T16:31:57+08:00][sql] SHOW FULL COLUMNS FROM `user` [ RunTime:0.001331s ]
[2021-07-27T16:31:57+08:00][sql] SELECT * FROM `user` WHERE  `id` = 417 LIMIT 1 [ RunTime:0.000533s ]
[2021-07-27T16:33:08+08:00][info] 接口地址：Lists/getprice,接口输入：Array
(
    [timestamp] => 2021-07-27 16:33:08
)

[2021-07-27T16:33:08+08:00][sql] CONNECT:[ UseTime:0.000642s ] mysql:host=127.0.0.1;port=3306;dbname=aa;charset=utf8
[2021-07-27T16:33:08+08:00][sql] SHOW FULL COLUMNS FROM `user` [ RunTime:0.002794s ]
[2021-07-27T16:33:08+08:00][sql] SELECT * FROM `user` WHERE  `id` = 417 LIMIT 1 [ RunTime:0.000513s ]
[2021-07-27T16:35:31+08:00][info] 接口地址：Lists/getprice,接口输入：Array
(
    [timestamp] => 2021-07-27 16:35:31
)

[2021-07-27T16:35:31+08:00][sql] CONNECT:[ UseTime:0.000323s ] mysql:host=127.0.0.1;port=3306;dbname=aa;charset=utf8
[2021-07-27T16:35:31+08:00][sql] SHOW FULL COLUMNS FROM `user` [ RunTime:0.001258s ]
[2021-07-27T16:35:31+08:00][sql] SELECT * FROM `user` WHERE  `id` = 417 LIMIT 1 [ RunTime:0.000454s ]
[2021-07-27T16:35:53+08:00][info] 接口地址：Lists/getprice,接口输入：Array
(
    [timestamp] => 2021-07-27 16:35:53
)

[2021-07-27T16:35:53+08:00][sql] CONNECT:[ UseTime:0.000342s ] mysql:host=127.0.0.1;port=3306;dbname=aa;charset=utf8
[2021-07-27T16:35:53+08:00][sql] SHOW FULL COLUMNS FROM `user` [ RunTime:0.001052s ]
[2021-07-27T16:35:53+08:00][sql] SELECT * FROM `user` WHERE  `id` = 416 LIMIT 1 [ RunTime:0.000698s ]
[2021-07-27T16:39:45+08:00][info] 接口地址：Lists/getprice,接口输入：Array
(
    [timestamp] => 2021-07-27 16:39:45
)

[2021-07-27T16:39:45+08:00][sql] CONNECT:[ UseTime:0.000352s ] mysql:host=127.0.0.1;port=3306;dbname=aa;charset=utf8
[2021-07-27T16:39:45+08:00][sql] SHOW FULL COLUMNS FROM `user` [ RunTime:0.001063s ]
[2021-07-27T16:39:45+08:00][sql] SELECT * FROM `user` WHERE  `id` IS NULL LIMIT 1 [ RunTime:0.000433s ]
[2021-07-27T16:40:05+08:00][info] 接口地址：Lists/getprice,接口输入：Array
(
    [timestamp] => 2021-07-27 16:40:05
)

[2021-07-27T16:40:05+08:00][sql] CONNECT:[ UseTime:0.001713s ] mysql:host=127.0.0.1;port=3306;dbname=aa;charset=utf8
[2021-07-27T16:40:05+08:00][sql] SHOW FULL COLUMNS FROM `user` [ RunTime:0.001026s ]
[2021-07-27T16:40:05+08:00][sql] SELECT * FROM `user` WHERE  `id` = 417 LIMIT 1 [ RunTime:0.000470s ]
[2021-07-27T16:48:52+08:00][info] 接口地址：Lists/getprice,接口输入：Array
(
    [timestamp] => 2021-07-27 16:48:52
)

[2021-07-27T16:48:52+08:00][sql] CONNECT:[ UseTime:0.000321s ] mysql:host=127.0.0.1;port=3306;dbname=aa;charset=utf8
[2021-07-27T16:48:52+08:00][sql] SHOW FULL COLUMNS FROM `user` [ RunTime:0.001221s ]
[2021-07-27T16:48:52+08:00][sql] SELECT * FROM `user` WHERE  `id` = 417 LIMIT 1 [ RunTime:0.000427s ]
[2021-07-27T16:55:23+08:00][info] 接口地址：Lists/getprice,接口输入：Array
(
    [timestamp] => 2021-07-27 16:55:23
)

[2021-07-27T16:55:23+08:00][sql] CONNECT:[ UseTime:0.000394s ] mysql:host=127.0.0.1;port=3306;dbname=aa;charset=utf8
[2021-07-27T16:55:23+08:00][sql] SHOW FULL COLUMNS FROM `user` [ RunTime:0.001460s ]
[2021-07-27T16:55:23+08:00][sql] SELECT * FROM `user` WHERE  `id` IS NULL LIMIT 1 [ RunTime:0.000365s ]
[2021-07-27T16:55:35+08:00][info] 接口地址：Lists/getprice,接口输入：Array
(
    [timestamp] => 2021-07-27 16:55:35
)

[2021-07-27T16:55:35+08:00][sql] CONNECT:[ UseTime:0.000344s ] mysql:host=127.0.0.1;port=3306;dbname=aa;charset=utf8
[2021-07-27T16:55:35+08:00][sql] SHOW FULL COLUMNS FROM `user` [ RunTime:0.001271s ]
[2021-07-27T16:55:35+08:00][sql] SELECT * FROM `user` WHERE  `id` IS NULL LIMIT 1 [ RunTime:0.000397s ]
[2021-07-27T16:55:50+08:00][info] 接口地址：Lists/getprice,接口输入：Array
(
    [timestamp] => 2021-07-27 16:55:50
)

[2021-07-27T16:55:50+08:00][sql] CONNECT:[ UseTime:0.000325s ] mysql:host=127.0.0.1;port=3306;dbname=aa;charset=utf8
[2021-07-27T16:55:50+08:00][sql] SHOW FULL COLUMNS FROM `user` [ RunTime:0.001945s ]
[2021-07-27T16:55:50+08:00][sql] SELECT * FROM `user` WHERE  `id` IS NULL LIMIT 1 [ RunTime:0.000365s ]
[2021-07-27T16:55:53+08:00][info] 接口地址：Lists/getprice,接口输入：Array
(
    [timestamp] => 2021-07-27 16:55:53
)

[2021-07-27T16:55:53+08:00][sql] CONNECT:[ UseTime:0.000297s ] mysql:host=127.0.0.1;port=3306;dbname=aa;charset=utf8
[2021-07-27T16:55:53+08:00][sql] SHOW FULL COLUMNS FROM `user` [ RunTime:0.001348s ]
[2021-07-27T16:55:53+08:00][sql] SELECT * FROM `user` WHERE  `id` IS NULL LIMIT 1 [ RunTime:0.000361s ]
[2021-07-27T17:06:42+08:00][info] 接口地址：Lists/getprice,接口输入：Array
(
    [timestamp] => 2021-07-27 17:06:42
)

[2021-07-27T17:06:42+08:00][sql] CONNECT:[ UseTime:0.000412s ] mysql:host=127.0.0.1;port=3306;dbname=aa;charset=utf8
[2021-07-27T17:06:42+08:00][sql] SHOW FULL COLUMNS FROM `user` [ RunTime:0.001319s ]
[2021-07-27T17:06:42+08:00][sql] SELECT * FROM `user` WHERE  `id` = 416 LIMIT 1 [ RunTime:0.000554s ]
[2021-07-27T17:12:58+08:00][info] 接口地址：Lists/getprice,接口输入：Array
(
    [timestamp] => 2021-07-27 17:12:58
)

[2021-07-27T17:12:58+08:00][sql] CONNECT:[ UseTime:0.000350s ] mysql:host=127.0.0.1;port=3306;dbname=aa;charset=utf8
[2021-07-27T17:12:58+08:00][sql] SHOW FULL COLUMNS FROM `user` [ RunTime:0.001021s ]
[2021-07-27T17:12:58+08:00][sql] SELECT * FROM `user` WHERE  `id` IS NULL LIMIT 1 [ RunTime:0.000451s ]
[2021-07-27T17:45:25+08:00][info] 接口地址：Lists/getprice,接口输入：Array
(
    [timestamp] => 2021-07-27 17:45:25
)

[2021-07-27T17:45:25+08:00][sql] CONNECT:[ UseTime:0.000359s ] mysql:host=127.0.0.1;port=3306;dbname=aa;charset=utf8
[2021-07-27T17:45:25+08:00][sql] SHOW FULL COLUMNS FROM `user` [ RunTime:0.002002s ]
[2021-07-27T17:45:25+08:00][sql] SELECT * FROM `user` WHERE  `id` = 416 LIMIT 1 [ RunTime:0.000448s ]
[2021-07-27T20:29:44+08:00][info] 接口地址：Lists/getprice,接口输入：Array
(
    [timestamp] => 2021-07-27 20:29:44
)

[2021-07-27T20:29:44+08:00][sql] CONNECT:[ UseTime:0.006227s ] mysql:host=127.0.0.1;port=3306;dbname=aa;charset=utf8
[2021-07-27T20:29:44+08:00][sql] SHOW FULL COLUMNS FROM `user` [ RunTime:0.001361s ]
[2021-07-27T20:29:44+08:00][sql] SELECT * FROM `user` WHERE  `id` = 71 LIMIT 1 [ RunTime:0.000706s ]
[2021-07-27T20:29:51+08:00][info] 接口地址：Newlist/index,接口输入：Array
(
    [timestamp] => 2021-07-27 20:29:51
)

[2021-07-27T20:29:51+08:00][sql] CONNECT:[ UseTime:0.000367s ] mysql:host=127.0.0.1;port=3306;dbname=aa;charset=utf8
[2021-07-27T20:29:51+08:00][sql] SHOW FULL COLUMNS FROM `newlist` [ RunTime:0.001247s ]
[2021-07-27T20:29:51+08:00][sql] SELECT COUNT(*) AS think_count FROM `newlist` [ RunTime:0.000396s ]
[2021-07-27T20:29:51+08:00][sql] SELECT * FROM `newlist` ORDER BY `newlist_id` DESC LIMIT 0,20 [ RunTime:0.000811s ]
[2021-07-27T20:30:07+08:00][info] 接口地址：Lists/getprice,接口输入：Array
(
    [timestamp] => 2021-07-27 20:30:07
)

[2021-07-27T20:30:07+08:00][sql] CONNECT:[ UseTime:0.000376s ] mysql:host=127.0.0.1;port=3306;dbname=aa;charset=utf8
[2021-07-27T20:30:07+08:00][sql] SHOW FULL COLUMNS FROM `user` [ RunTime:0.001043s ]
[2021-07-27T20:30:07+08:00][sql] SELECT * FROM `user` WHERE  `id` = 71 LIMIT 1 [ RunTime:0.000418s ]
[2021-07-27T20:30:09+08:00][info] 接口地址：Newlist/index,接口输入：Array
(
    [timestamp] => 2021-07-27 20:30:09
)

[2021-07-27T20:30:09+08:00][sql] CONNECT:[ UseTime:0.000309s ] mysql:host=127.0.0.1;port=3306;dbname=aa;charset=utf8
[2021-07-27T20:30:09+08:00][sql] SHOW FULL COLUMNS FROM `newlist` [ RunTime:0.003732s ]
[2021-07-27T20:30:09+08:00][sql] SELECT COUNT(*) AS think_count FROM `newlist` [ RunTime:0.000320s ]
[2021-07-27T20:30:09+08:00][sql] SELECT * FROM `newlist` ORDER BY `newlist_id` DESC LIMIT 0,20 [ RunTime:0.000789s ]
[2021-07-27T20:30:25+08:00][info] 接口地址：Newlist/index,接口输入：Array
(
    [timestamp] => 2021-07-27 20:30:25
)

[2021-07-27T20:30:25+08:00][sql] CONNECT:[ UseTime:0.000306s ] mysql:host=127.0.0.1;port=3306;dbname=aa;charset=utf8
[2021-07-27T20:30:25+08:00][sql] SHOW FULL COLUMNS FROM `newlist` [ RunTime:0.003535s ]
[2021-07-27T20:30:25+08:00][sql] SELECT COUNT(*) AS think_count FROM `newlist` [ RunTime:0.000268s ]
[2021-07-27T20:30:25+08:00][sql] SELECT * FROM `newlist` ORDER BY `newlist_id` DESC LIMIT 0,20 [ RunTime:0.000266s ]
[2021-07-27T20:30:27+08:00][info] 接口地址：Newlist/index,接口输入：Array
(
    [timestamp] => 2021-07-27 20:30:27
)

[2021-07-27T20:30:27+08:00][sql] CONNECT:[ UseTime:0.000319s ] mysql:host=127.0.0.1;port=3306;dbname=aa;charset=utf8
[2021-07-27T20:30:27+08:00][sql] SHOW FULL COLUMNS FROM `newlist` [ RunTime:0.001226s ]
[2021-07-27T20:30:27+08:00][sql] SELECT COUNT(*) AS think_count FROM `newlist` [ RunTime:0.000283s ]
[2021-07-27T20:30:27+08:00][sql] SELECT * FROM `newlist` ORDER BY `newlist_id` DESC LIMIT 0,20 [ RunTime:0.000786s ]
[2021-07-27T20:30:31+08:00][info] 接口地址：Lists/index,接口输入：Array
(
    [timestamp] => 2021-07-27 20:30:31
)

[2021-07-27T20:30:31+08:00][sql] CONNECT:[ UseTime:0.000327s ] mysql:host=127.0.0.1;port=3306;dbname=aa;charset=utf8
[2021-07-27T20:30:31+08:00][sql] SHOW FULL COLUMNS FROM `lists` [ RunTime:0.000882s ]
[2021-07-27T20:30:31+08:00][sql] SELECT COUNT(*) AS think_count FROM `lists` WHERE  `phone` = '13000000000' [ RunTime:0.000316s ]
[2021-07-27T20:30:31+08:00][sql] SELECT * FROM `lists` WHERE  `phone` = '13000000000' ORDER BY `lists_id` DESC LIMIT 0,20 [ RunTime:0.000326s ]
[2021-07-27T20:30:35+08:00][info] 接口地址：Newlist/index,接口输入：Array
(
    [timestamp] => 2021-07-27 20:30:35
)

[2021-07-27T20:30:35+08:00][sql] CONNECT:[ UseTime:0.000380s ] mysql:host=127.0.0.1;port=3306;dbname=aa;charset=utf8
[2021-07-27T20:30:35+08:00][sql] SHOW FULL COLUMNS FROM `newlist` [ RunTime:0.001165s ]
[2021-07-27T20:30:35+08:00][sql] SELECT COUNT(*) AS think_count FROM `newlist` [ RunTime:0.000287s ]
[2021-07-27T20:30:35+08:00][sql] SELECT * FROM `newlist` ORDER BY `newlist_id` DESC LIMIT 0,20 [ RunTime:0.000282s ]
[2021-07-27T20:30:39+08:00][info] 接口地址：Lists/getprice,接口输入：Array
(
    [timestamp] => 2021-07-27 20:30:39
)

[2021-07-27T20:30:39+08:00][sql] CONNECT:[ UseTime:0.000355s ] mysql:host=127.0.0.1;port=3306;dbname=aa;charset=utf8
[2021-07-27T20:30:39+08:00][sql] SHOW FULL COLUMNS FROM `user` [ RunTime:0.001314s ]
[2021-07-27T20:30:39+08:00][sql] SELECT * FROM `user` WHERE  `id` = 71 LIMIT 1 [ RunTime:0.000404s ]
[2021-07-27T20:30:46+08:00][info] 接口地址：Lists/getprice,接口输入：Array
(
    [timestamp] => 2021-07-27 20:30:46
)

[2021-07-27T20:30:46+08:00][sql] CONNECT:[ UseTime:0.000357s ] mysql:host=127.0.0.1;port=3306;dbname=aa;charset=utf8
[2021-07-27T20:30:46+08:00][sql] SHOW FULL COLUMNS FROM `user` [ RunTime:0.001089s ]
[2021-07-27T20:30:46+08:00][sql] SELECT * FROM `user` WHERE  `id` = 71 LIMIT 1 [ RunTime:0.000449s ]
[2021-07-27T20:30:48+08:00][info] 接口地址：Newlist/index,接口输入：Array
(
    [timestamp] => 2021-07-27 20:30:48
)

[2021-07-27T20:30:48+08:00][sql] CONNECT:[ UseTime:0.000389s ] mysql:host=127.0.0.1;port=3306;dbname=aa;charset=utf8
[2021-07-27T20:30:48+08:00][sql] SHOW FULL COLUMNS FROM `newlist` [ RunTime:0.000888s ]
[2021-07-27T20:30:48+08:00][sql] SELECT COUNT(*) AS think_count FROM `newlist` [ RunTime:0.000278s ]
[2021-07-27T20:30:48+08:00][sql] SELECT * FROM `newlist` ORDER BY `newlist_id` DESC LIMIT 0,20 [ RunTime:0.000284s ]
