[2021-07-28T01:08:39+08:00][info] 接口地址：Lists/getprice,接口输入：Array
(
    [timestamp] => 2021-07-28 01:08:39
)

[2021-07-28T01:08:39+08:00][sql] CONNECT:[ UseTime:0.000351s ] mysql:host=127.0.0.1;port=3306;dbname=aa;charset=utf8
[2021-07-28T01:08:39+08:00][sql] SHOW FULL COLUMNS FROM `user` [ RunTime:0.001139s ]
[2021-07-28T01:08:39+08:00][sql] SELECT * FROM `user` WHERE  `id` = 419 LIMIT 1 [ RunTime:0.000440s ]
[2021-07-28T01:09:07+08:00][info] 接口地址：Lists/getprice,接口输入：Array
(
    [timestamp] => 2021-07-28 01:09:07
)

[2021-07-28T01:09:07+08:00][sql] CONNECT:[ UseTime:0.001497s ] mysql:host=127.0.0.1;port=3306;dbname=aa;charset=utf8
[2021-07-28T01:09:07+08:00][sql] SHOW FULL COLUMNS FROM `user` [ RunTime:0.001245s ]
[2021-07-28T01:09:07+08:00][sql] SELECT * FROM `user` WHERE  `id` = 419 LIMIT 1 [ RunTime:0.000596s ]
[2021-07-28T01:11:52+08:00][info] 接口地址：Lists/getprice,接口输入：Array
(
    [timestamp] => 2021-07-28 01:11:52
)

[2021-07-28T01:11:52+08:00][sql] CONNECT:[ UseTime:0.000522s ] mysql:host=127.0.0.1;port=3306;dbname=aa;charset=utf8
[2021-07-28T01:11:52+08:00][sql] SHOW FULL COLUMNS FROM `user` [ RunTime:0.001370s ]
[2021-07-28T01:11:52+08:00][sql] SELECT * FROM `user` WHERE  `id` = 419 LIMIT 1 [ RunTime:0.000738s ]
[2021-07-28T01:12:35+08:00][info] 接口地址：Lists/getprice,接口输入：Array
(
    [timestamp] => 2021-07-28 01:12:35
)

[2021-07-28T01:12:35+08:00][sql] CONNECT:[ UseTime:0.003195s ] mysql:host=127.0.0.1;port=3306;dbname=aa;charset=utf8
[2021-07-28T01:12:35+08:00][sql] SHOW FULL COLUMNS FROM `user` [ RunTime:0.001396s ]
[2021-07-28T01:12:35+08:00][sql] SELECT * FROM `user` WHERE  `id` = 419 LIMIT 1 [ RunTime:0.000454s ]
[2021-07-28T01:12:41+08:00][info] 接口地址：Lists/getprice,接口输入：Array
(
    [timestamp] => 2021-07-28 01:12:41
)

[2021-07-28T01:12:41+08:00][sql] CONNECT:[ UseTime:0.000311s ] mysql:host=127.0.0.1;port=3306;dbname=aa;charset=utf8
[2021-07-28T01:12:41+08:00][sql] SHOW FULL COLUMNS FROM `user` [ RunTime:0.001022s ]
[2021-07-28T01:12:41+08:00][sql] SELECT * FROM `user` WHERE  `id` = 419 LIMIT 1 [ RunTime:0.000461s ]
[2021-07-28T01:12:56+08:00][info] 接口地址：Lists/getprice,接口输入：Array
(
    [timestamp] => 2021-07-28 01:12:56
)

[2021-07-28T01:12:56+08:00][sql] CONNECT:[ UseTime:0.001612s ] mysql:host=127.0.0.1;port=3306;dbname=aa;charset=utf8
[2021-07-28T01:12:56+08:00][sql] SHOW FULL COLUMNS FROM `user` [ RunTime:0.001180s ]
[2021-07-28T01:12:56+08:00][sql] SELECT * FROM `user` WHERE  `id` = 419 LIMIT 1 [ RunTime:0.000416s ]
[2021-07-28T01:13:05+08:00][info] 接口地址：Lists/getprice,接口输入：Array
(
    [timestamp] => 2021-07-28 01:13:05
)

[2021-07-28T01:13:05+08:00][sql] CONNECT:[ UseTime:0.003684s ] mysql:host=127.0.0.1;port=3306;dbname=aa;charset=utf8
[2021-07-28T01:13:05+08:00][sql] SHOW FULL COLUMNS FROM `user` [ RunTime:0.007461s ]
[2021-07-28T01:13:05+08:00][sql] SELECT * FROM `user` WHERE  `id` = 419 LIMIT 1 [ RunTime:0.001045s ]
[2021-07-28T01:30:23+08:00][info] 接口地址：Lists/getprice,接口输入：Array
(
    [timestamp] => 2021-07-28 01:30:23
)

[2021-07-28T01:30:23+08:00][sql] CONNECT:[ UseTime:0.000298s ] mysql:host=127.0.0.1;port=3306;dbname=aa;charset=utf8
[2021-07-28T01:30:23+08:00][sql] SHOW FULL COLUMNS FROM `user` [ RunTime:0.001039s ]
[2021-07-28T01:30:23+08:00][sql] SELECT * FROM `user` WHERE  `id` = 419 LIMIT 1 [ RunTime:0.000631s ]
[2021-07-28T01:30:51+08:00][info] 接口地址：Lists/getprice,接口输入：Array
(
    [timestamp] => 2021-07-28 01:30:51
)

[2021-07-28T01:30:51+08:00][sql] CONNECT:[ UseTime:0.000336s ] mysql:host=127.0.0.1;port=3306;dbname=aa;charset=utf8
[2021-07-28T01:30:51+08:00][sql] SHOW FULL COLUMNS FROM `user` [ RunTime:0.001032s ]
[2021-07-28T01:30:51+08:00][sql] SELECT * FROM `user` WHERE  `id` = 419 LIMIT 1 [ RunTime:0.000459s ]
[2021-07-28T01:31:04+08:00][info] 接口地址：Lists/getprice,接口输入：Array
(
    [timestamp] => 2021-07-28 01:31:04
)

[2021-07-28T01:31:04+08:00][sql] CONNECT:[ UseTime:0.000309s ] mysql:host=127.0.0.1;port=3306;dbname=aa;charset=utf8
[2021-07-28T01:31:04+08:00][sql] SHOW FULL COLUMNS FROM `user` [ RunTime:0.001338s ]
[2021-07-28T01:31:04+08:00][sql] SELECT * FROM `user` WHERE  `id` = 419 LIMIT 1 [ RunTime:0.004752s ]
[2021-07-28T01:38:06+08:00][info] 接口地址：Lists/getprice,接口输入：Array
(
    [timestamp] => 2021-07-28 01:38:06
)

[2021-07-28T01:38:06+08:00][sql] CONNECT:[ UseTime:0.000349s ] mysql:host=127.0.0.1;port=3306;dbname=aa;charset=utf8
[2021-07-28T01:38:06+08:00][sql] SHOW FULL COLUMNS FROM `user` [ RunTime:0.001346s ]
[2021-07-28T01:38:06+08:00][sql] SELECT * FROM `user` WHERE  `id` = 419 LIMIT 1 [ RunTime:0.000444s ]
[2021-07-28T01:41:44+08:00][info] 接口地址：Lists/getprice,接口输入：Array
(
    [timestamp] => 2021-07-28 01:41:44
)

[2021-07-28T01:41:44+08:00][sql] CONNECT:[ UseTime:0.000352s ] mysql:host=127.0.0.1;port=3306;dbname=aa;charset=utf8
[2021-07-28T01:41:44+08:00][sql] SHOW FULL COLUMNS FROM `user` [ RunTime:0.003260s ]
[2021-07-28T01:41:44+08:00][sql] SELECT * FROM `user` WHERE  `id` = 419 LIMIT 1 [ RunTime:0.000504s ]
[2021-07-28T01:41:57+08:00][info] 接口地址：Lists/getprice,接口输入：Array
(
    [timestamp] => 2021-07-28 01:41:57
)

[2021-07-28T01:41:57+08:00][sql] CONNECT:[ UseTime:0.000349s ] mysql:host=127.0.0.1;port=3306;dbname=aa;charset=utf8
[2021-07-28T01:41:57+08:00][sql] SHOW FULL COLUMNS FROM `user` [ RunTime:0.001274s ]
[2021-07-28T01:41:57+08:00][sql] SELECT * FROM `user` WHERE  `id` = 419 LIMIT 1 [ RunTime:0.000525s ]
[2021-07-28T01:42:29+08:00][info] 接口地址：Lists/getprice,接口输入：Array
(
    [timestamp] => 2021-07-28 01:42:29
)

[2021-07-28T01:42:29+08:00][sql] CONNECT:[ UseTime:0.000712s ] mysql:host=127.0.0.1;port=3306;dbname=aa;charset=utf8
[2021-07-28T01:42:29+08:00][sql] SHOW FULL COLUMNS FROM `user` [ RunTime:0.001344s ]
[2021-07-28T01:42:29+08:00][sql] SELECT * FROM `user` WHERE  `id` = 419 LIMIT 1 [ RunTime:0.000464s ]
[2021-07-28T01:44:32+08:00][info] 接口地址：Lists/getprice,接口输入：Array
(
    [timestamp] => 2021-07-28 01:44:32
)

[2021-07-28T01:44:32+08:00][sql] CONNECT:[ UseTime:0.000366s ] mysql:host=127.0.0.1;port=3306;dbname=aa;charset=utf8
[2021-07-28T01:44:32+08:00][sql] SHOW FULL COLUMNS FROM `user` [ RunTime:0.001306s ]
[2021-07-28T01:44:32+08:00][sql] SELECT * FROM `user` WHERE  `id` = 419 LIMIT 1 [ RunTime:0.000503s ]
[2021-07-28T01:51:16+08:00][info] 接口地址：Lists/getprice,接口输入：Array
(
    [timestamp] => 2021-07-28 01:51:16
)

[2021-07-28T01:51:16+08:00][sql] CONNECT:[ UseTime:0.000320s ] mysql:host=127.0.0.1;port=3306;dbname=aa;charset=utf8
[2021-07-28T01:51:16+08:00][sql] SHOW FULL COLUMNS FROM `user` [ RunTime:0.001307s ]
[2021-07-28T01:51:16+08:00][sql] SELECT * FROM `user` WHERE  `id` IS NULL LIMIT 1 [ RunTime:0.000355s ]
[2021-07-28T01:51:47+08:00][info] 接口地址：Lists/getprice,接口输入：Array
(
    [timestamp] => 2021-07-28 01:51:47
)

[2021-07-28T01:51:47+08:00][sql] CONNECT:[ UseTime:0.000323s ] mysql:host=127.0.0.1;port=3306;dbname=aa;charset=utf8
[2021-07-28T01:51:47+08:00][sql] SHOW FULL COLUMNS FROM `user` [ RunTime:0.001317s ]
[2021-07-28T01:51:47+08:00][sql] SELECT * FROM `user` WHERE  `id` IS NULL LIMIT 1 [ RunTime:0.000352s ]
[2021-07-28T01:51:55+08:00][info] 接口地址：Lists/getprice,接口输入：Array
(
    [timestamp] => 2021-07-28 01:51:55
)

[2021-07-28T01:51:55+08:00][sql] CONNECT:[ UseTime:0.000350s ] mysql:host=127.0.0.1;port=3306;dbname=aa;charset=utf8
[2021-07-28T01:51:55+08:00][sql] SHOW FULL COLUMNS FROM `user` [ RunTime:0.002183s ]
[2021-07-28T01:51:55+08:00][sql] SELECT * FROM `user` WHERE  `id` IS NULL LIMIT 1 [ RunTime:0.000367s ]
[2021-07-28T01:52:09+08:00][info] 接口地址：Lists/getprice,接口输入：Array
(
    [timestamp] => 2021-07-28 01:52:09
)

[2021-07-28T01:52:09+08:00][sql] CONNECT:[ UseTime:0.000347s ] mysql:host=127.0.0.1;port=3306;dbname=aa;charset=utf8
[2021-07-28T01:52:09+08:00][sql] SHOW FULL COLUMNS FROM `user` [ RunTime:0.001070s ]
[2021-07-28T01:52:09+08:00][sql] SELECT * FROM `user` WHERE  `id` IS NULL LIMIT 1 [ RunTime:0.000376s ]
[2021-07-28T01:53:06+08:00][info] 接口地址：Lists/getprice,接口输入：Array
(
    [timestamp] => 2021-07-28 01:53:06
)

[2021-07-28T01:53:06+08:00][sql] CONNECT:[ UseTime:0.000393s ] mysql:host=127.0.0.1;port=3306;dbname=aa;charset=utf8
[2021-07-28T01:53:06+08:00][sql] SHOW FULL COLUMNS FROM `user` [ RunTime:0.001421s ]
[2021-07-28T01:53:06+08:00][sql] SELECT * FROM `user` WHERE  `id` IS NULL LIMIT 1 [ RunTime:0.000384s ]
[2021-07-28T01:53:38+08:00][info] 接口地址：Lists/getprice,接口输入：Array
(
    [timestamp] => 2021-07-28 01:53:38
)

[2021-07-28T01:53:38+08:00][sql] CONNECT:[ UseTime:0.000356s ] mysql:host=127.0.0.1;port=3306;dbname=aa;charset=utf8
[2021-07-28T01:53:38+08:00][sql] SHOW FULL COLUMNS FROM `user` [ RunTime:0.001043s ]
[2021-07-28T01:53:38+08:00][sql] SELECT * FROM `user` WHERE  `id` IS NULL LIMIT 1 [ RunTime:0.000358s ]
[2021-07-28T01:53:52+08:00][info] 接口地址：Lists/getprice,接口输入：Array
(
    [timestamp] => 2021-07-28 01:53:52
)

[2021-07-28T01:53:52+08:00][sql] CONNECT:[ UseTime:0.000332s ] mysql:host=127.0.0.1;port=3306;dbname=aa;charset=utf8
[2021-07-28T01:53:52+08:00][sql] SHOW FULL COLUMNS FROM `user` [ RunTime:0.001058s ]
[2021-07-28T01:53:52+08:00][sql] SELECT * FROM `user` WHERE  `id` IS NULL LIMIT 1 [ RunTime:0.000526s ]
[2021-07-28T01:54:04+08:00][info] 接口地址：Lists/getprice,接口输入：Array
(
    [timestamp] => 2021-07-28 01:54:04
)

[2021-07-28T01:54:04+08:00][sql] CONNECT:[ UseTime:0.000512s ] mysql:host=127.0.0.1;port=3306;dbname=aa;charset=utf8
[2021-07-28T01:54:04+08:00][sql] SHOW FULL COLUMNS FROM `user` [ RunTime:0.001349s ]
[2021-07-28T01:54:04+08:00][sql] SELECT * FROM `user` WHERE  `id` IS NULL LIMIT 1 [ RunTime:0.000679s ]
[2021-07-28T01:54:14+08:00][info] 接口地址：Lists/getprice,接口输入：Array
(
    [timestamp] => 2021-07-28 01:54:14
)

[2021-07-28T01:54:14+08:00][sql] CONNECT:[ UseTime:0.000538s ] mysql:host=127.0.0.1;port=3306;dbname=aa;charset=utf8
[2021-07-28T01:54:14+08:00][sql] SHOW FULL COLUMNS FROM `user` [ RunTime:0.001507s ]
[2021-07-28T01:54:14+08:00][sql] SELECT * FROM `user` WHERE  `id` IS NULL LIMIT 1 [ RunTime:0.000496s ]
[2021-07-28T01:54:42+08:00][info] 接口地址：Lists/getprice,接口输入：Array
(
    [timestamp] => 2021-07-28 01:54:42
)

[2021-07-28T01:54:42+08:00][sql] CONNECT:[ UseTime:0.000371s ] mysql:host=127.0.0.1;port=3306;dbname=aa;charset=utf8
[2021-07-28T01:54:42+08:00][sql] SHOW FULL COLUMNS FROM `user` [ RunTime:0.001316s ]
[2021-07-28T01:54:42+08:00][sql] SELECT * FROM `user` WHERE  `id` IS NULL LIMIT 1 [ RunTime:0.000362s ]
[2021-07-28T01:54:48+08:00][info] 接口地址：Lists/getprice,接口输入：Array
(
    [timestamp] => 2021-07-28 01:54:48
)

[2021-07-28T01:54:48+08:00][sql] CONNECT:[ UseTime:0.000337s ] mysql:host=127.0.0.1;port=3306;dbname=aa;charset=utf8
[2021-07-28T01:54:48+08:00][sql] SHOW FULL COLUMNS FROM `user` [ RunTime:0.003542s ]
[2021-07-28T01:54:48+08:00][sql] SELECT * FROM `user` WHERE  `id` IS NULL LIMIT 1 [ RunTime:0.000391s ]
[2021-07-28T01:54:52+08:00][info] 接口地址：Lists/getprice,接口输入：Array
(
    [timestamp] => 2021-07-28 01:54:52
)

[2021-07-28T01:54:52+08:00][sql] CONNECT:[ UseTime:0.000366s ] mysql:host=127.0.0.1;port=3306;dbname=aa;charset=utf8
[2021-07-28T01:54:52+08:00][sql] SHOW FULL COLUMNS FROM `user` [ RunTime:0.001360s ]
[2021-07-28T01:54:52+08:00][sql] SELECT * FROM `user` WHERE  `id` IS NULL LIMIT 1 [ RunTime:0.000358s ]
[2021-07-28T01:55:41+08:00][info] 接口地址：Lists/getprice,接口输入：Array
(
    [timestamp] => 2021-07-28 01:55:41
)

[2021-07-28T01:55:41+08:00][sql] CONNECT:[ UseTime:0.002342s ] mysql:host=127.0.0.1;port=3306;dbname=aa;charset=utf8
[2021-07-28T01:55:41+08:00][sql] SHOW FULL COLUMNS FROM `user` [ RunTime:0.001956s ]
[2021-07-28T01:55:41+08:00][sql] SELECT * FROM `user` WHERE  `id` IS NULL LIMIT 1 [ RunTime:0.000616s ]
[2021-07-28T01:56:03+08:00][info] 接口地址：Lists/getprice,接口输入：Array
(
    [timestamp] => 2021-07-28 01:56:03
)

[2021-07-28T01:56:03+08:00][sql] CONNECT:[ UseTime:0.000356s ] mysql:host=127.0.0.1;port=3306;dbname=aa;charset=utf8
[2021-07-28T01:56:03+08:00][sql] SHOW FULL COLUMNS FROM `user` [ RunTime:0.001025s ]
[2021-07-28T01:56:03+08:00][sql] SELECT * FROM `user` WHERE  `id` IS NULL LIMIT 1 [ RunTime:0.000342s ]
[2021-07-28T01:58:38+08:00][info] 接口地址：Lists/getprice,接口输入：Array
(
    [timestamp] => 2021-07-28 01:58:38
)

[2021-07-28T01:58:38+08:00][sql] CONNECT:[ UseTime:0.000338s ] mysql:host=127.0.0.1;port=3306;dbname=aa;charset=utf8
[2021-07-28T01:58:38+08:00][sql] SHOW FULL COLUMNS FROM `user` [ RunTime:0.001044s ]
[2021-07-28T01:58:38+08:00][sql] SELECT * FROM `user` WHERE  `id` IS NULL LIMIT 1 [ RunTime:0.000352s ]
[2021-07-28T02:00:02+08:00][info] 接口地址：Lists/getprice,接口输入：Array
(
    [timestamp] => 2021-07-28 02:00:02
)

[2021-07-28T02:00:02+08:00][sql] CONNECT:[ UseTime:0.000334s ] mysql:host=127.0.0.1;port=3306;dbname=aa;charset=utf8
[2021-07-28T02:00:02+08:00][sql] SHOW FULL COLUMNS FROM `user` [ RunTime:0.001435s ]
[2021-07-28T02:00:02+08:00][sql] SELECT * FROM `user` WHERE  `id` IS NULL LIMIT 1 [ RunTime:0.000382s ]
[2021-07-28T02:00:30+08:00][info] 接口地址：Lists/getprice,接口输入：Array
(
    [timestamp] => 2021-07-28 02:00:30
)

[2021-07-28T02:00:30+08:00][sql] CONNECT:[ UseTime:0.000351s ] mysql:host=127.0.0.1;port=3306;dbname=aa;charset=utf8
[2021-07-28T02:00:30+08:00][sql] SHOW FULL COLUMNS FROM `user` [ RunTime:0.001050s ]
[2021-07-28T02:00:30+08:00][sql] SELECT * FROM `user` WHERE  `id` IS NULL LIMIT 1 [ RunTime:0.000373s ]
[2021-07-28T02:10:02+08:00][info] 接口地址：Lists/getprice,接口输入：Array
(
    [timestamp] => 2021-07-28 02:10:02
)

[2021-07-28T02:10:02+08:00][sql] CONNECT:[ UseTime:0.000333s ] mysql:host=127.0.0.1;port=3306;dbname=aa;charset=utf8
[2021-07-28T02:10:02+08:00][sql] SHOW FULL COLUMNS FROM `user` [ RunTime:0.001289s ]
[2021-07-28T02:10:02+08:00][sql] SELECT * FROM `user` WHERE  `id` IS NULL LIMIT 1 [ RunTime:0.000370s ]
[2021-07-28T02:12:19+08:00][info] 接口地址：Lists/getprice,接口输入：Array
(
    [timestamp] => 2021-07-28 02:12:19
)

[2021-07-28T02:12:19+08:00][sql] CONNECT:[ UseTime:0.000349s ] mysql:host=127.0.0.1;port=3306;dbname=aa;charset=utf8
[2021-07-28T02:12:19+08:00][sql] SHOW FULL COLUMNS FROM `user` [ RunTime:0.001003s ]
[2021-07-28T02:12:19+08:00][sql] SELECT * FROM `user` WHERE  `id` IS NULL LIMIT 1 [ RunTime:0.000349s ]
[2021-07-28T02:12:28+08:00][info] 接口地址：Lists/getprice,接口输入：Array
(
    [timestamp] => 2021-07-28 02:12:28
)

[2021-07-28T02:12:28+08:00][sql] CONNECT:[ UseTime:0.000426s ] mysql:host=127.0.0.1;port=3306;dbname=aa;charset=utf8
[2021-07-28T02:12:28+08:00][sql] SHOW FULL COLUMNS FROM `user` [ RunTime:0.001151s ]
[2021-07-28T02:12:28+08:00][sql] SELECT * FROM `user` WHERE  `id` IS NULL LIMIT 1 [ RunTime:0.000455s ]
[2021-07-28T08:00:58+08:00][info] 接口地址：Lists/getprice,接口输入：Array
(
    [timestamp] => 2021-07-28 08:00:58
)

[2021-07-28T08:00:58+08:00][sql] CONNECT:[ UseTime:0.000546s ] mysql:host=127.0.0.1;port=3306;dbname=aa;charset=utf8
[2021-07-28T08:00:58+08:00][sql] SHOW FULL COLUMNS FROM `user` [ RunTime:0.001737s ]
[2021-07-28T08:00:58+08:00][sql] SELECT * FROM `user` WHERE  `id` IS NULL LIMIT 1 [ RunTime:0.000402s ]
[2021-07-28T08:01:01+08:00][info] 接口地址：Lists/getprice,接口输入：Array
(
    [timestamp] => 2021-07-28 08:01:01
)

[2021-07-28T08:01:01+08:00][sql] CONNECT:[ UseTime:0.000442s ] mysql:host=127.0.0.1;port=3306;dbname=aa;charset=utf8
[2021-07-28T08:01:01+08:00][sql] SHOW FULL COLUMNS FROM `user` [ RunTime:0.001119s ]
[2021-07-28T08:01:01+08:00][sql] SELECT * FROM `user` WHERE  `id` IS NULL LIMIT 1 [ RunTime:0.000483s ]
[2021-07-28T08:01:08+08:00][info] 接口地址：Lists/getprice,接口输入：Array
(
    [timestamp] => 2021-07-28 08:01:08
)

[2021-07-28T08:01:08+08:00][sql] CONNECT:[ UseTime:0.000389s ] mysql:host=127.0.0.1;port=3306;dbname=aa;charset=utf8
[2021-07-28T08:01:08+08:00][sql] SHOW FULL COLUMNS FROM `user` [ RunTime:0.001060s ]
[2021-07-28T08:01:08+08:00][sql] SELECT * FROM `user` WHERE  `id` IS NULL LIMIT 1 [ RunTime:0.000360s ]
[2021-07-28T08:01:42+08:00][info] 接口地址：Lists/getprice,接口输入：Array
(
    [timestamp] => 2021-07-28 08:01:42
)

[2021-07-28T08:01:42+08:00][sql] CONNECT:[ UseTime:0.000413s ] mysql:host=127.0.0.1;port=3306;dbname=aa;charset=utf8
[2021-07-28T08:01:42+08:00][sql] SHOW FULL COLUMNS FROM `user` [ RunTime:0.001304s ]
[2021-07-28T08:01:42+08:00][sql] SELECT * FROM `user` WHERE  `id` = 420 LIMIT 1 [ RunTime:0.000420s ]
[2021-07-28T08:04:34+08:00][info] 接口地址：Lists/getprice,接口输入：Array
(
    [timestamp] => 2021-07-28 08:04:34
)

[2021-07-28T08:04:34+08:00][sql] CONNECT:[ UseTime:0.000375s ] mysql:host=127.0.0.1;port=3306;dbname=aa;charset=utf8
[2021-07-28T08:04:34+08:00][sql] SHOW FULL COLUMNS FROM `user` [ RunTime:0.001062s ]
[2021-07-28T08:04:34+08:00][sql] SELECT * FROM `user` WHERE  `id` = 420 LIMIT 1 [ RunTime:0.000421s ]
[2021-07-28T08:04:58+08:00][info] 接口地址：Lists/getprice,接口输入：Array
(
    [timestamp] => 2021-07-28 08:04:58
)

[2021-07-28T08:04:58+08:00][sql] CONNECT:[ UseTime:0.000354s ] mysql:host=127.0.0.1;port=3306;dbname=aa;charset=utf8
[2021-07-28T08:04:58+08:00][sql] SHOW FULL COLUMNS FROM `user` [ RunTime:0.001233s ]
[2021-07-28T08:04:58+08:00][sql] SELECT * FROM `user` WHERE  `id` = 421 LIMIT 1 [ RunTime:0.000415s ]
[2021-07-28T08:06:22+08:00][info] 接口地址：Lists/getprice,接口输入：Array
(
    [timestamp] => 2021-07-28 08:06:22
)

[2021-07-28T08:06:22+08:00][sql] CONNECT:[ UseTime:0.000356s ] mysql:host=127.0.0.1;port=3306;dbname=aa;charset=utf8
[2021-07-28T08:06:22+08:00][sql] SHOW FULL COLUMNS FROM `user` [ RunTime:0.001149s ]
[2021-07-28T08:06:22+08:00][sql] SELECT * FROM `user` WHERE  `id` = 421 LIMIT 1 [ RunTime:0.000420s ]
[2021-07-28T08:14:28+08:00][info] 接口地址：Lists/getprice,接口输入：Array
(
    [timestamp] => 2021-07-28 08:14:28
)

[2021-07-28T08:14:28+08:00][sql] CONNECT:[ UseTime:0.000353s ] mysql:host=127.0.0.1;port=3306;dbname=aa;charset=utf8
[2021-07-28T08:14:28+08:00][sql] SHOW FULL COLUMNS FROM `user` [ RunTime:0.001035s ]
[2021-07-28T08:14:28+08:00][sql] SELECT * FROM `user` WHERE  `id` = 421 LIMIT 1 [ RunTime:0.000436s ]
[2021-07-28T08:14:42+08:00][info] 接口地址：Lists/getprice,接口输入：Array
(
    [timestamp] => 2021-07-28 08:14:42
)

[2021-07-28T08:14:42+08:00][sql] CONNECT:[ UseTime:0.000331s ] mysql:host=127.0.0.1;port=3306;dbname=aa;charset=utf8
[2021-07-28T08:14:42+08:00][sql] SHOW FULL COLUMNS FROM `user` [ RunTime:0.001023s ]
[2021-07-28T08:14:42+08:00][sql] SELECT * FROM `user` WHERE  `id` = 421 LIMIT 1 [ RunTime:0.000420s ]
[2021-07-28T08:15:10+08:00][info] 接口地址：Lists/getprice,接口输入：Array
(
    [timestamp] => 2021-07-28 08:15:10
)

[2021-07-28T08:15:10+08:00][sql] CONNECT:[ UseTime:0.000328s ] mysql:host=127.0.0.1;port=3306;dbname=aa;charset=utf8
[2021-07-28T08:15:10+08:00][sql] SHOW FULL COLUMNS FROM `user` [ RunTime:0.001074s ]
[2021-07-28T08:15:10+08:00][sql] SELECT * FROM `user` WHERE  `id` = 420 LIMIT 1 [ RunTime:0.000456s ]
[2021-07-28T08:16:39+08:00][info] 接口地址：Lists/getprice,接口输入：Array
(
    [timestamp] => 2021-07-28 08:16:39
)

[2021-07-28T08:16:39+08:00][sql] CONNECT:[ UseTime:0.000373s ] mysql:host=127.0.0.1;port=3306;dbname=aa;charset=utf8
[2021-07-28T08:16:39+08:00][sql] SHOW FULL COLUMNS FROM `user` [ RunTime:0.001530s ]
[2021-07-28T08:16:39+08:00][sql] SELECT * FROM `user` WHERE  `id` = 420 LIMIT 1 [ RunTime:0.000560s ]
[2021-07-28T08:16:59+08:00][info] 接口地址：Lists/getprice,接口输入：Array
(
    [timestamp] => 2021-07-28 08:16:59
)

[2021-07-28T08:16:59+08:00][sql] CONNECT:[ UseTime:0.000372s ] mysql:host=127.0.0.1;port=3306;dbname=aa;charset=utf8
[2021-07-28T08:16:59+08:00][sql] SHOW FULL COLUMNS FROM `user` [ RunTime:0.001032s ]
[2021-07-28T08:16:59+08:00][sql] SELECT * FROM `user` WHERE  `id` = 414 LIMIT 1 [ RunTime:0.000419s ]
[2021-07-28T08:18:24+08:00][info] 接口地址：Lists/getprice,接口输入：Array
(
    [timestamp] => 2021-07-28 08:18:24
)

[2021-07-28T08:18:24+08:00][sql] CONNECT:[ UseTime:0.000306s ] mysql:host=127.0.0.1;port=3306;dbname=aa;charset=utf8
[2021-07-28T08:18:24+08:00][sql] SHOW FULL COLUMNS FROM `user` [ RunTime:0.001026s ]
[2021-07-28T08:18:24+08:00][sql] SELECT * FROM `user` WHERE  `id` = 414 LIMIT 1 [ RunTime:0.000409s ]
[2021-07-28T08:21:08+08:00][info] 接口地址：Lists/getprice,接口输入：Array
(
    [timestamp] => 2021-07-28 08:21:08
)

[2021-07-28T08:21:08+08:00][sql] CONNECT:[ UseTime:0.000317s ] mysql:host=127.0.0.1;port=3306;dbname=aa;charset=utf8
[2021-07-28T08:21:08+08:00][sql] SHOW FULL COLUMNS FROM `user` [ RunTime:0.001032s ]
[2021-07-28T08:21:08+08:00][sql] SELECT * FROM `user` WHERE  `id` = 414 LIMIT 1 [ RunTime:0.000424s ]
[2021-07-28T08:23:27+08:00][info] 接口地址：Lists/getprice,接口输入：Array
(
    [timestamp] => 2021-07-28 08:23:27
)

[2021-07-28T08:23:27+08:00][sql] CONNECT:[ UseTime:0.000321s ] mysql:host=127.0.0.1;port=3306;dbname=aa;charset=utf8
[2021-07-28T08:23:27+08:00][sql] SHOW FULL COLUMNS FROM `user` [ RunTime:0.001218s ]
[2021-07-28T08:23:27+08:00][sql] SELECT * FROM `user` WHERE  `id` = 414 LIMIT 1 [ RunTime:0.000453s ]
[2021-07-28T08:43:25+08:00][info] 接口地址：Lists/getprice,接口输入：Array
(
    [timestamp] => 2021-07-28 08:43:25
)

[2021-07-28T08:43:25+08:00][sql] CONNECT:[ UseTime:0.000320s ] mysql:host=127.0.0.1;port=3306;dbname=aa;charset=utf8
[2021-07-28T08:43:25+08:00][sql] SHOW FULL COLUMNS FROM `user` [ RunTime:0.001015s ]
[2021-07-28T08:43:25+08:00][sql] SELECT * FROM `user` WHERE  `id` = 421 LIMIT 1 [ RunTime:0.000454s ]
[2021-07-28T09:01:27+08:00][info] 接口地址：Lists/getprice,接口输入：Array
(
    [timestamp] => 2021-07-28 09:01:27
)

[2021-07-28T09:01:27+08:00][sql] CONNECT:[ UseTime:0.000327s ] mysql:host=127.0.0.1;port=3306;dbname=aa;charset=utf8
[2021-07-28T09:01:27+08:00][sql] SHOW FULL COLUMNS FROM `user` [ RunTime:0.001032s ]
[2021-07-28T09:01:27+08:00][sql] SELECT * FROM `user` WHERE  `id` = 421 LIMIT 1 [ RunTime:0.000415s ]
[2021-07-28T09:04:19+08:00][info] 接口地址：Lists/getprice,接口输入：Array
(
    [timestamp] => 2021-07-28 09:04:19
)

[2021-07-28T09:04:19+08:00][sql] CONNECT:[ UseTime:0.000363s ] mysql:host=127.0.0.1;port=3306;dbname=aa;charset=utf8
[2021-07-28T09:04:19+08:00][sql] SHOW FULL COLUMNS FROM `user` [ RunTime:0.001259s ]
[2021-07-28T09:04:19+08:00][sql] SELECT * FROM `user` WHERE  `id` IS NULL LIMIT 1 [ RunTime:0.000387s ]
[2021-07-28T09:04:36+08:00][info] 接口地址：Lists/getprice,接口输入：Array
(
    [timestamp] => 2021-07-28 09:04:36
)

[2021-07-28T09:04:36+08:00][sql] CONNECT:[ UseTime:0.000323s ] mysql:host=127.0.0.1;port=3306;dbname=aa;charset=utf8
[2021-07-28T09:04:36+08:00][sql] SHOW FULL COLUMNS FROM `user` [ RunTime:0.001408s ]
[2021-07-28T09:04:36+08:00][sql] SELECT * FROM `user` WHERE  `id` = 391 LIMIT 1 [ RunTime:0.000428s ]
[2021-07-28T09:04:56+08:00][info] 接口地址：Lists/getprice,接口输入：Array
(
    [timestamp] => 2021-07-28 09:04:56
)

[2021-07-28T09:04:56+08:00][sql] CONNECT:[ UseTime:0.000495s ] mysql:host=127.0.0.1;port=3306;dbname=aa;charset=utf8
[2021-07-28T09:04:56+08:00][sql] SHOW FULL COLUMNS FROM `user` [ RunTime:0.001355s ]
[2021-07-28T09:04:56+08:00][sql] SELECT * FROM `user` WHERE  `id` = 391 LIMIT 1 [ RunTime:0.000405s ]
[2021-07-28T09:04:57+08:00][info] 接口地址：Newlist/index,接口输入：Array
(
    [timestamp] => 2021-07-28 09:04:57
)

[2021-07-28T09:04:57+08:00][sql] CONNECT:[ UseTime:0.000372s ] mysql:host=127.0.0.1;port=3306;dbname=aa;charset=utf8
[2021-07-28T09:04:57+08:00][sql] SHOW FULL COLUMNS FROM `newlist` [ RunTime:0.003378s ]
[2021-07-28T09:04:57+08:00][sql] SELECT COUNT(*) AS think_count FROM `newlist` [ RunTime:0.000318s ]
[2021-07-28T09:04:57+08:00][sql] SELECT * FROM `newlist` ORDER BY `newlist_id` DESC LIMIT 0,20 [ RunTime:0.002621s ]
[2021-07-28T09:05:03+08:00][info] 接口地址：Lists/add,接口输入：Array
(
    [timestamp] => 2021-07-28 09:05:03
)

[2021-07-28T09:05:03+08:00][sql] CONNECT:[ UseTime:0.000795s ] mysql:host=127.0.0.1;port=3306;dbname=aa;charset=utf8
[2021-07-28T09:05:03+08:00][sql] SHOW FULL COLUMNS FROM `user` [ RunTime:0.001037s ]
[2021-07-28T09:05:03+08:00][sql] SELECT * FROM `user` WHERE  `id` = 391 LIMIT 1 [ RunTime:0.000430s ]
[2021-07-28T09:05:03+08:00][sql] SHOW FULL COLUMNS FROM `lists` [ RunTime:0.006210s ]
[2021-07-28T09:05:03+08:00][sql] INSERT INTO `lists` SET `agent` = '测试' , `zname` = '跑跑' , `phone` = '15888888888' , `zts` = 3 , `mrsj` = 1627434303 , `xgname` = '薇雅网络' , `codes` = '600151' , `nums` = '2000' , `bzj` = 37600 [ RunTime:0.000365s ]
[2021-07-28T09:05:03+08:00][sql] UPDATE `user`  SET `djzj` = `djzj` + 37600  WHERE  `id` = 391 [ RunTime:0.004405s ]
[2021-07-28T09:05:03+08:00][sql] UPDATE `user`  SET `sgzj` = `sgzj` - 37600  WHERE  `id` = 391 [ RunTime:0.011385s ]
[2021-07-28T09:05:03+08:00][sql] UPDATE `user`  SET `user_amt` = `user_amt` - 37600  WHERE  `id` = 391 [ RunTime:0.010018s ]
[2021-07-28T09:05:07+08:00][info] 接口地址：Lists/getprice,接口输入：Array
(
    [timestamp] => 2021-07-28 09:05:07
)

[2021-07-28T09:05:07+08:00][sql] CONNECT:[ UseTime:0.000501s ] mysql:host=127.0.0.1;port=3306;dbname=aa;charset=utf8
[2021-07-28T09:05:07+08:00][sql] SHOW FULL COLUMNS FROM `user` [ RunTime:0.001556s ]
[2021-07-28T09:05:07+08:00][sql] SELECT * FROM `user` WHERE  `id` = 391 LIMIT 1 [ RunTime:0.000487s ]
[2021-07-28T09:05:23+08:00][info] 接口地址：Lists/getprice,接口输入：Array
(
    [timestamp] => 2021-07-28 09:05:23
)

[2021-07-28T09:05:23+08:00][sql] CONNECT:[ UseTime:0.000335s ] mysql:host=127.0.0.1;port=3306;dbname=aa;charset=utf8
[2021-07-28T09:05:23+08:00][sql] SHOW FULL COLUMNS FROM `user` [ RunTime:0.001305s ]
[2021-07-28T09:05:23+08:00][sql] SELECT * FROM `user` WHERE  `id` = 391 LIMIT 1 [ RunTime:0.004154s ]
[2021-07-28T09:05:52+08:00][info] 接口地址：Lists/getprice,接口输入：Array
(
    [timestamp] => 2021-07-28 09:05:52
)

[2021-07-28T09:05:52+08:00][sql] CONNECT:[ UseTime:0.000341s ] mysql:host=127.0.0.1;port=3306;dbname=aa;charset=utf8
[2021-07-28T09:05:52+08:00][sql] SHOW FULL COLUMNS FROM `user` [ RunTime:0.001111s ]
[2021-07-28T09:05:52+08:00][sql] SELECT * FROM `user` WHERE  `id` = 391 LIMIT 1 [ RunTime:0.000391s ]
[2021-07-28T09:06:06+08:00][info] 接口地址：Lists/getprice,接口输入：Array
(
    [timestamp] => 2021-07-28 09:06:06
)

[2021-07-28T09:06:06+08:00][sql] CONNECT:[ UseTime:0.000302s ] mysql:host=127.0.0.1;port=3306;dbname=aa;charset=utf8
[2021-07-28T09:06:06+08:00][sql] SHOW FULL COLUMNS FROM `user` [ RunTime:0.003503s ]
[2021-07-28T09:06:06+08:00][sql] SELECT * FROM `user` WHERE  `id` = 391 LIMIT 1 [ RunTime:0.000408s ]
[2021-07-28T09:08:37+08:00][info] 接口地址：Lists/getprice,接口输入：Array
(
    [timestamp] => 2021-07-28 09:08:37
)

[2021-07-28T09:08:37+08:00][sql] CONNECT:[ UseTime:0.000386s ] mysql:host=127.0.0.1;port=3306;dbname=aa;charset=utf8
[2021-07-28T09:08:37+08:00][sql] SHOW FULL COLUMNS FROM `user` [ RunTime:0.001109s ]
[2021-07-28T09:08:37+08:00][sql] SELECT * FROM `user` WHERE  `id` = 391 LIMIT 1 [ RunTime:0.000437s ]
[2021-07-28T10:35:51+08:00][info] 接口地址：Lists/getprice,接口输入：Array
(
    [timestamp] => 2021-07-28 10:35:51
)

[2021-07-28T10:35:51+08:00][sql] CONNECT:[ UseTime:0.000488s ] mysql:host=127.0.0.1;port=3306;dbname=aa;charset=utf8
[2021-07-28T10:35:51+08:00][sql] SHOW FULL COLUMNS FROM `user` [ RunTime:0.001550s ]
[2021-07-28T10:35:51+08:00][sql] SELECT * FROM `user` WHERE  `id` IS NULL LIMIT 1 [ RunTime:0.000512s ]
[2021-07-28T10:52:38+08:00][info] 接口地址：Lists/getprice,接口输入：Array
(
    [timestamp] => 2021-07-28 10:52:38
)

[2021-07-28T10:52:38+08:00][sql] CONNECT:[ UseTime:0.000433s ] mysql:host=127.0.0.1;port=3306;dbname=aa;charset=utf8
[2021-07-28T10:52:38+08:00][sql] SHOW FULL COLUMNS FROM `user` [ RunTime:0.001300s ]
[2021-07-28T10:52:38+08:00][sql] SELECT * FROM `user` WHERE  `id` IS NULL LIMIT 1 [ RunTime:0.000377s ]
[2021-07-28T12:51:36+08:00][info] 接口地址：Lists/getprice,接口输入：Array
(
    [timestamp] => 2021-07-28 12:51:36
)

[2021-07-28T12:51:36+08:00][sql] CONNECT:[ UseTime:0.000332s ] mysql:host=127.0.0.1;port=3306;dbname=aa;charset=utf8
[2021-07-28T12:51:36+08:00][sql] SHOW FULL COLUMNS FROM `user` [ RunTime:0.001121s ]
[2021-07-28T12:51:36+08:00][sql] SELECT * FROM `user` WHERE  `id` IS NULL LIMIT 1 [ RunTime:0.000425s ]
[2021-07-28T12:52:08+08:00][info] 接口地址：Lists/getprice,接口输入：Array
(
    [timestamp] => 2021-07-28 12:52:08
)

[2021-07-28T12:52:08+08:00][sql] CONNECT:[ UseTime:0.000401s ] mysql:host=127.0.0.1;port=3306;dbname=aa;charset=utf8
[2021-07-28T12:52:08+08:00][sql] SHOW FULL COLUMNS FROM `user` [ RunTime:0.001081s ]
[2021-07-28T12:52:08+08:00][sql] SELECT * FROM `user` WHERE  `id` IS NULL LIMIT 1 [ RunTime:0.000481s ]
[2021-07-28T12:52:14+08:00][info] 接口地址：Lists/getprice,接口输入：Array
(
    [timestamp] => 2021-07-28 12:52:14
)

[2021-07-28T12:52:14+08:00][sql] CONNECT:[ UseTime:0.000313s ] mysql:host=127.0.0.1;port=3306;dbname=aa;charset=utf8
[2021-07-28T12:52:14+08:00][sql] SHOW FULL COLUMNS FROM `user` [ RunTime:0.000989s ]
[2021-07-28T12:52:14+08:00][sql] SELECT * FROM `user` WHERE  `id` IS NULL LIMIT 1 [ RunTime:0.000340s ]
[2021-07-28T12:52:17+08:00][info] 接口地址：Lists/getprice,接口输入：Array
(
    [timestamp] => 2021-07-28 12:52:17
)

[2021-07-28T12:52:17+08:00][sql] CONNECT:[ UseTime:0.000311s ] mysql:host=127.0.0.1;port=3306;dbname=aa;charset=utf8
[2021-07-28T12:52:17+08:00][sql] SHOW FULL COLUMNS FROM `user` [ RunTime:0.001039s ]
[2021-07-28T12:52:17+08:00][sql] SELECT * FROM `user` WHERE  `id` IS NULL LIMIT 1 [ RunTime:0.000350s ]
[2021-07-28T12:52:23+08:00][info] 接口地址：Lists/getprice,接口输入：Array
(
    [timestamp] => 2021-07-28 12:52:23
)

[2021-07-28T12:52:23+08:00][sql] CONNECT:[ UseTime:0.000321s ] mysql:host=127.0.0.1;port=3306;dbname=aa;charset=utf8
[2021-07-28T12:52:23+08:00][sql] SHOW FULL COLUMNS FROM `user` [ RunTime:0.001188s ]
[2021-07-28T12:52:23+08:00][sql] SELECT * FROM `user` WHERE  `id` IS NULL LIMIT 1 [ RunTime:0.000404s ]
[2021-07-28T12:52:56+08:00][info] 接口地址：Lists/getprice,接口输入：Array
(
    [timestamp] => 2021-07-28 12:52:56
)

[2021-07-28T12:52:56+08:00][sql] CONNECT:[ UseTime:0.000354s ] mysql:host=127.0.0.1;port=3306;dbname=aa;charset=utf8
[2021-07-28T12:52:56+08:00][sql] SHOW FULL COLUMNS FROM `user` [ RunTime:0.001197s ]
[2021-07-28T12:52:56+08:00][sql] SELECT * FROM `user` WHERE  `id` IS NULL LIMIT 1 [ RunTime:0.000336s ]
[2021-07-28T14:11:26+08:00][info] 接口地址：Newlist/index,接口输入：Array
(
    [timestamp] => 2021-07-28 14:11:26
)

[2021-07-28T14:11:26+08:00][sql] CONNECT:[ UseTime:0.004520s ] mysql:host=127.0.0.1;port=3306;dbname=aa;charset=utf8
[2021-07-28T14:11:26+08:00][sql] SHOW FULL COLUMNS FROM `newlist` [ RunTime:0.005726s ]
[2021-07-28T14:11:26+08:00][sql] SELECT COUNT(*) AS think_count FROM `newlist` [ RunTime:0.000464s ]
[2021-07-28T14:11:26+08:00][sql] SELECT * FROM `newlist` ORDER BY `newlist_id` DESC LIMIT 0,20 [ RunTime:0.000484s ]
[2021-07-28T16:11:02+08:00][info] 接口地址：Lists/getprice,接口输入：Array
(
    [timestamp] => 2021-07-28 16:11:02
)

[2021-07-28T16:11:02+08:00][sql] CONNECT:[ UseTime:0.000393s ] mysql:host=127.0.0.1;port=3306;dbname=aa;charset=utf8
[2021-07-28T16:11:02+08:00][sql] SHOW FULL COLUMNS FROM `user` [ RunTime:0.001104s ]
[2021-07-28T16:11:02+08:00][sql] SELECT * FROM `user` WHERE  `id` IS NULL LIMIT 1 [ RunTime:0.000371s ]
[2021-07-28T16:11:56+08:00][info] 接口地址：Lists/getprice,接口输入：Array
(
    [timestamp] => 2021-07-28 16:11:56
)

[2021-07-28T16:11:56+08:00][sql] CONNECT:[ UseTime:0.000424s ] mysql:host=127.0.0.1;port=3306;dbname=aa;charset=utf8
[2021-07-28T16:11:56+08:00][sql] SHOW FULL COLUMNS FROM `user` [ RunTime:0.004121s ]
[2021-07-28T16:11:56+08:00][sql] SELECT * FROM `user` WHERE  `id` IS NULL LIMIT 1 [ RunTime:0.000387s ]
[2021-07-28T16:49:22+08:00][info] 接口地址：Lists/getprice,接口输入：Array
(
    [timestamp] => 2021-07-28 16:49:22
)

[2021-07-28T16:49:22+08:00][sql] CONNECT:[ UseTime:0.000316s ] mysql:host=127.0.0.1;port=3306;dbname=aa;charset=utf8
[2021-07-28T16:49:22+08:00][sql] SHOW FULL COLUMNS FROM `user` [ RunTime:0.001194s ]
[2021-07-28T16:49:22+08:00][sql] SELECT * FROM `user` WHERE  `id` IS NULL LIMIT 1 [ RunTime:0.000379s ]
[2021-07-28T17:03:10+08:00][info] 接口地址：Lists/getprice,接口输入：Array
(
    [timestamp] => 2021-07-28 17:03:10
)

[2021-07-28T17:03:10+08:00][sql] CONNECT:[ UseTime:0.001311s ] mysql:host=127.0.0.1;port=3306;dbname=aa;charset=utf8
[2021-07-28T17:03:10+08:00][sql] SHOW FULL COLUMNS FROM `user` [ RunTime:0.001344s ]
[2021-07-28T17:03:10+08:00][sql] SELECT * FROM `user` WHERE  `id` IS NULL LIMIT 1 [ RunTime:0.000407s ]
[2021-07-28T17:03:23+08:00][info] 接口地址：Lists/getprice,接口输入：Array
(
    [timestamp] => 2021-07-28 17:03:23
)

[2021-07-28T17:03:23+08:00][sql] CONNECT:[ UseTime:0.000351s ] mysql:host=127.0.0.1;port=3306;dbname=aa;charset=utf8
[2021-07-28T17:03:23+08:00][sql] SHOW FULL COLUMNS FROM `user` [ RunTime:0.001254s ]
[2021-07-28T17:03:23+08:00][sql] SELECT * FROM `user` WHERE  `id` IS NULL LIMIT 1 [ RunTime:0.000395s ]
[2021-07-28T17:03:30+08:00][info] 接口地址：Lists/getprice,接口输入：Array
(
    [timestamp] => 2021-07-28 17:03:30
)

[2021-07-28T17:03:30+08:00][sql] CONNECT:[ UseTime:0.000434s ] mysql:host=127.0.0.1;port=3306;dbname=aa;charset=utf8
[2021-07-28T17:03:30+08:00][sql] SHOW FULL COLUMNS FROM `user` [ RunTime:0.001079s ]
[2021-07-28T17:03:30+08:00][sql] SELECT * FROM `user` WHERE  `id` IS NULL LIMIT 1 [ RunTime:0.000359s ]
[2021-07-28T17:03:46+08:00][info] 接口地址：Lists/getprice,接口输入：Array
(
    [timestamp] => 2021-07-28 17:03:46
)

[2021-07-28T17:03:46+08:00][sql] CONNECT:[ UseTime:0.000329s ] mysql:host=127.0.0.1;port=3306;dbname=aa;charset=utf8
[2021-07-28T17:03:46+08:00][sql] SHOW FULL COLUMNS FROM `user` [ RunTime:0.001423s ]
[2021-07-28T17:03:46+08:00][sql] SELECT * FROM `user` WHERE  `id` IS NULL LIMIT 1 [ RunTime:0.000461s ]
[2021-07-28T17:03:50+08:00][info] 接口地址：Lists/getprice,接口输入：Array
(
    [timestamp] => 2021-07-28 17:03:50
)

[2021-07-28T17:03:50+08:00][sql] CONNECT:[ UseTime:0.000303s ] mysql:host=127.0.0.1;port=3306;dbname=aa;charset=utf8
[2021-07-28T17:03:50+08:00][sql] SHOW FULL COLUMNS FROM `user` [ RunTime:0.001010s ]
[2021-07-28T17:03:50+08:00][sql] SELECT * FROM `user` WHERE  `id` IS NULL LIMIT 1 [ RunTime:0.000355s ]
[2021-07-28T17:04:02+08:00][info] 接口地址：Lists/getprice,接口输入：Array
(
    [timestamp] => 2021-07-28 17:04:02
)

[2021-07-28T17:04:02+08:00][sql] CONNECT:[ UseTime:0.000472s ] mysql:host=127.0.0.1;port=3306;dbname=aa;charset=utf8
[2021-07-28T17:04:02+08:00][sql] SHOW FULL COLUMNS FROM `user` [ RunTime:0.001078s ]
[2021-07-28T17:04:02+08:00][sql] SELECT * FROM `user` WHERE  `id` IS NULL LIMIT 1 [ RunTime:0.000403s ]
[2021-07-28T17:04:04+08:00][info] 接口地址：Lists/getprice,接口输入：Array
(
    [timestamp] => 2021-07-28 17:04:04
)

[2021-07-28T17:04:04+08:00][sql] CONNECT:[ UseTime:0.000362s ] mysql:host=127.0.0.1;port=3306;dbname=aa;charset=utf8
[2021-07-28T17:04:04+08:00][sql] SHOW FULL COLUMNS FROM `user` [ RunTime:0.001343s ]
[2021-07-28T17:04:04+08:00][sql] SELECT * FROM `user` WHERE  `id` IS NULL LIMIT 1 [ RunTime:0.000406s ]
[2021-07-28T17:12:18+08:00][info] 接口地址：Lists/getprice,接口输入：Array
(
    [timestamp] => 2021-07-28 17:12:18
)

[2021-07-28T17:12:18+08:00][sql] CONNECT:[ UseTime:0.000381s ] mysql:host=127.0.0.1;port=3306;dbname=aa;charset=utf8
[2021-07-28T17:12:18+08:00][sql] SHOW FULL COLUMNS FROM `user` [ RunTime:0.001185s ]
[2021-07-28T17:12:18+08:00][sql] SELECT * FROM `user` WHERE  `id` IS NULL LIMIT 1 [ RunTime:0.000435s ]
[2021-07-28T17:16:42+08:00][info] 接口地址：Lists/getprice,接口输入：Array
(
    [timestamp] => 2021-07-28 17:16:42
)

[2021-07-28T17:16:42+08:00][sql] CONNECT:[ UseTime:0.000368s ] mysql:host=127.0.0.1;port=3306;dbname=aa;charset=utf8
[2021-07-28T17:16:42+08:00][sql] SHOW FULL COLUMNS FROM `user` [ RunTime:0.001357s ]
[2021-07-28T17:16:42+08:00][sql] SELECT * FROM `user` WHERE  `id` IS NULL LIMIT 1 [ RunTime:0.000386s ]
[2021-07-28T17:33:41+08:00][info] 接口地址：Lists/getprice,接口输入：Array
(
    [timestamp] => 2021-07-28 17:33:41
)

[2021-07-28T17:33:41+08:00][sql] CONNECT:[ UseTime:0.000288s ] mysql:host=127.0.0.1;port=3306;dbname=aa;charset=utf8
[2021-07-28T17:33:41+08:00][sql] SHOW FULL COLUMNS FROM `user` [ RunTime:0.001261s ]
[2021-07-28T17:33:41+08:00][sql] SELECT * FROM `user` WHERE  `id` IS NULL LIMIT 1 [ RunTime:0.000351s ]
[2021-07-28T17:35:24+08:00][info] 接口地址：Lists/getprice,接口输入：Array
(
    [timestamp] => 2021-07-28 17:35:24
)

[2021-07-28T17:35:24+08:00][sql] CONNECT:[ UseTime:0.000292s ] mysql:host=127.0.0.1;port=3306;dbname=aa;charset=utf8
[2021-07-28T17:35:24+08:00][sql] SHOW FULL COLUMNS FROM `user` [ RunTime:0.001058s ]
[2021-07-28T17:35:24+08:00][sql] SELECT * FROM `user` WHERE  `id` IS NULL LIMIT 1 [ RunTime:0.000340s ]
[2021-07-28T17:36:27+08:00][info] 接口地址：Lists/getprice,接口输入：Array
(
    [timestamp] => 2021-07-28 17:36:27
)

[2021-07-28T17:36:27+08:00][sql] CONNECT:[ UseTime:0.000370s ] mysql:host=127.0.0.1;port=3306;dbname=aa;charset=utf8
[2021-07-28T17:36:27+08:00][sql] SHOW FULL COLUMNS FROM `user` [ RunTime:0.001294s ]
[2021-07-28T17:36:27+08:00][sql] SELECT * FROM `user` WHERE  `id` IS NULL LIMIT 1 [ RunTime:0.000378s ]
[2021-07-28T18:01:01+08:00][info] 接口地址：Lists/getprice,接口输入：Array
(
    [timestamp] => 2021-07-28 18:01:01
)

[2021-07-28T18:01:01+08:00][sql] CONNECT:[ UseTime:0.000348s ] mysql:host=127.0.0.1;port=3306;dbname=aa;charset=utf8
[2021-07-28T18:01:01+08:00][sql] SHOW FULL COLUMNS FROM `user` [ RunTime:0.001480s ]
[2021-07-28T18:01:01+08:00][sql] SELECT * FROM `user` WHERE  `id` IS NULL LIMIT 1 [ RunTime:0.000346s ]
[2021-07-28T18:01:08+08:00][info] 接口地址：Lists/getprice,接口输入：Array
(
    [timestamp] => 2021-07-28 18:01:08
)

[2021-07-28T18:01:08+08:00][sql] CONNECT:[ UseTime:0.000278s ] mysql:host=127.0.0.1;port=3306;dbname=aa;charset=utf8
[2021-07-28T18:01:08+08:00][sql] SHOW FULL COLUMNS FROM `user` [ RunTime:0.001060s ]
[2021-07-28T18:01:08+08:00][sql] SELECT * FROM `user` WHERE  `id` IS NULL LIMIT 1 [ RunTime:0.000371s ]
[2021-07-28T18:01:20+08:00][info] 接口地址：Lists/getprice,接口输入：Array
(
    [timestamp] => 2021-07-28 18:01:20
)

[2021-07-28T18:01:20+08:00][sql] CONNECT:[ UseTime:0.000275s ] mysql:host=127.0.0.1;port=3306;dbname=aa;charset=utf8
[2021-07-28T18:01:20+08:00][sql] SHOW FULL COLUMNS FROM `user` [ RunTime:0.001426s ]
[2021-07-28T18:01:20+08:00][sql] SELECT * FROM `user` WHERE  `id` IS NULL LIMIT 1 [ RunTime:0.000342s ]
[2021-07-28T18:01:53+08:00][info] 接口地址：Lists/getprice,接口输入：Array
(
    [timestamp] => 2021-07-28 18:01:53
)

[2021-07-28T18:01:53+08:00][sql] CONNECT:[ UseTime:0.000431s ] mysql:host=127.0.0.1;port=3306;dbname=aa;charset=utf8
[2021-07-28T18:01:53+08:00][sql] SHOW FULL COLUMNS FROM `user` [ RunTime:0.001282s ]
[2021-07-28T18:01:53+08:00][sql] SELECT * FROM `user` WHERE  `id` IS NULL LIMIT 1 [ RunTime:0.000388s ]
[2021-07-28T18:01:55+08:00][info] 接口地址：Lists/getprice,接口输入：Array
(
    [timestamp] => 2021-07-28 18:01:55
)

[2021-07-28T18:01:55+08:00][sql] CONNECT:[ UseTime:0.008819s ] mysql:host=127.0.0.1;port=3306;dbname=aa;charset=utf8
[2021-07-28T18:01:55+08:00][sql] SHOW FULL COLUMNS FROM `user` [ RunTime:0.001723s ]
[2021-07-28T18:01:55+08:00][sql] SELECT * FROM `user` WHERE  `id` IS NULL LIMIT 1 [ RunTime:0.000399s ]
[2021-07-28T22:41:46+08:00][info] 接口地址：Lists/getprice,接口输入：Array
(
    [timestamp] => 2021-07-28 22:41:46
)

[2021-07-28T22:41:46+08:00][sql] CONNECT:[ UseTime:0.000411s ] mysql:host=127.0.0.1;port=3306;dbname=aa;charset=utf8
[2021-07-28T22:41:46+08:00][sql] SHOW FULL COLUMNS FROM `user` [ RunTime:0.001307s ]
[2021-07-28T22:41:46+08:00][sql] SELECT * FROM `user` WHERE  `id` IS NULL LIMIT 1 [ RunTime:0.000889s ]
[2021-07-28T22:41:52+08:00][info] 接口地址：Lists/getprice,接口输入：Array
(
    [timestamp] => 2021-07-28 22:41:52
)

[2021-07-28T22:41:52+08:00][sql] CONNECT:[ UseTime:0.000427s ] mysql:host=127.0.0.1;port=3306;dbname=aa;charset=utf8
[2021-07-28T22:41:52+08:00][sql] SHOW FULL COLUMNS FROM `user` [ RunTime:0.001163s ]
[2021-07-28T22:41:52+08:00][sql] SELECT * FROM `user` WHERE  `id` IS NULL LIMIT 1 [ RunTime:0.001289s ]
[2021-07-28T22:41:57+08:00][info] 接口地址：Lists/getprice,接口输入：Array
(
    [timestamp] => 2021-07-28 22:41:57
)

[2021-07-28T22:41:57+08:00][sql] CONNECT:[ UseTime:0.000579s ] mysql:host=127.0.0.1;port=3306;dbname=aa;charset=utf8
[2021-07-28T22:41:57+08:00][sql] SHOW FULL COLUMNS FROM `user` [ RunTime:0.001384s ]
[2021-07-28T22:41:57+08:00][sql] SELECT * FROM `user` WHERE  `id` IS NULL LIMIT 1 [ RunTime:0.001211s ]
[2021-07-28T22:42:08+08:00][info] 接口地址：Lists/getprice,接口输入：Array
(
    [timestamp] => 2021-07-28 22:42:07
)

[2021-07-28T22:42:08+08:00][sql] CONNECT:[ UseTime:0.012828s ] mysql:host=127.0.0.1;port=3306;dbname=aa;charset=utf8
[2021-07-28T22:42:08+08:00][sql] SHOW FULL COLUMNS FROM `user` [ RunTime:0.028982s ]
[2021-07-28T22:42:08+08:00][sql] SELECT * FROM `user` WHERE  `id` IS NULL LIMIT 1 [ RunTime:0.001494s ]
[2021-07-28T22:42:12+08:00][info] 接口地址：Lists/getprice,接口输入：Array
(
    [timestamp] => 2021-07-28 22:42:12
)

[2021-07-28T22:42:12+08:00][sql] CONNECT:[ UseTime:0.000407s ] mysql:host=127.0.0.1;port=3306;dbname=aa;charset=utf8
[2021-07-28T22:42:12+08:00][sql] SHOW FULL COLUMNS FROM `user` [ RunTime:0.001164s ]
[2021-07-28T22:42:12+08:00][sql] SELECT * FROM `user` WHERE  `id` IS NULL LIMIT 1 [ RunTime:0.000413s ]
