[2021-07-27T11:08:24+08:00][error] [10501]SQLSTATE[HY000] [1045] Access denied for user 'www.dxcfd.com'@'localhost' (using password: YES)[/www/wwwroot/3.0xingu/xingupeizi/xingu.dxcfd.com/news/vendor/topthink/think-orm/src/db/PDOConnection.php:768]
[2021-07-27T11:09:21+08:00][error] [10501]SQLSTATE[HY000] [1045] Access denied for user 'www.dxcfd.com'@'localhost' (using password: YES)[/www/wwwroot/3.0xingu/xingupeizi/xingu.dxcfd.com/news/vendor/topthink/think-orm/src/db/PDOConnection.php:768]
[2021-07-27T11:10:19+08:00][error] [10501]SQLSTATE[HY000] [1045] Access denied for user 'www.dxcfd.com'@'localhost' (using password: YES)[/www/wwwroot/3.0xingu/xingupeizi/xingu.dxcfd.com/news/vendor/topthink/think-orm/src/db/PDOConnection.php:768]
[2021-07-27T11:11:40+08:00][sql] CONNECT:[ UseTime:0.000370s ] mysql:host=127.0.0.1;port=3306;dbname=aa;charset=utf8
[2021-07-27T11:11:40+08:00][sql] SHOW FULL COLUMNS FROM `config` [ RunTime:0.002072s ]
[2021-07-27T11:11:40+08:00][sql] SELECT `name`,`data` FROM `config` [ RunTime:0.023920s ]
[2021-07-27T11:11:51+08:00][sql] CONNECT:[ UseTime:0.000590s ] mysql:host=127.0.0.1;port=3306;dbname=aa;charset=utf8
[2021-07-27T11:11:51+08:00][sql] SHOW FULL COLUMNS FROM `admin_user` [ RunTime:0.015690s ]
[2021-07-27T11:11:51+08:00][sql] SELECT `a`.`user_id`,`a`.`name`,a.user as username,`a`.`status`,a.role_id as user_role_ids,`b`.`role_id`,b.name as role_name,b.status as role_status FROM `admin_user` `a` INNER JOIN `role` `b` ON a.role_id in(b.role_id) WHERE  `a`.`user` = 'admin'  AND `a`.`pwd` = 'b720cf94bcd2a6157043cac25209b9ab' LIMIT 1 [ RunTime:0.021590s ]
[2021-07-27T11:11:51+08:00][sql] SHOW FULL COLUMNS FROM `access` [ RunTime:0.014347s ]
[2021-07-27T11:11:51+08:00][sql] SELECT `id`,`purviewval` FROM `access` WHERE  `role_id` = 1 [ RunTime:0.000430s ]
[2021-07-27T11:11:51+08:00][sql] SHOW FULL COLUMNS FROM `log` [ RunTime:0.023700s ]
[2021-07-27T11:11:51+08:00][sql] INSERT INTO `log` SET `application_name` = 'admin' , `username` = 'admin' , `url` = 'http://xght.dxcfd.com/admin/Login/index.html' , `ip` = '182.123.65.78' , `useragent` = 'Mozilla/5.0 (Windows NT 10.0; WOW64) AppleWebKit/537.36 (KHTML, like Gecko) Chrome/86.0.4240.198 Safari/537.36' , `create_time` = 1627355511 , `type` = 1 [ RunTime:0.004957s ]
[2021-07-27T11:11:51+08:00][sql] CONNECT:[ UseTime:0.000453s ] mysql:host=127.0.0.1;port=3306;dbname=aa;charset=utf8
[2021-07-27T11:11:51+08:00][sql] SHOW FULL COLUMNS FROM `menu` [ RunTime:0.003032s ]
[2021-07-27T11:11:51+08:00][sql] SELECT * FROM `menu` WHERE  `status` = 1  AND `app_id` = 1  AND `pid` = 0 ORDER BY `sortid` ASC [ RunTime:0.001083s ]
[2021-07-27T11:11:51+08:00][sql] SELECT * FROM `menu` WHERE  `status` = 1  AND `app_id` = 1  AND `pid` = 778 ORDER BY `sortid` ASC [ RunTime:0.000427s ]
[2021-07-27T11:11:51+08:00][sql] SELECT * FROM `menu` WHERE  `status` = 1  AND `app_id` = 1  AND `pid` = 778 ORDER BY `sortid` ASC [ RunTime:0.000386s ]
[2021-07-27T11:11:51+08:00][sql] SELECT * FROM `menu` WHERE  `status` = 1  AND `app_id` = 1  AND `pid` = 779 ORDER BY `sortid` ASC [ RunTime:0.000404s ]
[2021-07-27T11:11:51+08:00][sql] SELECT * FROM `menu` WHERE  `status` = 1  AND `app_id` = 1  AND `pid` = 779 ORDER BY `sortid` ASC [ RunTime:0.000430s ]
[2021-07-27T11:11:51+08:00][sql] SELECT * FROM `menu` WHERE  `status` = 1  AND `app_id` = 1  AND `pid` = 780 ORDER BY `sortid` ASC [ RunTime:0.000423s ]
[2021-07-27T11:11:51+08:00][sql] SELECT * FROM `menu` WHERE  `status` = 1  AND `app_id` = 1  AND `pid` = 780 ORDER BY `sortid` ASC [ RunTime:0.000416s ]
[2021-07-27T11:11:51+08:00][sql] SELECT * FROM `menu` WHERE  `status` = 1  AND `app_id` = 1  AND `pid` = 12 ORDER BY `sortid` ASC [ RunTime:0.000434s ]
[2021-07-27T11:11:51+08:00][sql] SELECT * FROM `menu` WHERE  `status` = 1  AND `app_id` = 1  AND `pid` = 12 ORDER BY `sortid` ASC [ RunTime:0.000428s ]
[2021-07-27T11:11:51+08:00][sql] SELECT * FROM `menu` WHERE  `status` = 1  AND `app_id` = 1  AND `pid` = 17 ORDER BY `sortid` ASC [ RunTime:0.000388s ]
[2021-07-27T11:11:51+08:00][sql] SELECT * FROM `menu` WHERE  `status` = 1  AND `app_id` = 1  AND `pid` = 17 ORDER BY `sortid` ASC [ RunTime:0.000387s ]
[2021-07-27T11:11:51+08:00][sql] SELECT * FROM `menu` WHERE  `status` = 1  AND `app_id` = 1  AND `pid` = 80 ORDER BY `sortid` ASC [ RunTime:0.000384s ]
[2021-07-27T11:11:51+08:00][sql] SELECT * FROM `menu` WHERE  `status` = 1  AND `app_id` = 1  AND `pid` = 80 ORDER BY `sortid` ASC [ RunTime:0.000382s ]
[2021-07-27T11:11:51+08:00][sql] SELECT * FROM `menu` WHERE  `status` = 1  AND `app_id` = 1  AND `pid` = 21 ORDER BY `sortid` ASC [ RunTime:0.000439s ]
[2021-07-27T11:11:51+08:00][sql] SELECT * FROM `menu` WHERE  `status` = 1  AND `app_id` = 1  AND `pid` = 21 ORDER BY `sortid` ASC [ RunTime:0.000410s ]
[2021-07-27T11:11:51+08:00][sql] SELECT * FROM `menu` WHERE  `status` = 1  AND `app_id` = 1  AND `pid` = 18 ORDER BY `sortid` ASC [ RunTime:0.000387s ]
[2021-07-27T11:11:51+08:00][sql] SELECT * FROM `menu` WHERE  `status` = 1  AND `app_id` = 1  AND `pid` = 18 ORDER BY `sortid` ASC [ RunTime:0.000357s ]
[2021-07-27T11:11:51+08:00][sql] SELECT * FROM `menu` WHERE  `status` = 1  AND `app_id` = 1  AND `pid` = 19 ORDER BY `sortid` ASC [ RunTime:0.000402s ]
[2021-07-27T11:11:51+08:00][sql] SELECT * FROM `menu` WHERE  `status` = 1  AND `app_id` = 1  AND `pid` = 19 ORDER BY `sortid` ASC [ RunTime:0.000355s ]
[2021-07-27T11:11:51+08:00][sql] SELECT * FROM `menu` WHERE  `status` = 1  AND `app_id` = 1  AND `pid` = 41 ORDER BY `sortid` ASC [ RunTime:0.000382s ]
[2021-07-27T11:11:51+08:00][sql] SELECT * FROM `menu` WHERE  `status` = 1  AND `app_id` = 1  AND `pid` = 41 ORDER BY `sortid` ASC [ RunTime:0.000356s ]
[2021-07-27T11:11:51+08:00][sql] SELECT * FROM `menu` WHERE  `status` = 1  AND `app_id` = 1  AND `pid` = 670 ORDER BY `sortid` ASC [ RunTime:0.000390s ]
[2021-07-27T11:11:51+08:00][sql] SELECT * FROM `menu` WHERE  `status` = 1  AND `app_id` = 1  AND `pid` = 670 ORDER BY `sortid` ASC [ RunTime:0.000358s ]
[2021-07-27T11:11:51+08:00][sql] SELECT * FROM `menu` WHERE  `status` = 1  AND `app_id` = 1  AND `pid` = 673 ORDER BY `sortid` ASC [ RunTime:0.000367s ]
[2021-07-27T11:11:51+08:00][sql] SELECT * FROM `menu` WHERE  `status` = 1  AND `app_id` = 1  AND `pid` = 673 ORDER BY `sortid` ASC [ RunTime:0.000356s ]
[2021-07-27T11:12:05+08:00][sql] CONNECT:[ UseTime:0.000420s ] mysql:host=127.0.0.1;port=3306;dbname=aa;charset=utf8
[2021-07-27T11:12:05+08:00][sql] SHOW FULL COLUMNS FROM `menu` [ RunTime:0.002150s ]
[2021-07-27T11:12:05+08:00][sql] SELECT * FROM `menu` WHERE  `status` = 1  AND `app_id` = 1  AND `pid` = 0 ORDER BY `sortid` ASC [ RunTime:0.000451s ]
[2021-07-27T11:12:05+08:00][sql] SELECT * FROM `menu` WHERE  `status` = 1  AND `app_id` = 1  AND `pid` = 778 ORDER BY `sortid` ASC [ RunTime:0.000375s ]
[2021-07-27T11:12:05+08:00][sql] SELECT * FROM `menu` WHERE  `status` = 1  AND `app_id` = 1  AND `pid` = 778 ORDER BY `sortid` ASC [ RunTime:0.000646s ]
[2021-07-27T11:12:05+08:00][sql] SELECT * FROM `menu` WHERE  `status` = 1  AND `app_id` = 1  AND `pid` = 779 ORDER BY `sortid` ASC [ RunTime:0.000988s ]
[2021-07-27T11:12:05+08:00][sql] SELECT * FROM `menu` WHERE  `status` = 1  AND `app_id` = 1  AND `pid` = 779 ORDER BY `sortid` ASC [ RunTime:0.000378s ]
[2021-07-27T11:12:05+08:00][sql] SELECT * FROM `menu` WHERE  `status` = 1  AND `app_id` = 1  AND `pid` = 780 ORDER BY `sortid` ASC [ RunTime:0.000388s ]
[2021-07-27T11:12:05+08:00][sql] SELECT * FROM `menu` WHERE  `status` = 1  AND `app_id` = 1  AND `pid` = 780 ORDER BY `sortid` ASC [ RunTime:0.000431s ]
[2021-07-27T11:12:05+08:00][sql] SELECT * FROM `menu` WHERE  `status` = 1  AND `app_id` = 1  AND `pid` = 12 ORDER BY `sortid` ASC [ RunTime:0.004528s ]
[2021-07-27T11:12:05+08:00][sql] SELECT * FROM `menu` WHERE  `status` = 1  AND `app_id` = 1  AND `pid` = 12 ORDER BY `sortid` ASC [ RunTime:0.000420s ]
[2021-07-27T11:12:05+08:00][sql] SELECT * FROM `menu` WHERE  `status` = 1  AND `app_id` = 1  AND `pid` = 17 ORDER BY `sortid` ASC [ RunTime:0.000425s ]
[2021-07-27T11:12:05+08:00][sql] SELECT * FROM `menu` WHERE  `status` = 1  AND `app_id` = 1  AND `pid` = 17 ORDER BY `sortid` ASC [ RunTime:0.000468s ]
[2021-07-27T11:12:05+08:00][sql] SELECT * FROM `menu` WHERE  `status` = 1  AND `app_id` = 1  AND `pid` = 80 ORDER BY `sortid` ASC [ RunTime:0.000368s ]
[2021-07-27T11:12:05+08:00][sql] SELECT * FROM `menu` WHERE  `status` = 1  AND `app_id` = 1  AND `pid` = 80 ORDER BY `sortid` ASC [ RunTime:0.000365s ]
[2021-07-27T11:12:05+08:00][sql] SELECT * FROM `menu` WHERE  `status` = 1  AND `app_id` = 1  AND `pid` = 21 ORDER BY `sortid` ASC [ RunTime:0.000428s ]
[2021-07-27T11:12:05+08:00][sql] SELECT * FROM `menu` WHERE  `status` = 1  AND `app_id` = 1  AND `pid` = 21 ORDER BY `sortid` ASC [ RunTime:0.000365s ]
[2021-07-27T11:12:05+08:00][sql] SELECT * FROM `menu` WHERE  `status` = 1  AND `app_id` = 1  AND `pid` = 18 ORDER BY `sortid` ASC [ RunTime:0.000398s ]
[2021-07-27T11:12:05+08:00][sql] SELECT * FROM `menu` WHERE  `status` = 1  AND `app_id` = 1  AND `pid` = 18 ORDER BY `sortid` ASC [ RunTime:0.000366s ]
[2021-07-27T11:12:05+08:00][sql] SELECT * FROM `menu` WHERE  `status` = 1  AND `app_id` = 1  AND `pid` = 19 ORDER BY `sortid` ASC [ RunTime:0.001020s ]
[2021-07-27T11:12:05+08:00][sql] SELECT * FROM `menu` WHERE  `status` = 1  AND `app_id` = 1  AND `pid` = 19 ORDER BY `sortid` ASC [ RunTime:0.000444s ]
[2021-07-27T11:12:05+08:00][sql] SELECT * FROM `menu` WHERE  `status` = 1  AND `app_id` = 1  AND `pid` = 41 ORDER BY `sortid` ASC [ RunTime:0.000395s ]
[2021-07-27T11:12:05+08:00][sql] SELECT * FROM `menu` WHERE  `status` = 1  AND `app_id` = 1  AND `pid` = 41 ORDER BY `sortid` ASC [ RunTime:0.000675s ]
[2021-07-27T11:12:05+08:00][sql] SELECT * FROM `menu` WHERE  `status` = 1  AND `app_id` = 1  AND `pid` = 670 ORDER BY `sortid` ASC [ RunTime:0.000371s ]
[2021-07-27T11:12:05+08:00][sql] SELECT * FROM `menu` WHERE  `status` = 1  AND `app_id` = 1  AND `pid` = 670 ORDER BY `sortid` ASC [ RunTime:0.000385s ]
[2021-07-27T11:12:05+08:00][sql] SELECT * FROM `menu` WHERE  `status` = 1  AND `app_id` = 1  AND `pid` = 673 ORDER BY `sortid` ASC [ RunTime:0.005031s ]
[2021-07-27T11:12:05+08:00][sql] SELECT * FROM `menu` WHERE  `status` = 1  AND `app_id` = 1  AND `pid` = 673 ORDER BY `sortid` ASC [ RunTime:0.000387s ]
[2021-07-27T11:12:08+08:00][sql] CONNECT:[ UseTime:0.000511s ] mysql:host=127.0.0.1;port=3306;dbname=aa;charset=utf8
[2021-07-27T11:12:08+08:00][sql] SHOW FULL COLUMNS FROM `newlist` [ RunTime:0.043000s ]
[2021-07-27T11:12:08+08:00][sql] SELECT COUNT(*) AS think_count FROM `newlist` [ RunTime:0.000359s ]
[2021-07-27T11:12:08+08:00][sql] SELECT `newlist_id`,`names`,`code`,`price`,`zt` FROM `newlist` ORDER BY `newlist_id` DESC LIMIT 0,20 [ RunTime:0.000616s ]
[2021-07-27T11:12:09+08:00][sql] CONNECT:[ UseTime:0.000319s ] mysql:host=127.0.0.1;port=3306;dbname=aa;charset=utf8
[2021-07-27T11:12:09+08:00][sql] SHOW FULL COLUMNS FROM `user` [ RunTime:0.001060s ]
[2021-07-27T11:12:09+08:00][sql] SELECT COUNT(*) AS think_count FROM `user` [ RunTime:0.000343s ]
[2021-07-27T11:12:09+08:00][sql] SELECT `id`,`agent_id`,`agent_name`,`phone`,`nick_name`,`sgzj`,`djzj` FROM `user` ORDER BY `id` DESC LIMIT 0,20 [ RunTime:0.000402s ]
[2021-07-27T11:12:14+08:00][sql] CONNECT:[ UseTime:0.000350s ] mysql:host=127.0.0.1;port=3306;dbname=aa;charset=utf8
[2021-07-27T11:12:14+08:00][sql] SHOW FULL COLUMNS FROM `application` [ RunTime:0.002592s ]
[2021-07-27T11:12:14+08:00][sql] SELECT * FROM `application` ORDER BY `app_id` DESC [ RunTime:0.001316s ]
[2021-07-27T11:12:14+08:00][sql] SELECT COUNT(*) AS think_count FROM `application` [ RunTime:0.000258s ]
[2021-07-27T11:12:18+08:00][sql] CONNECT:[ UseTime:0.000762s ] mysql:host=127.0.0.1;port=3306;dbname=aa;charset=utf8
[2021-07-27T11:12:18+08:00][sql] SHOW FULL COLUMNS FROM `menu` [ RunTime:0.002475s ]
[2021-07-27T11:12:18+08:00][sql] SELECT * FROM `menu` WHERE  `status` = 1  AND `app_id` = 1  AND `pid` = 0 ORDER BY `sortid` ASC [ RunTime:0.000516s ]
[2021-07-27T11:12:18+08:00][sql] SELECT * FROM `menu` WHERE  `status` = 1  AND `app_id` = 1  AND `pid` = 778 ORDER BY `sortid` ASC [ RunTime:0.001263s ]
[2021-07-27T11:12:18+08:00][sql] SELECT * FROM `menu` WHERE  `status` = 1  AND `app_id` = 1  AND `pid` = 778 ORDER BY `sortid` ASC [ RunTime:0.000389s ]
[2021-07-27T11:12:18+08:00][sql] SELECT * FROM `menu` WHERE  `status` = 1  AND `app_id` = 1  AND `pid` = 779 ORDER BY `sortid` ASC [ RunTime:0.000459s ]
[2021-07-27T11:12:18+08:00][sql] SELECT * FROM `menu` WHERE  `status` = 1  AND `app_id` = 1  AND `pid` = 779 ORDER BY `sortid` ASC [ RunTime:0.000395s ]
[2021-07-27T11:12:18+08:00][sql] SELECT * FROM `menu` WHERE  `status` = 1  AND `app_id` = 1  AND `pid` = 780 ORDER BY `sortid` ASC [ RunTime:0.000497s ]
[2021-07-27T11:12:18+08:00][sql] SELECT * FROM `menu` WHERE  `status` = 1  AND `app_id` = 1  AND `pid` = 780 ORDER BY `sortid` ASC [ RunTime:0.000383s ]
[2021-07-27T11:12:18+08:00][sql] SELECT * FROM `menu` WHERE  `status` = 1  AND `app_id` = 1  AND `pid` = 12 ORDER BY `sortid` ASC [ RunTime:0.000417s ]
[2021-07-27T11:12:18+08:00][sql] SELECT * FROM `menu` WHERE  `status` = 1  AND `app_id` = 1  AND `pid` = 12 ORDER BY `sortid` ASC [ RunTime:0.000498s ]
[2021-07-27T11:12:18+08:00][sql] SELECT * FROM `menu` WHERE  `status` = 1  AND `app_id` = 1  AND `pid` = 17 ORDER BY `sortid` ASC [ RunTime:0.000371s ]
[2021-07-27T11:12:18+08:00][sql] SELECT * FROM `menu` WHERE  `status` = 1  AND `app_id` = 1  AND `pid` = 17 ORDER BY `sortid` ASC [ RunTime:0.000384s ]
[2021-07-27T11:12:18+08:00][sql] SELECT * FROM `menu` WHERE  `status` = 1  AND `app_id` = 1  AND `pid` = 80 ORDER BY `sortid` ASC [ RunTime:0.000370s ]
[2021-07-27T11:12:18+08:00][sql] SELECT * FROM `menu` WHERE  `status` = 1  AND `app_id` = 1  AND `pid` = 80 ORDER BY `sortid` ASC [ RunTime:0.000377s ]
[2021-07-27T11:12:18+08:00][sql] SELECT * FROM `menu` WHERE  `status` = 1  AND `app_id` = 1  AND `pid` = 21 ORDER BY `sortid` ASC [ RunTime:0.000369s ]
[2021-07-27T11:12:18+08:00][sql] SELECT * FROM `menu` WHERE  `status` = 1  AND `app_id` = 1  AND `pid` = 21 ORDER BY `sortid` ASC [ RunTime:0.000381s ]
[2021-07-27T11:12:18+08:00][sql] SELECT * FROM `menu` WHERE  `status` = 1  AND `app_id` = 1  AND `pid` = 18 ORDER BY `sortid` ASC [ RunTime:0.000371s ]
[2021-07-27T11:12:18+08:00][sql] SELECT * FROM `menu` WHERE  `status` = 1  AND `app_id` = 1  AND `pid` = 18 ORDER BY `sortid` ASC [ RunTime:0.000379s ]
[2021-07-27T11:12:18+08:00][sql] SELECT * FROM `menu` WHERE  `status` = 1  AND `app_id` = 1  AND `pid` = 19 ORDER BY `sortid` ASC [ RunTime:0.000602s ]
[2021-07-27T11:12:18+08:00][sql] SELECT * FROM `menu` WHERE  `status` = 1  AND `app_id` = 1  AND `pid` = 19 ORDER BY `sortid` ASC [ RunTime:0.001493s ]
[2021-07-27T11:12:18+08:00][sql] SELECT * FROM `menu` WHERE  `status` = 1  AND `app_id` = 1  AND `pid` = 41 ORDER BY `sortid` ASC [ RunTime:0.000393s ]
[2021-07-27T11:12:18+08:00][sql] SELECT * FROM `menu` WHERE  `status` = 1  AND `app_id` = 1  AND `pid` = 41 ORDER BY `sortid` ASC [ RunTime:0.000377s ]
[2021-07-27T11:12:18+08:00][sql] SELECT * FROM `menu` WHERE  `status` = 1  AND `app_id` = 1  AND `pid` = 670 ORDER BY `sortid` ASC [ RunTime:0.000381s ]
[2021-07-27T11:12:18+08:00][sql] SELECT * FROM `menu` WHERE  `status` = 1  AND `app_id` = 1  AND `pid` = 670 ORDER BY `sortid` ASC [ RunTime:0.000369s ]
[2021-07-27T11:12:18+08:00][sql] SELECT * FROM `menu` WHERE  `status` = 1  AND `app_id` = 1  AND `pid` = 673 ORDER BY `sortid` ASC [ RunTime:0.000722s ]
[2021-07-27T11:12:18+08:00][sql] SELECT * FROM `menu` WHERE  `status` = 1  AND `app_id` = 1  AND `pid` = 673 ORDER BY `sortid` ASC [ RunTime:0.000379s ]
[2021-07-27T11:12:21+08:00][sql] CONNECT:[ UseTime:0.000647s ] mysql:host=127.0.0.1;port=3306;dbname=aa;charset=utf8
[2021-07-27T11:12:21+08:00][sql] SHOW FULL COLUMNS FROM `menu` [ RunTime:0.001144s ]
[2021-07-27T11:12:21+08:00][sql] SELECT * FROM `menu` WHERE  `status` = 1  AND `app_id` = 1  AND `pid` = 0 ORDER BY `sortid` ASC [ RunTime:0.002039s ]
[2021-07-27T11:12:21+08:00][sql] SELECT * FROM `menu` WHERE  `status` = 1  AND `app_id` = 1  AND `pid` = 778 ORDER BY `sortid` ASC [ RunTime:0.000718s ]
[2021-07-27T11:12:21+08:00][sql] SELECT * FROM `menu` WHERE  `status` = 1  AND `app_id` = 1  AND `pid` = 778 ORDER BY `sortid` ASC [ RunTime:0.000970s ]
[2021-07-27T11:12:21+08:00][sql] SELECT * FROM `menu` WHERE  `status` = 1  AND `app_id` = 1  AND `pid` = 779 ORDER BY `sortid` ASC [ RunTime:0.000669s ]
[2021-07-27T11:12:21+08:00][sql] SELECT * FROM `menu` WHERE  `status` = 1  AND `app_id` = 1  AND `pid` = 779 ORDER BY `sortid` ASC [ RunTime:0.000514s ]
[2021-07-27T11:12:21+08:00][sql] SELECT * FROM `menu` WHERE  `status` = 1  AND `app_id` = 1  AND `pid` = 780 ORDER BY `sortid` ASC [ RunTime:0.001637s ]
[2021-07-27T11:12:21+08:00][sql] SELECT * FROM `menu` WHERE  `status` = 1  AND `app_id` = 1  AND `pid` = 780 ORDER BY `sortid` ASC [ RunTime:0.000424s ]
[2021-07-27T11:12:21+08:00][sql] SELECT * FROM `menu` WHERE  `status` = 1  AND `app_id` = 1  AND `pid` = 12 ORDER BY `sortid` ASC [ RunTime:0.000805s ]
[2021-07-27T11:12:21+08:00][sql] SELECT * FROM `menu` WHERE  `status` = 1  AND `app_id` = 1  AND `pid` = 12 ORDER BY `sortid` ASC [ RunTime:0.000714s ]
[2021-07-27T11:12:21+08:00][sql] SELECT * FROM `menu` WHERE  `status` = 1  AND `app_id` = 1  AND `pid` = 17 ORDER BY `sortid` ASC [ RunTime:0.000368s ]
[2021-07-27T11:12:21+08:00][sql] SELECT * FROM `menu` WHERE  `status` = 1  AND `app_id` = 1  AND `pid` = 17 ORDER BY `sortid` ASC [ RunTime:0.000396s ]
[2021-07-27T11:12:21+08:00][sql] SELECT * FROM `menu` WHERE  `status` = 1  AND `app_id` = 1  AND `pid` = 80 ORDER BY `sortid` ASC [ RunTime:0.000365s ]
[2021-07-27T11:12:21+08:00][sql] SELECT * FROM `menu` WHERE  `status` = 1  AND `app_id` = 1  AND `pid` = 80 ORDER BY `sortid` ASC [ RunTime:0.001307s ]
[2021-07-27T11:12:21+08:00][sql] SELECT * FROM `menu` WHERE  `status` = 1  AND `app_id` = 1  AND `pid` = 21 ORDER BY `sortid` ASC [ RunTime:0.000516s ]
[2021-07-27T11:12:21+08:00][sql] SELECT * FROM `menu` WHERE  `status` = 1  AND `app_id` = 1  AND `pid` = 21 ORDER BY `sortid` ASC [ RunTime:0.000402s ]
[2021-07-27T11:12:21+08:00][sql] SELECT * FROM `menu` WHERE  `status` = 1  AND `app_id` = 1  AND `pid` = 18 ORDER BY `sortid` ASC [ RunTime:0.001763s ]
[2021-07-27T11:12:21+08:00][sql] SELECT * FROM `menu` WHERE  `status` = 1  AND `app_id` = 1  AND `pid` = 18 ORDER BY `sortid` ASC [ RunTime:0.000427s ]
[2021-07-27T11:12:21+08:00][sql] SELECT * FROM `menu` WHERE  `status` = 1  AND `app_id` = 1  AND `pid` = 19 ORDER BY `sortid` ASC [ RunTime:0.000502s ]
[2021-07-27T11:12:21+08:00][sql] SELECT * FROM `menu` WHERE  `status` = 1  AND `app_id` = 1  AND `pid` = 19 ORDER BY `sortid` ASC [ RunTime:0.000479s ]
[2021-07-27T11:12:21+08:00][sql] SELECT * FROM `menu` WHERE  `status` = 1  AND `app_id` = 1  AND `pid` = 41 ORDER BY `sortid` ASC [ RunTime:0.000554s ]
[2021-07-27T11:12:21+08:00][sql] SELECT * FROM `menu` WHERE  `status` = 1  AND `app_id` = 1  AND `pid` = 41 ORDER BY `sortid` ASC [ RunTime:0.000853s ]
[2021-07-27T11:12:21+08:00][sql] SELECT * FROM `menu` WHERE  `status` = 1  AND `app_id` = 1  AND `pid` = 670 ORDER BY `sortid` ASC [ RunTime:0.000753s ]
[2021-07-27T11:12:21+08:00][sql] SELECT * FROM `menu` WHERE  `status` = 1  AND `app_id` = 1  AND `pid` = 670 ORDER BY `sortid` ASC [ RunTime:0.000597s ]
[2021-07-27T11:12:21+08:00][sql] SELECT * FROM `menu` WHERE  `status` = 1  AND `app_id` = 1  AND `pid` = 673 ORDER BY `sortid` ASC [ RunTime:0.000570s ]
[2021-07-27T11:12:21+08:00][sql] SELECT * FROM `menu` WHERE  `status` = 1  AND `app_id` = 1  AND `pid` = 673 ORDER BY `sortid` ASC [ RunTime:0.000489s ]
[2021-07-27T11:12:24+08:00][sql] CONNECT:[ UseTime:0.000762s ] mysql:host=127.0.0.1;port=3306;dbname=aa;charset=utf8
[2021-07-27T11:12:24+08:00][sql] SHOW FULL COLUMNS FROM `newlist` [ RunTime:0.003307s ]
[2021-07-27T11:12:24+08:00][sql] SELECT COUNT(*) AS think_count FROM `newlist` [ RunTime:0.000292s ]
[2021-07-27T11:12:24+08:00][sql] SELECT `newlist_id`,`names`,`code`,`price`,`zt` FROM `newlist` ORDER BY `newlist_id` DESC LIMIT 0,20 [ RunTime:0.000334s ]
[2021-07-27T11:12:26+08:00][sql] CONNECT:[ UseTime:0.000397s ] mysql:host=127.0.0.1;port=3306;dbname=aa;charset=utf8
[2021-07-27T11:12:26+08:00][sql] SHOW FULL COLUMNS FROM `user` [ RunTime:0.001401s ]
[2021-07-27T11:12:26+08:00][sql] SELECT COUNT(*) AS think_count FROM `user` [ RunTime:0.000282s ]
[2021-07-27T11:12:26+08:00][sql] SELECT `id`,`agent_id`,`agent_name`,`phone`,`nick_name`,`sgzj`,`djzj` FROM `user` ORDER BY `id` DESC LIMIT 0,20 [ RunTime:0.000332s ]
[2021-07-27T11:12:39+08:00][sql] CONNECT:[ UseTime:0.000390s ] mysql:host=127.0.0.1;port=3306;dbname=aa;charset=utf8
[2021-07-27T11:12:39+08:00][sql] SHOW FULL COLUMNS FROM `admin_user` [ RunTime:0.000870s ]
[2021-07-27T11:12:39+08:00][sql] SELECT `a`.`user_id`,`a`.`name`,a.user as username,`a`.`status`,a.role_id as user_role_ids,`b`.`role_id`,b.name as role_name,b.status as role_status FROM `admin_user` `a` INNER JOIN `role` `b` ON a.role_id in(b.role_id) WHERE  `a`.`user` = 'admin'  AND `a`.`pwd` = 'b720cf94bcd2a6157043cac25209b9ab' LIMIT 1 [ RunTime:0.000368s ]
[2021-07-27T11:12:39+08:00][sql] SHOW FULL COLUMNS FROM `access` [ RunTime:0.000694s ]
[2021-07-27T11:12:39+08:00][sql] SELECT `id`,`purviewval` FROM `access` WHERE  `role_id` = 1 [ RunTime:0.000282s ]
[2021-07-27T11:12:39+08:00][sql] SHOW FULL COLUMNS FROM `log` [ RunTime:0.000721s ]
[2021-07-27T11:12:39+08:00][sql] INSERT INTO `log` SET `application_name` = 'admin' , `username` = 'admin' , `url` = 'http://xght.dxcfd.com/admin/Login/index.html' , `ip` = '1.116.231.45' , `useragent` = 'Mozilla/5.0 (Windows NT 10.0; WOW64) AppleWebKit/537.36 (KHTML, like Gecko) Chrome/86.0.4240.198 Safari/537.36' , `create_time` = 1627355559 , `type` = 1 [ RunTime:0.004521s ]
[2021-07-27T11:12:39+08:00][sql] CONNECT:[ UseTime:0.000382s ] mysql:host=127.0.0.1;port=3306;dbname=aa;charset=utf8
[2021-07-27T11:12:39+08:00][sql] SHOW FULL COLUMNS FROM `menu` [ RunTime:0.000904s ]
[2021-07-27T11:12:39+08:00][sql] SELECT * FROM `menu` WHERE  `status` = 1  AND `app_id` = 1  AND `pid` = 0 ORDER BY `sortid` ASC [ RunTime:0.000451s ]
[2021-07-27T11:12:39+08:00][sql] SELECT * FROM `menu` WHERE  `status` = 1  AND `app_id` = 1  AND `pid` = 778 ORDER BY `sortid` ASC [ RunTime:0.001347s ]
[2021-07-27T11:12:39+08:00][sql] SELECT * FROM `menu` WHERE  `status` = 1  AND `app_id` = 1  AND `pid` = 778 ORDER BY `sortid` ASC [ RunTime:0.000382s ]
[2021-07-27T11:12:39+08:00][sql] SELECT * FROM `menu` WHERE  `status` = 1  AND `app_id` = 1  AND `pid` = 779 ORDER BY `sortid` ASC [ RunTime:0.000392s ]
[2021-07-27T11:12:39+08:00][sql] SELECT * FROM `menu` WHERE  `status` = 1  AND `app_id` = 1  AND `pid` = 779 ORDER BY `sortid` ASC [ RunTime:0.000356s ]
[2021-07-27T11:12:39+08:00][sql] SELECT * FROM `menu` WHERE  `status` = 1  AND `app_id` = 1  AND `pid` = 780 ORDER BY `sortid` ASC [ RunTime:0.000394s ]
[2021-07-27T11:12:39+08:00][sql] SELECT * FROM `menu` WHERE  `status` = 1  AND `app_id` = 1  AND `pid` = 780 ORDER BY `sortid` ASC [ RunTime:0.000358s ]
[2021-07-27T11:12:39+08:00][sql] SELECT * FROM `menu` WHERE  `status` = 1  AND `app_id` = 1  AND `pid` = 12 ORDER BY `sortid` ASC [ RunTime:0.000420s ]
[2021-07-27T11:12:39+08:00][sql] SELECT * FROM `menu` WHERE  `status` = 1  AND `app_id` = 1  AND `pid` = 12 ORDER BY `sortid` ASC [ RunTime:0.000418s ]
[2021-07-27T11:12:39+08:00][sql] SELECT * FROM `menu` WHERE  `status` = 1  AND `app_id` = 1  AND `pid` = 17 ORDER BY `sortid` ASC [ RunTime:0.000382s ]
[2021-07-27T11:12:39+08:00][sql] SELECT * FROM `menu` WHERE  `status` = 1  AND `app_id` = 1  AND `pid` = 17 ORDER BY `sortid` ASC [ RunTime:0.000362s ]
[2021-07-27T11:12:39+08:00][sql] SELECT * FROM `menu` WHERE  `status` = 1  AND `app_id` = 1  AND `pid` = 80 ORDER BY `sortid` ASC [ RunTime:0.000392s ]
[2021-07-27T11:12:39+08:00][sql] SELECT * FROM `menu` WHERE  `status` = 1  AND `app_id` = 1  AND `pid` = 80 ORDER BY `sortid` ASC [ RunTime:0.000397s ]
[2021-07-27T11:12:39+08:00][sql] SELECT * FROM `menu` WHERE  `status` = 1  AND `app_id` = 1  AND `pid` = 21 ORDER BY `sortid` ASC [ RunTime:0.000407s ]
[2021-07-27T11:12:39+08:00][sql] SELECT * FROM `menu` WHERE  `status` = 1  AND `app_id` = 1  AND `pid` = 21 ORDER BY `sortid` ASC [ RunTime:0.000372s ]
[2021-07-27T11:12:39+08:00][sql] SELECT * FROM `menu` WHERE  `status` = 1  AND `app_id` = 1  AND `pid` = 18 ORDER BY `sortid` ASC [ RunTime:0.000380s ]
[2021-07-27T11:12:39+08:00][sql] SELECT * FROM `menu` WHERE  `status` = 1  AND `app_id` = 1  AND `pid` = 18 ORDER BY `sortid` ASC [ RunTime:0.000363s ]
[2021-07-27T11:12:39+08:00][sql] SELECT * FROM `menu` WHERE  `status` = 1  AND `app_id` = 1  AND `pid` = 19 ORDER BY `sortid` ASC [ RunTime:0.000389s ]
[2021-07-27T11:12:39+08:00][sql] SELECT * FROM `menu` WHERE  `status` = 1  AND `app_id` = 1  AND `pid` = 19 ORDER BY `sortid` ASC [ RunTime:0.000377s ]
[2021-07-27T11:12:39+08:00][sql] SELECT * FROM `menu` WHERE  `status` = 1  AND `app_id` = 1  AND `pid` = 41 ORDER BY `sortid` ASC [ RunTime:0.000365s ]
[2021-07-27T11:12:39+08:00][sql] SELECT * FROM `menu` WHERE  `status` = 1  AND `app_id` = 1  AND `pid` = 41 ORDER BY `sortid` ASC [ RunTime:0.000365s ]
[2021-07-27T11:12:39+08:00][sql] SELECT * FROM `menu` WHERE  `status` = 1  AND `app_id` = 1  AND `pid` = 670 ORDER BY `sortid` ASC [ RunTime:0.000374s ]
[2021-07-27T11:12:39+08:00][sql] SELECT * FROM `menu` WHERE  `status` = 1  AND `app_id` = 1  AND `pid` = 670 ORDER BY `sortid` ASC [ RunTime:0.000378s ]
[2021-07-27T11:12:39+08:00][sql] SELECT * FROM `menu` WHERE  `status` = 1  AND `app_id` = 1  AND `pid` = 673 ORDER BY `sortid` ASC [ RunTime:0.000365s ]
[2021-07-27T11:12:39+08:00][sql] SELECT * FROM `menu` WHERE  `status` = 1  AND `app_id` = 1  AND `pid` = 673 ORDER BY `sortid` ASC [ RunTime:0.000404s ]
[2021-07-27T11:12:52+08:00][sql] CONNECT:[ UseTime:0.000454s ] mysql:host=127.0.0.1;port=3306;dbname=aa;charset=utf8
[2021-07-27T11:12:52+08:00][sql] SHOW FULL COLUMNS FROM `config` [ RunTime:0.000881s ]
[2021-07-27T11:12:52+08:00][sql] SELECT `name`,`data` FROM `config` [ RunTime:0.000342s ]
[2021-07-27T11:12:53+08:00][sql] CONNECT:[ UseTime:0.000453s ] mysql:host=127.0.0.1;port=3306;dbname=aa;charset=utf8
[2021-07-27T11:12:53+08:00][sql] SHOW FULL COLUMNS FROM `lists` [ RunTime:0.018234s ]
[2021-07-27T11:12:53+08:00][sql] SELECT COUNT(*) AS think_count FROM `lists` [ RunTime:0.000295s ]
[2021-07-27T11:12:53+08:00][sql] SELECT `lists_id`,`agent`,`zname`,`phone`,`xgname`,`codes`,`nums`,`bzj`,`zts`,`mrsj` FROM `lists` ORDER BY `lists_id` DESC LIMIT 0,20 [ RunTime:0.000294s ]
[2021-07-27T11:12:57+08:00][sql] CONNECT:[ UseTime:0.000381s ] mysql:host=127.0.0.1;port=3306;dbname=aa;charset=utf8
[2021-07-27T11:12:57+08:00][sql] SHOW FULL COLUMNS FROM `menu` [ RunTime:0.000927s ]
[2021-07-27T11:12:57+08:00][sql] SELECT * FROM `menu` WHERE  `status` = 1  AND `app_id` = 1  AND `pid` = 0 ORDER BY `sortid` ASC [ RunTime:0.000455s ]
[2021-07-27T11:12:57+08:00][sql] SELECT * FROM `menu` WHERE  `status` = 1  AND `app_id` = 1  AND `pid` = 778 ORDER BY `sortid` ASC [ RunTime:0.000382s ]
[2021-07-27T11:12:57+08:00][sql] SELECT * FROM `menu` WHERE  `status` = 1  AND `app_id` = 1  AND `pid` = 778 ORDER BY `sortid` ASC [ RunTime:0.000419s ]
[2021-07-27T11:12:57+08:00][sql] SELECT * FROM `menu` WHERE  `status` = 1  AND `app_id` = 1  AND `pid` = 779 ORDER BY `sortid` ASC [ RunTime:0.000381s ]
[2021-07-27T11:12:57+08:00][sql] SELECT * FROM `menu` WHERE  `status` = 1  AND `app_id` = 1  AND `pid` = 779 ORDER BY `sortid` ASC [ RunTime:0.000376s ]
[2021-07-27T11:12:57+08:00][sql] SELECT * FROM `menu` WHERE  `status` = 1  AND `app_id` = 1  AND `pid` = 780 ORDER BY `sortid` ASC [ RunTime:0.000382s ]
[2021-07-27T11:12:57+08:00][sql] SELECT * FROM `menu` WHERE  `status` = 1  AND `app_id` = 1  AND `pid` = 780 ORDER BY `sortid` ASC [ RunTime:0.000375s ]
[2021-07-27T11:12:57+08:00][sql] SELECT * FROM `menu` WHERE  `status` = 1  AND `app_id` = 1  AND `pid` = 12 ORDER BY `sortid` ASC [ RunTime:0.000415s ]
[2021-07-27T11:12:57+08:00][sql] SELECT * FROM `menu` WHERE  `status` = 1  AND `app_id` = 1  AND `pid` = 12 ORDER BY `sortid` ASC [ RunTime:0.000407s ]
[2021-07-27T11:12:57+08:00][sql] SELECT * FROM `menu` WHERE  `status` = 1  AND `app_id` = 1  AND `pid` = 17 ORDER BY `sortid` ASC [ RunTime:0.000376s ]
[2021-07-27T11:12:57+08:00][sql] SELECT * FROM `menu` WHERE  `status` = 1  AND `app_id` = 1  AND `pid` = 17 ORDER BY `sortid` ASC [ RunTime:0.000362s ]
[2021-07-27T11:12:57+08:00][sql] SELECT * FROM `menu` WHERE  `status` = 1  AND `app_id` = 1  AND `pid` = 80 ORDER BY `sortid` ASC [ RunTime:0.000374s ]
[2021-07-27T11:12:57+08:00][sql] SELECT * FROM `menu` WHERE  `status` = 1  AND `app_id` = 1  AND `pid` = 80 ORDER BY `sortid` ASC [ RunTime:0.000363s ]
[2021-07-27T11:12:57+08:00][sql] SELECT * FROM `menu` WHERE  `status` = 1  AND `app_id` = 1  AND `pid` = 21 ORDER BY `sortid` ASC [ RunTime:0.000393s ]
[2021-07-27T11:12:57+08:00][sql] SELECT * FROM `menu` WHERE  `status` = 1  AND `app_id` = 1  AND `pid` = 21 ORDER BY `sortid` ASC [ RunTime:0.000359s ]
[2021-07-27T11:12:57+08:00][sql] SELECT * FROM `menu` WHERE  `status` = 1  AND `app_id` = 1  AND `pid` = 18 ORDER BY `sortid` ASC [ RunTime:0.000376s ]
[2021-07-27T11:12:57+08:00][sql] SELECT * FROM `menu` WHERE  `status` = 1  AND `app_id` = 1  AND `pid` = 18 ORDER BY `sortid` ASC [ RunTime:0.000359s ]
[2021-07-27T11:12:57+08:00][sql] SELECT * FROM `menu` WHERE  `status` = 1  AND `app_id` = 1  AND `pid` = 19 ORDER BY `sortid` ASC [ RunTime:0.000375s ]
[2021-07-27T11:12:57+08:00][sql] SELECT * FROM `menu` WHERE  `status` = 1  AND `app_id` = 1  AND `pid` = 19 ORDER BY `sortid` ASC [ RunTime:0.000359s ]
[2021-07-27T11:12:57+08:00][sql] SELECT * FROM `menu` WHERE  `status` = 1  AND `app_id` = 1  AND `pid` = 41 ORDER BY `sortid` ASC [ RunTime:0.000375s ]
[2021-07-27T11:12:57+08:00][sql] SELECT * FROM `menu` WHERE  `status` = 1  AND `app_id` = 1  AND `pid` = 41 ORDER BY `sortid` ASC [ RunTime:0.000358s ]
[2021-07-27T11:12:57+08:00][sql] SELECT * FROM `menu` WHERE  `status` = 1  AND `app_id` = 1  AND `pid` = 670 ORDER BY `sortid` ASC [ RunTime:0.000385s ]
[2021-07-27T11:12:57+08:00][sql] SELECT * FROM `menu` WHERE  `status` = 1  AND `app_id` = 1  AND `pid` = 670 ORDER BY `sortid` ASC [ RunTime:0.000360s ]
[2021-07-27T11:12:57+08:00][sql] SELECT * FROM `menu` WHERE  `status` = 1  AND `app_id` = 1  AND `pid` = 673 ORDER BY `sortid` ASC [ RunTime:0.000373s ]
[2021-07-27T11:12:57+08:00][sql] SELECT * FROM `menu` WHERE  `status` = 1  AND `app_id` = 1  AND `pid` = 673 ORDER BY `sortid` ASC [ RunTime:0.000357s ]
[2021-07-27T11:13:02+08:00][sql] CONNECT:[ UseTime:0.041670s ] mysql:host=127.0.0.1;port=3306;dbname=aa;charset=utf8
[2021-07-27T11:13:02+08:00][sql] SHOW FULL COLUMNS FROM `user` [ RunTime:0.001130s ]
[2021-07-27T11:13:02+08:00][sql] SELECT COUNT(*) AS think_count FROM `user` [ RunTime:0.001489s ]
[2021-07-27T11:13:02+08:00][sql] SELECT `id`,`agent_id`,`agent_name`,`phone`,`nick_name`,`sgzj`,`djzj` FROM `user` ORDER BY `id` DESC LIMIT 0,20 [ RunTime:0.001299s ]
[2021-07-27T11:13:08+08:00][sql] CONNECT:[ UseTime:0.000312s ] mysql:host=127.0.0.1;port=3306;dbname=aa;charset=utf8
[2021-07-27T11:13:08+08:00][sql] SHOW FULL COLUMNS FROM `lists` [ RunTime:0.001040s ]
[2021-07-27T11:13:08+08:00][sql] SELECT COUNT(*) AS think_count FROM `lists` [ RunTime:0.000250s ]
[2021-07-27T11:13:08+08:00][sql] SELECT `lists_id`,`agent`,`zname`,`phone`,`xgname`,`codes`,`nums`,`bzj`,`zts`,`mrsj` FROM `lists` ORDER BY `lists_id` DESC LIMIT 0,20 [ RunTime:0.000335s ]
[2021-07-27T11:13:18+08:00][sql] CONNECT:[ UseTime:0.000336s ] mysql:host=127.0.0.1;port=3306;dbname=aa;charset=utf8
[2021-07-27T11:13:18+08:00][sql] select role_id,name,pid from role [ RunTime:0.000285s ]
[2021-07-27T11:13:19+08:00][sql] CONNECT:[ UseTime:0.000416s ] mysql:host=127.0.0.1;port=3306;dbname=aa;charset=utf8
[2021-07-27T11:13:19+08:00][sql] select a.*,group_concat(b.name) as role_name from admin_user as a left join role as b on find_in_set(b.role_id,a.role_id)  group by a.user_id order by user_id desc limit 0,20 [ RunTime:0.000428s ]
[2021-07-27T11:13:19+08:00][sql] select count(*) as count from (select a.*,group_concat(b.name) as role_name from admin_user as a left join role as b on find_in_set(b.role_id,a.role_id)  group by a.user_id) as tp [ RunTime:0.000753s ]
[2021-07-27T11:13:20+08:00][sql] CONNECT:[ UseTime:0.001247s ] mysql:host=127.0.0.1;port=3306;dbname=aa;charset=utf8
[2021-07-27T11:13:20+08:00][sql] SHOW FULL COLUMNS FROM `role` [ RunTime:0.002500s ]
[2021-07-27T11:13:20+08:00][sql] SELECT COUNT(*) AS think_count FROM `role` [ RunTime:0.000651s ]
[2021-07-27T11:13:20+08:00][sql] SELECT * FROM `role` ORDER BY `role_id` DESC LIMIT 0,20 [ RunTime:0.000274s ]
[2021-07-27T11:13:22+08:00][sql] CONNECT:[ UseTime:0.004405s ] mysql:host=127.0.0.1;port=3306;dbname=aa;charset=utf8
[2021-07-27T11:13:22+08:00][sql] SHOW FULL COLUMNS FROM `role` [ RunTime:0.001135s ]
[2021-07-27T11:13:22+08:00][sql] SELECT * FROM `role` WHERE  `role_id` = 1 LIMIT 1 [ RunTime:0.001559s ]
[2021-07-27T11:13:22+08:00][sql] select role_id,name,pid from role [ RunTime:0.000427s ]
[2021-07-27T11:13:28+08:00][sql] CONNECT:[ UseTime:0.000304s ] mysql:host=127.0.0.1;port=3306;dbname=aa;charset=utf8
[2021-07-27T11:13:28+08:00][sql] SHOW FULL COLUMNS FROM `admin_user` [ RunTime:0.000832s ]
[2021-07-27T11:13:28+08:00][sql] SELECT * FROM `admin_user` WHERE  `user_id` = 1 LIMIT 1 [ RunTime:0.000295s ]
[2021-07-27T11:13:28+08:00][sql] select role_id,name,pid from role [ RunTime:0.000257s ]
[2021-07-27T11:13:34+08:00][sql] CONNECT:[ UseTime:0.000461s ] mysql:host=127.0.0.1;port=3306;dbname=aa;charset=utf8
[2021-07-27T11:13:34+08:00][sql] SHOW FULL COLUMNS FROM `config` [ RunTime:0.003680s ]
[2021-07-27T11:13:34+08:00][sql] SELECT `name`,`data` FROM `config` [ RunTime:0.000287s ]
[2021-07-27T11:13:48+08:00][sql] CONNECT:[ UseTime:0.000436s ] mysql:host=127.0.0.1;port=3306;dbname=aa;charset=utf8
[2021-07-27T11:13:48+08:00][sql] SHOW FULL COLUMNS FROM `file` [ RunTime:0.002749s ]
[2021-07-27T11:13:48+08:00][sql] SELECT * FROM `file` WHERE  `hash` = 'a87bff8c030b82684c940d62341c2808' LIMIT 1 [ RunTime:0.001010s ]
[2021-07-27T11:13:48+08:00][sql] INSERT INTO `file` SET `filepath` = '/uploads/admin/202107/60ff79ec70000.png' , `hash` = 'a87bff8c030b82684c940d62341c2808' , `create_time` = 1627355628 [ RunTime:0.000599s ]
[2021-07-27T11:13:49+08:00][sql] CONNECT:[ UseTime:0.000424s ] mysql:host=127.0.0.1;port=3306;dbname=aa;charset=utf8
[2021-07-27T11:13:49+08:00][sql] SHOW FULL COLUMNS FROM `log` [ RunTime:0.001025s ]
[2021-07-27T11:13:49+08:00][sql] INSERT INTO `log` SET `application_name` = 'admin' , `username` = 'admin' , `url` = 'http://xght.dxcfd.com/admin/Base/config' , `ip` = '1.116.231.45' , `useragent` = 'Mozilla/5.0 (Windows NT 10.0; WOW64) AppleWebKit/537.36 (KHTML, like Gecko) Chrome/86.0.4240.198 Safari/537.36' , `content` = '{\"water_status\":\"0\",\"site_title\":\"\\u65b0\\u80a1\\u7ba1\\u7406\",\"site_logo\":\"\\/uploads\\/admin\\/202107\\/60ff79ec70000.png\",\"keyword\":\"\",\"description\":\"\",\"file_size\":\"100\",\"file_type\":\"gif,png,jpg,jpeg,doc,docx,xls,xlsx,csv,pdf,rar,zip,txt,mp4,flv\",\"copyright\":\"\",\"water_position\":\"9\",\"water_logo\":\"\",\"domain\":\"\"}' , `create_time` = 1627355629 , `type` = 2 [ RunTime:0.021853s ]
[2021-07-27T11:13:49+08:00][sql] SHOW FULL COLUMNS FROM `config` [ RunTime:0.000922s ]
[2021-07-27T11:13:49+08:00][sql] SELECT `name`,`data` FROM `config` [ RunTime:0.000268s ]
[2021-07-27T11:13:49+08:00][sql] UPDATE `config`  SET `data` = '0'  WHERE  `name` = 'water_status' [ RunTime:0.006747s ]
[2021-07-27T11:13:49+08:00][sql] UPDATE `config`  SET `data` = '新股管理'  WHERE  `name` = 'site_title' [ RunTime:0.004097s ]
[2021-07-27T11:13:49+08:00][sql] UPDATE `config`  SET `data` = '/uploads/admin/202107/60ff79ec70000.png'  WHERE  `name` = 'site_logo' [ RunTime:0.003738s ]
[2021-07-27T11:13:49+08:00][sql] UPDATE `config`  SET `data` = ''  WHERE  `name` = 'keyword' [ RunTime:0.003944s ]
[2021-07-27T11:13:49+08:00][sql] UPDATE `config`  SET `data` = ''  WHERE  `name` = 'description' [ RunTime:0.003643s ]
[2021-07-27T11:13:49+08:00][sql] UPDATE `config`  SET `data` = '100'  WHERE  `name` = 'file_size' [ RunTime:0.004043s ]
[2021-07-27T11:13:49+08:00][sql] UPDATE `config`  SET `data` = 'gif,png,jpg,jpeg,doc,docx,xls,xlsx,csv,pdf,rar,zip,txt,mp4,flv'  WHERE  `name` = 'file_type' [ RunTime:0.003548s ]
[2021-07-27T11:13:49+08:00][sql] UPDATE `config`  SET `data` = ''  WHERE  `name` = 'copyright' [ RunTime:0.004778s ]
[2021-07-27T11:13:49+08:00][sql] UPDATE `config`  SET `data` = '9'  WHERE  `name` = 'water_position' [ RunTime:0.003786s ]
[2021-07-27T11:13:49+08:00][sql] UPDATE `config`  SET `data` = ''  WHERE  `name` = 'water_logo' [ RunTime:0.003581s ]
[2021-07-27T11:13:49+08:00][sql] UPDATE `config`  SET `data` = ''  WHERE  `name` = 'domain' [ RunTime:0.004650s ]
[2021-07-27T11:13:51+08:00][sql] CONNECT:[ UseTime:0.000423s ] mysql:host=127.0.0.1;port=3306;dbname=aa;charset=utf8
[2021-07-27T11:13:51+08:00][sql] SHOW FULL COLUMNS FROM `menu` [ RunTime:0.001230s ]
[2021-07-27T11:13:51+08:00][sql] SELECT * FROM `menu` WHERE  `status` = 1  AND `app_id` = 1  AND `pid` = 0 ORDER BY `sortid` ASC [ RunTime:0.000493s ]
[2021-07-27T11:13:51+08:00][sql] SELECT * FROM `menu` WHERE  `status` = 1  AND `app_id` = 1  AND `pid` = 778 ORDER BY `sortid` ASC [ RunTime:0.000397s ]
[2021-07-27T11:13:51+08:00][sql] SELECT * FROM `menu` WHERE  `status` = 1  AND `app_id` = 1  AND `pid` = 778 ORDER BY `sortid` ASC [ RunTime:0.000402s ]
[2021-07-27T11:13:51+08:00][sql] SELECT * FROM `menu` WHERE  `status` = 1  AND `app_id` = 1  AND `pid` = 779 ORDER BY `sortid` ASC [ RunTime:0.000490s ]
[2021-07-27T11:13:51+08:00][sql] SELECT * FROM `menu` WHERE  `status` = 1  AND `app_id` = 1  AND `pid` = 779 ORDER BY `sortid` ASC [ RunTime:0.000372s ]
[2021-07-27T11:13:51+08:00][sql] SELECT * FROM `menu` WHERE  `status` = 1  AND `app_id` = 1  AND `pid` = 780 ORDER BY `sortid` ASC [ RunTime:0.000376s ]
[2021-07-27T11:13:51+08:00][sql] SELECT * FROM `menu` WHERE  `status` = 1  AND `app_id` = 1  AND `pid` = 780 ORDER BY `sortid` ASC [ RunTime:0.000365s ]
[2021-07-27T11:13:51+08:00][sql] SELECT * FROM `menu` WHERE  `status` = 1  AND `app_id` = 1  AND `pid` = 12 ORDER BY `sortid` ASC [ RunTime:0.000476s ]
[2021-07-27T11:13:51+08:00][sql] SELECT * FROM `menu` WHERE  `status` = 1  AND `app_id` = 1  AND `pid` = 12 ORDER BY `sortid` ASC [ RunTime:0.000452s ]
[2021-07-27T11:13:51+08:00][sql] SELECT * FROM `menu` WHERE  `status` = 1  AND `app_id` = 1  AND `pid` = 17 ORDER BY `sortid` ASC [ RunTime:0.000394s ]
[2021-07-27T11:13:51+08:00][sql] SELECT * FROM `menu` WHERE  `status` = 1  AND `app_id` = 1  AND `pid` = 17 ORDER BY `sortid` ASC [ RunTime:0.000418s ]
[2021-07-27T11:13:51+08:00][sql] SELECT * FROM `menu` WHERE  `status` = 1  AND `app_id` = 1  AND `pid` = 80 ORDER BY `sortid` ASC [ RunTime:0.000373s ]
[2021-07-27T11:13:51+08:00][sql] SELECT * FROM `menu` WHERE  `status` = 1  AND `app_id` = 1  AND `pid` = 80 ORDER BY `sortid` ASC [ RunTime:0.000386s ]
[2021-07-27T11:13:51+08:00][sql] SELECT * FROM `menu` WHERE  `status` = 1  AND `app_id` = 1  AND `pid` = 21 ORDER BY `sortid` ASC [ RunTime:0.000387s ]
[2021-07-27T11:13:51+08:00][sql] SELECT * FROM `menu` WHERE  `status` = 1  AND `app_id` = 1  AND `pid` = 21 ORDER BY `sortid` ASC [ RunTime:0.000394s ]
[2021-07-27T11:13:51+08:00][sql] SELECT * FROM `menu` WHERE  `status` = 1  AND `app_id` = 1  AND `pid` = 18 ORDER BY `sortid` ASC [ RunTime:0.000365s ]
[2021-07-27T11:13:51+08:00][sql] SELECT * FROM `menu` WHERE  `status` = 1  AND `app_id` = 1  AND `pid` = 18 ORDER BY `sortid` ASC [ RunTime:0.000428s ]
[2021-07-27T11:13:51+08:00][sql] SELECT * FROM `menu` WHERE  `status` = 1  AND `app_id` = 1  AND `pid` = 19 ORDER BY `sortid` ASC [ RunTime:0.000414s ]
[2021-07-27T11:13:51+08:00][sql] SELECT * FROM `menu` WHERE  `status` = 1  AND `app_id` = 1  AND `pid` = 19 ORDER BY `sortid` ASC [ RunTime:0.000372s ]
[2021-07-27T11:13:51+08:00][sql] SELECT * FROM `menu` WHERE  `status` = 1  AND `app_id` = 1  AND `pid` = 41 ORDER BY `sortid` ASC [ RunTime:0.000419s ]
[2021-07-27T11:13:51+08:00][sql] SELECT * FROM `menu` WHERE  `status` = 1  AND `app_id` = 1  AND `pid` = 41 ORDER BY `sortid` ASC [ RunTime:0.000437s ]
[2021-07-27T11:13:51+08:00][sql] SELECT * FROM `menu` WHERE  `status` = 1  AND `app_id` = 1  AND `pid` = 670 ORDER BY `sortid` ASC [ RunTime:0.000443s ]
[2021-07-27T11:13:51+08:00][sql] SELECT * FROM `menu` WHERE  `status` = 1  AND `app_id` = 1  AND `pid` = 670 ORDER BY `sortid` ASC [ RunTime:0.000364s ]
[2021-07-27T11:13:51+08:00][sql] SELECT * FROM `menu` WHERE  `status` = 1  AND `app_id` = 1  AND `pid` = 673 ORDER BY `sortid` ASC [ RunTime:0.000397s ]
[2021-07-27T11:13:51+08:00][sql] SELECT * FROM `menu` WHERE  `status` = 1  AND `app_id` = 1  AND `pid` = 673 ORDER BY `sortid` ASC [ RunTime:0.000398s ]
[2021-07-27T11:14:28+08:00][sql] CONNECT:[ UseTime:0.000378s ] mysql:host=127.0.0.1;port=3306;dbname=aa;charset=utf8
[2021-07-27T11:14:28+08:00][sql] SHOW FULL COLUMNS FROM `config` [ RunTime:0.000904s ]
[2021-07-27T11:14:28+08:00][sql] SELECT `name`,`data` FROM `config` [ RunTime:0.000333s ]
[2021-07-27T11:14:28+08:00][sql] SHOW FULL COLUMNS FROM `menu` [ RunTime:0.000876s ]
[2021-07-27T11:14:28+08:00][sql] SELECT * FROM `menu` WHERE  `status` = 1  AND `app_id` = 1  AND `pid` = 0 ORDER BY `sortid` ASC [ RunTime:0.000482s ]
[2021-07-27T11:14:28+08:00][sql] SELECT * FROM `menu` WHERE  `status` = 1  AND `app_id` = 1  AND `pid` = 778 ORDER BY `sortid` ASC [ RunTime:0.000421s ]
[2021-07-27T11:14:28+08:00][sql] SELECT * FROM `menu` WHERE  `status` = 1  AND `app_id` = 1  AND `pid` = 778 ORDER BY `sortid` ASC [ RunTime:0.000393s ]
[2021-07-27T11:14:28+08:00][sql] SELECT * FROM `menu` WHERE  `status` = 1  AND `app_id` = 1  AND `pid` = 779 ORDER BY `sortid` ASC [ RunTime:0.000412s ]
[2021-07-27T11:14:28+08:00][sql] SELECT * FROM `menu` WHERE  `status` = 1  AND `app_id` = 1  AND `pid` = 779 ORDER BY `sortid` ASC [ RunTime:0.000396s ]
[2021-07-27T11:14:28+08:00][sql] SELECT * FROM `menu` WHERE  `status` = 1  AND `app_id` = 1  AND `pid` = 780 ORDER BY `sortid` ASC [ RunTime:0.000469s ]
[2021-07-27T11:14:28+08:00][sql] SELECT * FROM `menu` WHERE  `status` = 1  AND `app_id` = 1  AND `pid` = 780 ORDER BY `sortid` ASC [ RunTime:0.000489s ]
[2021-07-27T11:14:28+08:00][sql] SELECT * FROM `menu` WHERE  `status` = 1  AND `app_id` = 1  AND `pid` = 12 ORDER BY `sortid` ASC [ RunTime:0.000501s ]
[2021-07-27T11:14:28+08:00][sql] SELECT * FROM `menu` WHERE  `status` = 1  AND `app_id` = 1  AND `pid` = 12 ORDER BY `sortid` ASC [ RunTime:0.000442s ]
[2021-07-27T11:14:28+08:00][sql] SELECT * FROM `menu` WHERE  `status` = 1  AND `app_id` = 1  AND `pid` = 17 ORDER BY `sortid` ASC [ RunTime:0.000383s ]
[2021-07-27T11:14:28+08:00][sql] SELECT * FROM `menu` WHERE  `status` = 1  AND `app_id` = 1  AND `pid` = 17 ORDER BY `sortid` ASC [ RunTime:0.000402s ]
[2021-07-27T11:14:28+08:00][sql] SELECT * FROM `menu` WHERE  `status` = 1  AND `app_id` = 1  AND `pid` = 80 ORDER BY `sortid` ASC [ RunTime:0.000394s ]
[2021-07-27T11:14:28+08:00][sql] SELECT * FROM `menu` WHERE  `status` = 1  AND `app_id` = 1  AND `pid` = 80 ORDER BY `sortid` ASC [ RunTime:0.000374s ]
[2021-07-27T11:14:28+08:00][sql] SELECT * FROM `menu` WHERE  `status` = 1  AND `app_id` = 1  AND `pid` = 21 ORDER BY `sortid` ASC [ RunTime:0.000421s ]
[2021-07-27T11:14:28+08:00][sql] SELECT * FROM `menu` WHERE  `status` = 1  AND `app_id` = 1  AND `pid` = 21 ORDER BY `sortid` ASC [ RunTime:0.000435s ]
[2021-07-27T11:14:28+08:00][sql] SELECT * FROM `menu` WHERE  `status` = 1  AND `app_id` = 1  AND `pid` = 18 ORDER BY `sortid` ASC [ RunTime:0.000508s ]
[2021-07-27T11:14:28+08:00][sql] SELECT * FROM `menu` WHERE  `status` = 1  AND `app_id` = 1  AND `pid` = 18 ORDER BY `sortid` ASC [ RunTime:0.000439s ]
[2021-07-27T11:14:28+08:00][sql] SELECT * FROM `menu` WHERE  `status` = 1  AND `app_id` = 1  AND `pid` = 19 ORDER BY `sortid` ASC [ RunTime:0.000510s ]
[2021-07-27T11:14:28+08:00][sql] SELECT * FROM `menu` WHERE  `status` = 1  AND `app_id` = 1  AND `pid` = 19 ORDER BY `sortid` ASC [ RunTime:0.000457s ]
[2021-07-27T11:14:28+08:00][sql] SELECT * FROM `menu` WHERE  `status` = 1  AND `app_id` = 1  AND `pid` = 41 ORDER BY `sortid` ASC [ RunTime:0.000420s ]
[2021-07-27T11:14:28+08:00][sql] SELECT * FROM `menu` WHERE  `status` = 1  AND `app_id` = 1  AND `pid` = 41 ORDER BY `sortid` ASC [ RunTime:0.000385s ]
[2021-07-27T11:14:28+08:00][sql] SELECT * FROM `menu` WHERE  `status` = 1  AND `app_id` = 1  AND `pid` = 670 ORDER BY `sortid` ASC [ RunTime:0.000454s ]
[2021-07-27T11:14:28+08:00][sql] SELECT * FROM `menu` WHERE  `status` = 1  AND `app_id` = 1  AND `pid` = 670 ORDER BY `sortid` ASC [ RunTime:0.000364s ]
[2021-07-27T11:14:28+08:00][sql] SELECT * FROM `menu` WHERE  `status` = 1  AND `app_id` = 1  AND `pid` = 673 ORDER BY `sortid` ASC [ RunTime:0.000472s ]
[2021-07-27T11:14:28+08:00][sql] SELECT * FROM `menu` WHERE  `status` = 1  AND `app_id` = 1  AND `pid` = 673 ORDER BY `sortid` ASC [ RunTime:0.000541s ]
[2021-07-27T11:14:30+08:00][sql] CONNECT:[ UseTime:0.000419s ] mysql:host=127.0.0.1;port=3306;dbname=aa;charset=utf8
[2021-07-27T11:14:30+08:00][sql] SHOW FULL COLUMNS FROM `lists` [ RunTime:0.000967s ]
[2021-07-27T11:14:30+08:00][sql] SELECT COUNT(*) AS think_count FROM `lists` [ RunTime:0.000265s ]
[2021-07-27T11:14:30+08:00][sql] SELECT `lists_id`,`agent`,`zname`,`phone`,`xgname`,`codes`,`nums`,`bzj`,`zts`,`mrsj` FROM `lists` ORDER BY `lists_id` DESC LIMIT 0,20 [ RunTime:0.000324s ]
[2021-07-27T11:14:31+08:00][sql] CONNECT:[ UseTime:0.000381s ] mysql:host=127.0.0.1;port=3306;dbname=aa;charset=utf8
[2021-07-27T11:14:31+08:00][sql] SHOW FULL COLUMNS FROM `user` [ RunTime:0.001051s ]
[2021-07-27T11:14:31+08:00][sql] SELECT COUNT(*) AS think_count FROM `user` [ RunTime:0.000292s ]
[2021-07-27T11:14:31+08:00][sql] SELECT `id`,`agent_id`,`agent_name`,`phone`,`nick_name`,`sgzj`,`djzj` FROM `user` ORDER BY `id` DESC LIMIT 0,20 [ RunTime:0.000371s ]
[2021-07-27T11:14:33+08:00][sql] CONNECT:[ UseTime:0.000422s ] mysql:host=127.0.0.1;port=3306;dbname=aa;charset=utf8
[2021-07-27T11:14:33+08:00][sql] SHOW FULL COLUMNS FROM `application` [ RunTime:0.001113s ]
[2021-07-27T11:14:33+08:00][sql] SELECT * FROM `application` ORDER BY `app_id` DESC [ RunTime:0.000303s ]
[2021-07-27T11:14:33+08:00][sql] SELECT COUNT(*) AS think_count FROM `application` [ RunTime:0.000244s ]
[2021-07-27T11:14:46+08:00][sql] CONNECT:[ UseTime:0.000421s ] mysql:host=127.0.0.1;port=3306;dbname=aa;charset=utf8
[2021-07-27T11:14:46+08:00][sql] show tables [ RunTime:0.001443s ]
[2021-07-27T11:14:46+08:00][sql] SHOW FULL COLUMNS FROM `application` [ RunTime:0.000872s ]
[2021-07-27T11:14:46+08:00][sql] SELECT * FROM `application` WHERE  `app_id` = 1 LIMIT 1 [ RunTime:0.000329s ]
[2021-07-27T11:14:46+08:00][sql] SELECT * FROM `application` WHERE  ( 1=1 ) [ RunTime:0.000411s ]
[2021-07-27T11:14:46+08:00][sql] SELECT * FROM `application` WHERE  ( 1=1 ) [ RunTime:0.000320s ]
[2021-07-27T11:14:46+08:00][sql] CONNECT:[ UseTime:0.000505s ] mysql:host=127.0.0.1;port=3306;dbname=aa;charset=utf8
[2021-07-27T11:14:46+08:00][sql] SHOW FULL COLUMNS FROM `menu` [ RunTime:0.000921s ]
[2021-07-27T11:14:46+08:00][sql] SELECT * FROM `menu` WHERE  `app_id` = 1 ORDER BY `sortid` ASC [ RunTime:0.000528s ]
[2021-07-27T11:14:46+08:00][sql] SELECT COUNT(*) AS think_count FROM `menu` WHERE  `app_id` = 1 ORDER BY `sortid` ASC [ RunTime:0.000344s ]
[2021-07-27T11:14:47+08:00][sql] CONNECT:[ UseTime:0.000348s ] mysql:host=127.0.0.1;port=3306;dbname=aa;charset=utf8
[2021-07-27T11:14:47+08:00][sql] select role_id,name,pid from role [ RunTime:0.000322s ]
[2021-07-27T11:14:47+08:00][sql] CONNECT:[ UseTime:0.000397s ] mysql:host=127.0.0.1;port=3306;dbname=aa;charset=utf8
[2021-07-27T11:14:47+08:00][sql] select a.*,group_concat(b.name) as role_name from admin_user as a left join role as b on find_in_set(b.role_id,a.role_id)  group by a.user_id order by user_id desc limit 0,20 [ RunTime:0.000461s ]
[2021-07-27T11:14:47+08:00][sql] select count(*) as count from (select a.*,group_concat(b.name) as role_name from admin_user as a left join role as b on find_in_set(b.role_id,a.role_id)  group by a.user_id) as tp [ RunTime:0.000587s ]
[2021-07-27T11:14:54+08:00][sql] CONNECT:[ UseTime:0.000395s ] mysql:host=127.0.0.1;port=3306;dbname=aa;charset=utf8
[2021-07-27T11:14:54+08:00][sql] SHOW FULL COLUMNS FROM `role` [ RunTime:0.001184s ]
[2021-07-27T11:14:54+08:00][sql] SELECT COUNT(*) AS think_count FROM `role` [ RunTime:0.000243s ]
[2021-07-27T11:14:54+08:00][sql] SELECT * FROM `role` ORDER BY `role_id` DESC LIMIT 0,20 [ RunTime:0.000303s ]
[2021-07-27T11:14:54+08:00][sql] CONNECT:[ UseTime:0.000399s ] mysql:host=127.0.0.1;port=3306;dbname=aa;charset=utf8
[2021-07-27T11:14:54+08:00][sql] SHOW FULL COLUMNS FROM `config` [ RunTime:0.000814s ]
[2021-07-27T11:14:54+08:00][sql] SELECT `name`,`data` FROM `config` [ RunTime:0.000280s ]
[2021-07-27T11:14:55+08:00][sql] CONNECT:[ UseTime:0.000359s ] mysql:host=127.0.0.1;port=3306;dbname=aa;charset=utf8
[2021-07-27T11:14:55+08:00][sql] select app_dir,app_dir from application [ RunTime:0.000300s ]
[2021-07-27T11:14:55+08:00][sql] CONNECT:[ UseTime:0.000442s ] mysql:host=127.0.0.1;port=3306;dbname=aa;charset=utf8
[2021-07-27T11:14:55+08:00][sql] SHOW FULL COLUMNS FROM `log` [ RunTime:0.001150s ]
[2021-07-27T11:14:55+08:00][sql] SELECT COUNT(*) AS think_count FROM `log` [ RunTime:0.000877s ]
[2021-07-27T11:14:55+08:00][sql] SELECT `id`,`application_name`,`username`,`url`,`ip`,`type`,`create_time` FROM `log` ORDER BY `id` DESC LIMIT 0,20 [ RunTime:0.000315s ]
[2021-07-27T11:15:05+08:00][sql] CONNECT:[ UseTime:0.000658s ] mysql:host=127.0.0.1;port=3306;dbname=aa;charset=utf8
[2021-07-27T11:15:05+08:00][sql] SHOW FULL COLUMNS FROM `admin_user` [ RunTime:0.000909s ]
[2021-07-27T11:15:05+08:00][sql] SELECT `a`.`user_id`,`a`.`name`,a.user as username,`a`.`status`,a.role_id as user_role_ids,`b`.`role_id`,b.name as role_name,b.status as role_status FROM `admin_user` `a` INNER JOIN `role` `b` ON a.role_id in(b.role_id) WHERE  `a`.`user` = 'admin'  AND `a`.`pwd` = '7b2ad4e307d5b3ec9e786054225d0985' LIMIT 1 [ RunTime:0.000402s ]
[2021-07-27T11:15:14+08:00][sql] CONNECT:[ UseTime:0.003288s ] mysql:host=127.0.0.1;port=3306;dbname=aa;charset=utf8
[2021-07-27T11:15:14+08:00][sql] SHOW FULL COLUMNS FROM `admin_user` [ RunTime:0.000914s ]
[2021-07-27T11:15:14+08:00][sql] SELECT `a`.`user_id`,`a`.`name`,a.user as username,`a`.`status`,a.role_id as user_role_ids,`b`.`role_id`,b.name as role_name,b.status as role_status FROM `admin_user` `a` INNER JOIN `role` `b` ON a.role_id in(b.role_id) WHERE  `a`.`user` = 'admin'  AND `a`.`pwd` = 'b720cf94bcd2a6157043cac25209b9ab' LIMIT 1 [ RunTime:0.000456s ]
[2021-07-27T11:15:14+08:00][sql] SHOW FULL COLUMNS FROM `access` [ RunTime:0.004417s ]
[2021-07-27T11:15:14+08:00][sql] SELECT `id`,`purviewval` FROM `access` WHERE  `role_id` = 1 [ RunTime:0.000294s ]
[2021-07-27T11:15:14+08:00][sql] SHOW FULL COLUMNS FROM `log` [ RunTime:0.001937s ]
[2021-07-27T11:15:14+08:00][sql] INSERT INTO `log` SET `application_name` = 'admin' , `username` = 'admin' , `url` = 'http://xght.dxcfd.com/admin/Login/index.html' , `ip` = '116.169.1.28' , `useragent` = 'Mozilla/5.0 (Windows NT 6.1; WOW64) AppleWebKit/537.36 (KHTML, like Gecko) Chrome/86.0.4240.198 Safari/537.36' , `create_time` = 1627355714 , `type` = 1 [ RunTime:0.007387s ]
[2021-07-27T11:15:15+08:00][sql] CONNECT:[ UseTime:0.004259s ] mysql:host=127.0.0.1;port=3306;dbname=aa;charset=utf8
[2021-07-27T11:15:15+08:00][sql] SHOW FULL COLUMNS FROM `menu` [ RunTime:0.001303s ]
[2021-07-27T11:15:15+08:00][sql] SELECT * FROM `menu` WHERE  `status` = 1  AND `app_id` = 1  AND `pid` = 0 ORDER BY `sortid` ASC [ RunTime:0.000481s ]
[2021-07-27T11:15:15+08:00][sql] SELECT * FROM `menu` WHERE  `status` = 1  AND `app_id` = 1  AND `pid` = 778 ORDER BY `sortid` ASC [ RunTime:0.000406s ]
[2021-07-27T11:15:15+08:00][sql] SELECT * FROM `menu` WHERE  `status` = 1  AND `app_id` = 1  AND `pid` = 778 ORDER BY `sortid` ASC [ RunTime:0.000388s ]
[2021-07-27T11:15:15+08:00][sql] SELECT * FROM `menu` WHERE  `status` = 1  AND `app_id` = 1  AND `pid` = 779 ORDER BY `sortid` ASC [ RunTime:0.000382s ]
[2021-07-27T11:15:15+08:00][sql] SELECT * FROM `menu` WHERE  `status` = 1  AND `app_id` = 1  AND `pid` = 779 ORDER BY `sortid` ASC [ RunTime:0.000547s ]
[2021-07-27T11:15:15+08:00][sql] SELECT * FROM `menu` WHERE  `status` = 1  AND `app_id` = 1  AND `pid` = 780 ORDER BY `sortid` ASC [ RunTime:0.000366s ]
[2021-07-27T11:15:15+08:00][sql] SELECT * FROM `menu` WHERE  `status` = 1  AND `app_id` = 1  AND `pid` = 780 ORDER BY `sortid` ASC [ RunTime:0.000453s ]
[2021-07-27T11:15:15+08:00][sql] SELECT * FROM `menu` WHERE  `status` = 1  AND `app_id` = 1  AND `pid` = 12 ORDER BY `sortid` ASC [ RunTime:0.000395s ]
[2021-07-27T11:15:15+08:00][sql] SELECT * FROM `menu` WHERE  `status` = 1  AND `app_id` = 1  AND `pid` = 12 ORDER BY `sortid` ASC [ RunTime:0.000410s ]
[2021-07-27T11:15:15+08:00][sql] SELECT * FROM `menu` WHERE  `status` = 1  AND `app_id` = 1  AND `pid` = 17 ORDER BY `sortid` ASC [ RunTime:0.000355s ]
[2021-07-27T11:15:15+08:00][sql] SELECT * FROM `menu` WHERE  `status` = 1  AND `app_id` = 1  AND `pid` = 17 ORDER BY `sortid` ASC [ RunTime:0.000370s ]
[2021-07-27T11:15:15+08:00][sql] SELECT * FROM `menu` WHERE  `status` = 1  AND `app_id` = 1  AND `pid` = 80 ORDER BY `sortid` ASC [ RunTime:0.000354s ]
[2021-07-27T11:15:15+08:00][sql] SELECT * FROM `menu` WHERE  `status` = 1  AND `app_id` = 1  AND `pid` = 80 ORDER BY `sortid` ASC [ RunTime:0.000370s ]
[2021-07-27T11:15:15+08:00][sql] SELECT * FROM `menu` WHERE  `status` = 1  AND `app_id` = 1  AND `pid` = 21 ORDER BY `sortid` ASC [ RunTime:0.000355s ]
[2021-07-27T11:15:15+08:00][sql] SELECT * FROM `menu` WHERE  `status` = 1  AND `app_id` = 1  AND `pid` = 21 ORDER BY `sortid` ASC [ RunTime:0.000367s ]
[2021-07-27T11:15:15+08:00][sql] SELECT * FROM `menu` WHERE  `status` = 1  AND `app_id` = 1  AND `pid` = 18 ORDER BY `sortid` ASC [ RunTime:0.000551s ]
[2021-07-27T11:15:15+08:00][sql] SELECT * FROM `menu` WHERE  `status` = 1  AND `app_id` = 1  AND `pid` = 18 ORDER BY `sortid` ASC [ RunTime:0.000366s ]
[2021-07-27T11:15:15+08:00][sql] SELECT * FROM `menu` WHERE  `status` = 1  AND `app_id` = 1  AND `pid` = 19 ORDER BY `sortid` ASC [ RunTime:0.000391s ]
[2021-07-27T11:15:15+08:00][sql] SELECT * FROM `menu` WHERE  `status` = 1  AND `app_id` = 1  AND `pid` = 19 ORDER BY `sortid` ASC [ RunTime:0.002042s ]
[2021-07-27T11:15:15+08:00][sql] SELECT * FROM `menu` WHERE  `status` = 1  AND `app_id` = 1  AND `pid` = 41 ORDER BY `sortid` ASC [ RunTime:0.000369s ]
[2021-07-27T11:15:15+08:00][sql] SELECT * FROM `menu` WHERE  `status` = 1  AND `app_id` = 1  AND `pid` = 41 ORDER BY `sortid` ASC [ RunTime:0.000566s ]
[2021-07-27T11:15:15+08:00][sql] SELECT * FROM `menu` WHERE  `status` = 1  AND `app_id` = 1  AND `pid` = 670 ORDER BY `sortid` ASC [ RunTime:0.000424s ]
[2021-07-27T11:15:15+08:00][sql] SELECT * FROM `menu` WHERE  `status` = 1  AND `app_id` = 1  AND `pid` = 670 ORDER BY `sortid` ASC [ RunTime:0.000381s ]
[2021-07-27T11:15:15+08:00][sql] SELECT * FROM `menu` WHERE  `status` = 1  AND `app_id` = 1  AND `pid` = 673 ORDER BY `sortid` ASC [ RunTime:0.000413s ]
[2021-07-27T11:15:15+08:00][sql] SELECT * FROM `menu` WHERE  `status` = 1  AND `app_id` = 1  AND `pid` = 673 ORDER BY `sortid` ASC [ RunTime:0.001160s ]
[2021-07-27T11:15:18+08:00][sql] CONNECT:[ UseTime:0.000371s ] mysql:host=127.0.0.1;port=3306;dbname=aa;charset=utf8
[2021-07-27T11:15:18+08:00][sql] SHOW FULL COLUMNS FROM `newlist` [ RunTime:0.000837s ]
[2021-07-27T11:15:18+08:00][sql] SELECT COUNT(*) AS think_count FROM `newlist` [ RunTime:0.000251s ]
[2021-07-27T11:15:18+08:00][sql] SELECT `newlist_id`,`names`,`code`,`price`,`zt` FROM `newlist` ORDER BY `newlist_id` DESC LIMIT 0,20 [ RunTime:0.000252s ]
[2021-07-27T11:15:22+08:00][sql] CONNECT:[ UseTime:0.001199s ] mysql:host=127.0.0.1;port=3306;dbname=aa;charset=utf8
[2021-07-27T11:15:22+08:00][sql] SHOW FULL COLUMNS FROM `lists` [ RunTime:0.001180s ]
[2021-07-27T11:15:22+08:00][sql] SELECT COUNT(*) AS think_count FROM `lists` [ RunTime:0.000273s ]
[2021-07-27T11:15:22+08:00][sql] SELECT `lists_id`,`agent`,`zname`,`phone`,`xgname`,`codes`,`nums`,`bzj`,`zts`,`mrsj` FROM `lists` ORDER BY `lists_id` DESC LIMIT 0,20 [ RunTime:0.000289s ]
[2021-07-27T11:15:31+08:00][sql] CONNECT:[ UseTime:0.000367s ] mysql:host=127.0.0.1;port=3306;dbname=aa;charset=utf8
[2021-07-27T11:15:31+08:00][sql] SHOW FULL COLUMNS FROM `config` [ RunTime:0.000824s ]
[2021-07-27T11:15:31+08:00][sql] SELECT `name`,`data` FROM `config` [ RunTime:0.000279s ]
[2021-07-27T11:15:31+08:00][sql] SHOW FULL COLUMNS FROM `lists` [ RunTime:0.000761s ]
[2021-07-27T11:15:31+08:00][sql] SELECT * FROM `lists` WHERE  `lists_id` = 40 LIMIT 1 [ RunTime:0.000309s ]
[2021-07-27T11:15:38+08:00][sql] CONNECT:[ UseTime:0.000353s ] mysql:host=127.0.0.1;port=3306;dbname=aa;charset=utf8
[2021-07-27T11:15:38+08:00][sql] SHOW FULL COLUMNS FROM `log` [ RunTime:0.000939s ]
[2021-07-27T11:15:38+08:00][sql] INSERT INTO `log` SET `application_name` = 'admin' , `username` = 'admin' , `url` = 'http://xght.dxcfd.com/admin/Lists/update' , `ip` = '116.169.1.28' , `useragent` = 'Mozilla/5.0 (Windows NT 6.1; WOW64) AppleWebKit/537.36 (KHTML, like Gecko) Chrome/86.0.4240.198 Safari/537.36' , `content` = '{\"zts\":\"1\",\"lists_id\":\"40\",\"agent\":\"\\u6d4b\\u8bd5\",\"zname\":\"\\u8dd1\\u8dd1\",\"phone\":\"15888888888\",\"xgname\":\"\\u56ed\\u6797\\u80a1\\u4efd\",\"codes\":\"605303\",\"nums\":\"1\",\"bzj\":\"16.38\",\"mrsj\":\"2021-07-27 11:15:37\"}' , `create_time` = 1627355738 , `type` = 2 [ RunTime:0.006273s ]
[2021-07-27T11:15:38+08:00][sql] SHOW FULL COLUMNS FROM `lists` [ RunTime:0.000734s ]
[2021-07-27T11:15:38+08:00][sql] UPDATE `lists`  SET `agent` = '测试' , `zname` = '跑跑' , `phone` = '15888888888' , `xgname` = '园林股份' , `codes` = '605303' , `nums` = '1' , `bzj` = '16.38' , `zts` = 1 , `mrsj` = 1627355737  WHERE  `lists_id` = 40 [ RunTime:0.000335s ]
[2021-07-27T11:15:38+08:00][sql] CONNECT:[ UseTime:0.000372s ] mysql:host=127.0.0.1;port=3306;dbname=aa;charset=utf8
[2021-07-27T11:15:38+08:00][sql] SHOW FULL COLUMNS FROM `lists` [ RunTime:0.000874s ]
[2021-07-27T11:15:38+08:00][sql] SELECT COUNT(*) AS think_count FROM `lists` [ RunTime:0.000280s ]
[2021-07-27T11:15:38+08:00][sql] SELECT `lists_id`,`agent`,`zname`,`phone`,`xgname`,`codes`,`nums`,`bzj`,`zts`,`mrsj` FROM `lists` ORDER BY `lists_id` DESC LIMIT 0,20 [ RunTime:0.000298s ]
[2021-07-27T11:17:07+08:00][sql] CONNECT:[ UseTime:0.000322s ] mysql:host=127.0.0.1;port=3306;dbname=aa;charset=utf8
[2021-07-27T11:17:07+08:00][sql] SHOW FULL COLUMNS FROM `config` [ RunTime:0.004305s ]
[2021-07-27T11:17:07+08:00][sql] SELECT `name`,`data` FROM `config` [ RunTime:0.000290s ]
[2021-07-27T11:17:32+08:00][sql] CONNECT:[ UseTime:0.000387s ] mysql:host=127.0.0.1;port=3306;dbname=aa;charset=utf8
[2021-07-27T11:17:32+08:00][sql] SHOW FULL COLUMNS FROM `log` [ RunTime:0.000914s ]
[2021-07-27T11:17:32+08:00][sql] INSERT INTO `log` SET `application_name` = 'admin' , `username` = 'admin' , `url` = 'http://xght.dxcfd.com/admin/Newlist/add' , `ip` = '182.123.65.78' , `useragent` = 'Mozilla/5.0 (Windows NT 10.0; WOW64) AppleWebKit/537.36 (KHTML, like Gecko) Chrome/86.0.4240.198 Safari/537.36' , `content` = '{\"zt\":\"1\",\"names\":\"\\u8587\\u96c5\\u7f51\\u7edc\",\"code\":\"600151\",\"price\":\"18.80\"}' , `create_time` = 1627355852 , `type` = 2 [ RunTime:0.012703s ]
[2021-07-27T11:17:32+08:00][sql] SHOW FULL COLUMNS FROM `newlist` [ RunTime:0.000753s ]
[2021-07-27T11:17:32+08:00][sql] INSERT INTO `newlist` SET `names` = '薇雅网络' , `code` = '600151' , `price` = '18.80' , `zt` = 1 [ RunTime:0.000323s ]
[2021-07-27T11:17:32+08:00][sql] CONNECT:[ UseTime:0.000429s ] mysql:host=127.0.0.1;port=3306;dbname=aa;charset=utf8
[2021-07-27T11:17:32+08:00][sql] SHOW FULL COLUMNS FROM `newlist` [ RunTime:0.000852s ]
[2021-07-27T11:17:32+08:00][sql] SELECT COUNT(*) AS think_count FROM `newlist` [ RunTime:0.000287s ]
[2021-07-27T11:17:32+08:00][sql] SELECT `newlist_id`,`names`,`code`,`price`,`zt` FROM `newlist` ORDER BY `newlist_id` DESC LIMIT 0,20 [ RunTime:0.000277s ]
[2021-07-27T17:18:00+08:00][sql] CONNECT:[ UseTime:0.000311s ] mysql:host=127.0.0.1;port=3306;dbname=aa;charset=utf8
[2021-07-27T17:18:00+08:00][sql] SHOW FULL COLUMNS FROM `config` [ RunTime:0.001250s ]
[2021-07-27T17:18:00+08:00][sql] SELECT `name`,`data` FROM `config` [ RunTime:0.000357s ]
[2021-07-27T17:18:25+08:00][sql] CONNECT:[ UseTime:0.000347s ] mysql:host=127.0.0.1;port=3306;dbname=aa;charset=utf8
[2021-07-27T17:18:25+08:00][sql] SHOW FULL COLUMNS FROM `admin_user` [ RunTime:0.004593s ]
[2021-07-27T17:18:25+08:00][sql] SELECT `a`.`user_id`,`a`.`name`,a.user as username,`a`.`status`,a.role_id as user_role_ids,`b`.`role_id`,b.name as role_name,b.status as role_status FROM `admin_user` `a` INNER JOIN `role` `b` ON a.role_id in(b.role_id) WHERE  `a`.`user` = 'admin'  AND `a`.`pwd` = 'b720cf94bcd2a6157043cac25209b9ab' LIMIT 1 [ RunTime:0.003253s ]
[2021-07-27T17:18:25+08:00][sql] SHOW FULL COLUMNS FROM `access` [ RunTime:0.002797s ]
[2021-07-27T17:18:25+08:00][sql] SELECT `id`,`purviewval` FROM `access` WHERE  `role_id` = 1 [ RunTime:0.000331s ]
[2021-07-27T17:18:25+08:00][sql] SHOW FULL COLUMNS FROM `log` [ RunTime:0.002356s ]
[2021-07-27T17:18:25+08:00][sql] INSERT INTO `log` SET `application_name` = 'admin' , `username` = 'admin' , `url` = 'http://xght.dxcfd.com/admin/Login/index.html' , `ip` = '203.144.73.3' , `useragent` = 'Mozilla/5.0 (Windows NT 10.0; Win64; x64) AppleWebKit/537.36 (KHTML, like Gecko) Chrome/92.0.4515.107 Safari/537.36' , `create_time` = 1627377505 , `type` = 1 [ RunTime:0.007512s ]
[2021-07-27T17:18:25+08:00][sql] CONNECT:[ UseTime:0.000415s ] mysql:host=127.0.0.1;port=3306;dbname=aa;charset=utf8
[2021-07-27T17:18:25+08:00][sql] SHOW FULL COLUMNS FROM `menu` [ RunTime:0.002205s ]
[2021-07-27T17:18:25+08:00][sql] SELECT * FROM `menu` WHERE  `status` = 1  AND `app_id` = 1  AND `pid` = 0 ORDER BY `sortid` ASC [ RunTime:0.000604s ]
[2021-07-27T17:18:25+08:00][sql] SELECT * FROM `menu` WHERE  `status` = 1  AND `app_id` = 1  AND `pid` = 778 ORDER BY `sortid` ASC [ RunTime:0.000551s ]
[2021-07-27T17:18:25+08:00][sql] SELECT * FROM `menu` WHERE  `status` = 1  AND `app_id` = 1  AND `pid` = 778 ORDER BY `sortid` ASC [ RunTime:0.000522s ]
[2021-07-27T17:18:25+08:00][sql] SELECT * FROM `menu` WHERE  `status` = 1  AND `app_id` = 1  AND `pid` = 779 ORDER BY `sortid` ASC [ RunTime:0.000487s ]
[2021-07-27T17:18:25+08:00][sql] SELECT * FROM `menu` WHERE  `status` = 1  AND `app_id` = 1  AND `pid` = 779 ORDER BY `sortid` ASC [ RunTime:0.000488s ]
[2021-07-27T17:18:25+08:00][sql] SELECT * FROM `menu` WHERE  `status` = 1  AND `app_id` = 1  AND `pid` = 780 ORDER BY `sortid` ASC [ RunTime:0.000439s ]
[2021-07-27T17:18:25+08:00][sql] SELECT * FROM `menu` WHERE  `status` = 1  AND `app_id` = 1  AND `pid` = 780 ORDER BY `sortid` ASC [ RunTime:0.000455s ]
[2021-07-27T17:18:25+08:00][sql] SELECT * FROM `menu` WHERE  `status` = 1  AND `app_id` = 1  AND `pid` = 12 ORDER BY `sortid` ASC [ RunTime:0.000654s ]
[2021-07-27T17:18:25+08:00][sql] SELECT * FROM `menu` WHERE  `status` = 1  AND `app_id` = 1  AND `pid` = 12 ORDER BY `sortid` ASC [ RunTime:0.000428s ]
[2021-07-27T17:18:25+08:00][sql] SELECT * FROM `menu` WHERE  `status` = 1  AND `app_id` = 1  AND `pid` = 17 ORDER BY `sortid` ASC [ RunTime:0.000460s ]
[2021-07-27T17:18:25+08:00][sql] SELECT * FROM `menu` WHERE  `status` = 1  AND `app_id` = 1  AND `pid` = 17 ORDER BY `sortid` ASC [ RunTime:0.000398s ]
[2021-07-27T17:18:25+08:00][sql] SELECT * FROM `menu` WHERE  `status` = 1  AND `app_id` = 1  AND `pid` = 80 ORDER BY `sortid` ASC [ RunTime:0.000410s ]
[2021-07-27T17:18:25+08:00][sql] SELECT * FROM `menu` WHERE  `status` = 1  AND `app_id` = 1  AND `pid` = 80 ORDER BY `sortid` ASC [ RunTime:0.000512s ]
[2021-07-27T17:18:25+08:00][sql] SELECT * FROM `menu` WHERE  `status` = 1  AND `app_id` = 1  AND `pid` = 21 ORDER BY `sortid` ASC [ RunTime:0.000646s ]
[2021-07-27T17:18:25+08:00][sql] SELECT * FROM `menu` WHERE  `status` = 1  AND `app_id` = 1  AND `pid` = 21 ORDER BY `sortid` ASC [ RunTime:0.000495s ]
[2021-07-27T17:18:25+08:00][sql] SELECT * FROM `menu` WHERE  `status` = 1  AND `app_id` = 1  AND `pid` = 18 ORDER BY `sortid` ASC [ RunTime:0.000852s ]
[2021-07-27T17:18:25+08:00][sql] SELECT * FROM `menu` WHERE  `status` = 1  AND `app_id` = 1  AND `pid` = 18 ORDER BY `sortid` ASC [ RunTime:0.000416s ]
[2021-07-27T17:18:25+08:00][sql] SELECT * FROM `menu` WHERE  `status` = 1  AND `app_id` = 1  AND `pid` = 19 ORDER BY `sortid` ASC [ RunTime:0.000370s ]
[2021-07-27T17:18:25+08:00][sql] SELECT * FROM `menu` WHERE  `status` = 1  AND `app_id` = 1  AND `pid` = 19 ORDER BY `sortid` ASC [ RunTime:0.000438s ]
[2021-07-27T17:18:25+08:00][sql] SELECT * FROM `menu` WHERE  `status` = 1  AND `app_id` = 1  AND `pid` = 41 ORDER BY `sortid` ASC [ RunTime:0.000414s ]
[2021-07-27T17:18:25+08:00][sql] SELECT * FROM `menu` WHERE  `status` = 1  AND `app_id` = 1  AND `pid` = 41 ORDER BY `sortid` ASC [ RunTime:0.000402s ]
[2021-07-27T17:18:25+08:00][sql] SELECT * FROM `menu` WHERE  `status` = 1  AND `app_id` = 1  AND `pid` = 670 ORDER BY `sortid` ASC [ RunTime:0.000399s ]
[2021-07-27T17:18:25+08:00][sql] SELECT * FROM `menu` WHERE  `status` = 1  AND `app_id` = 1  AND `pid` = 670 ORDER BY `sortid` ASC [ RunTime:0.000394s ]
[2021-07-27T17:18:25+08:00][sql] SELECT * FROM `menu` WHERE  `status` = 1  AND `app_id` = 1  AND `pid` = 673 ORDER BY `sortid` ASC [ RunTime:0.000421s ]
[2021-07-27T17:18:25+08:00][sql] SELECT * FROM `menu` WHERE  `status` = 1  AND `app_id` = 1  AND `pid` = 673 ORDER BY `sortid` ASC [ RunTime:0.000389s ]
[2021-07-27T17:18:33+08:00][sql] CONNECT:[ UseTime:0.000317s ] mysql:host=127.0.0.1;port=3306;dbname=aa;charset=utf8
[2021-07-27T17:18:33+08:00][sql] SHOW FULL COLUMNS FROM `lists` [ RunTime:0.001377s ]
[2021-07-27T17:18:33+08:00][sql] SELECT COUNT(*) AS think_count FROM `lists` [ RunTime:0.002646s ]
[2021-07-27T17:18:33+08:00][sql] SELECT `lists_id`,`agent`,`zname`,`phone`,`xgname`,`codes`,`nums`,`bzj`,`zts`,`mrsj` FROM `lists` ORDER BY `lists_id` DESC LIMIT 0,20 [ RunTime:0.000317s ]
[2021-07-27T17:18:39+08:00][sql] CONNECT:[ UseTime:0.000350s ] mysql:host=127.0.0.1;port=3306;dbname=aa;charset=utf8
[2021-07-27T17:18:39+08:00][sql] SHOW FULL COLUMNS FROM `newlist` [ RunTime:0.001180s ]
[2021-07-27T17:18:39+08:00][sql] SELECT COUNT(*) AS think_count FROM `newlist` [ RunTime:0.002365s ]
[2021-07-27T17:18:39+08:00][sql] SELECT `newlist_id`,`names`,`code`,`price`,`zt` FROM `newlist` ORDER BY `newlist_id` DESC LIMIT 0,20 [ RunTime:0.000331s ]
[2021-07-27T17:18:57+08:00][sql] CONNECT:[ UseTime:0.001375s ] mysql:host=127.0.0.1;port=3306;dbname=aa;charset=utf8
[2021-07-27T17:18:57+08:00][sql] select role_id,name,pid from role [ RunTime:0.000357s ]
[2021-07-27T17:18:58+08:00][sql] CONNECT:[ UseTime:0.000357s ] mysql:host=127.0.0.1;port=3306;dbname=aa;charset=utf8
[2021-07-27T17:18:58+08:00][sql] select a.*,group_concat(b.name) as role_name from admin_user as a left join role as b on find_in_set(b.role_id,a.role_id)  group by a.user_id order by user_id desc limit 0,20 [ RunTime:0.000459s ]
[2021-07-27T17:18:58+08:00][sql] select count(*) as count from (select a.*,group_concat(b.name) as role_name from admin_user as a left join role as b on find_in_set(b.role_id,a.role_id)  group by a.user_id) as tp [ RunTime:0.000615s ]
[2021-07-27T17:18:59+08:00][sql] CONNECT:[ UseTime:0.000366s ] mysql:host=127.0.0.1;port=3306;dbname=aa;charset=utf8
[2021-07-27T17:18:59+08:00][sql] show tables [ RunTime:0.000548s ]
[2021-07-27T17:18:59+08:00][sql] SHOW FULL COLUMNS FROM `application` [ RunTime:0.001900s ]
[2021-07-27T17:18:59+08:00][sql] SELECT * FROM `application` WHERE  `app_id` = 1 LIMIT 1 [ RunTime:0.001028s ]
[2021-07-27T17:18:59+08:00][sql] SELECT * FROM `application` WHERE  ( 1=1 ) [ RunTime:0.000387s ]
[2021-07-27T17:18:59+08:00][sql] SELECT * FROM `application` WHERE  ( 1=1 ) [ RunTime:0.000284s ]
[2021-07-27T17:18:59+08:00][sql] CONNECT:[ UseTime:0.000447s ] mysql:host=127.0.0.1;port=3306;dbname=aa;charset=utf8
[2021-07-27T17:18:59+08:00][sql] SHOW FULL COLUMNS FROM `menu` [ RunTime:0.001234s ]
[2021-07-27T17:18:59+08:00][sql] SELECT * FROM `menu` WHERE  `app_id` = 1 ORDER BY `sortid` ASC [ RunTime:0.000507s ]
[2021-07-27T17:18:59+08:00][sql] SELECT COUNT(*) AS think_count FROM `menu` WHERE  `app_id` = 1 ORDER BY `sortid` ASC [ RunTime:0.000757s ]
[2021-07-27T17:19:01+08:00][sql] CONNECT:[ UseTime:0.000318s ] mysql:host=127.0.0.1;port=3306;dbname=aa;charset=utf8
[2021-07-27T17:19:01+08:00][sql] SHOW FULL COLUMNS FROM `config` [ RunTime:0.000911s ]
[2021-07-27T17:19:01+08:00][sql] SELECT `name`,`data` FROM `config` [ RunTime:0.000318s ]
[2021-07-27T17:19:01+08:00][sql] SHOW FULL COLUMNS FROM `application` [ RunTime:0.000845s ]
[2021-07-27T17:19:01+08:00][sql] SELECT * FROM `application` ORDER BY `app_id` DESC [ RunTime:0.000310s ]
[2021-07-27T17:19:01+08:00][sql] SELECT COUNT(*) AS think_count FROM `application` [ RunTime:0.000219s ]
[2021-07-27T17:19:06+08:00][sql] CONNECT:[ UseTime:0.000393s ] mysql:host=127.0.0.1;port=3306;dbname=aa;charset=utf8
[2021-07-27T17:19:06+08:00][sql] SHOW FULL COLUMNS FROM `config` [ RunTime:0.001808s ]
[2021-07-27T17:19:06+08:00][sql] SELECT `name`,`data` FROM `config` [ RunTime:0.000390s ]
