[2021-07-28T12:28:41+08:00][sql] CONNECT:[ UseTime:0.000296s ] mysql:host=127.0.0.1;port=3306;dbname=aa;charset=utf8
[2021-07-28T12:28:41+08:00][sql] SHOW FULL COLUMNS FROM `config` [ RunTime:0.002146s ]
[2021-07-28T12:28:41+08:00][sql] SELECT `name`,`data` FROM `config` [ RunTime:0.002233s ]
[2021-07-28T12:28:54+08:00][sql] CONNECT:[ UseTime:0.000451s ] mysql:host=127.0.0.1;port=3306;dbname=aa;charset=utf8
[2021-07-28T12:28:54+08:00][sql] SHOW FULL COLUMNS FROM `admin_user` [ RunTime:0.005785s ]
[2021-07-28T12:28:54+08:00][sql] SELECT `a`.`user_id`,`a`.`name`,a.user as username,`a`.`status`,a.role_id as user_role_ids,`b`.`role_id`,b.name as role_name,b.status as role_status FROM `admin_user` `a` INNER JOIN `role` `b` ON a.role_id in(b.role_id) WHERE  `a`.`user` = 'admin'  AND `a`.`pwd` = 'f6c95fecdc3c10f9acc69083038ff214' LIMIT 1 [ RunTime:0.005058s ]
[2021-07-28T12:29:13+08:00][sql] CONNECT:[ UseTime:0.000510s ] mysql:host=127.0.0.1;port=3306;dbname=aa;charset=utf8
[2021-07-28T12:29:13+08:00][sql] SHOW FULL COLUMNS FROM `admin_user` [ RunTime:0.001065s ]
[2021-07-28T12:29:13+08:00][sql] SELECT `a`.`user_id`,`a`.`name`,a.user as username,`a`.`status`,a.role_id as user_role_ids,`b`.`role_id`,b.name as role_name,b.status as role_status FROM `admin_user` `a` INNER JOIN `role` `b` ON a.role_id in(b.role_id) WHERE  `a`.`user` = 'admin'  AND `a`.`pwd` = 'b720cf94bcd2a6157043cac25209b9ab' LIMIT 1 [ RunTime:0.000384s ]
[2021-07-28T12:29:13+08:00][sql] SHOW FULL COLUMNS FROM `access` [ RunTime:0.002746s ]
[2021-07-28T12:29:13+08:00][sql] SELECT `id`,`purviewval` FROM `access` WHERE  `role_id` = 1 [ RunTime:0.000277s ]
[2021-07-28T12:29:13+08:00][sql] SHOW FULL COLUMNS FROM `log` [ RunTime:0.010917s ]
[2021-07-28T12:29:13+08:00][sql] INSERT INTO `log` SET `application_name` = 'admin' , `username` = 'admin' , `url` = 'http://xght.dxcfd.com/admin/Login/index.html' , `ip` = '43.129.26.70' , `useragent` = 'Mozilla/5.0 (Windows NT 10.0; Win64; x64) AppleWebKit/537.36 (KHTML, like Gecko) Chrome/92.0.4515.107 Safari/537.36' , `create_time` = 1627446553 , `type` = 1 [ RunTime:0.004240s ]
[2021-07-28T12:29:13+08:00][sql] CONNECT:[ UseTime:0.000393s ] mysql:host=127.0.0.1;port=3306;dbname=aa;charset=utf8
[2021-07-28T12:29:13+08:00][sql] SHOW FULL COLUMNS FROM `menu` [ RunTime:0.003001s ]
[2021-07-28T12:29:13+08:00][sql] SELECT * FROM `menu` WHERE  `status` = 1  AND `app_id` = 1  AND `pid` = 0 ORDER BY `sortid` ASC [ RunTime:0.001114s ]
[2021-07-28T12:29:13+08:00][sql] SELECT * FROM `menu` WHERE  `status` = 1  AND `app_id` = 1  AND `pid` = 778 ORDER BY `sortid` ASC [ RunTime:0.000427s ]
[2021-07-28T12:29:13+08:00][sql] SELECT * FROM `menu` WHERE  `status` = 1  AND `app_id` = 1  AND `pid` = 778 ORDER BY `sortid` ASC [ RunTime:0.000421s ]
[2021-07-28T12:29:13+08:00][sql] SELECT * FROM `menu` WHERE  `status` = 1  AND `app_id` = 1  AND `pid` = 779 ORDER BY `sortid` ASC [ RunTime:0.000448s ]
[2021-07-28T12:29:13+08:00][sql] SELECT * FROM `menu` WHERE  `status` = 1  AND `app_id` = 1  AND `pid` = 779 ORDER BY `sortid` ASC [ RunTime:0.000403s ]
[2021-07-28T12:29:13+08:00][sql] SELECT * FROM `menu` WHERE  `status` = 1  AND `app_id` = 1  AND `pid` = 780 ORDER BY `sortid` ASC [ RunTime:0.000379s ]
[2021-07-28T12:29:13+08:00][sql] SELECT * FROM `menu` WHERE  `status` = 1  AND `app_id` = 1  AND `pid` = 780 ORDER BY `sortid` ASC [ RunTime:0.000380s ]
[2021-07-28T12:29:13+08:00][sql] SELECT * FROM `menu` WHERE  `status` = 1  AND `app_id` = 1  AND `pid` = 12 ORDER BY `sortid` ASC [ RunTime:0.000434s ]
[2021-07-28T12:29:13+08:00][sql] SELECT * FROM `menu` WHERE  `status` = 1  AND `app_id` = 1  AND `pid` = 12 ORDER BY `sortid` ASC [ RunTime:0.000426s ]
[2021-07-28T12:29:13+08:00][sql] SELECT * FROM `menu` WHERE  `status` = 1  AND `app_id` = 1  AND `pid` = 17 ORDER BY `sortid` ASC [ RunTime:0.000387s ]
[2021-07-28T12:29:13+08:00][sql] SELECT * FROM `menu` WHERE  `status` = 1  AND `app_id` = 1  AND `pid` = 17 ORDER BY `sortid` ASC [ RunTime:0.000404s ]
[2021-07-28T12:29:13+08:00][sql] SELECT * FROM `menu` WHERE  `status` = 1  AND `app_id` = 1  AND `pid` = 80 ORDER BY `sortid` ASC [ RunTime:0.000376s ]
[2021-07-28T12:29:13+08:00][sql] SELECT * FROM `menu` WHERE  `status` = 1  AND `app_id` = 1  AND `pid` = 80 ORDER BY `sortid` ASC [ RunTime:0.000372s ]
[2021-07-28T12:29:13+08:00][sql] SELECT * FROM `menu` WHERE  `status` = 1  AND `app_id` = 1  AND `pid` = 21 ORDER BY `sortid` ASC [ RunTime:0.000355s ]
[2021-07-28T12:29:13+08:00][sql] SELECT * FROM `menu` WHERE  `status` = 1  AND `app_id` = 1  AND `pid` = 21 ORDER BY `sortid` ASC [ RunTime:0.000359s ]
[2021-07-28T12:29:13+08:00][sql] SELECT * FROM `menu` WHERE  `status` = 1  AND `app_id` = 1  AND `pid` = 18 ORDER BY `sortid` ASC [ RunTime:0.000369s ]
[2021-07-28T12:29:13+08:00][sql] SELECT * FROM `menu` WHERE  `status` = 1  AND `app_id` = 1  AND `pid` = 18 ORDER BY `sortid` ASC [ RunTime:0.000375s ]
[2021-07-28T12:29:13+08:00][sql] SELECT * FROM `menu` WHERE  `status` = 1  AND `app_id` = 1  AND `pid` = 19 ORDER BY `sortid` ASC [ RunTime:0.000404s ]
[2021-07-28T12:29:13+08:00][sql] SELECT * FROM `menu` WHERE  `status` = 1  AND `app_id` = 1  AND `pid` = 19 ORDER BY `sortid` ASC [ RunTime:0.000399s ]
[2021-07-28T12:29:13+08:00][sql] SELECT * FROM `menu` WHERE  `status` = 1  AND `app_id` = 1  AND `pid` = 41 ORDER BY `sortid` ASC [ RunTime:0.000394s ]
[2021-07-28T12:29:13+08:00][sql] SELECT * FROM `menu` WHERE  `status` = 1  AND `app_id` = 1  AND `pid` = 41 ORDER BY `sortid` ASC [ RunTime:0.000360s ]
[2021-07-28T12:29:13+08:00][sql] SELECT * FROM `menu` WHERE  `status` = 1  AND `app_id` = 1  AND `pid` = 670 ORDER BY `sortid` ASC [ RunTime:0.000381s ]
[2021-07-28T12:29:13+08:00][sql] SELECT * FROM `menu` WHERE  `status` = 1  AND `app_id` = 1  AND `pid` = 670 ORDER BY `sortid` ASC [ RunTime:0.000369s ]
[2021-07-28T12:29:13+08:00][sql] SELECT * FROM `menu` WHERE  `status` = 1  AND `app_id` = 1  AND `pid` = 673 ORDER BY `sortid` ASC [ RunTime:0.000399s ]
[2021-07-28T12:29:13+08:00][sql] SELECT * FROM `menu` WHERE  `status` = 1  AND `app_id` = 1  AND `pid` = 673 ORDER BY `sortid` ASC [ RunTime:0.000379s ]
[2021-07-28T12:29:17+08:00][sql] CONNECT:[ UseTime:0.000453s ] mysql:host=127.0.0.1;port=3306;dbname=aa;charset=utf8
[2021-07-28T12:29:17+08:00][sql] SHOW FULL COLUMNS FROM `newlist` [ RunTime:0.000887s ]
[2021-07-28T12:29:17+08:00][sql] SELECT COUNT(*) AS think_count FROM `newlist` [ RunTime:0.000279s ]
[2021-07-28T12:29:17+08:00][sql] SELECT `newlist_id`,`names`,`code`,`price`,`zt` FROM `newlist` ORDER BY `newlist_id` DESC LIMIT 0,20 [ RunTime:0.000305s ]
[2021-07-28T12:29:25+08:00][sql] CONNECT:[ UseTime:0.000359s ] mysql:host=127.0.0.1;port=3306;dbname=aa;charset=utf8
[2021-07-28T12:29:25+08:00][sql] SHOW FULL COLUMNS FROM `application` [ RunTime:0.005709s ]
[2021-07-28T12:29:25+08:00][sql] SELECT * FROM `application` ORDER BY `app_id` DESC [ RunTime:0.000992s ]
[2021-07-28T12:29:25+08:00][sql] SELECT COUNT(*) AS think_count FROM `application` [ RunTime:0.000239s ]
[2021-07-28T12:29:28+08:00][sql] CONNECT:[ UseTime:0.000432s ] mysql:host=127.0.0.1;port=3306;dbname=aa;charset=utf8
[2021-07-28T12:29:28+08:00][sql] show tables [ RunTime:0.004337s ]
[2021-07-28T12:29:28+08:00][sql] SHOW FULL COLUMNS FROM `application` [ RunTime:0.004343s ]
[2021-07-28T12:29:28+08:00][sql] SELECT * FROM `application` WHERE  `app_id` = 1 LIMIT 1 [ RunTime:0.000323s ]
[2021-07-28T12:29:28+08:00][sql] SELECT * FROM `application` WHERE  ( 1=1 ) [ RunTime:0.000346s ]
[2021-07-28T12:29:28+08:00][sql] SELECT * FROM `application` WHERE  ( 1=1 ) [ RunTime:0.000304s ]
[2021-07-28T12:29:29+08:00][sql] CONNECT:[ UseTime:0.000472s ] mysql:host=127.0.0.1;port=3306;dbname=aa;charset=utf8
[2021-07-28T12:29:29+08:00][sql] SHOW FULL COLUMNS FROM `menu` [ RunTime:0.001188s ]
[2021-07-28T12:29:29+08:00][sql] SELECT * FROM `menu` WHERE  `app_id` = 1 ORDER BY `sortid` ASC [ RunTime:0.000506s ]
[2021-07-28T12:29:29+08:00][sql] SELECT COUNT(*) AS think_count FROM `menu` WHERE  `app_id` = 1 ORDER BY `sortid` ASC [ RunTime:0.000377s ]
[2021-07-28T12:29:30+08:00][sql] CONNECT:[ UseTime:0.000418s ] mysql:host=127.0.0.1;port=3306;dbname=aa;charset=utf8
[2021-07-28T12:29:30+08:00][sql] select role_id,name,pid from role [ RunTime:0.000571s ]
[2021-07-28T12:29:30+08:00][sql] CONNECT:[ UseTime:0.000453s ] mysql:host=127.0.0.1;port=3306;dbname=aa;charset=utf8
[2021-07-28T12:29:30+08:00][sql] select a.*,group_concat(b.name) as role_name from admin_user as a left join role as b on find_in_set(b.role_id,a.role_id)  group by a.user_id order by user_id desc limit 0,20 [ RunTime:0.005853s ]
[2021-07-28T12:29:30+08:00][sql] select count(*) as count from (select a.*,group_concat(b.name) as role_name from admin_user as a left join role as b on find_in_set(b.role_id,a.role_id)  group by a.user_id) as tp [ RunTime:0.001013s ]
[2021-07-28T12:29:32+08:00][sql] CONNECT:[ UseTime:0.000593s ] mysql:host=127.0.0.1;port=3306;dbname=aa;charset=utf8
[2021-07-28T12:29:32+08:00][sql] SHOW FULL COLUMNS FROM `role` [ RunTime:0.001128s ]
[2021-07-28T12:29:32+08:00][sql] SELECT COUNT(*) AS think_count FROM `role` [ RunTime:0.000258s ]
[2021-07-28T12:29:32+08:00][sql] SELECT * FROM `role` ORDER BY `role_id` DESC LIMIT 0,20 [ RunTime:0.000304s ]
[2021-07-28T12:29:34+08:00][sql] CONNECT:[ UseTime:0.000425s ] mysql:host=127.0.0.1;port=3306;dbname=aa;charset=utf8
[2021-07-28T12:29:34+08:00][sql] SHOW FULL COLUMNS FROM `config` [ RunTime:0.004809s ]
[2021-07-28T12:29:34+08:00][sql] SELECT `name`,`data` FROM `config` [ RunTime:0.000279s ]
[2021-07-28T12:29:57+08:00][sql] CONNECT:[ UseTime:0.000396s ] mysql:host=127.0.0.1;port=3306;dbname=aa;charset=utf8
[2021-07-28T12:29:57+08:00][sql] SHOW FULL COLUMNS FROM `config` [ RunTime:0.001036s ]
[2021-07-28T12:29:57+08:00][sql] SELECT `name`,`data` FROM `config` [ RunTime:0.000334s ]
[2021-07-28T12:29:57+08:00][sql] select app_dir,app_dir from application [ RunTime:0.000356s ]
[2021-07-28T12:29:57+08:00][sql] CONNECT:[ UseTime:0.000453s ] mysql:host=127.0.0.1;port=3306;dbname=aa;charset=utf8
[2021-07-28T12:29:57+08:00][sql] SHOW FULL COLUMNS FROM `log` [ RunTime:0.000916s ]
[2021-07-28T12:29:57+08:00][sql] SELECT COUNT(*) AS think_count FROM `log` [ RunTime:0.000819s ]
[2021-07-28T12:29:57+08:00][sql] SELECT `id`,`application_name`,`username`,`url`,`ip`,`type`,`create_time` FROM `log` ORDER BY `id` DESC LIMIT 0,20 [ RunTime:0.000306s ]
[2021-07-28T12:29:58+08:00][sql] CONNECT:[ UseTime:0.000576s ] mysql:host=127.0.0.1;port=3306;dbname=aa;charset=utf8
[2021-07-28T12:29:58+08:00][sql] SHOW FULL COLUMNS FROM `upload_config` [ RunTime:0.003687s ]
[2021-07-28T12:29:58+08:00][sql] SELECT COUNT(*) AS think_count FROM `upload_config` [ RunTime:0.000287s ]
[2021-07-28T12:29:58+08:00][sql] SELECT `id`,`title`,`thumb_status`,`upload_replace`,`thumb_width`,`thumb_height`,`thumb_type` FROM `upload_config` ORDER BY `id` DESC LIMIT 0,20 [ RunTime:0.000287s ]
[2021-07-28T12:30:10+08:00][sql] CONNECT:[ UseTime:0.000372s ] mysql:host=127.0.0.1;port=3306;dbname=aa;charset=utf8
[2021-07-28T12:30:10+08:00][sql] SHOW FULL COLUMNS FROM `lists` [ RunTime:0.001267s ]
[2021-07-28T12:30:10+08:00][sql] SELECT COUNT(*) AS think_count FROM `lists` [ RunTime:0.000291s ]
[2021-07-28T12:30:10+08:00][sql] SELECT `lists_id`,`agent`,`zname`,`phone`,`xgname`,`codes`,`nums`,`bzj`,`zts`,`mrsj` FROM `lists` ORDER BY `lists_id` DESC LIMIT 0,20 [ RunTime:0.000302s ]
[2021-07-28T12:30:13+08:00][sql] CONNECT:[ UseTime:0.000436s ] mysql:host=127.0.0.1;port=3306;dbname=aa;charset=utf8
[2021-07-28T12:30:13+08:00][sql] SHOW FULL COLUMNS FROM `user` [ RunTime:0.001205s ]
[2021-07-28T12:30:13+08:00][sql] SELECT COUNT(*) AS think_count FROM `user` [ RunTime:0.000312s ]
[2021-07-28T12:30:13+08:00][sql] SELECT `id`,`agent_id`,`agent_name`,`phone`,`nick_name`,`sgzj`,`djzj` FROM `user` ORDER BY `id` DESC LIMIT 0,20 [ RunTime:0.000348s ]
[2021-07-28T12:30:23+08:00][sql] CONNECT:[ UseTime:0.000462s ] mysql:host=127.0.0.1;port=3306;dbname=aa;charset=utf8
[2021-07-28T12:30:23+08:00][sql] SHOW FULL COLUMNS FROM `menu` [ RunTime:0.001157s ]
[2021-07-28T12:30:23+08:00][sql] SELECT * FROM `menu` WHERE  `status` = 1  AND `app_id` = 1  AND `pid` = 0 ORDER BY `sortid` ASC [ RunTime:0.000566s ]
[2021-07-28T12:30:23+08:00][sql] SELECT * FROM `menu` WHERE  `status` = 1  AND `app_id` = 1  AND `pid` = 778 ORDER BY `sortid` ASC [ RunTime:0.000459s ]
[2021-07-28T12:30:23+08:00][sql] SELECT * FROM `menu` WHERE  `status` = 1  AND `app_id` = 1  AND `pid` = 778 ORDER BY `sortid` ASC [ RunTime:0.000421s ]
[2021-07-28T12:30:23+08:00][sql] SELECT * FROM `menu` WHERE  `status` = 1  AND `app_id` = 1  AND `pid` = 779 ORDER BY `sortid` ASC [ RunTime:0.000384s ]
[2021-07-28T12:30:23+08:00][sql] SELECT * FROM `menu` WHERE  `status` = 1  AND `app_id` = 1  AND `pid` = 779 ORDER BY `sortid` ASC [ RunTime:0.000388s ]
[2021-07-28T12:30:23+08:00][sql] SELECT * FROM `menu` WHERE  `status` = 1  AND `app_id` = 1  AND `pid` = 780 ORDER BY `sortid` ASC [ RunTime:0.000369s ]
[2021-07-28T12:30:23+08:00][sql] SELECT * FROM `menu` WHERE  `status` = 1  AND `app_id` = 1  AND `pid` = 780 ORDER BY `sortid` ASC [ RunTime:0.000382s ]
[2021-07-28T12:30:23+08:00][sql] SELECT * FROM `menu` WHERE  `status` = 1  AND `app_id` = 1  AND `pid` = 12 ORDER BY `sortid` ASC [ RunTime:0.000416s ]
[2021-07-28T12:30:23+08:00][sql] SELECT * FROM `menu` WHERE  `status` = 1  AND `app_id` = 1  AND `pid` = 12 ORDER BY `sortid` ASC [ RunTime:0.000420s ]
[2021-07-28T12:30:23+08:00][sql] SELECT * FROM `menu` WHERE  `status` = 1  AND `app_id` = 1  AND `pid` = 17 ORDER BY `sortid` ASC [ RunTime:0.000369s ]
[2021-07-28T12:30:23+08:00][sql] SELECT * FROM `menu` WHERE  `status` = 1  AND `app_id` = 1  AND `pid` = 17 ORDER BY `sortid` ASC [ RunTime:0.000377s ]
[2021-07-28T12:30:23+08:00][sql] SELECT * FROM `menu` WHERE  `status` = 1  AND `app_id` = 1  AND `pid` = 80 ORDER BY `sortid` ASC [ RunTime:0.000367s ]
[2021-07-28T12:30:23+08:00][sql] SELECT * FROM `menu` WHERE  `status` = 1  AND `app_id` = 1  AND `pid` = 80 ORDER BY `sortid` ASC [ RunTime:0.000378s ]
[2021-07-28T12:30:23+08:00][sql] SELECT * FROM `menu` WHERE  `status` = 1  AND `app_id` = 1  AND `pid` = 21 ORDER BY `sortid` ASC [ RunTime:0.000368s ]
[2021-07-28T12:30:23+08:00][sql] SELECT * FROM `menu` WHERE  `status` = 1  AND `app_id` = 1  AND `pid` = 21 ORDER BY `sortid` ASC [ RunTime:0.000378s ]
[2021-07-28T12:30:23+08:00][sql] SELECT * FROM `menu` WHERE  `status` = 1  AND `app_id` = 1  AND `pid` = 18 ORDER BY `sortid` ASC [ RunTime:0.000371s ]
[2021-07-28T12:30:23+08:00][sql] SELECT * FROM `menu` WHERE  `status` = 1  AND `app_id` = 1  AND `pid` = 18 ORDER BY `sortid` ASC [ RunTime:0.000373s ]
[2021-07-28T12:30:23+08:00][sql] SELECT * FROM `menu` WHERE  `status` = 1  AND `app_id` = 1  AND `pid` = 19 ORDER BY `sortid` ASC [ RunTime:0.000372s ]
[2021-07-28T12:30:23+08:00][sql] SELECT * FROM `menu` WHERE  `status` = 1  AND `app_id` = 1  AND `pid` = 19 ORDER BY `sortid` ASC [ RunTime:0.000375s ]
[2021-07-28T12:30:23+08:00][sql] SELECT * FROM `menu` WHERE  `status` = 1  AND `app_id` = 1  AND `pid` = 41 ORDER BY `sortid` ASC [ RunTime:0.000379s ]
[2021-07-28T12:30:23+08:00][sql] SELECT * FROM `menu` WHERE  `status` = 1  AND `app_id` = 1  AND `pid` = 41 ORDER BY `sortid` ASC [ RunTime:0.000414s ]
[2021-07-28T12:30:23+08:00][sql] SELECT * FROM `menu` WHERE  `status` = 1  AND `app_id` = 1  AND `pid` = 670 ORDER BY `sortid` ASC [ RunTime:0.000368s ]
[2021-07-28T12:30:23+08:00][sql] SELECT * FROM `menu` WHERE  `status` = 1  AND `app_id` = 1  AND `pid` = 670 ORDER BY `sortid` ASC [ RunTime:0.000382s ]
[2021-07-28T12:30:23+08:00][sql] SELECT * FROM `menu` WHERE  `status` = 1  AND `app_id` = 1  AND `pid` = 673 ORDER BY `sortid` ASC [ RunTime:0.000367s ]
[2021-07-28T12:30:23+08:00][sql] SELECT * FROM `menu` WHERE  `status` = 1  AND `app_id` = 1  AND `pid` = 673 ORDER BY `sortid` ASC [ RunTime:0.000380s ]
[2021-07-28T12:30:48+08:00][sql] CONNECT:[ UseTime:0.000361s ] mysql:host=127.0.0.1;port=3306;dbname=aa;charset=utf8
[2021-07-28T12:30:48+08:00][sql] SHOW FULL COLUMNS FROM `newlist` [ RunTime:0.000895s ]
[2021-07-28T12:30:48+08:00][sql] SELECT COUNT(*) AS think_count FROM `newlist` [ RunTime:0.000302s ]
[2021-07-28T12:30:48+08:00][sql] SELECT `newlist_id`,`names`,`code`,`price`,`zt` FROM `newlist` ORDER BY `newlist_id` DESC LIMIT 0,20 [ RunTime:0.000273s ]
[2021-07-28T12:30:52+08:00][sql] CONNECT:[ UseTime:0.000471s ] mysql:host=127.0.0.1;port=3306;dbname=aa;charset=utf8
[2021-07-28T12:30:52+08:00][sql] SHOW FULL COLUMNS FROM `lists` [ RunTime:0.001734s ]
[2021-07-28T12:30:52+08:00][sql] SELECT COUNT(*) AS think_count FROM `lists` [ RunTime:0.000269s ]
[2021-07-28T12:30:52+08:00][sql] SELECT `lists_id`,`agent`,`zname`,`phone`,`xgname`,`codes`,`nums`,`bzj`,`zts`,`mrsj` FROM `lists` ORDER BY `lists_id` DESC LIMIT 0,20 [ RunTime:0.000295s ]
[2021-07-28T12:41:31+08:00][sql] CONNECT:[ UseTime:0.000397s ] mysql:host=127.0.0.1;port=3306;dbname=aa;charset=utf8
[2021-07-28T12:41:31+08:00][sql] SHOW FULL COLUMNS FROM `config` [ RunTime:0.001052s ]
[2021-07-28T12:41:31+08:00][sql] SELECT `name`,`data` FROM `config` [ RunTime:0.000318s ]
[2021-07-28T12:41:31+08:00][sql] CONNECT:[ UseTime:0.000351s ] mysql:host=127.0.0.1;port=3306;dbname=aa;charset=utf8
[2021-07-28T12:41:31+08:00][sql] SHOW FULL COLUMNS FROM `user` [ RunTime:0.001043s ]
[2021-07-28T12:41:31+08:00][sql] SELECT COUNT(*) AS think_count FROM `user` [ RunTime:0.000263s ]
[2021-07-28T12:41:31+08:00][sql] SELECT `id`,`agent_id`,`agent_name`,`phone`,`nick_name`,`sgzj`,`djzj` FROM `user` ORDER BY `id` DESC LIMIT 0,20 [ RunTime:0.000304s ]
[2021-07-28T12:41:48+08:00][sql] CONNECT:[ UseTime:0.000452s ] mysql:host=127.0.0.1;port=3306;dbname=aa;charset=utf8
[2021-07-28T12:41:48+08:00][sql] SHOW FULL COLUMNS FROM `application` [ RunTime:0.004496s ]
[2021-07-28T12:41:48+08:00][sql] SELECT * FROM `application` ORDER BY `app_id` DESC [ RunTime:0.000401s ]
[2021-07-28T12:41:48+08:00][sql] SELECT COUNT(*) AS think_count FROM `application` [ RunTime:0.000276s ]
[2021-07-28T12:41:49+08:00][sql] CONNECT:[ UseTime:0.000337s ] mysql:host=127.0.0.1;port=3306;dbname=aa;charset=utf8
[2021-07-28T12:41:49+08:00][sql] show tables [ RunTime:0.000490s ]
[2021-07-28T12:41:49+08:00][sql] SHOW FULL COLUMNS FROM `application` [ RunTime:0.001080s ]
[2021-07-28T12:41:49+08:00][sql] SELECT * FROM `application` WHERE  `app_id` = 1 LIMIT 1 [ RunTime:0.000299s ]
[2021-07-28T12:41:49+08:00][sql] SELECT * FROM `application` WHERE  ( 1=1 ) [ RunTime:0.000802s ]
[2021-07-28T12:41:49+08:00][sql] SELECT * FROM `application` WHERE  ( 1=1 ) [ RunTime:0.000376s ]
[2021-07-28T12:41:49+08:00][sql] CONNECT:[ UseTime:0.000386s ] mysql:host=127.0.0.1;port=3306;dbname=aa;charset=utf8
[2021-07-28T12:41:49+08:00][sql] SHOW FULL COLUMNS FROM `menu` [ RunTime:0.001068s ]
[2021-07-28T12:41:49+08:00][sql] SELECT * FROM `menu` WHERE  `app_id` = 1 ORDER BY `sortid` ASC [ RunTime:0.000504s ]
[2021-07-28T12:41:49+08:00][sql] SELECT COUNT(*) AS think_count FROM `menu` WHERE  `app_id` = 1 ORDER BY `sortid` ASC [ RunTime:0.000319s ]
[2021-07-28T12:41:55+08:00][sql] CONNECT:[ UseTime:0.000347s ] mysql:host=127.0.0.1;port=3306;dbname=aa;charset=utf8
[2021-07-28T12:41:55+08:00][sql] select role_id,name,pid from role [ RunTime:0.000281s ]
[2021-07-28T12:41:55+08:00][sql] CONNECT:[ UseTime:0.000320s ] mysql:host=127.0.0.1;port=3306;dbname=aa;charset=utf8
[2021-07-28T12:41:55+08:00][sql] select a.*,group_concat(b.name) as role_name from admin_user as a left join role as b on find_in_set(b.role_id,a.role_id)  group by a.user_id order by user_id desc limit 0,20 [ RunTime:0.000389s ]
[2021-07-28T12:41:55+08:00][sql] select count(*) as count from (select a.*,group_concat(b.name) as role_name from admin_user as a left join role as b on find_in_set(b.role_id,a.role_id)  group by a.user_id) as tp [ RunTime:0.000584s ]
[2021-07-28T12:41:58+08:00][sql] CONNECT:[ UseTime:0.000363s ] mysql:host=127.0.0.1;port=3306;dbname=aa;charset=utf8
[2021-07-28T12:41:58+08:00][sql] SHOW FULL COLUMNS FROM `admin_user` [ RunTime:0.001053s ]
[2021-07-28T12:41:58+08:00][sql] SELECT * FROM `admin_user` WHERE  `user_id` = 1 LIMIT 1 [ RunTime:0.000306s ]
[2021-07-28T12:41:58+08:00][sql] select role_id,name,pid from role [ RunTime:0.000286s ]
[2021-07-28T12:42:13+08:00][sql] CONNECT:[ UseTime:0.003415s ] mysql:host=127.0.0.1;port=3306;dbname=aa;charset=utf8
[2021-07-28T12:42:13+08:00][sql] SHOW FULL COLUMNS FROM `role` [ RunTime:0.001085s ]
[2021-07-28T12:42:13+08:00][sql] SELECT COUNT(*) AS think_count FROM `role` [ RunTime:0.000246s ]
[2021-07-28T12:42:13+08:00][sql] SELECT * FROM `role` ORDER BY `role_id` DESC LIMIT 0,20 [ RunTime:0.000258s ]
[2021-07-28T12:42:16+08:00][sql] CONNECT:[ UseTime:0.000375s ] mysql:host=127.0.0.1;port=3306;dbname=aa;charset=utf8
[2021-07-28T12:42:16+08:00][sql] SHOW FULL COLUMNS FROM `role` [ RunTime:0.000893s ]
[2021-07-28T12:42:16+08:00][sql] SELECT * FROM `role` WHERE  `role_id` = 17 LIMIT 1 [ RunTime:0.000307s ]
[2021-07-28T12:42:16+08:00][sql] select role_id,name,pid from role [ RunTime:0.000265s ]
[2021-07-28T12:42:18+08:00][sql] CONNECT:[ UseTime:0.000404s ] mysql:host=127.0.0.1;port=3306;dbname=aa;charset=utf8
[2021-07-28T12:42:18+08:00][sql] SHOW FULL COLUMNS FROM `role` [ RunTime:0.000881s ]
[2021-07-28T12:42:18+08:00][sql] SELECT * FROM `role` WHERE  `role_id` = 1 LIMIT 1 [ RunTime:0.000350s ]
[2021-07-28T12:42:18+08:00][sql] select role_id,name,pid from role [ RunTime:0.000276s ]
[2021-07-28T12:42:20+08:00][sql] CONNECT:[ UseTime:0.000320s ] mysql:host=127.0.0.1;port=3306;dbname=aa;charset=utf8
[2021-07-28T12:42:20+08:00][sql] SHOW FULL COLUMNS FROM `config` [ RunTime:0.000830s ]
[2021-07-28T12:42:20+08:00][sql] SELECT `name`,`data` FROM `config` [ RunTime:0.000271s ]
[2021-07-28T12:42:23+08:00][sql] CONNECT:[ UseTime:0.000293s ] mysql:host=127.0.0.1;port=3306;dbname=aa;charset=utf8
[2021-07-28T12:42:23+08:00][sql] select app_dir,app_dir from application [ RunTime:0.000247s ]
[2021-07-28T12:42:24+08:00][sql] CONNECT:[ UseTime:0.000747s ] mysql:host=127.0.0.1;port=3306;dbname=aa;charset=utf8
[2021-07-28T12:42:24+08:00][sql] SHOW FULL COLUMNS FROM `log` [ RunTime:0.001038s ]
[2021-07-28T12:42:24+08:00][sql] SELECT COUNT(*) AS think_count FROM `log` [ RunTime:0.000363s ]
[2021-07-28T12:42:24+08:00][sql] SELECT `id`,`application_name`,`username`,`url`,`ip`,`type`,`create_time` FROM `log` ORDER BY `id` DESC LIMIT 0,20 [ RunTime:0.000280s ]
[2021-07-28T12:42:29+08:00][sql] CONNECT:[ UseTime:0.000444s ] mysql:host=127.0.0.1;port=3306;dbname=aa;charset=utf8
[2021-07-28T12:42:29+08:00][sql] SHOW FULL COLUMNS FROM `upload_config` [ RunTime:0.000899s ]
[2021-07-28T12:42:29+08:00][sql] SELECT COUNT(*) AS think_count FROM `upload_config` [ RunTime:0.000295s ]
[2021-07-28T12:42:29+08:00][sql] SELECT `id`,`title`,`thumb_status`,`upload_replace`,`thumb_width`,`thumb_height`,`thumb_type` FROM `upload_config` ORDER BY `id` DESC LIMIT 0,20 [ RunTime:0.000268s ]
[2021-07-28T12:42:32+08:00][sql] CONNECT:[ UseTime:0.000346s ] mysql:host=127.0.0.1;port=3306;dbname=aa;charset=utf8
[2021-07-28T12:42:32+08:00][sql] SHOW FULL COLUMNS FROM `config` [ RunTime:0.000877s ]
[2021-07-28T12:42:32+08:00][sql] SELECT `name`,`data` FROM `config` [ RunTime:0.000271s ]
[2021-07-28T12:42:32+08:00][sql] SHOW FULL COLUMNS FROM `upload_config` [ RunTime:0.000764s ]
[2021-07-28T12:42:32+08:00][sql] SELECT * FROM `upload_config` WHERE  `id` = 1 LIMIT 1 [ RunTime:0.000300s ]
[2021-07-28T12:42:45+08:00][sql] CONNECT:[ UseTime:0.004743s ] mysql:host=127.0.0.1;port=3306;dbname=aa;charset=utf8
[2021-07-28T12:42:45+08:00][sql] SHOW FULL COLUMNS FROM `upload_config` [ RunTime:0.001339s ]
[2021-07-28T12:42:45+08:00][sql] SELECT * FROM `upload_config` WHERE  `id` = 1 LIMIT 1 [ RunTime:0.007457s ]
[2021-07-28T12:43:23+08:00][sql] CONNECT:[ UseTime:0.000309s ] mysql:host=127.0.0.1;port=3306;dbname=aa;charset=utf8
[2021-07-28T12:43:23+08:00][sql] SHOW FULL COLUMNS FROM `log` [ RunTime:0.001168s ]
[2021-07-28T12:43:23+08:00][sql] INSERT INTO `log` SET `application_name` = 'admin' , `username` = 'admin' , `url` = 'http://xght.dxcfd.com/admin/Base/config' , `ip` = '43.129.26.70' , `useragent` = 'Mozilla/5.0 (Windows NT 10.0; Win64; x64) AppleWebKit/537.36 (KHTML, like Gecko) Chrome/92.0.4515.107 Safari/537.36' , `content` = '{\"water_status\":\"0\",\"site_title\":\"\\u65b0\\u80a1\\u7ba1\\u7406\",\"site_logo\":\"\\/uploads\\/admin\\/202107\\/60ff79ec70000.png\",\"keyword\":\"\",\"description\":\"\",\"file_size\":\"100\",\"file_type\":\"gif,png,jpg,jpeg,doc,docx,xls,xlsx,csv,pdf,rar,zip,txt,mp4,flv.php\",\"copyright\":\"\",\"water_position\":\"9\",\"water_logo\":\"\",\"domain\":\"\"}' , `create_time` = 1627447403 , `type` = 2 [ RunTime:0.004003s ]
[2021-07-28T12:43:23+08:00][sql] SHOW FULL COLUMNS FROM `config` [ RunTime:0.000983s ]
[2021-07-28T12:43:23+08:00][sql] SELECT `name`,`data` FROM `config` [ RunTime:0.000262s ]
[2021-07-28T12:43:23+08:00][sql] UPDATE `config`  SET `data` = '0'  WHERE  `name` = 'water_status' [ RunTime:0.003373s ]
[2021-07-28T12:43:23+08:00][sql] UPDATE `config`  SET `data` = '新股管理'  WHERE  `name` = 'site_title' [ RunTime:0.003214s ]
[2021-07-28T12:43:23+08:00][sql] UPDATE `config`  SET `data` = '/uploads/admin/202107/60ff79ec70000.png'  WHERE  `name` = 'site_logo' [ RunTime:0.003904s ]
[2021-07-28T12:43:23+08:00][sql] UPDATE `config`  SET `data` = ''  WHERE  `name` = 'keyword' [ RunTime:0.005811s ]
[2021-07-28T12:43:23+08:00][sql] UPDATE `config`  SET `data` = ''  WHERE  `name` = 'description' [ RunTime:0.003263s ]
[2021-07-28T12:43:23+08:00][sql] UPDATE `config`  SET `data` = '100'  WHERE  `name` = 'file_size' [ RunTime:0.007048s ]
[2021-07-28T12:43:23+08:00][sql] UPDATE `config`  SET `data` = 'gif,png,jpg,jpeg,doc,docx,xls,xlsx,csv,pdf,rar,zip,txt,mp4,flv.php'  WHERE  `name` = 'file_type' [ RunTime:0.003380s ]
[2021-07-28T12:43:23+08:00][sql] UPDATE `config`  SET `data` = ''  WHERE  `name` = 'copyright' [ RunTime:0.003628s ]
[2021-07-28T12:43:23+08:00][sql] UPDATE `config`  SET `data` = '9'  WHERE  `name` = 'water_position' [ RunTime:0.004027s ]
[2021-07-28T12:43:23+08:00][sql] UPDATE `config`  SET `data` = ''  WHERE  `name` = 'water_logo' [ RunTime:0.003208s ]
[2021-07-28T12:43:23+08:00][sql] UPDATE `config`  SET `data` = ''  WHERE  `name` = 'domain' [ RunTime:0.004063s ]
[2021-07-28T12:44:29+08:00][sql] CONNECT:[ UseTime:0.000398s ] mysql:host=127.0.0.1;port=3306;dbname=aa;charset=utf8
[2021-07-28T12:44:29+08:00][sql] SHOW FULL COLUMNS FROM `config` [ RunTime:0.001725s ]
[2021-07-28T12:44:29+08:00][sql] SELECT `name`,`data` FROM `config` [ RunTime:0.000369s ]
[2021-07-28T12:49:59+08:00][sql] CONNECT:[ UseTime:0.000346s ] mysql:host=127.0.0.1;port=3306;dbname=aa;charset=utf8
[2021-07-28T12:49:59+08:00][sql] SHOW FULL COLUMNS FROM `config` [ RunTime:0.001080s ]
[2021-07-28T12:49:59+08:00][sql] SELECT `name`,`data` FROM `config` [ RunTime:0.000310s ]
[2021-07-28T12:49:59+08:00][sql] SHOW FULL COLUMNS FROM `menu` [ RunTime:0.000925s ]
[2021-07-28T12:49:59+08:00][sql] SELECT * FROM `menu` WHERE  `status` = 1  AND `app_id` = 1  AND `pid` = 0 ORDER BY `sortid` ASC [ RunTime:0.000449s ]
[2021-07-28T12:49:59+08:00][sql] SELECT * FROM `menu` WHERE  `status` = 1  AND `app_id` = 1  AND `pid` = 778 ORDER BY `sortid` ASC [ RunTime:0.000450s ]
[2021-07-28T12:49:59+08:00][sql] SELECT * FROM `menu` WHERE  `status` = 1  AND `app_id` = 1  AND `pid` = 778 ORDER BY `sortid` ASC [ RunTime:0.000365s ]
[2021-07-28T12:49:59+08:00][sql] SELECT * FROM `menu` WHERE  `status` = 1  AND `app_id` = 1  AND `pid` = 779 ORDER BY `sortid` ASC [ RunTime:0.000394s ]
[2021-07-28T12:49:59+08:00][sql] SELECT * FROM `menu` WHERE  `status` = 1  AND `app_id` = 1  AND `pid` = 779 ORDER BY `sortid` ASC [ RunTime:0.000367s ]
[2021-07-28T12:49:59+08:00][sql] SELECT * FROM `menu` WHERE  `status` = 1  AND `app_id` = 1  AND `pid` = 780 ORDER BY `sortid` ASC [ RunTime:0.000381s ]
[2021-07-28T12:49:59+08:00][sql] SELECT * FROM `menu` WHERE  `status` = 1  AND `app_id` = 1  AND `pid` = 780 ORDER BY `sortid` ASC [ RunTime:0.000365s ]
[2021-07-28T12:49:59+08:00][sql] SELECT * FROM `menu` WHERE  `status` = 1  AND `app_id` = 1  AND `pid` = 12 ORDER BY `sortid` ASC [ RunTime:0.000424s ]
[2021-07-28T12:49:59+08:00][sql] SELECT * FROM `menu` WHERE  `status` = 1  AND `app_id` = 1  AND `pid` = 12 ORDER BY `sortid` ASC [ RunTime:0.000409s ]
[2021-07-28T12:49:59+08:00][sql] SELECT * FROM `menu` WHERE  `status` = 1  AND `app_id` = 1  AND `pid` = 17 ORDER BY `sortid` ASC [ RunTime:0.000377s ]
[2021-07-28T12:49:59+08:00][sql] SELECT * FROM `menu` WHERE  `status` = 1  AND `app_id` = 1  AND `pid` = 17 ORDER BY `sortid` ASC [ RunTime:0.000363s ]
[2021-07-28T12:49:59+08:00][sql] SELECT * FROM `menu` WHERE  `status` = 1  AND `app_id` = 1  AND `pid` = 80 ORDER BY `sortid` ASC [ RunTime:0.000394s ]
[2021-07-28T12:49:59+08:00][sql] SELECT * FROM `menu` WHERE  `status` = 1  AND `app_id` = 1  AND `pid` = 80 ORDER BY `sortid` ASC [ RunTime:0.000361s ]
[2021-07-28T12:49:59+08:00][sql] SELECT * FROM `menu` WHERE  `status` = 1  AND `app_id` = 1  AND `pid` = 21 ORDER BY `sortid` ASC [ RunTime:0.000378s ]
[2021-07-28T12:49:59+08:00][sql] SELECT * FROM `menu` WHERE  `status` = 1  AND `app_id` = 1  AND `pid` = 21 ORDER BY `sortid` ASC [ RunTime:0.000359s ]
[2021-07-28T12:49:59+08:00][sql] SELECT * FROM `menu` WHERE  `status` = 1  AND `app_id` = 1  AND `pid` = 18 ORDER BY `sortid` ASC [ RunTime:0.000373s ]
[2021-07-28T12:49:59+08:00][sql] SELECT * FROM `menu` WHERE  `status` = 1  AND `app_id` = 1  AND `pid` = 18 ORDER BY `sortid` ASC [ RunTime:0.000363s ]
[2021-07-28T12:49:59+08:00][sql] SELECT * FROM `menu` WHERE  `status` = 1  AND `app_id` = 1  AND `pid` = 19 ORDER BY `sortid` ASC [ RunTime:0.000387s ]
[2021-07-28T12:49:59+08:00][sql] SELECT * FROM `menu` WHERE  `status` = 1  AND `app_id` = 1  AND `pid` = 19 ORDER BY `sortid` ASC [ RunTime:0.000360s ]
[2021-07-28T12:49:59+08:00][sql] SELECT * FROM `menu` WHERE  `status` = 1  AND `app_id` = 1  AND `pid` = 41 ORDER BY `sortid` ASC [ RunTime:0.000378s ]
[2021-07-28T12:49:59+08:00][sql] SELECT * FROM `menu` WHERE  `status` = 1  AND `app_id` = 1  AND `pid` = 41 ORDER BY `sortid` ASC [ RunTime:0.000361s ]
[2021-07-28T12:49:59+08:00][sql] SELECT * FROM `menu` WHERE  `status` = 1  AND `app_id` = 1  AND `pid` = 670 ORDER BY `sortid` ASC [ RunTime:0.000381s ]
[2021-07-28T12:49:59+08:00][sql] SELECT * FROM `menu` WHERE  `status` = 1  AND `app_id` = 1  AND `pid` = 670 ORDER BY `sortid` ASC [ RunTime:0.000359s ]
[2021-07-28T12:49:59+08:00][sql] SELECT * FROM `menu` WHERE  `status` = 1  AND `app_id` = 1  AND `pid` = 673 ORDER BY `sortid` ASC [ RunTime:0.000377s ]
[2021-07-28T12:49:59+08:00][sql] SELECT * FROM `menu` WHERE  `status` = 1  AND `app_id` = 1  AND `pid` = 673 ORDER BY `sortid` ASC [ RunTime:0.000382s ]
[2021-07-28T12:50:05+08:00][sql] CONNECT:[ UseTime:0.002937s ] mysql:host=127.0.0.1;port=3306;dbname=aa;charset=utf8
[2021-07-28T12:50:05+08:00][sql] SHOW FULL COLUMNS FROM `role` [ RunTime:0.001211s ]
[2021-07-28T12:50:05+08:00][sql] SELECT COUNT(*) AS think_count FROM `role` [ RunTime:0.000346s ]
[2021-07-28T12:50:05+08:00][sql] SELECT * FROM `role` ORDER BY `role_id` DESC LIMIT 0,20 [ RunTime:0.000406s ]
[2021-07-28T12:50:11+08:00][sql] CONNECT:[ UseTime:0.000346s ] mysql:host=127.0.0.1;port=3306;dbname=aa;charset=utf8
[2021-07-28T12:50:11+08:00][sql] SHOW FULL COLUMNS FROM `user` [ RunTime:0.001124s ]
[2021-07-28T12:50:11+08:00][sql] SELECT COUNT(*) AS think_count FROM `user` [ RunTime:0.000276s ]
[2021-07-28T12:50:11+08:00][sql] SELECT `id`,`agent_id`,`agent_name`,`phone`,`nick_name`,`sgzj`,`djzj` FROM `user` ORDER BY `id` DESC LIMIT 0,20 [ RunTime:0.000402s ]
[2021-07-28T12:50:19+08:00][sql] CONNECT:[ UseTime:0.000430s ] mysql:host=127.0.0.1;port=3306;dbname=aa;charset=utf8
[2021-07-28T12:50:19+08:00][sql] SHOW FULL COLUMNS FROM `user` [ RunTime:0.001563s ]
[2021-07-28T12:50:19+08:00][sql] SELECT COUNT(*) AS think_count FROM `user` [ RunTime:0.000923s ]
[2021-07-28T12:50:19+08:00][sql] SELECT `id`,`agent_id`,`agent_name`,`phone`,`nick_name`,`sgzj`,`djzj` FROM `user` ORDER BY `id` DESC LIMIT 20,20 [ RunTime:0.000301s ]
[2021-07-28T12:50:23+08:00][sql] CONNECT:[ UseTime:0.002064s ] mysql:host=127.0.0.1;port=3306;dbname=aa;charset=utf8
[2021-07-28T12:50:23+08:00][sql] SHOW FULL COLUMNS FROM `user` [ RunTime:0.004982s ]
[2021-07-28T12:50:23+08:00][sql] SELECT COUNT(*) AS think_count FROM `user` [ RunTime:0.000298s ]
[2021-07-28T12:50:23+08:00][sql] SELECT `id`,`agent_id`,`agent_name`,`phone`,`nick_name`,`sgzj`,`djzj` FROM `user` ORDER BY `id` DESC LIMIT 0,20 [ RunTime:0.000407s ]
[2021-07-28T12:50:35+08:00][sql] CONNECT:[ UseTime:0.000341s ] mysql:host=127.0.0.1;port=3306;dbname=aa;charset=utf8
[2021-07-28T12:50:35+08:00][sql] SHOW FULL COLUMNS FROM `role` [ RunTime:0.000983s ]
[2021-07-28T12:50:35+08:00][sql] SELECT * FROM `role` WHERE  `role_id` = 1 LIMIT 1 [ RunTime:0.000308s ]
[2021-07-28T12:50:35+08:00][sql] SELECT * FROM `role` WHERE  `role_id` = 0 LIMIT 1 [ RunTime:0.000243s ]
[2021-07-28T12:50:35+08:00][sql] SHOW FULL COLUMNS FROM `access` [ RunTime:0.000765s ]
[2021-07-28T12:50:35+08:00][sql] SELECT `id`,`purviewval` FROM `access` WHERE  `role_id` IS NULL [ RunTime:0.000306s ]
[2021-07-28T12:50:35+08:00][sql] SELECT `id`,`purviewval` FROM `access` WHERE  `role_id` = 1 [ RunTime:0.000347s ]
[2021-07-28T12:50:35+08:00][sql] SHOW FULL COLUMNS FROM `menu` [ RunTime:0.000784s ]
[2021-07-28T12:50:35+08:00][sql] SELECT * FROM `menu` WHERE  `app_id` = 1  AND `pid` = 0 ORDER BY `sortid` ASC [ RunTime:0.000411s ]
[2021-07-28T12:50:35+08:00][sql] SELECT * FROM `menu` WHERE  `app_id` = 1  AND `pid` = 778 ORDER BY `sortid` ASC [ RunTime:0.000470s ]
[2021-07-28T12:50:35+08:00][sql] SHOW FULL COLUMNS FROM `action` [ RunTime:0.005389s ]
[2021-07-28T12:50:35+08:00][sql] SELECT * FROM `action` WHERE  `menu_id` = 778 ORDER BY `sortid` ASC [ RunTime:0.001165s ]
[2021-07-28T12:50:35+08:00][sql] SELECT * FROM `menu` WHERE  `app_id` = 1  AND `pid` = 779 ORDER BY `sortid` ASC [ RunTime:0.000384s ]
[2021-07-28T12:50:35+08:00][sql] SELECT * FROM `action` WHERE  `menu_id` = 779 ORDER BY `sortid` ASC [ RunTime:0.000475s ]
[2021-07-28T12:50:35+08:00][sql] SELECT * FROM `menu` WHERE  `app_id` = 1  AND `pid` = 780 ORDER BY `sortid` ASC [ RunTime:0.000444s ]
[2021-07-28T12:50:35+08:00][sql] SELECT * FROM `action` WHERE  `menu_id` = 780 ORDER BY `sortid` ASC [ RunTime:0.000420s ]
[2021-07-28T12:50:35+08:00][sql] SELECT * FROM `menu` WHERE  `app_id` = 1  AND `pid` = 12 ORDER BY `sortid` ASC [ RunTime:0.000403s ]
[2021-07-28T12:50:35+08:00][sql] SELECT * FROM `menu` WHERE  `app_id` = 1  AND `pid` = 12 ORDER BY `sortid` ASC [ RunTime:0.000378s ]
[2021-07-28T12:50:35+08:00][sql] SELECT * FROM `menu` WHERE  `app_id` = 1  AND `pid` = 17 ORDER BY `sortid` ASC [ RunTime:0.000356s ]
[2021-07-28T12:50:35+08:00][sql] SELECT * FROM `action` WHERE  `menu_id` = 17 ORDER BY `sortid` ASC [ RunTime:0.000335s ]
[2021-07-28T12:50:35+08:00][sql] SELECT * FROM `menu` WHERE  `app_id` = 1  AND `pid` = 80 ORDER BY `sortid` ASC [ RunTime:0.000360s ]
[2021-07-28T12:50:35+08:00][sql] SELECT * FROM `action` WHERE  `menu_id` = 80 ORDER BY `sortid` ASC [ RunTime:0.000332s ]
[2021-07-28T12:50:35+08:00][sql] SELECT * FROM `menu` WHERE  `app_id` = 1  AND `pid` = 21 ORDER BY `sortid` ASC [ RunTime:0.000358s ]
[2021-07-28T12:50:35+08:00][sql] SELECT * FROM `action` WHERE  `menu_id` = 21 ORDER BY `sortid` ASC [ RunTime:0.000329s ]
[2021-07-28T12:50:35+08:00][sql] SELECT * FROM `menu` WHERE  `app_id` = 1  AND `pid` = 18 ORDER BY `sortid` ASC [ RunTime:0.000366s ]
[2021-07-28T12:50:35+08:00][sql] SELECT * FROM `action` WHERE  `menu_id` = 18 ORDER BY `sortid` ASC [ RunTime:0.000384s ]
[2021-07-28T12:50:35+08:00][sql] SELECT * FROM `menu` WHERE  `app_id` = 1  AND `pid` = 19 ORDER BY `sortid` ASC [ RunTime:0.000537s ]
[2021-07-28T12:50:35+08:00][sql] SELECT * FROM `action` WHERE  `menu_id` = 19 ORDER BY `sortid` ASC [ RunTime:0.000727s ]
[2021-07-28T12:50:35+08:00][sql] SELECT * FROM `menu` WHERE  `app_id` = 1  AND `pid` = 41 ORDER BY `sortid` ASC [ RunTime:0.000355s ]
[2021-07-28T12:50:35+08:00][sql] SELECT * FROM `action` WHERE  `menu_id` = 41 ORDER BY `sortid` ASC [ RunTime:0.000345s ]
[2021-07-28T12:50:35+08:00][sql] SELECT * FROM `menu` WHERE  `app_id` = 1  AND `pid` = 605 ORDER BY `sortid` ASC [ RunTime:0.000354s ]
[2021-07-28T12:50:35+08:00][sql] SELECT * FROM `action` WHERE  `menu_id` = 605 ORDER BY `sortid` ASC [ RunTime:0.000344s ]
[2021-07-28T12:50:35+08:00][sql] SELECT * FROM `menu` WHERE  `app_id` = 1  AND `pid` = 670 ORDER BY `sortid` ASC [ RunTime:0.000343s ]
[2021-07-28T12:50:35+08:00][sql] SELECT * FROM `action` WHERE  `menu_id` = 670 ORDER BY `sortid` ASC [ RunTime:0.000377s ]
[2021-07-28T12:50:35+08:00][sql] SELECT * FROM `menu` WHERE  `app_id` = 1  AND `pid` = 673 ORDER BY `sortid` ASC [ RunTime:0.000353s ]
[2021-07-28T12:50:35+08:00][sql] SELECT * FROM `action` WHERE  `menu_id` = 673 ORDER BY `sortid` ASC [ RunTime:0.000458s ]
[2021-07-28T12:50:42+08:00][sql] CONNECT:[ UseTime:0.000372s ] mysql:host=127.0.0.1;port=3306;dbname=aa;charset=utf8
[2021-07-28T12:50:42+08:00][sql] SHOW FULL COLUMNS FROM `log` [ RunTime:0.001036s ]
[2021-07-28T12:50:42+08:00][sql] INSERT INTO `log` SET `application_name` = 'admin' , `username` = 'admin' , `url` = 'http://xght.dxcfd.com/admin/Base/auth' , `ip` = '43.129.26.70' , `useragent` = 'Mozilla/5.0 (Windows NT 10.0; Win64; x64) AppleWebKit/537.36 (KHTML, like Gecko) Chrome/92.0.4515.107 Safari/537.36' , `content` = '{\"idx\":[\"admin\\/Newlist\",\"admin\\/Newlist\\/index\",\"admin\\/Newlist\\/updateExt\",\"admin\\/Newlist\\/add\",\"admin\\/Newlist\\/update\",\"admin\\/Newlist\\/delete\",\"admin\\/Newlist\\/view\",\"admin\\/Lists\",\"admin\\/Lists\\/index\",\"admin\\/Lists\\/updateExt\",\"admin\\/Lists\\/add\",\"admin\\/Lists\\/update\",\"admin\\/Lists\\/delete\",\"admin\\/Lists\\/view\",\"admin\\/Lists\\/shtg\",\"admin\\/Lists\\/shwtg\",\"admin\\/User\",\"admin\\/User\\/index\",\"admin\\/User\\/updateExt\",\"admin\\/User\\/view\",\"admin\\/User\\/addmoney\",\"admin\\/User\\/jianmoney\",\"admin\\/User\\/sfbzj\",\"admin\\/System\",\"admin\\/Index\\/main\",\"admin\\/Sys.Application\\/index\",\"admin\\/Sys.Menu\\/index\",\"admin\\/AdminUser\",\"admin\\/AdminUser\\/index\",\"admin\\/AdminUser\\/add\",\"admin\\/AdminUser\\/update\",\"admin\\/AdminUser\\/updatePassword\",\"admin\\/AdminUser\\/delete\",\"admin\\/AdminUser\\/updateExt\",\"admin\\/Role\",\"admin\\/Role\\/index\",\"admin\\/Role\\/add\",\"admin\\/Role\\/update\",\"admin\\/User\\/index\",\"admin\\/Role\\/updateExt\",\"admin\\/Base\\/auth\",\"admin\\/Role\\/delete\",\"admin\\/Base\\/config\",\"admin\\/Base\\/password\",\"admin\\/Log\",\"admin\\/Log\\/index\",\"admin\\/Log\\/delete\",\"admin\\/Log\\/view\",\"admin\\/Log\\/dumpData\",\"admin\\/UploadConfig\",\"admin\\/UploadConfig\\/index\",\"admin\\/UploadConfig\\/updateExt\",\"admin\\/UploadConfig\\/add\",\"admin\\/UploadConfig\\/update\",\"admin\\/UploadConfig\\/delete\"],\"role_id\":\"1\"}' , `create_time` = 1627447842 , `type` = 2 [ RunTime:0.007858s ]
[2021-07-28T12:50:42+08:00][sql] SHOW FULL COLUMNS FROM `access` [ RunTime:0.000869s ]
[2021-07-28T12:50:42+08:00][sql] DELETE FROM `access` WHERE  `role_id` = 1 [ RunTime:0.000386s ]
[2021-07-28T12:50:42+08:00][sql] INSERT INTO `access` SET `purviewval` = 'admin/Newlist' , `role_id` = 1 [ RunTime:0.000967s ]
[2021-07-28T12:50:42+08:00][sql] INSERT INTO `access` SET `purviewval` = 'admin/Newlist/index' , `role_id` = 1 [ RunTime:0.000302s ]
[2021-07-28T12:50:42+08:00][sql] INSERT INTO `access` SET `purviewval` = 'admin/Newlist/updateExt' , `role_id` = 1 [ RunTime:0.000262s ]
[2021-07-28T12:50:42+08:00][sql] INSERT INTO `access` SET `purviewval` = 'admin/Newlist/add' , `role_id` = 1 [ RunTime:0.000309s ]
[2021-07-28T12:50:42+08:00][sql] INSERT INTO `access` SET `purviewval` = 'admin/Newlist/update' , `role_id` = 1 [ RunTime:0.000246s ]
[2021-07-28T12:50:42+08:00][sql] INSERT INTO `access` SET `purviewval` = 'admin/Newlist/delete' , `role_id` = 1 [ RunTime:0.000260s ]
[2021-07-28T12:50:42+08:00][sql] INSERT INTO `access` SET `purviewval` = 'admin/Newlist/view' , `role_id` = 1 [ RunTime:0.000248s ]
[2021-07-28T12:50:42+08:00][sql] INSERT INTO `access` SET `purviewval` = 'admin/Lists' , `role_id` = 1 [ RunTime:0.000260s ]
[2021-07-28T12:50:42+08:00][sql] INSERT INTO `access` SET `purviewval` = 'admin/Lists/index' , `role_id` = 1 [ RunTime:0.000257s ]
[2021-07-28T12:50:42+08:00][sql] INSERT INTO `access` SET `purviewval` = 'admin/Lists/updateExt' , `role_id` = 1 [ RunTime:0.000232s ]
[2021-07-28T12:50:42+08:00][sql] INSERT INTO `access` SET `purviewval` = 'admin/Lists/add' , `role_id` = 1 [ RunTime:0.000232s ]
[2021-07-28T12:50:42+08:00][sql] INSERT INTO `access` SET `purviewval` = 'admin/Lists/update' , `role_id` = 1 [ RunTime:0.000265s ]
[2021-07-28T12:50:42+08:00][sql] INSERT INTO `access` SET `purviewval` = 'admin/Lists/delete' , `role_id` = 1 [ RunTime:0.000233s ]
[2021-07-28T12:50:42+08:00][sql] INSERT INTO `access` SET `purviewval` = 'admin/Lists/view' , `role_id` = 1 [ RunTime:0.000234s ]
[2021-07-28T12:50:42+08:00][sql] INSERT INTO `access` SET `purviewval` = 'admin/Lists/shtg' , `role_id` = 1 [ RunTime:0.000248s ]
[2021-07-28T12:50:42+08:00][sql] INSERT INTO `access` SET `purviewval` = 'admin/Lists/shwtg' , `role_id` = 1 [ RunTime:0.000232s ]
[2021-07-28T12:50:42+08:00][sql] INSERT INTO `access` SET `purviewval` = 'admin/User' , `role_id` = 1 [ RunTime:0.000235s ]
[2021-07-28T12:50:42+08:00][sql] INSERT INTO `access` SET `purviewval` = 'admin/User/index' , `role_id` = 1 [ RunTime:0.000259s ]
[2021-07-28T12:50:42+08:00][sql] INSERT INTO `access` SET `purviewval` = 'admin/User/updateExt' , `role_id` = 1 [ RunTime:0.000230s ]
[2021-07-28T12:50:42+08:00][sql] INSERT INTO `access` SET `purviewval` = 'admin/User/view' , `role_id` = 1 [ RunTime:0.000239s ]
[2021-07-28T12:50:42+08:00][sql] INSERT INTO `access` SET `purviewval` = 'admin/User/addmoney' , `role_id` = 1 [ RunTime:0.000228s ]
[2021-07-28T12:50:42+08:00][sql] INSERT INTO `access` SET `purviewval` = 'admin/User/jianmoney' , `role_id` = 1 [ RunTime:0.000828s ]
[2021-07-28T12:50:42+08:00][sql] INSERT INTO `access` SET `purviewval` = 'admin/User/sfbzj' , `role_id` = 1 [ RunTime:0.000260s ]
[2021-07-28T12:50:42+08:00][sql] INSERT INTO `access` SET `purviewval` = 'admin/System' , `role_id` = 1 [ RunTime:0.000246s ]
[2021-07-28T12:50:42+08:00][sql] INSERT INTO `access` SET `purviewval` = 'admin/Index/main' , `role_id` = 1 [ RunTime:0.000251s ]
[2021-07-28T12:50:42+08:00][sql] INSERT INTO `access` SET `purviewval` = 'admin/Sys.Application/index' , `role_id` = 1 [ RunTime:0.000240s ]
[2021-07-28T12:50:42+08:00][sql] INSERT INTO `access` SET `purviewval` = 'admin/Sys.Menu/index' , `role_id` = 1 [ RunTime:0.000239s ]
[2021-07-28T12:50:42+08:00][sql] INSERT INTO `access` SET `purviewval` = 'admin/AdminUser' , `role_id` = 1 [ RunTime:0.000235s ]
[2021-07-28T12:50:42+08:00][sql] INSERT INTO `access` SET `purviewval` = 'admin/AdminUser/index' , `role_id` = 1 [ RunTime:0.000251s ]
[2021-07-28T12:50:42+08:00][sql] INSERT INTO `access` SET `purviewval` = 'admin/AdminUser/add' , `role_id` = 1 [ RunTime:0.000236s ]
[2021-07-28T12:50:42+08:00][sql] INSERT INTO `access` SET `purviewval` = 'admin/AdminUser/update' , `role_id` = 1 [ RunTime:0.000236s ]
[2021-07-28T12:50:42+08:00][sql] INSERT INTO `access` SET `purviewval` = 'admin/AdminUser/updatePassword' , `role_id` = 1 [ RunTime:0.000252s ]
[2021-07-28T12:50:42+08:00][sql] INSERT INTO `access` SET `purviewval` = 'admin/AdminUser/delete' , `role_id` = 1 [ RunTime:0.000318s ]
[2021-07-28T12:50:42+08:00][sql] INSERT INTO `access` SET `purviewval` = 'admin/AdminUser/updateExt' , `role_id` = 1 [ RunTime:0.000235s ]
[2021-07-28T12:50:42+08:00][sql] INSERT INTO `access` SET `purviewval` = 'admin/Role' , `role_id` = 1 [ RunTime:0.000247s ]
[2021-07-28T12:50:42+08:00][sql] INSERT INTO `access` SET `purviewval` = 'admin/Role/index' , `role_id` = 1 [ RunTime:0.000277s ]
[2021-07-28T12:50:42+08:00][sql] INSERT INTO `access` SET `purviewval` = 'admin/Role/add' , `role_id` = 1 [ RunTime:0.000235s ]
[2021-07-28T12:50:42+08:00][sql] INSERT INTO `access` SET `purviewval` = 'admin/Role/update' , `role_id` = 1 [ RunTime:0.000254s ]
[2021-07-28T12:50:42+08:00][sql] INSERT INTO `access` SET `purviewval` = 'admin/User/index' , `role_id` = 1 [ RunTime:0.000231s ]
[2021-07-28T12:50:42+08:00][sql] INSERT INTO `access` SET `purviewval` = 'admin/Role/updateExt' , `role_id` = 1 [ RunTime:0.000279s ]
[2021-07-28T12:50:42+08:00][sql] INSERT INTO `access` SET `purviewval` = 'admin/Base/auth' , `role_id` = 1 [ RunTime:0.000254s ]
[2021-07-28T12:50:42+08:00][sql] INSERT INTO `access` SET `purviewval` = 'admin/Role/delete' , `role_id` = 1 [ RunTime:0.000230s ]
[2021-07-28T12:50:42+08:00][sql] INSERT INTO `access` SET `purviewval` = 'admin/Base/config' , `role_id` = 1 [ RunTime:0.000243s ]
[2021-07-28T12:50:42+08:00][sql] INSERT INTO `access` SET `purviewval` = 'admin/Base/password' , `role_id` = 1 [ RunTime:0.000254s ]
[2021-07-28T12:50:42+08:00][sql] INSERT INTO `access` SET `purviewval` = 'admin/Log' , `role_id` = 1 [ RunTime:0.000229s ]
[2021-07-28T12:50:42+08:00][sql] INSERT INTO `access` SET `purviewval` = 'admin/Log/index' , `role_id` = 1 [ RunTime:0.000229s ]
[2021-07-28T12:50:42+08:00][sql] INSERT INTO `access` SET `purviewval` = 'admin/Log/delete' , `role_id` = 1 [ RunTime:0.000345s ]
[2021-07-28T12:50:42+08:00][sql] INSERT INTO `access` SET `purviewval` = 'admin/Log/view' , `role_id` = 1 [ RunTime:0.000310s ]
[2021-07-28T12:50:42+08:00][sql] INSERT INTO `access` SET `purviewval` = 'admin/Log/dumpData' , `role_id` = 1 [ RunTime:0.000343s ]
[2021-07-28T12:50:42+08:00][sql] INSERT INTO `access` SET `purviewval` = 'admin/UploadConfig' , `role_id` = 1 [ RunTime:0.000244s ]
[2021-07-28T12:50:42+08:00][sql] INSERT INTO `access` SET `purviewval` = 'admin/UploadConfig/index' , `role_id` = 1 [ RunTime:0.000251s ]
[2021-07-28T12:50:42+08:00][sql] INSERT INTO `access` SET `purviewval` = 'admin/UploadConfig/updateExt' , `role_id` = 1 [ RunTime:0.000249s ]
[2021-07-28T12:50:42+08:00][sql] INSERT INTO `access` SET `purviewval` = 'admin/UploadConfig/add' , `role_id` = 1 [ RunTime:0.000234s ]
[2021-07-28T12:50:42+08:00][sql] INSERT INTO `access` SET `purviewval` = 'admin/UploadConfig/update' , `role_id` = 1 [ RunTime:0.000238s ]
[2021-07-28T12:50:42+08:00][sql] INSERT INTO `access` SET `purviewval` = 'admin/UploadConfig/delete' , `role_id` = 1 [ RunTime:0.000242s ]
[2021-07-28T12:50:42+08:00][sql] CONNECT:[ UseTime:0.000307s ] mysql:host=127.0.0.1;port=3306;dbname=aa;charset=utf8
[2021-07-28T12:50:42+08:00][sql] SHOW FULL COLUMNS FROM `role` [ RunTime:0.000871s ]
[2021-07-28T12:50:42+08:00][sql] SELECT COUNT(*) AS think_count FROM `role` [ RunTime:0.000228s ]
[2021-07-28T12:50:42+08:00][sql] SELECT * FROM `role` ORDER BY `role_id` DESC LIMIT 0,20 [ RunTime:0.000268s ]
[2021-07-28T12:50:44+08:00][sql] CONNECT:[ UseTime:0.000384s ] mysql:host=127.0.0.1;port=3306;dbname=aa;charset=utf8
[2021-07-28T12:50:44+08:00][sql] SHOW FULL COLUMNS FROM `role` [ RunTime:0.001222s ]
[2021-07-28T12:50:44+08:00][sql] SELECT * FROM `role` WHERE  `role_id` = 1 LIMIT 1 [ RunTime:0.000346s ]
[2021-07-28T12:50:44+08:00][sql] SELECT * FROM `role` WHERE  `role_id` = 0 LIMIT 1 [ RunTime:0.000273s ]
[2021-07-28T12:50:44+08:00][sql] SHOW FULL COLUMNS FROM `access` [ RunTime:0.001180s ]
[2021-07-28T12:50:44+08:00][sql] SELECT `id`,`purviewval` FROM `access` WHERE  `role_id` IS NULL [ RunTime:0.000305s ]
[2021-07-28T12:50:44+08:00][sql] SELECT `id`,`purviewval` FROM `access` WHERE  `role_id` = 1 [ RunTime:0.000342s ]
[2021-07-28T12:50:44+08:00][sql] SHOW FULL COLUMNS FROM `menu` [ RunTime:0.001039s ]
[2021-07-28T12:50:44+08:00][sql] SELECT * FROM `menu` WHERE  `app_id` = 1  AND `pid` = 0 ORDER BY `sortid` ASC [ RunTime:0.000416s ]
[2021-07-28T12:50:44+08:00][sql] SELECT * FROM `menu` WHERE  `app_id` = 1  AND `pid` = 778 ORDER BY `sortid` ASC [ RunTime:0.000424s ]
[2021-07-28T12:50:44+08:00][sql] SHOW FULL COLUMNS FROM `action` [ RunTime:0.001020s ]
[2021-07-28T12:50:44+08:00][sql] SELECT * FROM `action` WHERE  `menu_id` = 778 ORDER BY `sortid` ASC [ RunTime:0.000471s ]
[2021-07-28T12:50:44+08:00][sql] SELECT * FROM `menu` WHERE  `app_id` = 1  AND `pid` = 779 ORDER BY `sortid` ASC [ RunTime:0.000418s ]
[2021-07-28T12:50:44+08:00][sql] SELECT * FROM `action` WHERE  `menu_id` = 779 ORDER BY `sortid` ASC [ RunTime:0.000449s ]
[2021-07-28T12:50:44+08:00][sql] SELECT * FROM `menu` WHERE  `app_id` = 1  AND `pid` = 780 ORDER BY `sortid` ASC [ RunTime:0.000428s ]
[2021-07-28T12:50:44+08:00][sql] SELECT * FROM `action` WHERE  `menu_id` = 780 ORDER BY `sortid` ASC [ RunTime:0.000510s ]
[2021-07-28T12:50:44+08:00][sql] SELECT * FROM `menu` WHERE  `app_id` = 1  AND `pid` = 12 ORDER BY `sortid` ASC [ RunTime:0.000393s ]
[2021-07-28T12:50:44+08:00][sql] SELECT * FROM `menu` WHERE  `app_id` = 1  AND `pid` = 12 ORDER BY `sortid` ASC [ RunTime:0.000448s ]
[2021-07-28T12:50:44+08:00][sql] SELECT * FROM `menu` WHERE  `app_id` = 1  AND `pid` = 17 ORDER BY `sortid` ASC [ RunTime:0.000360s ]
[2021-07-28T12:50:44+08:00][sql] SELECT * FROM `action` WHERE  `menu_id` = 17 ORDER BY `sortid` ASC [ RunTime:0.000348s ]
[2021-07-28T12:50:44+08:00][sql] SELECT * FROM `menu` WHERE  `app_id` = 1  AND `pid` = 80 ORDER BY `sortid` ASC [ RunTime:0.000367s ]
[2021-07-28T12:50:44+08:00][sql] SELECT * FROM `action` WHERE  `menu_id` = 80 ORDER BY `sortid` ASC [ RunTime:0.000353s ]
[2021-07-28T12:50:44+08:00][sql] SELECT * FROM `menu` WHERE  `app_id` = 1  AND `pid` = 21 ORDER BY `sortid` ASC [ RunTime:0.000357s ]
[2021-07-28T12:50:44+08:00][sql] SELECT * FROM `action` WHERE  `menu_id` = 21 ORDER BY `sortid` ASC [ RunTime:0.000372s ]
[2021-07-28T12:50:44+08:00][sql] SELECT * FROM `menu` WHERE  `app_id` = 1  AND `pid` = 18 ORDER BY `sortid` ASC [ RunTime:0.000351s ]
[2021-07-28T12:50:44+08:00][sql] SELECT * FROM `action` WHERE  `menu_id` = 18 ORDER BY `sortid` ASC [ RunTime:0.000475s ]
[2021-07-28T12:50:44+08:00][sql] SELECT * FROM `menu` WHERE  `app_id` = 1  AND `pid` = 19 ORDER BY `sortid` ASC [ RunTime:0.000442s ]
[2021-07-28T12:50:44+08:00][sql] SELECT * FROM `action` WHERE  `menu_id` = 19 ORDER BY `sortid` ASC [ RunTime:0.000423s ]
[2021-07-28T12:50:44+08:00][sql] SELECT * FROM `menu` WHERE  `app_id` = 1  AND `pid` = 41 ORDER BY `sortid` ASC [ RunTime:0.000399s ]
[2021-07-28T12:50:44+08:00][sql] SELECT * FROM `action` WHERE  `menu_id` = 41 ORDER BY `sortid` ASC [ RunTime:0.000340s ]
[2021-07-28T12:50:44+08:00][sql] SELECT * FROM `menu` WHERE  `app_id` = 1  AND `pid` = 605 ORDER BY `sortid` ASC [ RunTime:0.000368s ]
[2021-07-28T12:50:44+08:00][sql] SELECT * FROM `action` WHERE  `menu_id` = 605 ORDER BY `sortid` ASC [ RunTime:0.000340s ]
[2021-07-28T12:50:44+08:00][sql] SELECT * FROM `menu` WHERE  `app_id` = 1  AND `pid` = 670 ORDER BY `sortid` ASC [ RunTime:0.000356s ]
[2021-07-28T12:50:44+08:00][sql] SELECT * FROM `action` WHERE  `menu_id` = 670 ORDER BY `sortid` ASC [ RunTime:0.000440s ]
[2021-07-28T12:50:44+08:00][sql] SELECT * FROM `menu` WHERE  `app_id` = 1  AND `pid` = 673 ORDER BY `sortid` ASC [ RunTime:0.000390s ]
[2021-07-28T12:50:44+08:00][sql] SELECT * FROM `action` WHERE  `menu_id` = 673 ORDER BY `sortid` ASC [ RunTime:0.000387s ]
[2021-07-28T12:50:51+08:00][sql] CONNECT:[ UseTime:0.000450s ] mysql:host=127.0.0.1;port=3306;dbname=aa;charset=utf8
[2021-07-28T12:50:51+08:00][sql] SHOW FULL COLUMNS FROM `menu` [ RunTime:0.001739s ]
[2021-07-28T12:50:51+08:00][sql] SELECT * FROM `menu` WHERE  `status` = 1  AND `app_id` = 1  AND `pid` = 0 ORDER BY `sortid` ASC [ RunTime:0.000610s ]
[2021-07-28T12:50:51+08:00][sql] SELECT * FROM `menu` WHERE  `status` = 1  AND `app_id` = 1  AND `pid` = 778 ORDER BY `sortid` ASC [ RunTime:0.000431s ]
[2021-07-28T12:50:51+08:00][sql] SELECT * FROM `menu` WHERE  `status` = 1  AND `app_id` = 1  AND `pid` = 778 ORDER BY `sortid` ASC [ RunTime:0.000374s ]
[2021-07-28T12:50:51+08:00][sql] SELECT * FROM `menu` WHERE  `status` = 1  AND `app_id` = 1  AND `pid` = 779 ORDER BY `sortid` ASC [ RunTime:0.000556s ]
[2021-07-28T12:50:51+08:00][sql] SELECT * FROM `menu` WHERE  `status` = 1  AND `app_id` = 1  AND `pid` = 779 ORDER BY `sortid` ASC [ RunTime:0.000364s ]
[2021-07-28T12:50:51+08:00][sql] SELECT * FROM `menu` WHERE  `status` = 1  AND `app_id` = 1  AND `pid` = 780 ORDER BY `sortid` ASC [ RunTime:0.000406s ]
[2021-07-28T12:50:51+08:00][sql] SELECT * FROM `menu` WHERE  `status` = 1  AND `app_id` = 1  AND `pid` = 780 ORDER BY `sortid` ASC [ RunTime:0.000528s ]
[2021-07-28T12:50:51+08:00][sql] SELECT * FROM `menu` WHERE  `status` = 1  AND `app_id` = 1  AND `pid` = 12 ORDER BY `sortid` ASC [ RunTime:0.000480s ]
[2021-07-28T12:50:51+08:00][sql] SELECT * FROM `menu` WHERE  `status` = 1  AND `app_id` = 1  AND `pid` = 12 ORDER BY `sortid` ASC [ RunTime:0.000447s ]
[2021-07-28T12:50:51+08:00][sql] SELECT * FROM `menu` WHERE  `status` = 1  AND `app_id` = 1  AND `pid` = 17 ORDER BY `sortid` ASC [ RunTime:0.000369s ]
[2021-07-28T12:50:51+08:00][sql] SELECT * FROM `menu` WHERE  `status` = 1  AND `app_id` = 1  AND `pid` = 17 ORDER BY `sortid` ASC [ RunTime:0.000366s ]
[2021-07-28T12:50:51+08:00][sql] SELECT * FROM `menu` WHERE  `status` = 1  AND `app_id` = 1  AND `pid` = 80 ORDER BY `sortid` ASC [ RunTime:0.000364s ]
[2021-07-28T12:50:51+08:00][sql] SELECT * FROM `menu` WHERE  `status` = 1  AND `app_id` = 1  AND `pid` = 80 ORDER BY `sortid` ASC [ RunTime:0.000366s ]
[2021-07-28T12:50:51+08:00][sql] SELECT * FROM `menu` WHERE  `status` = 1  AND `app_id` = 1  AND `pid` = 21 ORDER BY `sortid` ASC [ RunTime:0.000363s ]
[2021-07-28T12:50:51+08:00][sql] SELECT * FROM `menu` WHERE  `status` = 1  AND `app_id` = 1  AND `pid` = 21 ORDER BY `sortid` ASC [ RunTime:0.000364s ]
[2021-07-28T12:50:51+08:00][sql] SELECT * FROM `menu` WHERE  `status` = 1  AND `app_id` = 1  AND `pid` = 18 ORDER BY `sortid` ASC [ RunTime:0.000450s ]
[2021-07-28T12:50:51+08:00][sql] SELECT * FROM `menu` WHERE  `status` = 1  AND `app_id` = 1  AND `pid` = 18 ORDER BY `sortid` ASC [ RunTime:0.000390s ]
[2021-07-28T12:50:51+08:00][sql] SELECT * FROM `menu` WHERE  `status` = 1  AND `app_id` = 1  AND `pid` = 19 ORDER BY `sortid` ASC [ RunTime:0.000386s ]
[2021-07-28T12:50:51+08:00][sql] SELECT * FROM `menu` WHERE  `status` = 1  AND `app_id` = 1  AND `pid` = 19 ORDER BY `sortid` ASC [ RunTime:0.000393s ]
[2021-07-28T12:50:51+08:00][sql] SELECT * FROM `menu` WHERE  `status` = 1  AND `app_id` = 1  AND `pid` = 41 ORDER BY `sortid` ASC [ RunTime:0.000362s ]
[2021-07-28T12:50:51+08:00][sql] SELECT * FROM `menu` WHERE  `status` = 1  AND `app_id` = 1  AND `pid` = 41 ORDER BY `sortid` ASC [ RunTime:0.000395s ]
[2021-07-28T12:50:51+08:00][sql] SELECT * FROM `menu` WHERE  `status` = 1  AND `app_id` = 1  AND `pid` = 670 ORDER BY `sortid` ASC [ RunTime:0.000469s ]
[2021-07-28T12:50:51+08:00][sql] SELECT * FROM `menu` WHERE  `status` = 1  AND `app_id` = 1  AND `pid` = 670 ORDER BY `sortid` ASC [ RunTime:0.000395s ]
[2021-07-28T12:50:51+08:00][sql] SELECT * FROM `menu` WHERE  `status` = 1  AND `app_id` = 1  AND `pid` = 673 ORDER BY `sortid` ASC [ RunTime:0.000370s ]
[2021-07-28T12:50:51+08:00][sql] SELECT * FROM `menu` WHERE  `status` = 1  AND `app_id` = 1  AND `pid` = 673 ORDER BY `sortid` ASC [ RunTime:0.000395s ]
[2021-07-28T12:50:53+08:00][sql] CONNECT:[ UseTime:0.000367s ] mysql:host=127.0.0.1;port=3306;dbname=aa;charset=utf8
[2021-07-28T12:50:53+08:00][sql] SHOW FULL COLUMNS FROM `newlist` [ RunTime:0.001172s ]
[2021-07-28T12:50:53+08:00][sql] SELECT COUNT(*) AS think_count FROM `newlist` [ RunTime:0.000347s ]
[2021-07-28T12:50:53+08:00][sql] SELECT `newlist_id`,`names`,`code`,`price`,`zt` FROM `newlist` ORDER BY `newlist_id` DESC LIMIT 0,20 [ RunTime:0.000285s ]
[2021-07-28T12:50:56+08:00][sql] CONNECT:[ UseTime:0.000366s ] mysql:host=127.0.0.1;port=3306;dbname=aa;charset=utf8
[2021-07-28T12:50:56+08:00][sql] SHOW FULL COLUMNS FROM `upload_config` [ RunTime:0.001152s ]
[2021-07-28T12:50:56+08:00][sql] SELECT COUNT(*) AS think_count FROM `upload_config` [ RunTime:0.000296s ]
[2021-07-28T12:50:56+08:00][sql] SELECT `id`,`title`,`thumb_status`,`upload_replace`,`thumb_width`,`thumb_height`,`thumb_type` FROM `upload_config` ORDER BY `id` DESC LIMIT 0,20 [ RunTime:0.000283s ]
[2021-07-28T12:50:57+08:00][sql] CONNECT:[ UseTime:0.000407s ] mysql:host=127.0.0.1;port=3306;dbname=aa;charset=utf8
[2021-07-28T12:50:57+08:00][sql] select app_dir,app_dir from application [ RunTime:0.000407s ]
[2021-07-28T12:50:57+08:00][sql] CONNECT:[ UseTime:0.000389s ] mysql:host=127.0.0.1;port=3306;dbname=aa;charset=utf8
[2021-07-28T12:50:57+08:00][sql] SHOW FULL COLUMNS FROM `log` [ RunTime:0.000907s ]
[2021-07-28T12:50:57+08:00][sql] SELECT COUNT(*) AS think_count FROM `log` [ RunTime:0.000379s ]
[2021-07-28T12:50:57+08:00][sql] SELECT `id`,`application_name`,`username`,`url`,`ip`,`type`,`create_time` FROM `log` ORDER BY `id` DESC LIMIT 0,20 [ RunTime:0.000317s ]
[2021-07-28T12:50:59+08:00][sql] CONNECT:[ UseTime:0.000371s ] mysql:host=127.0.0.1;port=3306;dbname=aa;charset=utf8
[2021-07-28T12:50:59+08:00][sql] SHOW FULL COLUMNS FROM `config` [ RunTime:0.000847s ]
[2021-07-28T12:50:59+08:00][sql] SELECT `name`,`data` FROM `config` [ RunTime:0.000279s ]
[2021-07-28T12:51:00+08:00][sql] CONNECT:[ UseTime:0.000297s ] mysql:host=127.0.0.1;port=3306;dbname=aa;charset=utf8
[2021-07-28T12:51:00+08:00][sql] SHOW FULL COLUMNS FROM `config` [ RunTime:0.001203s ]
[2021-07-28T12:51:00+08:00][sql] SELECT `name`,`data` FROM `config` [ RunTime:0.000276s ]
[2021-07-28T12:51:00+08:00][sql] CONNECT:[ UseTime:0.000372s ] mysql:host=127.0.0.1;port=3306;dbname=aa;charset=utf8
[2021-07-28T12:51:00+08:00][sql] SHOW FULL COLUMNS FROM `role` [ RunTime:0.000970s ]
[2021-07-28T12:51:00+08:00][sql] SELECT COUNT(*) AS think_count FROM `role` [ RunTime:0.000295s ]
[2021-07-28T12:51:00+08:00][sql] SELECT * FROM `role` ORDER BY `role_id` DESC LIMIT 0,20 [ RunTime:0.000295s ]
[2021-07-28T12:51:03+08:00][sql] CONNECT:[ UseTime:0.000556s ] mysql:host=127.0.0.1;port=3306;dbname=aa;charset=utf8
[2021-07-28T12:51:03+08:00][sql] select role_id,name,pid from role [ RunTime:0.000525s ]
[2021-07-28T12:51:04+08:00][sql] CONNECT:[ UseTime:0.000349s ] mysql:host=127.0.0.1;port=3306;dbname=aa;charset=utf8
[2021-07-28T12:51:04+08:00][sql] select a.*,group_concat(b.name) as role_name from admin_user as a left join role as b on find_in_set(b.role_id,a.role_id)  group by a.user_id order by user_id desc limit 0,20 [ RunTime:0.000448s ]
[2021-07-28T12:51:04+08:00][sql] select count(*) as count from (select a.*,group_concat(b.name) as role_name from admin_user as a left join role as b on find_in_set(b.role_id,a.role_id)  group by a.user_id) as tp [ RunTime:0.000807s ]
[2021-07-28T12:51:04+08:00][sql] CONNECT:[ UseTime:0.000300s ] mysql:host=127.0.0.1;port=3306;dbname=aa;charset=utf8
[2021-07-28T12:51:04+08:00][sql] show tables [ RunTime:0.000705s ]
[2021-07-28T12:51:04+08:00][sql] SHOW FULL COLUMNS FROM `application` [ RunTime:0.000930s ]
[2021-07-28T12:51:04+08:00][sql] SELECT * FROM `application` WHERE  `app_id` = 1 LIMIT 1 [ RunTime:0.000426s ]
[2021-07-28T12:51:04+08:00][sql] SELECT * FROM `application` WHERE  ( 1=1 ) [ RunTime:0.000292s ]
[2021-07-28T12:51:04+08:00][sql] SELECT * FROM `application` WHERE  ( 1=1 ) [ RunTime:0.000320s ]
[2021-07-28T12:51:05+08:00][sql] CONNECT:[ UseTime:0.000343s ] mysql:host=127.0.0.1;port=3306;dbname=aa;charset=utf8
[2021-07-28T12:51:05+08:00][sql] SHOW FULL COLUMNS FROM `menu` [ RunTime:0.000928s ]
[2021-07-28T12:51:05+08:00][sql] SELECT * FROM `menu` WHERE  `app_id` = 1 ORDER BY `sortid` ASC [ RunTime:0.000479s ]
[2021-07-28T12:51:05+08:00][sql] SELECT COUNT(*) AS think_count FROM `menu` WHERE  `app_id` = 1 ORDER BY `sortid` ASC [ RunTime:0.000464s ]
[2021-07-28T12:51:07+08:00][sql] CONNECT:[ UseTime:0.000387s ] mysql:host=127.0.0.1;port=3306;dbname=aa;charset=utf8
[2021-07-28T12:51:07+08:00][sql] SHOW FULL COLUMNS FROM `application` [ RunTime:0.001281s ]
[2021-07-28T12:51:07+08:00][sql] SELECT * FROM `application` ORDER BY `app_id` DESC [ RunTime:0.000311s ]
[2021-07-28T12:51:07+08:00][sql] SELECT COUNT(*) AS think_count FROM `application` [ RunTime:0.000240s ]
[2021-07-28T12:51:39+08:00][sql] CONNECT:[ UseTime:0.000411s ] mysql:host=127.0.0.1;port=3306;dbname=aa;charset=utf8
[2021-07-28T12:51:39+08:00][sql] show tables [ RunTime:0.000496s ]
[2021-07-28T12:51:39+08:00][sql] SHOW FULL COLUMNS FROM `application` [ RunTime:0.003383s ]
[2021-07-28T12:51:39+08:00][sql] SELECT * FROM `application` WHERE  `app_id` = 227 LIMIT 1 [ RunTime:0.000337s ]
[2021-07-28T12:51:39+08:00][sql] SELECT * FROM `application` WHERE  ( 1=1 ) [ RunTime:0.000415s ]
[2021-07-28T12:51:39+08:00][sql] SELECT * FROM `application` WHERE  ( 1=1 ) [ RunTime:0.000297s ]
[2021-07-28T12:51:43+08:00][sql] CONNECT:[ UseTime:0.000393s ] mysql:host=127.0.0.1;port=3306;dbname=aa;charset=utf8
[2021-07-28T12:51:43+08:00][sql] SHOW FULL COLUMNS FROM `menu` [ RunTime:0.000956s ]
[2021-07-28T12:51:43+08:00][sql] SELECT * FROM `menu` WHERE  `app_id` = 227 ORDER BY `sortid` ASC [ RunTime:0.000434s ]
[2021-07-28T12:51:43+08:00][sql] SELECT COUNT(*) AS think_count FROM `menu` WHERE  `app_id` = 227 ORDER BY `sortid` ASC [ RunTime:0.000360s ]
[2021-07-28T12:51:47+08:00][sql] CONNECT:[ UseTime:0.000546s ] mysql:host=127.0.0.1;port=3306;dbname=aa;charset=utf8
[2021-07-28T12:51:47+08:00][sql] show tables [ RunTime:0.000598s ]
[2021-07-28T12:51:47+08:00][sql] SHOW FULL COLUMNS FROM `application` [ RunTime:0.000875s ]
[2021-07-28T12:51:47+08:00][sql] SELECT * FROM `application` WHERE  `app_id` = 1 LIMIT 1 [ RunTime:0.000314s ]
[2021-07-28T12:51:47+08:00][sql] SELECT * FROM `application` WHERE  ( 1=1 ) [ RunTime:0.000314s ]
[2021-07-28T12:51:47+08:00][sql] SELECT * FROM `application` WHERE  ( 1=1 ) [ RunTime:0.000305s ]
[2021-07-28T12:51:48+08:00][sql] CONNECT:[ UseTime:0.000385s ] mysql:host=127.0.0.1;port=3306;dbname=aa;charset=utf8
[2021-07-28T12:51:48+08:00][sql] SHOW FULL COLUMNS FROM `menu` [ RunTime:0.000936s ]
[2021-07-28T12:51:48+08:00][sql] SELECT * FROM `menu` WHERE  `app_id` = 1 ORDER BY `sortid` ASC [ RunTime:0.000480s ]
[2021-07-28T12:51:48+08:00][sql] SELECT COUNT(*) AS think_count FROM `menu` WHERE  `app_id` = 1 ORDER BY `sortid` ASC [ RunTime:0.000346s ]
[2021-07-28T12:51:54+08:00][sql] CONNECT:[ UseTime:0.007906s ] mysql:host=127.0.0.1;port=3306;dbname=aa;charset=utf8
[2021-07-28T12:51:54+08:00][sql] SHOW FULL COLUMNS FROM `menu` [ RunTime:0.003042s ]
[2021-07-28T12:51:54+08:00][sql] SELECT * FROM `menu` WHERE  `menu_id` = 41 LIMIT 1 [ RunTime:0.000345s ]
[2021-07-28T12:51:54+08:00][sql] SELECT * FROM `menu` WHERE  `app_id` = 1 [ RunTime:0.000484s ]
[2021-07-28T12:51:54+08:00][sql] SHOW FULL COLUMNS FROM `application` [ RunTime:0.000999s ]
[2021-07-28T12:51:54+08:00][sql] SELECT * FROM `application` WHERE  `app_id` = 1 LIMIT 1 [ RunTime:0.000277s ]
[2021-07-28T12:51:54+08:00][sql] SHOW FULL COLUMNS FROM `upload_config` [ RunTime:0.001157s ]
[2021-07-28T12:51:54+08:00][sql] SELECT * FROM `upload_config` WHERE  ( 1=1 ) [ RunTime:0.000366s ]
[2021-07-28T17:28:12+08:00][sql] CONNECT:[ UseTime:0.000370s ] mysql:host=127.0.0.1;port=3306;dbname=aa;charset=utf8
[2021-07-28T17:28:12+08:00][sql] SHOW FULL COLUMNS FROM `config` [ RunTime:0.005463s ]
[2021-07-28T17:28:12+08:00][sql] SELECT `name`,`data` FROM `config` [ RunTime:0.000322s ]
