[2021-07-29T10:18:25+08:00][sql] CONNECT:[ UseTime:0.003440s ] mysql:host=127.0.0.1;port=3306;dbname=aa;charset=utf8
[2021-07-29T10:18:25+08:00][sql] SHOW FULL COLUMNS FROM `config` [ RunTime:0.002282s ]
[2021-07-29T10:18:25+08:00][sql] SELECT `name`,`data` FROM `config` [ RunTime:0.000379s ]
[2021-07-29T10:18:37+08:00][sql] CONNECT:[ UseTime:0.000473s ] mysql:host=127.0.0.1;port=3306;dbname=aa;charset=utf8
[2021-07-29T10:18:37+08:00][sql] SHOW FULL COLUMNS FROM `admin_user` [ RunTime:0.000930s ]
[2021-07-29T10:18:37+08:00][sql] SELECT `a`.`user_id`,`a`.`name`,a.user as username,`a`.`status`,a.role_id as user_role_ids,`b`.`role_id`,b.name as role_name,b.status as role_status FROM `admin_user` `a` INNER JOIN `role` `b` ON a.role_id in(b.role_id) WHERE  `a`.`user` = 'admin'  AND `a`.`pwd` = 'b720cf94bcd2a6157043cac25209b9ab' LIMIT 1 [ RunTime:0.001541s ]
[2021-07-29T10:18:37+08:00][sql] SHOW FULL COLUMNS FROM `access` [ RunTime:0.000946s ]
[2021-07-29T10:18:37+08:00][sql] SELECT `id`,`purviewval` FROM `access` WHERE  `role_id` = 1 [ RunTime:0.000884s ]
[2021-07-29T10:18:37+08:00][sql] SHOW FULL COLUMNS FROM `log` [ RunTime:0.000988s ]
[2021-07-29T10:18:37+08:00][sql] INSERT INTO `log` SET `application_name` = 'admin' , `username` = 'admin' , `url` = 'http://xght.dxcfd.com/admin/Login/index.html' , `ip` = '115.52.230.126' , `useragent` = 'Mozilla/5.0 (Windows NT 10.0; WOW64) AppleWebKit/537.36 (KHTML, like Gecko) Chrome/86.0.4240.198 Safari/537.36' , `create_time` = 1627525117 , `type` = 1 [ RunTime:0.008284s ]
[2021-07-29T10:18:37+08:00][sql] CONNECT:[ UseTime:0.000394s ] mysql:host=127.0.0.1;port=3306;dbname=aa;charset=utf8
[2021-07-29T10:18:37+08:00][sql] SHOW FULL COLUMNS FROM `menu` [ RunTime:0.001319s ]
[2021-07-29T10:18:37+08:00][sql] SELECT * FROM `menu` WHERE  `status` = 1  AND `app_id` = 1  AND `pid` = 0 ORDER BY `sortid` ASC [ RunTime:0.001251s ]
[2021-07-29T10:18:37+08:00][sql] SELECT * FROM `menu` WHERE  `status` = 1  AND `app_id` = 1  AND `pid` = 778 ORDER BY `sortid` ASC [ RunTime:0.000434s ]
[2021-07-29T10:18:37+08:00][sql] SELECT * FROM `menu` WHERE  `status` = 1  AND `app_id` = 1  AND `pid` = 778 ORDER BY `sortid` ASC [ RunTime:0.000377s ]
[2021-07-29T10:18:37+08:00][sql] SELECT * FROM `menu` WHERE  `status` = 1  AND `app_id` = 1  AND `pid` = 779 ORDER BY `sortid` ASC [ RunTime:0.000423s ]
[2021-07-29T10:18:37+08:00][sql] SELECT * FROM `menu` WHERE  `status` = 1  AND `app_id` = 1  AND `pid` = 779 ORDER BY `sortid` ASC [ RunTime:0.000364s ]
[2021-07-29T10:18:37+08:00][sql] SELECT * FROM `menu` WHERE  `status` = 1  AND `app_id` = 1  AND `pid` = 780 ORDER BY `sortid` ASC [ RunTime:0.000416s ]
[2021-07-29T10:18:37+08:00][sql] SELECT * FROM `menu` WHERE  `status` = 1  AND `app_id` = 1  AND `pid` = 780 ORDER BY `sortid` ASC [ RunTime:0.000361s ]
[2021-07-29T10:18:37+08:00][sql] SELECT * FROM `menu` WHERE  `status` = 1  AND `app_id` = 1  AND `pid` = 12 ORDER BY `sortid` ASC [ RunTime:0.000434s ]
[2021-07-29T10:18:37+08:00][sql] SELECT * FROM `menu` WHERE  `status` = 1  AND `app_id` = 1  AND `pid` = 12 ORDER BY `sortid` ASC [ RunTime:0.000412s ]
[2021-07-29T10:18:37+08:00][sql] SELECT * FROM `menu` WHERE  `status` = 1  AND `app_id` = 1  AND `pid` = 17 ORDER BY `sortid` ASC [ RunTime:0.000378s ]
[2021-07-29T10:18:37+08:00][sql] SELECT * FROM `menu` WHERE  `status` = 1  AND `app_id` = 1  AND `pid` = 17 ORDER BY `sortid` ASC [ RunTime:0.000387s ]
[2021-07-29T10:18:37+08:00][sql] SELECT * FROM `menu` WHERE  `status` = 1  AND `app_id` = 1  AND `pid` = 80 ORDER BY `sortid` ASC [ RunTime:0.000538s ]
[2021-07-29T10:18:37+08:00][sql] SELECT * FROM `menu` WHERE  `status` = 1  AND `app_id` = 1  AND `pid` = 80 ORDER BY `sortid` ASC [ RunTime:0.000468s ]
[2021-07-29T10:18:37+08:00][sql] SELECT * FROM `menu` WHERE  `status` = 1  AND `app_id` = 1  AND `pid` = 21 ORDER BY `sortid` ASC [ RunTime:0.000408s ]
[2021-07-29T10:18:37+08:00][sql] SELECT * FROM `menu` WHERE  `status` = 1  AND `app_id` = 1  AND `pid` = 21 ORDER BY `sortid` ASC [ RunTime:0.000437s ]
[2021-07-29T10:18:37+08:00][sql] SELECT * FROM `menu` WHERE  `status` = 1  AND `app_id` = 1  AND `pid` = 18 ORDER BY `sortid` ASC [ RunTime:0.000468s ]
[2021-07-29T10:18:37+08:00][sql] SELECT * FROM `menu` WHERE  `status` = 1  AND `app_id` = 1  AND `pid` = 18 ORDER BY `sortid` ASC [ RunTime:0.000376s ]
[2021-07-29T10:18:37+08:00][sql] SELECT * FROM `menu` WHERE  `status` = 1  AND `app_id` = 1  AND `pid` = 19 ORDER BY `sortid` ASC [ RunTime:0.000419s ]
[2021-07-29T10:18:37+08:00][sql] SELECT * FROM `menu` WHERE  `status` = 1  AND `app_id` = 1  AND `pid` = 19 ORDER BY `sortid` ASC [ RunTime:0.000367s ]
[2021-07-29T10:18:37+08:00][sql] SELECT * FROM `menu` WHERE  `status` = 1  AND `app_id` = 1  AND `pid` = 41 ORDER BY `sortid` ASC [ RunTime:0.000406s ]
[2021-07-29T10:18:37+08:00][sql] SELECT * FROM `menu` WHERE  `status` = 1  AND `app_id` = 1  AND `pid` = 41 ORDER BY `sortid` ASC [ RunTime:0.000398s ]
[2021-07-29T10:18:37+08:00][sql] SELECT * FROM `menu` WHERE  `status` = 1  AND `app_id` = 1  AND `pid` = 670 ORDER BY `sortid` ASC [ RunTime:0.000426s ]
[2021-07-29T10:18:37+08:00][sql] SELECT * FROM `menu` WHERE  `status` = 1  AND `app_id` = 1  AND `pid` = 670 ORDER BY `sortid` ASC [ RunTime:0.000415s ]
[2021-07-29T10:18:37+08:00][sql] SELECT * FROM `menu` WHERE  `status` = 1  AND `app_id` = 1  AND `pid` = 673 ORDER BY `sortid` ASC [ RunTime:0.000370s ]
[2021-07-29T10:18:37+08:00][sql] SELECT * FROM `menu` WHERE  `status` = 1  AND `app_id` = 1  AND `pid` = 673 ORDER BY `sortid` ASC [ RunTime:0.000422s ]
[2021-07-29T10:18:40+08:00][sql] CONNECT:[ UseTime:0.000418s ] mysql:host=127.0.0.1;port=3306;dbname=aa;charset=utf8
[2021-07-29T10:18:40+08:00][sql] SHOW FULL COLUMNS FROM `lists` [ RunTime:0.001406s ]
[2021-07-29T10:18:40+08:00][sql] SELECT COUNT(*) AS think_count FROM `lists` [ RunTime:0.003314s ]
[2021-07-29T10:18:40+08:00][sql] SELECT `lists_id`,`agent`,`zname`,`phone`,`xgname`,`codes`,`nums`,`bzj`,`zts`,`mrsj` FROM `lists` ORDER BY `lists_id` DESC LIMIT 0,20 [ RunTime:0.000340s ]
[2021-07-29T10:19:13+08:00][sql] CONNECT:[ UseTime:0.024424s ] mysql:host=127.0.0.1;port=3306;dbname=aa;charset=utf8
[2021-07-29T10:19:13+08:00][sql] SHOW FULL COLUMNS FROM `log` [ RunTime:0.002806s ]
[2021-07-29T10:19:13+08:00][sql] INSERT INTO `log` SET `application_name` = 'admin' , `username` = 'admin' , `url` = 'http://xght.dxcfd.com/admin/Lists/shwtg' , `ip` = '115.52.230.126' , `useragent` = 'Mozilla/5.0 (Windows NT 10.0; WOW64) AppleWebKit/537.36 (KHTML, like Gecko) Chrome/86.0.4240.198 Safari/537.36' , `content` = '{\"lists_id\":\"43\"}' , `create_time` = 1627525153 , `type` = 2 [ RunTime:0.043623s ]
[2021-07-29T10:19:13+08:00][sql] SHOW FULL COLUMNS FROM `lists` [ RunTime:0.001692s ]
[2021-07-29T10:19:13+08:00][sql] UPDATE `lists`  SET `zts` = 2  WHERE  `lists_id` = 43 [ RunTime:0.021760s ]
[2021-07-29T10:19:13+08:00][sql] CONNECT:[ UseTime:0.000350s ] mysql:host=127.0.0.1;port=3306;dbname=aa;charset=utf8
[2021-07-29T10:19:13+08:00][sql] SHOW FULL COLUMNS FROM `lists` [ RunTime:0.001175s ]
[2021-07-29T10:19:13+08:00][sql] SELECT COUNT(*) AS think_count FROM `lists` [ RunTime:0.000291s ]
[2021-07-29T10:19:13+08:00][sql] SELECT `lists_id`,`agent`,`zname`,`phone`,`xgname`,`codes`,`nums`,`bzj`,`zts`,`mrsj` FROM `lists` ORDER BY `lists_id` DESC LIMIT 0,20 [ RunTime:0.000357s ]
[2021-07-29T10:19:17+08:00][sql] CONNECT:[ UseTime:0.000651s ] mysql:host=127.0.0.1;port=3306;dbname=aa;charset=utf8
[2021-07-29T10:19:17+08:00][sql] SHOW FULL COLUMNS FROM `user` [ RunTime:0.001446s ]
[2021-07-29T10:19:17+08:00][sql] SELECT COUNT(*) AS think_count FROM `user` [ RunTime:0.000309s ]
[2021-07-29T10:19:17+08:00][sql] SELECT `id`,`agent_id`,`agent_name`,`phone`,`nick_name`,`sgzj`,`djzj` FROM `user` ORDER BY `id` DESC LIMIT 0,20 [ RunTime:0.000376s ]
[2021-07-29T10:19:18+08:00][sql] CONNECT:[ UseTime:0.000343s ] mysql:host=127.0.0.1;port=3306;dbname=aa;charset=utf8
[2021-07-29T10:19:18+08:00][sql] SHOW FULL COLUMNS FROM `newlist` [ RunTime:0.003468s ]
[2021-07-29T10:19:18+08:00][sql] SELECT COUNT(*) AS think_count FROM `newlist` [ RunTime:0.000376s ]
[2021-07-29T10:19:18+08:00][sql] SELECT `newlist_id`,`names`,`code`,`price`,`zt` FROM `newlist` ORDER BY `newlist_id` DESC LIMIT 0,20 [ RunTime:0.000340s ]
[2021-07-29T10:20:27+08:00][sql] CONNECT:[ UseTime:0.000346s ] mysql:host=127.0.0.1;port=3306;dbname=aa;charset=utf8
[2021-07-29T10:20:27+08:00][sql] SHOW FULL COLUMNS FROM `config` [ RunTime:0.001930s ]
[2021-07-29T10:20:27+08:00][sql] SELECT `name`,`data` FROM `config` [ RunTime:0.000282s ]
[2021-07-29T12:12:03+08:00][sql] CONNECT:[ UseTime:0.000479s ] mysql:host=127.0.0.1;port=3306;dbname=aa;charset=utf8
[2021-07-29T12:12:03+08:00][sql] SHOW FULL COLUMNS FROM `config` [ RunTime:0.000974s ]
[2021-07-29T12:12:03+08:00][sql] SELECT `name`,`data` FROM `config` [ RunTime:0.000301s ]
[2021-07-29T12:12:21+08:00][sql] CONNECT:[ UseTime:0.000346s ] mysql:host=127.0.0.1;port=3306;dbname=aa;charset=utf8
[2021-07-29T12:12:21+08:00][sql] SHOW FULL COLUMNS FROM `admin_user` [ RunTime:0.001171s ]
[2021-07-29T12:12:21+08:00][sql] SELECT `a`.`user_id`,`a`.`name`,a.user as username,`a`.`status`,a.role_id as user_role_ids,`b`.`role_id`,b.name as role_name,b.status as role_status FROM `admin_user` `a` INNER JOIN `role` `b` ON a.role_id in(b.role_id) WHERE  `a`.`user` = 'admin'  AND `a`.`pwd` = 'b720cf94bcd2a6157043cac25209b9ab' LIMIT 1 [ RunTime:0.003017s ]
[2021-07-29T12:12:21+08:00][sql] SHOW FULL COLUMNS FROM `access` [ RunTime:0.001003s ]
[2021-07-29T12:12:21+08:00][sql] SELECT `id`,`purviewval` FROM `access` WHERE  `role_id` = 1 [ RunTime:0.001162s ]
[2021-07-29T12:12:21+08:00][sql] SHOW FULL COLUMNS FROM `log` [ RunTime:0.001048s ]
[2021-07-29T12:12:21+08:00][sql] INSERT INTO `log` SET `application_name` = 'admin' , `username` = 'admin' , `url` = 'http://xght.dxcfd.com/admin/Login/index.html' , `ip` = '219.155.144.250' , `useragent` = 'Mozilla/5.0 (Macintosh; Intel Mac OS X 10_15_7) AppleWebKit/537.36 (KHTML, like Gecko) Chrome/92.0.4515.107 Safari/537.36' , `create_time` = 1627531941 , `type` = 1 [ RunTime:0.003961s ]
[2021-07-29T12:12:21+08:00][sql] CONNECT:[ UseTime:0.000411s ] mysql:host=127.0.0.1;port=3306;dbname=aa;charset=utf8
[2021-07-29T12:12:21+08:00][sql] SHOW FULL COLUMNS FROM `menu` [ RunTime:0.001343s ]
[2021-07-29T12:12:21+08:00][sql] SELECT * FROM `menu` WHERE  `status` = 1  AND `app_id` = 1  AND `pid` = 0 ORDER BY `sortid` ASC [ RunTime:0.001312s ]
[2021-07-29T12:12:21+08:00][sql] SELECT * FROM `menu` WHERE  `status` = 1  AND `app_id` = 1  AND `pid` = 778 ORDER BY `sortid` ASC [ RunTime:0.000457s ]
[2021-07-29T12:12:21+08:00][sql] SELECT * FROM `menu` WHERE  `status` = 1  AND `app_id` = 1  AND `pid` = 778 ORDER BY `sortid` ASC [ RunTime:0.000406s ]
[2021-07-29T12:12:21+08:00][sql] SELECT * FROM `menu` WHERE  `status` = 1  AND `app_id` = 1  AND `pid` = 779 ORDER BY `sortid` ASC [ RunTime:0.000404s ]
[2021-07-29T12:12:21+08:00][sql] SELECT * FROM `menu` WHERE  `status` = 1  AND `app_id` = 1  AND `pid` = 779 ORDER BY `sortid` ASC [ RunTime:0.001509s ]
[2021-07-29T12:12:21+08:00][sql] SELECT * FROM `menu` WHERE  `status` = 1  AND `app_id` = 1  AND `pid` = 780 ORDER BY `sortid` ASC [ RunTime:0.000386s ]
[2021-07-29T12:12:21+08:00][sql] SELECT * FROM `menu` WHERE  `status` = 1  AND `app_id` = 1  AND `pid` = 780 ORDER BY `sortid` ASC [ RunTime:0.000414s ]
[2021-07-29T12:12:21+08:00][sql] SELECT * FROM `menu` WHERE  `status` = 1  AND `app_id` = 1  AND `pid` = 12 ORDER BY `sortid` ASC [ RunTime:0.001400s ]
[2021-07-29T12:12:21+08:00][sql] SELECT * FROM `menu` WHERE  `status` = 1  AND `app_id` = 1  AND `pid` = 12 ORDER BY `sortid` ASC [ RunTime:0.000533s ]
[2021-07-29T12:12:21+08:00][sql] SELECT * FROM `menu` WHERE  `status` = 1  AND `app_id` = 1  AND `pid` = 17 ORDER BY `sortid` ASC [ RunTime:0.000470s ]
[2021-07-29T12:12:21+08:00][sql] SELECT * FROM `menu` WHERE  `status` = 1  AND `app_id` = 1  AND `pid` = 17 ORDER BY `sortid` ASC [ RunTime:0.000417s ]
[2021-07-29T12:12:21+08:00][sql] SELECT * FROM `menu` WHERE  `status` = 1  AND `app_id` = 1  AND `pid` = 80 ORDER BY `sortid` ASC [ RunTime:0.000896s ]
[2021-07-29T12:12:21+08:00][sql] SELECT * FROM `menu` WHERE  `status` = 1  AND `app_id` = 1  AND `pid` = 80 ORDER BY `sortid` ASC [ RunTime:0.000396s ]
[2021-07-29T12:12:21+08:00][sql] SELECT * FROM `menu` WHERE  `status` = 1  AND `app_id` = 1  AND `pid` = 21 ORDER BY `sortid` ASC [ RunTime:0.001720s ]
[2021-07-29T12:12:21+08:00][sql] SELECT * FROM `menu` WHERE  `status` = 1  AND `app_id` = 1  AND `pid` = 21 ORDER BY `sortid` ASC [ RunTime:0.000466s ]
[2021-07-29T12:12:21+08:00][sql] SELECT * FROM `menu` WHERE  `status` = 1  AND `app_id` = 1  AND `pid` = 18 ORDER BY `sortid` ASC [ RunTime:0.000886s ]
[2021-07-29T12:12:21+08:00][sql] SELECT * FROM `menu` WHERE  `status` = 1  AND `app_id` = 1  AND `pid` = 18 ORDER BY `sortid` ASC [ RunTime:0.000435s ]
[2021-07-29T12:12:21+08:00][sql] SELECT * FROM `menu` WHERE  `status` = 1  AND `app_id` = 1  AND `pid` = 19 ORDER BY `sortid` ASC [ RunTime:0.000401s ]
[2021-07-29T12:12:21+08:00][sql] SELECT * FROM `menu` WHERE  `status` = 1  AND `app_id` = 1  AND `pid` = 19 ORDER BY `sortid` ASC [ RunTime:0.000811s ]
[2021-07-29T12:12:21+08:00][sql] SELECT * FROM `menu` WHERE  `status` = 1  AND `app_id` = 1  AND `pid` = 41 ORDER BY `sortid` ASC [ RunTime:0.000388s ]
[2021-07-29T12:12:21+08:00][sql] SELECT * FROM `menu` WHERE  `status` = 1  AND `app_id` = 1  AND `pid` = 41 ORDER BY `sortid` ASC [ RunTime:0.000391s ]
[2021-07-29T12:12:21+08:00][sql] SELECT * FROM `menu` WHERE  `status` = 1  AND `app_id` = 1  AND `pid` = 670 ORDER BY `sortid` ASC [ RunTime:0.000367s ]
[2021-07-29T12:12:21+08:00][sql] SELECT * FROM `menu` WHERE  `status` = 1  AND `app_id` = 1  AND `pid` = 670 ORDER BY `sortid` ASC [ RunTime:0.001681s ]
[2021-07-29T12:12:21+08:00][sql] SELECT * FROM `menu` WHERE  `status` = 1  AND `app_id` = 1  AND `pid` = 673 ORDER BY `sortid` ASC [ RunTime:0.000398s ]
[2021-07-29T12:12:21+08:00][sql] SELECT * FROM `menu` WHERE  `status` = 1  AND `app_id` = 1  AND `pid` = 673 ORDER BY `sortid` ASC [ RunTime:0.000383s ]
[2021-07-29T12:12:24+08:00][sql] CONNECT:[ UseTime:0.000450s ] mysql:host=127.0.0.1;port=3306;dbname=aa;charset=utf8
[2021-07-29T12:12:24+08:00][sql] SHOW FULL COLUMNS FROM `newlist` [ RunTime:0.000889s ]
[2021-07-29T12:12:24+08:00][sql] SELECT COUNT(*) AS think_count FROM `newlist` [ RunTime:0.000277s ]
[2021-07-29T12:12:24+08:00][sql] SELECT `newlist_id`,`names`,`code`,`price`,`zt` FROM `newlist` ORDER BY `newlist_id` DESC LIMIT 0,20 [ RunTime:0.000279s ]
[2021-07-29T12:13:33+08:00][sql] CONNECT:[ UseTime:0.000518s ] mysql:host=127.0.0.1;port=3306;dbname=aa;charset=utf8
[2021-07-29T12:13:33+08:00][sql] SHOW FULL COLUMNS FROM `config` [ RunTime:0.001245s ]
[2021-07-29T12:13:33+08:00][sql] SELECT `name`,`data` FROM `config` [ RunTime:0.000388s ]
[2021-07-29T12:13:33+08:00][sql] SHOW FULL COLUMNS FROM `newlist` [ RunTime:0.000733s ]
[2021-07-29T12:13:33+08:00][sql] SELECT * FROM `newlist` WHERE  `newlist_id` = 9 LIMIT 1 [ RunTime:0.000366s ]
[2021-07-29T18:37:50+08:00][sql] CONNECT:[ UseTime:0.000410s ] mysql:host=127.0.0.1;port=3306;dbname=aa;charset=utf8
[2021-07-29T18:37:50+08:00][sql] SHOW FULL COLUMNS FROM `config` [ RunTime:0.000974s ]
[2021-07-29T18:37:50+08:00][sql] SELECT `name`,`data` FROM `config` [ RunTime:0.000294s ]
