[2021-08-03T00:32:23+08:00][info] 接口地址：Lists/getprice,接口输入：Array
(
    [timestamp] => 2021-08-03 00:32:23
)

[2021-08-03T00:32:23+08:00][sql] CONNECT:[ UseTime:0.007600s ] mysql:host=127.0.0.1;port=3306;dbname=aa;charset=utf8
[2021-08-03T00:32:23+08:00][sql] SHOW FULL COLUMNS FROM `user` [ RunTime:0.001284s ]
[2021-08-03T00:32:23+08:00][sql] SELECT * FROM `user` WHERE  `id` IS NULL LIMIT 1 [ RunTime:0.000431s ]
[2021-08-03T00:32:34+08:00][info] 接口地址：Lists/getprice,接口输入：Array
(
    [timestamp] => 2021-08-03 00:32:34
)

[2021-08-03T00:32:34+08:00][sql] CONNECT:[ UseTime:0.000504s ] mysql:host=127.0.0.1;port=3306;dbname=aa;charset=utf8
[2021-08-03T00:32:34+08:00][sql] SHOW FULL COLUMNS FROM `user` [ RunTime:0.001653s ]
[2021-08-03T00:32:34+08:00][sql] SELECT * FROM `user` WHERE  `id` IS NULL LIMIT 1 [ RunTime:0.000480s ]
[2021-08-03T00:33:18+08:00][info] 接口地址：Lists/getprice,接口输入：Array
(
    [timestamp] => 2021-08-03 00:33:18
)

[2021-08-03T00:33:18+08:00][sql] CONNECT:[ UseTime:0.000348s ] mysql:host=127.0.0.1;port=3306;dbname=aa;charset=utf8
[2021-08-03T00:33:18+08:00][sql] SHOW FULL COLUMNS FROM `user` [ RunTime:0.001923s ]
[2021-08-03T00:33:18+08:00][sql] SELECT * FROM `user` WHERE  `id` IS NULL LIMIT 1 [ RunTime:0.000370s ]
[2021-08-03T00:33:34+08:00][info] 接口地址：Lists/getprice,接口输入：Array
(
    [timestamp] => 2021-08-03 00:33:34
)

[2021-08-03T00:33:34+08:00][sql] CONNECT:[ UseTime:0.002041s ] mysql:host=127.0.0.1;port=3306;dbname=aa;charset=utf8
[2021-08-03T00:33:34+08:00][sql] SHOW FULL COLUMNS FROM `user` [ RunTime:0.007945s ]
[2021-08-03T00:33:34+08:00][sql] SELECT * FROM `user` WHERE  `id` = 391 LIMIT 1 [ RunTime:0.001885s ]
[2021-08-03T00:35:08+08:00][info] 接口地址：Lists/getprice,接口输入：Array
(
    [timestamp] => 2021-08-03 00:35:08
)

[2021-08-03T00:35:08+08:00][sql] CONNECT:[ UseTime:0.000624s ] mysql:host=127.0.0.1;port=3306;dbname=aa;charset=utf8
[2021-08-03T00:35:08+08:00][sql] SHOW FULL COLUMNS FROM `user` [ RunTime:0.001408s ]
[2021-08-03T00:35:08+08:00][sql] SELECT * FROM `user` WHERE  `id` = 391 LIMIT 1 [ RunTime:0.000437s ]
[2021-08-03T00:47:18+08:00][info] 接口地址：Lists/getprice,接口输入：Array
(
    [timestamp] => 2021-08-03 00:47:18
)

[2021-08-03T00:47:18+08:00][sql] CONNECT:[ UseTime:0.007166s ] mysql:host=127.0.0.1;port=3306;dbname=aa;charset=utf8
[2021-08-03T00:47:18+08:00][sql] SHOW FULL COLUMNS FROM `user` [ RunTime:0.001286s ]
[2021-08-03T00:47:18+08:00][sql] SELECT * FROM `user` WHERE  `id` IS NULL LIMIT 1 [ RunTime:0.000444s ]
[2021-08-03T02:25:28+08:00][info] 接口地址：Lists/getprice,接口输入：Array
(
    [timestamp] => 2021-08-03 02:25:28
)

[2021-08-03T02:25:28+08:00][sql] CONNECT:[ UseTime:0.000424s ] mysql:host=127.0.0.1;port=3306;dbname=aa;charset=utf8
[2021-08-03T02:25:28+08:00][sql] SHOW FULL COLUMNS FROM `user` [ RunTime:0.001497s ]
[2021-08-03T02:25:28+08:00][sql] SELECT * FROM `user` WHERE  `id` IS NULL LIMIT 1 [ RunTime:0.000390s ]
[2021-08-03T02:25:38+08:00][info] 接口地址：Lists/getprice,接口输入：Array
(
    [timestamp] => 2021-08-03 02:25:38
)

[2021-08-03T02:25:38+08:00][sql] CONNECT:[ UseTime:0.000635s ] mysql:host=127.0.0.1;port=3306;dbname=aa;charset=utf8
[2021-08-03T02:25:38+08:00][sql] SHOW FULL COLUMNS FROM `user` [ RunTime:0.001315s ]
[2021-08-03T02:25:38+08:00][sql] SELECT * FROM `user` WHERE  `id` IS NULL LIMIT 1 [ RunTime:0.000359s ]
[2021-08-03T02:26:06+08:00][info] 接口地址：Lists/getprice,接口输入：Array
(
    [timestamp] => 2021-08-03 02:26:06
)

[2021-08-03T02:26:06+08:00][sql] CONNECT:[ UseTime:0.000501s ] mysql:host=127.0.0.1;port=3306;dbname=aa;charset=utf8
[2021-08-03T02:26:06+08:00][sql] SHOW FULL COLUMNS FROM `user` [ RunTime:0.001962s ]
[2021-08-03T02:26:06+08:00][sql] SELECT * FROM `user` WHERE  `id` IS NULL LIMIT 1 [ RunTime:0.000943s ]
[2021-08-03T02:26:09+08:00][info] 接口地址：Lists/getprice,接口输入：Array
(
    [timestamp] => 2021-08-03 02:26:09
)

[2021-08-03T02:26:09+08:00][sql] CONNECT:[ UseTime:0.000325s ] mysql:host=127.0.0.1;port=3306;dbname=aa;charset=utf8
[2021-08-03T02:26:09+08:00][sql] SHOW FULL COLUMNS FROM `user` [ RunTime:0.001664s ]
[2021-08-03T02:26:09+08:00][sql] SELECT * FROM `user` WHERE  `id` IS NULL LIMIT 1 [ RunTime:0.000350s ]
[2021-08-03T05:53:05+08:00][info] 接口地址：Lists/getprice,接口输入：Array
(
    [timestamp] => 2021-08-03 05:53:05
)

[2021-08-03T05:53:05+08:00][sql] CONNECT:[ UseTime:0.001729s ] mysql:host=127.0.0.1;port=3306;dbname=aa;charset=utf8
[2021-08-03T05:53:05+08:00][sql] SHOW FULL COLUMNS FROM `user` [ RunTime:0.001922s ]
[2021-08-03T05:53:05+08:00][sql] SELECT * FROM `user` WHERE  `id` IS NULL LIMIT 1 [ RunTime:0.000673s ]
[2021-08-03T05:53:18+08:00][info] 接口地址：Lists/getprice,接口输入：Array
(
    [timestamp] => 2021-08-03 05:53:18
)

[2021-08-03T05:53:18+08:00][sql] CONNECT:[ UseTime:0.000369s ] mysql:host=127.0.0.1;port=3306;dbname=aa;charset=utf8
[2021-08-03T05:53:18+08:00][sql] SHOW FULL COLUMNS FROM `user` [ RunTime:0.001363s ]
[2021-08-03T05:53:18+08:00][sql] SELECT * FROM `user` WHERE  `id` IS NULL LIMIT 1 [ RunTime:0.000434s ]
[2021-08-03T07:32:53+08:00][info] 接口地址：Lists/getprice,接口输入：Array
(
    [timestamp] => 2021-08-03 07:32:53
)

[2021-08-03T07:32:53+08:00][sql] CONNECT:[ UseTime:0.001408s ] mysql:host=127.0.0.1;port=3306;dbname=aa;charset=utf8
[2021-08-03T07:32:53+08:00][sql] SHOW FULL COLUMNS FROM `user` [ RunTime:0.001339s ]
[2021-08-03T07:32:53+08:00][sql] SELECT * FROM `user` WHERE  `id` IS NULL LIMIT 1 [ RunTime:0.000384s ]
[2021-08-03T10:31:57+08:00][info] 接口地址：Lists/getprice,接口输入：Array
(
    [timestamp] => 2021-08-03 10:31:57
)

[2021-08-03T10:31:57+08:00][sql] CONNECT:[ UseTime:0.012967s ] mysql:host=127.0.0.1;port=3306;dbname=aa;charset=utf8
[2021-08-03T10:31:57+08:00][sql] SHOW FULL COLUMNS FROM `user` [ RunTime:0.002702s ]
[2021-08-03T10:31:57+08:00][sql] SELECT * FROM `user` WHERE  `id` = 420 LIMIT 1 [ RunTime:0.002371s ]
[2021-08-03T12:41:52+08:00][info] 接口地址：Lists/getprice,接口输入：Array
(
    [timestamp] => 2021-08-03 12:41:52
)

[2021-08-03T12:41:52+08:00][sql] CONNECT:[ UseTime:0.008748s ] mysql:host=127.0.0.1;port=3306;dbname=aa;charset=utf8
[2021-08-03T12:41:52+08:00][sql] SHOW FULL COLUMNS FROM `user` [ RunTime:0.001117s ]
[2021-08-03T12:41:52+08:00][sql] SELECT * FROM `user` WHERE  `id` IS NULL LIMIT 1 [ RunTime:0.000342s ]
[2021-08-03T12:42:02+08:00][info] 接口地址：Lists/getprice,接口输入：Array
(
    [timestamp] => 2021-08-03 12:42:02
)

[2021-08-03T12:42:02+08:00][sql] CONNECT:[ UseTime:0.000395s ] mysql:host=127.0.0.1;port=3306;dbname=aa;charset=utf8
[2021-08-03T12:42:02+08:00][sql] SHOW FULL COLUMNS FROM `user` [ RunTime:0.001140s ]
[2021-08-03T12:42:02+08:00][sql] SELECT * FROM `user` WHERE  `id` IS NULL LIMIT 1 [ RunTime:0.000381s ]
[2021-08-03T12:42:57+08:00][error] [0]控制器不存在[/www/wwwroot/3.0xingu/xingupeizi/xingu.dxcfd.com/new/app/api/controller/Error.php:9]
[2021-08-03T12:44:21+08:00][info] 接口地址：Lists/getprice,接口输入：Array
(
    [timestamp] => 2021-08-03 12:44:21
)

[2021-08-03T12:44:21+08:00][sql] CONNECT:[ UseTime:0.000398s ] mysql:host=127.0.0.1;port=3306;dbname=aa;charset=utf8
[2021-08-03T12:44:21+08:00][sql] SHOW FULL COLUMNS FROM `user` [ RunTime:0.001581s ]
[2021-08-03T12:44:21+08:00][sql] SELECT * FROM `user` WHERE  `id` IS NULL LIMIT 1 [ RunTime:0.000395s ]
[2021-08-03T12:44:32+08:00][info] 接口地址：Lists/getprice,接口输入：Array
(
    [timestamp] => 2021-08-03 12:44:32
)

[2021-08-03T12:44:32+08:00][sql] CONNECT:[ UseTime:0.000326s ] mysql:host=127.0.0.1;port=3306;dbname=aa;charset=utf8
[2021-08-03T12:44:32+08:00][sql] SHOW FULL COLUMNS FROM `user` [ RunTime:0.001359s ]
[2021-08-03T12:44:32+08:00][sql] SELECT * FROM `user` WHERE  `id` IS NULL LIMIT 1 [ RunTime:0.000343s ]
[2021-08-03T12:44:48+08:00][info] 接口地址：Lists/getprice,接口输入：Array
(
    [timestamp] => 2021-08-03 12:44:47
)

[2021-08-03T12:44:48+08:00][sql] CONNECT:[ UseTime:0.000723s ] mysql:host=127.0.0.1;port=3306;dbname=aa;charset=utf8
[2021-08-03T12:44:48+08:00][sql] SHOW FULL COLUMNS FROM `user` [ RunTime:0.003003s ]
[2021-08-03T12:44:48+08:00][sql] SELECT * FROM `user` WHERE  `id` IS NULL LIMIT 1 [ RunTime:0.000363s ]
[2021-08-03T12:45:09+08:00][info] 接口地址：Lists/getprice,接口输入：Array
(
    [timestamp] => 2021-08-03 12:45:09
)

[2021-08-03T12:45:09+08:00][sql] CONNECT:[ UseTime:0.003157s ] mysql:host=127.0.0.1;port=3306;dbname=aa;charset=utf8
[2021-08-03T12:45:09+08:00][sql] SHOW FULL COLUMNS FROM `user` [ RunTime:0.001589s ]
[2021-08-03T12:45:09+08:00][sql] SELECT * FROM `user` WHERE  `id` IS NULL LIMIT 1 [ RunTime:0.000407s ]
[2021-08-03T12:45:16+08:00][info] 接口地址：Lists/getprice,接口输入：Array
(
    [timestamp] => 2021-08-03 12:45:16
)

[2021-08-03T12:45:16+08:00][sql] CONNECT:[ UseTime:0.000547s ] mysql:host=127.0.0.1;port=3306;dbname=aa;charset=utf8
[2021-08-03T12:45:16+08:00][sql] SHOW FULL COLUMNS FROM `user` [ RunTime:0.001266s ]
[2021-08-03T12:45:16+08:00][sql] SELECT * FROM `user` WHERE  `id` IS NULL LIMIT 1 [ RunTime:0.000337s ]
[2021-08-03T12:45:31+08:00][info] 接口地址：Lists/getprice,接口输入：Array
(
    [timestamp] => 2021-08-03 12:45:31
)

[2021-08-03T12:45:31+08:00][sql] CONNECT:[ UseTime:0.000528s ] mysql:host=127.0.0.1;port=3306;dbname=aa;charset=utf8
[2021-08-03T12:45:31+08:00][sql] SHOW FULL COLUMNS FROM `user` [ RunTime:0.001368s ]
[2021-08-03T12:45:31+08:00][sql] SELECT * FROM `user` WHERE  `id` = 391 LIMIT 1 [ RunTime:0.000450s ]
[2021-08-03T14:23:02+08:00][info] 接口地址：Lists/getprice,接口输入：Array
(
    [timestamp] => 2021-08-03 14:23:02
)

[2021-08-03T14:23:02+08:00][sql] CONNECT:[ UseTime:0.017442s ] mysql:host=127.0.0.1;port=3306;dbname=aa;charset=utf8
[2021-08-03T14:23:02+08:00][sql] SHOW FULL COLUMNS FROM `user` [ RunTime:0.001293s ]
[2021-08-03T14:23:02+08:00][sql] SELECT * FROM `user` WHERE  `id` = 391 LIMIT 1 [ RunTime:0.000583s ]
[2021-08-03T14:25:05+08:00][info] 接口地址：Lists/getprice,接口输入：Array
(
    [timestamp] => 2021-08-03 14:25:05
)

[2021-08-03T14:25:05+08:00][sql] CONNECT:[ UseTime:0.003194s ] mysql:host=127.0.0.1;port=3306;dbname=aa;charset=utf8
[2021-08-03T14:25:05+08:00][sql] SHOW FULL COLUMNS FROM `user` [ RunTime:0.016137s ]
[2021-08-03T14:25:05+08:00][sql] SELECT * FROM `user` WHERE  `id` = 391 LIMIT 1 [ RunTime:0.002206s ]
[2021-08-03T14:25:38+08:00][info] 接口地址：Lists/getprice,接口输入：Array
(
    [timestamp] => 2021-08-03 14:25:38
)

[2021-08-03T14:25:38+08:00][sql] CONNECT:[ UseTime:0.000591s ] mysql:host=127.0.0.1;port=3306;dbname=aa;charset=utf8
[2021-08-03T14:25:38+08:00][sql] SHOW FULL COLUMNS FROM `user` [ RunTime:0.002894s ]
[2021-08-03T14:25:38+08:00][sql] SELECT * FROM `user` WHERE  `id` = 391 LIMIT 1 [ RunTime:0.000720s ]
[2021-08-03T14:27:51+08:00][info] 接口地址：Lists/getprice,接口输入：Array
(
    [timestamp] => 2021-08-03 14:27:51
)

[2021-08-03T14:27:51+08:00][sql] CONNECT:[ UseTime:0.000409s ] mysql:host=127.0.0.1;port=3306;dbname=aa;charset=utf8
[2021-08-03T14:27:51+08:00][sql] SHOW FULL COLUMNS FROM `user` [ RunTime:0.001368s ]
[2021-08-03T14:27:51+08:00][sql] SELECT * FROM `user` WHERE  `id` = 391 LIMIT 1 [ RunTime:0.000437s ]
[2021-08-03T14:28:44+08:00][info] 接口地址：Lists/getprice,接口输入：Array
(
    [timestamp] => 2021-08-03 14:28:44
)

[2021-08-03T14:28:44+08:00][sql] CONNECT:[ UseTime:0.002358s ] mysql:host=127.0.0.1;port=3306;dbname=aa;charset=utf8
[2021-08-03T14:28:44+08:00][sql] SHOW FULL COLUMNS FROM `user` [ RunTime:0.001308s ]
[2021-08-03T14:28:44+08:00][sql] SELECT * FROM `user` WHERE  `id` = 391 LIMIT 1 [ RunTime:0.000514s ]
[2021-08-03T14:32:54+08:00][info] 接口地址：Lists/getprice,接口输入：Array
(
    [timestamp] => 2021-08-03 14:32:54
)

[2021-08-03T14:32:54+08:00][sql] CONNECT:[ UseTime:0.007328s ] mysql:host=127.0.0.1;port=3306;dbname=aa;charset=utf8
[2021-08-03T14:32:54+08:00][sql] SHOW FULL COLUMNS FROM `user` [ RunTime:0.001867s ]
[2021-08-03T14:32:54+08:00][sql] SELECT * FROM `user` WHERE  `id` = 391 LIMIT 1 [ RunTime:0.001005s ]
[2021-08-03T14:33:59+08:00][info] 接口地址：Lists/getprice,接口输入：Array
(
    [timestamp] => 2021-08-03 14:33:59
)

[2021-08-03T14:33:59+08:00][sql] CONNECT:[ UseTime:0.007039s ] mysql:host=127.0.0.1;port=3306;dbname=aa;charset=utf8
[2021-08-03T14:33:59+08:00][sql] SHOW FULL COLUMNS FROM `user` [ RunTime:0.009474s ]
[2021-08-03T14:33:59+08:00][sql] SELECT * FROM `user` WHERE  `id` = 424 LIMIT 1 [ RunTime:0.000744s ]
[2021-08-03T14:34:10+08:00][info] 接口地址：Lists/getprice,接口输入：Array
(
    [timestamp] => 2021-08-03 14:34:10
)

[2021-08-03T14:34:10+08:00][sql] CONNECT:[ UseTime:0.018925s ] mysql:host=127.0.0.1;port=3306;dbname=aa;charset=utf8
[2021-08-03T14:34:10+08:00][sql] SHOW FULL COLUMNS FROM `user` [ RunTime:0.001604s ]
[2021-08-03T14:34:10+08:00][sql] SELECT * FROM `user` WHERE  `id` = 424 LIMIT 1 [ RunTime:0.000454s ]
[2021-08-03T14:35:34+08:00][info] 接口地址：Lists/getprice,接口输入：Array
(
    [timestamp] => 2021-08-03 14:35:34
)

[2021-08-03T14:35:34+08:00][sql] CONNECT:[ UseTime:0.009711s ] mysql:host=127.0.0.1;port=3306;dbname=aa;charset=utf8
[2021-08-03T14:35:34+08:00][sql] SHOW FULL COLUMNS FROM `user` [ RunTime:0.001376s ]
[2021-08-03T14:35:34+08:00][sql] SELECT * FROM `user` WHERE  `id` = 424 LIMIT 1 [ RunTime:0.000415s ]
[2021-08-03T14:36:56+08:00][info] 接口地址：Lists/getprice,接口输入：Array
(
    [timestamp] => 2021-08-03 14:36:56
)

[2021-08-03T14:36:56+08:00][sql] CONNECT:[ UseTime:0.000801s ] mysql:host=127.0.0.1;port=3306;dbname=aa;charset=utf8
[2021-08-03T14:36:56+08:00][sql] SHOW FULL COLUMNS FROM `user` [ RunTime:0.011760s ]
[2021-08-03T14:36:56+08:00][sql] SELECT * FROM `user` WHERE  `id` = 424 LIMIT 1 [ RunTime:0.000661s ]
[2021-08-03T14:39:47+08:00][info] 接口地址：Lists/getprice,接口输入：Array
(
    [timestamp] => 2021-08-03 14:39:47
)

[2021-08-03T14:39:47+08:00][sql] CONNECT:[ UseTime:0.000420s ] mysql:host=127.0.0.1;port=3306;dbname=aa;charset=utf8
[2021-08-03T14:39:47+08:00][sql] SHOW FULL COLUMNS FROM `user` [ RunTime:0.001305s ]
[2021-08-03T14:39:47+08:00][sql] SELECT * FROM `user` WHERE  `id` IS NULL LIMIT 1 [ RunTime:0.000409s ]
[2021-08-03T14:41:11+08:00][info] 接口地址：Lists/getprice,接口输入：Array
(
    [timestamp] => 2021-08-03 14:41:11
)

[2021-08-03T14:41:11+08:00][sql] CONNECT:[ UseTime:0.017593s ] mysql:host=127.0.0.1;port=3306;dbname=aa;charset=utf8
[2021-08-03T14:41:11+08:00][sql] SHOW FULL COLUMNS FROM `user` [ RunTime:0.005934s ]
[2021-08-03T14:41:11+08:00][sql] SELECT * FROM `user` WHERE  `id` IS NULL LIMIT 1 [ RunTime:0.000693s ]
[2021-08-03T14:41:23+08:00][info] 接口地址：Lists/getprice,接口输入：Array
(
    [timestamp] => 2021-08-03 14:41:23
)

[2021-08-03T14:41:23+08:00][sql] CONNECT:[ UseTime:0.006099s ] mysql:host=127.0.0.1;port=3306;dbname=aa;charset=utf8
[2021-08-03T14:41:23+08:00][sql] SHOW FULL COLUMNS FROM `user` [ RunTime:0.001503s ]
[2021-08-03T14:41:23+08:00][sql] SELECT * FROM `user` WHERE  `id` IS NULL LIMIT 1 [ RunTime:0.000375s ]
[2021-08-03T14:44:09+08:00][info] 接口地址：Lists/getprice,接口输入：Array
(
    [timestamp] => 2021-08-03 14:44:09
)

[2021-08-03T14:44:09+08:00][sql] CONNECT:[ UseTime:0.012194s ] mysql:host=127.0.0.1;port=3306;dbname=aa;charset=utf8
[2021-08-03T14:44:09+08:00][sql] SHOW FULL COLUMNS FROM `user` [ RunTime:0.003611s ]
[2021-08-03T14:44:09+08:00][sql] SELECT * FROM `user` WHERE  `id` IS NULL LIMIT 1 [ RunTime:0.008618s ]
[2021-08-03T14:44:25+08:00][info] 接口地址：Lists/getprice,接口输入：Array
(
    [timestamp] => 2021-08-03 14:44:25
)

[2021-08-03T14:44:25+08:00][sql] CONNECT:[ UseTime:0.005941s ] mysql:host=127.0.0.1;port=3306;dbname=aa;charset=utf8
[2021-08-03T14:44:25+08:00][sql] SHOW FULL COLUMNS FROM `user` [ RunTime:0.001837s ]
[2021-08-03T14:44:25+08:00][sql] SELECT * FROM `user` WHERE  `id` IS NULL LIMIT 1 [ RunTime:0.000619s ]
[2021-08-03T14:44:44+08:00][info] 接口地址：Lists/getprice,接口输入：Array
(
    [timestamp] => 2021-08-03 14:44:44
)

[2021-08-03T14:44:44+08:00][sql] CONNECT:[ UseTime:0.000393s ] mysql:host=127.0.0.1;port=3306;dbname=aa;charset=utf8
[2021-08-03T14:44:44+08:00][sql] SHOW FULL COLUMNS FROM `user` [ RunTime:0.001309s ]
[2021-08-03T14:44:44+08:00][sql] SELECT * FROM `user` WHERE  `id` IS NULL LIMIT 1 [ RunTime:0.000411s ]
[2021-08-03T14:44:57+08:00][info] 接口地址：Lists/getprice,接口输入：Array
(
    [timestamp] => 2021-08-03 14:44:57
)

[2021-08-03T14:44:57+08:00][sql] CONNECT:[ UseTime:0.000313s ] mysql:host=127.0.0.1;port=3306;dbname=aa;charset=utf8
[2021-08-03T14:44:57+08:00][sql] SHOW FULL COLUMNS FROM `user` [ RunTime:0.001593s ]
[2021-08-03T14:44:57+08:00][sql] SELECT * FROM `user` WHERE  `id` IS NULL LIMIT 1 [ RunTime:0.000928s ]
[2021-08-03T14:44:58+08:00][info] 接口地址：Lists/getprice,接口输入：Array
(
    [timestamp] => 2021-08-03 14:44:58
)

[2021-08-03T14:44:58+08:00][sql] CONNECT:[ UseTime:0.000277s ] mysql:host=127.0.0.1;port=3306;dbname=aa;charset=utf8
[2021-08-03T14:44:58+08:00][sql] SHOW FULL COLUMNS FROM `user` [ RunTime:0.001319s ]
[2021-08-03T14:44:58+08:00][sql] SELECT * FROM `user` WHERE  `id` IS NULL LIMIT 1 [ RunTime:0.000569s ]
[2021-08-03T14:47:52+08:00][info] 接口地址：Lists/getprice,接口输入：Array
(
    [timestamp] => 2021-08-03 14:47:52
)

[2021-08-03T14:47:52+08:00][sql] CONNECT:[ UseTime:0.002676s ] mysql:host=127.0.0.1;port=3306;dbname=aa;charset=utf8
[2021-08-03T14:47:52+08:00][sql] SHOW FULL COLUMNS FROM `user` [ RunTime:0.003629s ]
[2021-08-03T14:47:52+08:00][sql] SELECT * FROM `user` WHERE  `id` IS NULL LIMIT 1 [ RunTime:0.000480s ]
[2021-08-03T14:49:27+08:00][info] 接口地址：Lists/getprice,接口输入：Array
(
    [timestamp] => 2021-08-03 14:49:27
)

[2021-08-03T14:49:27+08:00][sql] CONNECT:[ UseTime:0.000640s ] mysql:host=127.0.0.1;port=3306;dbname=aa;charset=utf8
[2021-08-03T14:49:27+08:00][sql] SHOW FULL COLUMNS FROM `user` [ RunTime:0.001443s ]
[2021-08-03T14:49:27+08:00][sql] SELECT * FROM `user` WHERE  `id` = 424 LIMIT 1 [ RunTime:0.000456s ]
[2021-08-03T14:49:40+08:00][info] 接口地址：Lists/getprice,接口输入：Array
(
    [timestamp] => 2021-08-03 14:49:40
)

[2021-08-03T14:49:40+08:00][sql] CONNECT:[ UseTime:0.000920s ] mysql:host=127.0.0.1;port=3306;dbname=aa;charset=utf8
[2021-08-03T14:49:40+08:00][sql] SHOW FULL COLUMNS FROM `user` [ RunTime:0.005773s ]
[2021-08-03T14:49:40+08:00][sql] SELECT * FROM `user` WHERE  `id` = 424 LIMIT 1 [ RunTime:0.000447s ]
[2021-08-03T14:51:37+08:00][info] 接口地址：Lists/getprice,接口输入：Array
(
    [timestamp] => 2021-08-03 14:51:37
)

[2021-08-03T14:51:37+08:00][sql] CONNECT:[ UseTime:0.000323s ] mysql:host=127.0.0.1;port=3306;dbname=aa;charset=utf8
[2021-08-03T14:51:37+08:00][sql] SHOW FULL COLUMNS FROM `user` [ RunTime:0.001343s ]
[2021-08-03T14:51:37+08:00][sql] SELECT * FROM `user` WHERE  `id` = 424 LIMIT 1 [ RunTime:0.000429s ]
[2021-08-03T14:53:14+08:00][info] 接口地址：Lists/getprice,接口输入：Array
(
    [timestamp] => 2021-08-03 14:53:14
)

[2021-08-03T14:53:14+08:00][sql] CONNECT:[ UseTime:0.024200s ] mysql:host=127.0.0.1;port=3306;dbname=aa;charset=utf8
[2021-08-03T14:53:14+08:00][sql] SHOW FULL COLUMNS FROM `user` [ RunTime:0.001783s ]
[2021-08-03T14:53:14+08:00][sql] SELECT * FROM `user` WHERE  `id` = 424 LIMIT 1 [ RunTime:0.001017s ]
[2021-08-03T14:53:54+08:00][info] 接口地址：Lists/getprice,接口输入：Array
(
    [timestamp] => 2021-08-03 14:53:54
)

[2021-08-03T14:53:54+08:00][sql] CONNECT:[ UseTime:0.008489s ] mysql:host=127.0.0.1;port=3306;dbname=aa;charset=utf8
[2021-08-03T14:53:54+08:00][sql] SHOW FULL COLUMNS FROM `user` [ RunTime:0.001707s ]
[2021-08-03T14:53:54+08:00][sql] SELECT * FROM `user` WHERE  `id` = 424 LIMIT 1 [ RunTime:0.000521s ]
[2021-08-03T14:54:23+08:00][info] 接口地址：Lists/getprice,接口输入：Array
(
    [timestamp] => 2021-08-03 14:54:23
)

[2021-08-03T14:54:23+08:00][sql] CONNECT:[ UseTime:0.004077s ] mysql:host=127.0.0.1;port=3306;dbname=aa;charset=utf8
[2021-08-03T14:54:23+08:00][sql] SHOW FULL COLUMNS FROM `user` [ RunTime:0.003978s ]
[2021-08-03T14:54:23+08:00][sql] SELECT * FROM `user` WHERE  `id` = 424 LIMIT 1 [ RunTime:0.000424s ]
[2021-08-03T14:54:39+08:00][info] 接口地址：Newlist/index,接口输入：Array
(
    [timestamp] => 2021-08-03 14:54:39
)

[2021-08-03T14:54:39+08:00][sql] CONNECT:[ UseTime:0.000789s ] mysql:host=127.0.0.1;port=3306;dbname=aa;charset=utf8
[2021-08-03T14:54:39+08:00][sql] SHOW FULL COLUMNS FROM `newlist` [ RunTime:0.001279s ]
[2021-08-03T14:54:39+08:00][sql] SELECT COUNT(*) AS think_count FROM `newlist` [ RunTime:0.000649s ]
[2021-08-03T14:54:39+08:00][sql] SELECT * FROM `newlist` ORDER BY `newlist_id` DESC LIMIT 0,20 [ RunTime:0.000313s ]
[2021-08-03T14:54:49+08:00][info] 接口地址：Lists/add,接口输入：Array
(
    [timestamp] => 2021-08-03 14:54:49
)

[2021-08-03T14:54:49+08:00][sql] CONNECT:[ UseTime:0.001289s ] mysql:host=127.0.0.1;port=3306;dbname=aa;charset=utf8
[2021-08-03T14:54:49+08:00][sql] SHOW FULL COLUMNS FROM `user` [ RunTime:0.001426s ]
[2021-08-03T14:54:49+08:00][sql] SELECT * FROM `user` WHERE  `id` = 424 LIMIT 1 [ RunTime:0.000431s ]
[2021-08-03T14:54:56+08:00][info] 接口地址：Lists/add,接口输入：Array
(
    [timestamp] => 2021-08-03 14:54:56
)

[2021-08-03T14:54:56+08:00][sql] CONNECT:[ UseTime:0.000329s ] mysql:host=127.0.0.1;port=3306;dbname=aa;charset=utf8
[2021-08-03T14:54:56+08:00][sql] SHOW FULL COLUMNS FROM `user` [ RunTime:0.001535s ]
[2021-08-03T14:54:56+08:00][sql] SELECT * FROM `user` WHERE  `id` = 424 LIMIT 1 [ RunTime:0.000486s ]
[2021-08-03T14:54:59+08:00][info] 接口地址：Lists/add,接口输入：Array
(
    [timestamp] => 2021-08-03 14:54:59
)

[2021-08-03T14:54:59+08:00][sql] CONNECT:[ UseTime:0.000493s ] mysql:host=127.0.0.1;port=3306;dbname=aa;charset=utf8
[2021-08-03T14:54:59+08:00][sql] SHOW FULL COLUMNS FROM `user` [ RunTime:0.001148s ]
[2021-08-03T14:54:59+08:00][sql] SELECT * FROM `user` WHERE  `id` = 424 LIMIT 1 [ RunTime:0.000468s ]
[2021-08-03T14:55:03+08:00][info] 接口地址：Lists/add,接口输入：Array
(
    [timestamp] => 2021-08-03 14:55:03
)

[2021-08-03T14:55:03+08:00][sql] CONNECT:[ UseTime:0.001592s ] mysql:host=127.0.0.1;port=3306;dbname=aa;charset=utf8
[2021-08-03T14:55:03+08:00][sql] SHOW FULL COLUMNS FROM `user` [ RunTime:0.001013s ]
[2021-08-03T14:55:03+08:00][sql] SELECT * FROM `user` WHERE  `id` = 424 LIMIT 1 [ RunTime:0.000450s ]
[2021-08-03T14:55:07+08:00][info] 接口地址：Lists/index,接口输入：Array
(
    [timestamp] => 2021-08-03 14:55:07
)

[2021-08-03T14:55:07+08:00][sql] CONNECT:[ UseTime:0.002006s ] mysql:host=127.0.0.1;port=3306;dbname=aa;charset=utf8
[2021-08-03T14:55:07+08:00][sql] SHOW FULL COLUMNS FROM `lists` [ RunTime:0.001598s ]
[2021-08-03T14:55:07+08:00][sql] SELECT COUNT(*) AS think_count FROM `lists` WHERE  `phone` = '15660005098' [ RunTime:0.001003s ]
[2021-08-03T14:55:07+08:00][sql] SELECT * FROM `lists` WHERE  `phone` = '15660005098' ORDER BY `lists_id` DESC LIMIT 0,20 [ RunTime:0.000544s ]
[2021-08-03T14:57:20+08:00][info] 接口地址：Lists/getprice,接口输入：Array
(
    [timestamp] => 2021-08-03 14:57:20
)

[2021-08-03T14:57:20+08:00][sql] CONNECT:[ UseTime:0.000789s ] mysql:host=127.0.0.1;port=3306;dbname=aa;charset=utf8
[2021-08-03T14:57:20+08:00][sql] SHOW FULL COLUMNS FROM `user` [ RunTime:0.001618s ]
[2021-08-03T14:57:20+08:00][sql] SELECT * FROM `user` WHERE  `id` = 424 LIMIT 1 [ RunTime:0.000563s ]
[2021-08-03T17:28:27+08:00][info] 接口地址：Lists/getprice,接口输入：Array
(
    [timestamp] => 2021-08-03 17:28:27
)

[2021-08-03T17:28:27+08:00][sql] CONNECT:[ UseTime:0.013998s ] mysql:host=127.0.0.1;port=3306;dbname=aa;charset=utf8
[2021-08-03T17:28:27+08:00][sql] SHOW FULL COLUMNS FROM `user` [ RunTime:0.001183s ]
[2021-08-03T17:28:27+08:00][sql] SELECT * FROM `user` WHERE  `id` IS NULL LIMIT 1 [ RunTime:0.000501s ]
[2021-08-03T17:41:08+08:00][info] 接口地址：Lists/getprice,接口输入：Array
(
    [timestamp] => 2021-08-03 17:41:08
)

[2021-08-03T17:41:08+08:00][sql] CONNECT:[ UseTime:0.000490s ] mysql:host=127.0.0.1;port=3306;dbname=aa;charset=utf8
[2021-08-03T17:41:08+08:00][sql] SHOW FULL COLUMNS FROM `user` [ RunTime:0.001068s ]
[2021-08-03T17:41:08+08:00][sql] SELECT * FROM `user` WHERE  `id` IS NULL LIMIT 1 [ RunTime:0.000397s ]
[2021-08-03T17:41:19+08:00][info] 接口地址：Lists/getprice,接口输入：Array
(
    [timestamp] => 2021-08-03 17:41:19
)

[2021-08-03T17:41:19+08:00][sql] CONNECT:[ UseTime:0.000430s ] mysql:host=127.0.0.1;port=3306;dbname=aa;charset=utf8
[2021-08-03T17:41:19+08:00][sql] SHOW FULL COLUMNS FROM `user` [ RunTime:0.001443s ]
[2021-08-03T17:41:19+08:00][sql] SELECT * FROM `user` WHERE  `id` IS NULL LIMIT 1 [ RunTime:0.000719s ]
[2021-08-03T17:41:55+08:00][info] 接口地址：Lists/getprice,接口输入：Array
(
    [timestamp] => 2021-08-03 17:41:55
)

[2021-08-03T17:41:55+08:00][sql] CONNECT:[ UseTime:0.001578s ] mysql:host=127.0.0.1;port=3306;dbname=aa;charset=utf8
[2021-08-03T17:41:55+08:00][sql] SHOW FULL COLUMNS FROM `user` [ RunTime:0.001456s ]
[2021-08-03T17:41:55+08:00][sql] SELECT * FROM `user` WHERE  `id` = 391 LIMIT 1 [ RunTime:0.000467s ]
[2021-08-03T17:42:14+08:00][info] 接口地址：Lists/getprice,接口输入：Array
(
    [timestamp] => 2021-08-03 17:42:14
)

[2021-08-03T17:42:14+08:00][sql] CONNECT:[ UseTime:0.000318s ] mysql:host=127.0.0.1;port=3306;dbname=aa;charset=utf8
[2021-08-03T17:42:14+08:00][sql] SHOW FULL COLUMNS FROM `user` [ RunTime:0.001614s ]
[2021-08-03T17:42:14+08:00][sql] SELECT * FROM `user` WHERE  `id` = 391 LIMIT 1 [ RunTime:0.000565s ]
[2021-08-03T17:42:16+08:00][info] 接口地址：Newlist/index,接口输入：Array
(
    [timestamp] => 2021-08-03 17:42:16
)

[2021-08-03T17:42:16+08:00][sql] CONNECT:[ UseTime:0.000780s ] mysql:host=127.0.0.1;port=3306;dbname=aa;charset=utf8
[2021-08-03T17:42:16+08:00][sql] SHOW FULL COLUMNS FROM `newlist` [ RunTime:0.002285s ]
[2021-08-03T17:42:16+08:00][sql] SELECT COUNT(*) AS think_count FROM `newlist` [ RunTime:0.000328s ]
[2021-08-03T17:42:16+08:00][sql] SELECT * FROM `newlist` ORDER BY `newlist_id` DESC LIMIT 0,20 [ RunTime:0.000259s ]
[2021-08-03T17:42:19+08:00][info] 接口地址：Lists/getprice,接口输入：Array
(
    [timestamp] => 2021-08-03 17:42:19
)

[2021-08-03T17:42:19+08:00][sql] CONNECT:[ UseTime:0.000495s ] mysql:host=127.0.0.1;port=3306;dbname=aa;charset=utf8
[2021-08-03T17:42:19+08:00][sql] SHOW FULL COLUMNS FROM `user` [ RunTime:0.001600s ]
[2021-08-03T17:42:19+08:00][sql] SELECT * FROM `user` WHERE  `id` = 391 LIMIT 1 [ RunTime:0.000520s ]
[2021-08-03T17:44:02+08:00][info] 接口地址：Lists/getprice,接口输入：Array
(
    [timestamp] => 2021-08-03 17:44:02
)

[2021-08-03T17:44:02+08:00][sql] CONNECT:[ UseTime:0.000540s ] mysql:host=127.0.0.1;port=3306;dbname=aa;charset=utf8
[2021-08-03T17:44:02+08:00][sql] SHOW FULL COLUMNS FROM `user` [ RunTime:0.001378s ]
[2021-08-03T17:44:02+08:00][sql] SELECT * FROM `user` WHERE  `id` = 391 LIMIT 1 [ RunTime:0.000458s ]
[2021-08-03T17:44:32+08:00][info] 接口地址：Lists/getprice,接口输入：Array
(
    [timestamp] => 2021-08-03 17:44:32
)

[2021-08-03T17:44:32+08:00][sql] CONNECT:[ UseTime:0.000432s ] mysql:host=127.0.0.1;port=3306;dbname=aa;charset=utf8
[2021-08-03T17:44:32+08:00][sql] SHOW FULL COLUMNS FROM `user` [ RunTime:0.001408s ]
[2021-08-03T17:44:32+08:00][sql] SELECT * FROM `user` WHERE  `id` = 391 LIMIT 1 [ RunTime:0.000557s ]
[2021-08-03T17:44:53+08:00][info] 接口地址：Lists/getprice,接口输入：Array
(
    [timestamp] => 2021-08-03 17:44:53
)

[2021-08-03T17:44:53+08:00][sql] CONNECT:[ UseTime:0.000541s ] mysql:host=127.0.0.1;port=3306;dbname=aa;charset=utf8
[2021-08-03T17:44:53+08:00][sql] SHOW FULL COLUMNS FROM `user` [ RunTime:0.001167s ]
[2021-08-03T17:44:53+08:00][sql] SELECT * FROM `user` WHERE  `id` = 391 LIMIT 1 [ RunTime:0.000429s ]
[2021-08-03T17:59:07+08:00][info] 接口地址：Lists/getprice,接口输入：Array
(
    [timestamp] => 2021-08-03 17:59:07
)

[2021-08-03T17:59:07+08:00][sql] CONNECT:[ UseTime:0.000334s ] mysql:host=127.0.0.1;port=3306;dbname=aa;charset=utf8
[2021-08-03T17:59:07+08:00][sql] SHOW FULL COLUMNS FROM `user` [ RunTime:0.004114s ]
[2021-08-03T17:59:07+08:00][sql] SELECT * FROM `user` WHERE  `id` = 391 LIMIT 1 [ RunTime:0.003749s ]
[2021-08-03T19:30:14+08:00][info] 接口地址：Lists/getprice,接口输入：Array
(
    [timestamp] => 2021-08-03 19:30:14
)

[2021-08-03T19:30:14+08:00][sql] CONNECT:[ UseTime:0.001737s ] mysql:host=127.0.0.1;port=3306;dbname=aa;charset=utf8
[2021-08-03T19:30:14+08:00][sql] SHOW FULL COLUMNS FROM `user` [ RunTime:0.004861s ]
[2021-08-03T19:30:14+08:00][sql] SELECT * FROM `user` WHERE  `id` = 391 LIMIT 1 [ RunTime:0.000432s ]
[2021-08-03T19:31:10+08:00][info] 接口地址：Lists/getprice,接口输入：Array
(
    [timestamp] => 2021-08-03 19:31:10
)

[2021-08-03T19:31:10+08:00][sql] CONNECT:[ UseTime:0.008441s ] mysql:host=127.0.0.1;port=3306;dbname=aa;charset=utf8
[2021-08-03T19:31:10+08:00][sql] SHOW FULL COLUMNS FROM `user` [ RunTime:0.001400s ]
[2021-08-03T19:31:10+08:00][sql] SELECT * FROM `user` WHERE  `id` = 391 LIMIT 1 [ RunTime:0.000422s ]
[2021-08-03T21:04:17+08:00][info] 接口地址：Lists/getprice,接口输入：Array
(
    [timestamp] => 2021-08-03 21:04:17
)

[2021-08-03T21:04:17+08:00][sql] CONNECT:[ UseTime:0.000579s ] mysql:host=127.0.0.1;port=3306;dbname=aa;charset=utf8
[2021-08-03T21:04:17+08:00][sql] SHOW FULL COLUMNS FROM `user` [ RunTime:0.002932s ]
[2021-08-03T21:04:17+08:00][sql] SELECT * FROM `user` WHERE  `id` IS NULL LIMIT 1 [ RunTime:0.000604s ]
[2021-08-03T21:04:25+08:00][info] 接口地址：Lists/getprice,接口输入：Array
(
    [timestamp] => 2021-08-03 21:04:25
)

[2021-08-03T21:04:25+08:00][sql] CONNECT:[ UseTime:0.000414s ] mysql:host=127.0.0.1;port=3306;dbname=aa;charset=utf8
[2021-08-03T21:04:25+08:00][sql] SHOW FULL COLUMNS FROM `user` [ RunTime:0.001221s ]
[2021-08-03T21:04:25+08:00][sql] SELECT * FROM `user` WHERE  `id` IS NULL LIMIT 1 [ RunTime:0.000376s ]
[2021-08-03T21:04:28+08:00][info] 接口地址：Lists/getprice,接口输入：Array
(
    [timestamp] => 2021-08-03 21:04:28
)

[2021-08-03T21:04:28+08:00][sql] CONNECT:[ UseTime:0.000399s ] mysql:host=127.0.0.1;port=3306;dbname=aa;charset=utf8
[2021-08-03T21:04:28+08:00][sql] SHOW FULL COLUMNS FROM `user` [ RunTime:0.003239s ]
[2021-08-03T21:04:28+08:00][sql] SELECT * FROM `user` WHERE  `id` IS NULL LIMIT 1 [ RunTime:0.000355s ]
