[2021-08-04T00:21:36+08:00][info] 接口地址：Lists/getprice,接口输入：Array
(
    [timestamp] => 2021-08-04 00:21:35
)

[2021-08-04T00:21:36+08:00][sql] CONNECT:[ UseTime:0.000798s ] mysql:host=127.0.0.1;port=3306;dbname=aa;charset=utf8
[2021-08-04T00:21:36+08:00][sql] SHOW FULL COLUMNS FROM `user` [ RunTime:0.001891s ]
[2021-08-04T00:21:36+08:00][sql] SELECT * FROM `user` WHERE  `id` IS NULL LIMIT 1 [ RunTime:0.000400s ]
[2021-08-04T00:21:46+08:00][info] 接口地址：Newlist/index,接口输入：Array
(
    [timestamp] => 2021-08-04 00:21:46
)

[2021-08-04T00:21:46+08:00][sql] CONNECT:[ UseTime:0.013860s ] mysql:host=127.0.0.1;port=3306;dbname=aa;charset=utf8
[2021-08-04T00:21:46+08:00][sql] SHOW FULL COLUMNS FROM `newlist` [ RunTime:0.010858s ]
[2021-08-04T00:21:46+08:00][sql] SELECT COUNT(*) AS think_count FROM `newlist` [ RunTime:0.001170s ]
[2021-08-04T00:21:46+08:00][sql] SELECT * FROM `newlist` ORDER BY `newlist_id` DESC LIMIT 0,20 [ RunTime:0.000451s ]
[2021-08-04T00:21:57+08:00][info] 接口地址：Lists/getprice,接口输入：Array
(
    [timestamp] => 2021-08-04 00:21:57
)

[2021-08-04T00:21:57+08:00][sql] CONNECT:[ UseTime:0.000557s ] mysql:host=127.0.0.1;port=3306;dbname=aa;charset=utf8
[2021-08-04T00:21:57+08:00][sql] SHOW FULL COLUMNS FROM `user` [ RunTime:0.001355s ]
[2021-08-04T00:21:57+08:00][sql] SELECT * FROM `user` WHERE  `id` IS NULL LIMIT 1 [ RunTime:0.000365s ]
[2021-08-04T00:22:54+08:00][info] 接口地址：Lists/getprice,接口输入：Array
(
    [timestamp] => 2021-08-04 00:22:54
)

[2021-08-04T00:22:54+08:00][sql] CONNECT:[ UseTime:0.001183s ] mysql:host=127.0.0.1;port=3306;dbname=aa;charset=utf8
[2021-08-04T00:22:54+08:00][sql] SHOW FULL COLUMNS FROM `user` [ RunTime:0.001392s ]
[2021-08-04T00:22:54+08:00][sql] SELECT * FROM `user` WHERE  `id` IS NULL LIMIT 1 [ RunTime:0.000389s ]
[2021-08-04T00:23:08+08:00][info] 接口地址：Lists/getprice,接口输入：Array
(
    [timestamp] => 2021-08-04 00:23:08
)

[2021-08-04T00:23:08+08:00][sql] CONNECT:[ UseTime:0.000465s ] mysql:host=127.0.0.1;port=3306;dbname=aa;charset=utf8
[2021-08-04T00:23:08+08:00][sql] SHOW FULL COLUMNS FROM `user` [ RunTime:0.001455s ]
[2021-08-04T00:23:08+08:00][sql] SELECT * FROM `user` WHERE  `id` IS NULL LIMIT 1 [ RunTime:0.000457s ]
[2021-08-04T00:25:38+08:00][info] 接口地址：Lists/getprice,接口输入：Array
(
    [timestamp] => 2021-08-04 00:25:38
)

[2021-08-04T00:25:38+08:00][sql] CONNECT:[ UseTime:0.000506s ] mysql:host=127.0.0.1;port=3306;dbname=aa;charset=utf8
[2021-08-04T00:25:38+08:00][sql] SHOW FULL COLUMNS FROM `user` [ RunTime:0.001726s ]
[2021-08-04T00:25:38+08:00][sql] SELECT * FROM `user` WHERE  `id` IS NULL LIMIT 1 [ RunTime:0.000358s ]
[2021-08-04T00:38:23+08:00][info] 接口地址：Lists/getprice,接口输入：Array
(
    [timestamp] => 2021-08-04 00:38:23
)

[2021-08-04T00:38:23+08:00][sql] CONNECT:[ UseTime:0.000329s ] mysql:host=127.0.0.1;port=3306;dbname=aa;charset=utf8
[2021-08-04T00:38:23+08:00][sql] SHOW FULL COLUMNS FROM `user` [ RunTime:0.001639s ]
[2021-08-04T00:38:23+08:00][sql] SELECT * FROM `user` WHERE  `id` IS NULL LIMIT 1 [ RunTime:0.000394s ]
[2021-08-04T03:15:00+08:00][info] 接口地址：Lists/getprice,接口输入：Array
(
    [timestamp] => 2021-08-04 03:15:00
)

[2021-08-04T03:15:00+08:00][sql] CONNECT:[ UseTime:0.005948s ] mysql:host=127.0.0.1;port=3306;dbname=aa;charset=utf8
[2021-08-04T03:15:00+08:00][sql] SHOW FULL COLUMNS FROM `user` [ RunTime:0.001955s ]
[2021-08-04T03:15:00+08:00][sql] SELECT * FROM `user` WHERE  `id` IS NULL LIMIT 1 [ RunTime:0.000477s ]
[2021-08-04T03:15:33+08:00][info] 接口地址：Lists/getprice,接口输入：Array
(
    [timestamp] => 2021-08-04 03:15:33
)

[2021-08-04T03:15:33+08:00][sql] CONNECT:[ UseTime:0.000516s ] mysql:host=127.0.0.1;port=3306;dbname=aa;charset=utf8
[2021-08-04T03:15:33+08:00][sql] SHOW FULL COLUMNS FROM `user` [ RunTime:0.001358s ]
[2021-08-04T03:15:33+08:00][sql] SELECT * FROM `user` WHERE  `id` IS NULL LIMIT 1 [ RunTime:0.000436s ]
[2021-08-04T08:37:00+08:00][error] [0]控制器不存在[/www/wwwroot/3.0xingu/xingupeizi/xingu.dxcfd.com/new/app/api/controller/Error.php:9]
[2021-08-04T08:55:41+08:00][info] 接口地址：Lists/getprice,接口输入：Array
(
    [timestamp] => 2021-08-04 08:55:41
)

[2021-08-04T08:55:41+08:00][sql] CONNECT:[ UseTime:0.012734s ] mysql:host=127.0.0.1;port=3306;dbname=aa;charset=utf8
[2021-08-04T08:55:41+08:00][sql] SHOW FULL COLUMNS FROM `user` [ RunTime:0.001319s ]
[2021-08-04T08:55:41+08:00][sql] SELECT * FROM `user` WHERE  `id` IS NULL LIMIT 1 [ RunTime:0.000555s ]
[2021-08-04T10:46:57+08:00][info] 接口地址：Lists/getprice,接口输入：Array
(
    [timestamp] => 2021-08-04 10:46:57
)

[2021-08-04T10:46:57+08:00][sql] CONNECT:[ UseTime:0.000629s ] mysql:host=127.0.0.1;port=3306;dbname=aa;charset=utf8
[2021-08-04T10:46:57+08:00][sql] SHOW FULL COLUMNS FROM `user` [ RunTime:0.001631s ]
[2021-08-04T10:46:57+08:00][sql] SELECT * FROM `user` WHERE  `id` = 391 LIMIT 1 [ RunTime:0.000510s ]
[2021-08-04T10:50:02+08:00][info] 接口地址：Lists/getprice,接口输入：Array
(
    [timestamp] => 2021-08-04 10:50:02
)

[2021-08-04T10:50:02+08:00][sql] CONNECT:[ UseTime:0.000395s ] mysql:host=127.0.0.1;port=3306;dbname=aa;charset=utf8
[2021-08-04T10:50:02+08:00][sql] SHOW FULL COLUMNS FROM `user` [ RunTime:0.001502s ]
[2021-08-04T10:50:02+08:00][sql] SELECT * FROM `user` WHERE  `id` = 425 LIMIT 1 [ RunTime:0.003058s ]
[2021-08-04T15:55:31+08:00][info] 接口地址：Lists/getprice,接口输入：Array
(
    [timestamp] => 2021-08-04 15:55:31
)

[2021-08-04T15:55:31+08:00][sql] CONNECT:[ UseTime:0.007246s ] mysql:host=127.0.0.1;port=3306;dbname=aa;charset=utf8
[2021-08-04T15:55:31+08:00][sql] SHOW FULL COLUMNS FROM `user` [ RunTime:0.001153s ]
[2021-08-04T15:55:31+08:00][sql] SELECT * FROM `user` WHERE  `id` IS NULL LIMIT 1 [ RunTime:0.000381s ]
[2021-08-04T15:55:57+08:00][info] 接口地址：Lists/getprice,接口输入：Array
(
    [timestamp] => 2021-08-04 15:55:57
)

[2021-08-04T15:55:57+08:00][sql] CONNECT:[ UseTime:0.000854s ] mysql:host=127.0.0.1;port=3306;dbname=aa;charset=utf8
[2021-08-04T15:55:57+08:00][sql] SHOW FULL COLUMNS FROM `user` [ RunTime:0.001370s ]
[2021-08-04T15:55:57+08:00][sql] SELECT * FROM `user` WHERE  `id` IS NULL LIMIT 1 [ RunTime:0.000378s ]
[2021-08-04T15:56:10+08:00][info] 接口地址：Lists/getprice,接口输入：Array
(
    [timestamp] => 2021-08-04 15:56:10
)

[2021-08-04T15:56:10+08:00][sql] CONNECT:[ UseTime:0.000425s ] mysql:host=127.0.0.1;port=3306;dbname=aa;charset=utf8
[2021-08-04T15:56:10+08:00][sql] SHOW FULL COLUMNS FROM `user` [ RunTime:0.001376s ]
[2021-08-04T15:56:10+08:00][sql] SELECT * FROM `user` WHERE  `id` IS NULL LIMIT 1 [ RunTime:0.001155s ]
[2021-08-04T15:56:42+08:00][info] 接口地址：Lists/getprice,接口输入：Array
(
    [timestamp] => 2021-08-04 15:56:42
)

[2021-08-04T15:56:42+08:00][sql] CONNECT:[ UseTime:0.000387s ] mysql:host=127.0.0.1;port=3306;dbname=aa;charset=utf8
[2021-08-04T15:56:42+08:00][sql] SHOW FULL COLUMNS FROM `user` [ RunTime:0.001404s ]
[2021-08-04T15:56:42+08:00][sql] SELECT * FROM `user` WHERE  `id` IS NULL LIMIT 1 [ RunTime:0.000698s ]
[2021-08-04T15:56:49+08:00][info] 接口地址：Lists/getprice,接口输入：Array
(
    [timestamp] => 2021-08-04 15:56:49
)

[2021-08-04T15:56:49+08:00][sql] CONNECT:[ UseTime:0.001033s ] mysql:host=127.0.0.1;port=3306;dbname=aa;charset=utf8
[2021-08-04T15:56:49+08:00][sql] SHOW FULL COLUMNS FROM `user` [ RunTime:0.001447s ]
[2021-08-04T15:56:49+08:00][sql] SELECT * FROM `user` WHERE  `id` IS NULL LIMIT 1 [ RunTime:0.000396s ]
[2021-08-04T15:56:56+08:00][info] 接口地址：Lists/getprice,接口输入：Array
(
    [timestamp] => 2021-08-04 15:56:56
)

[2021-08-04T15:56:56+08:00][sql] CONNECT:[ UseTime:0.000499s ] mysql:host=127.0.0.1;port=3306;dbname=aa;charset=utf8
[2021-08-04T15:56:56+08:00][sql] SHOW FULL COLUMNS FROM `user` [ RunTime:0.001385s ]
[2021-08-04T15:56:56+08:00][sql] SELECT * FROM `user` WHERE  `id` IS NULL LIMIT 1 [ RunTime:0.000846s ]
[2021-08-04T15:57:02+08:00][info] 接口地址：Lists/getprice,接口输入：Array
(
    [timestamp] => 2021-08-04 15:57:02
)

[2021-08-04T15:57:02+08:00][sql] CONNECT:[ UseTime:0.000544s ] mysql:host=127.0.0.1;port=3306;dbname=aa;charset=utf8
[2021-08-04T15:57:02+08:00][sql] SHOW FULL COLUMNS FROM `user` [ RunTime:0.001731s ]
[2021-08-04T15:57:02+08:00][sql] SELECT * FROM `user` WHERE  `id` IS NULL LIMIT 1 [ RunTime:0.003768s ]
[2021-08-04T15:57:05+08:00][info] 接口地址：Lists/getprice,接口输入：Array
(
    [timestamp] => 2021-08-04 15:57:05
)

[2021-08-04T15:57:05+08:00][sql] CONNECT:[ UseTime:0.039121s ] mysql:host=127.0.0.1;port=3306;dbname=aa;charset=utf8
[2021-08-04T15:57:05+08:00][sql] SHOW FULL COLUMNS FROM `user` [ RunTime:0.005864s ]
[2021-08-04T15:57:05+08:00][sql] SELECT * FROM `user` WHERE  `id` IS NULL LIMIT 1 [ RunTime:0.000382s ]
[2021-08-04T15:57:16+08:00][info] 接口地址：Lists/getprice,接口输入：Array
(
    [timestamp] => 2021-08-04 15:57:16
)

[2021-08-04T15:57:16+08:00][sql] CONNECT:[ UseTime:0.000575s ] mysql:host=127.0.0.1;port=3306;dbname=aa;charset=utf8
[2021-08-04T15:57:16+08:00][sql] SHOW FULL COLUMNS FROM `user` [ RunTime:0.001296s ]
[2021-08-04T15:57:16+08:00][sql] SELECT * FROM `user` WHERE  `id` IS NULL LIMIT 1 [ RunTime:0.000609s ]
[2021-08-04T15:57:19+08:00][info] 接口地址：Lists/getprice,接口输入：Array
(
    [timestamp] => 2021-08-04 15:57:19
)

[2021-08-04T15:57:19+08:00][sql] CONNECT:[ UseTime:0.000593s ] mysql:host=127.0.0.1;port=3306;dbname=aa;charset=utf8
[2021-08-04T15:57:19+08:00][sql] SHOW FULL COLUMNS FROM `user` [ RunTime:0.001446s ]
[2021-08-04T15:57:19+08:00][sql] SELECT * FROM `user` WHERE  `id` IS NULL LIMIT 1 [ RunTime:0.000744s ]
[2021-08-04T16:00:09+08:00][info] 接口地址：Lists/getprice,接口输入：Array
(
    [timestamp] => 2021-08-04 16:00:09
)

[2021-08-04T16:00:09+08:00][sql] CONNECT:[ UseTime:0.006921s ] mysql:host=127.0.0.1;port=3306;dbname=aa;charset=utf8
[2021-08-04T16:00:09+08:00][sql] SHOW FULL COLUMNS FROM `user` [ RunTime:0.001188s ]
[2021-08-04T16:00:09+08:00][sql] SELECT * FROM `user` WHERE  `id` IS NULL LIMIT 1 [ RunTime:0.000394s ]
[2021-08-04T16:25:36+08:00][info] 接口地址：Lists/getprice,接口输入：Array
(
    [timestamp] => 2021-08-04 16:25:36
)

[2021-08-04T16:25:36+08:00][sql] CONNECT:[ UseTime:0.000905s ] mysql:host=127.0.0.1;port=3306;dbname=aa;charset=utf8
[2021-08-04T16:25:36+08:00][sql] SHOW FULL COLUMNS FROM `user` [ RunTime:0.001435s ]
[2021-08-04T16:25:36+08:00][sql] SELECT * FROM `user` WHERE  `id` IS NULL LIMIT 1 [ RunTime:0.000640s ]
[2021-08-04T16:26:16+08:00][info] 接口地址：Lists/getprice,接口输入：Array
(
    [timestamp] => 2021-08-04 16:26:16
)

[2021-08-04T16:26:16+08:00][sql] CONNECT:[ UseTime:0.001665s ] mysql:host=127.0.0.1;port=3306;dbname=aa;charset=utf8
[2021-08-04T16:26:16+08:00][sql] SHOW FULL COLUMNS FROM `user` [ RunTime:0.002070s ]
[2021-08-04T16:26:16+08:00][sql] SELECT * FROM `user` WHERE  `id` IS NULL LIMIT 1 [ RunTime:0.001179s ]
[2021-08-04T16:26:28+08:00][info] 接口地址：Lists/getprice,接口输入：Array
(
    [timestamp] => 2021-08-04 16:26:28
)

[2021-08-04T16:26:28+08:00][sql] CONNECT:[ UseTime:0.001799s ] mysql:host=127.0.0.1;port=3306;dbname=aa;charset=utf8
[2021-08-04T16:26:28+08:00][sql] SHOW FULL COLUMNS FROM `user` [ RunTime:0.019060s ]
[2021-08-04T16:26:28+08:00][sql] SELECT * FROM `user` WHERE  `id` = 391 LIMIT 1 [ RunTime:0.001261s ]
[2021-08-04T16:26:36+08:00][info] 接口地址：Lists/getprice,接口输入：Array
(
    [timestamp] => 2021-08-04 16:26:36
)

[2021-08-04T16:26:36+08:00][sql] CONNECT:[ UseTime:0.000338s ] mysql:host=127.0.0.1;port=3306;dbname=aa;charset=utf8
[2021-08-04T16:26:36+08:00][sql] SHOW FULL COLUMNS FROM `user` [ RunTime:0.001517s ]
[2021-08-04T16:26:36+08:00][sql] SELECT * FROM `user` WHERE  `id` = 391 LIMIT 1 [ RunTime:0.000479s ]
[2021-08-04T16:26:48+08:00][info] 接口地址：Lists/getprice,接口输入：Array
(
    [timestamp] => 2021-08-04 16:26:48
)

[2021-08-04T16:26:48+08:00][sql] CONNECT:[ UseTime:0.004268s ] mysql:host=127.0.0.1;port=3306;dbname=aa;charset=utf8
[2021-08-04T16:26:48+08:00][sql] SHOW FULL COLUMNS FROM `user` [ RunTime:0.001388s ]
[2021-08-04T16:26:48+08:00][sql] SELECT * FROM `user` WHERE  `id` = 391 LIMIT 1 [ RunTime:0.000469s ]
[2021-08-04T16:26:50+08:00][info] 接口地址：Newlist/index,接口输入：Array
(
    [timestamp] => 2021-08-04 16:26:49
)

[2021-08-04T16:26:50+08:00][sql] CONNECT:[ UseTime:0.000804s ] mysql:host=127.0.0.1;port=3306;dbname=aa;charset=utf8
[2021-08-04T16:26:50+08:00][sql] SHOW FULL COLUMNS FROM `newlist` [ RunTime:0.006747s ]
[2021-08-04T16:26:50+08:00][sql] SELECT COUNT(*) AS think_count FROM `newlist` [ RunTime:0.004114s ]
[2021-08-04T16:26:50+08:00][sql] SELECT * FROM `newlist` ORDER BY `newlist_id` DESC LIMIT 0,20 [ RunTime:0.000626s ]
[2021-08-04T16:26:56+08:00][info] 接口地址：Lists/add,接口输入：Array
(
    [timestamp] => 2021-08-04 16:26:56
)

[2021-08-04T16:26:56+08:00][sql] CONNECT:[ UseTime:0.000363s ] mysql:host=127.0.0.1;port=3306;dbname=aa;charset=utf8
[2021-08-04T16:26:56+08:00][sql] SHOW FULL COLUMNS FROM `user` [ RunTime:0.001314s ]
[2021-08-04T16:26:56+08:00][sql] SELECT * FROM `user` WHERE  `id` = 391 LIMIT 1 [ RunTime:0.000448s ]
[2021-08-04T16:27:32+08:00][info] 接口地址：Lists/getprice,接口输入：Array
(
    [timestamp] => 2021-08-04 16:27:32
)

[2021-08-04T16:27:32+08:00][sql] CONNECT:[ UseTime:0.000413s ] mysql:host=127.0.0.1;port=3306;dbname=aa;charset=utf8
[2021-08-04T16:27:32+08:00][sql] SHOW FULL COLUMNS FROM `user` [ RunTime:0.001475s ]
[2021-08-04T16:27:32+08:00][sql] SELECT * FROM `user` WHERE  `id` = 391 LIMIT 1 [ RunTime:0.000764s ]
[2021-08-04T16:27:35+08:00][info] 接口地址：Lists/getprice,接口输入：Array
(
    [timestamp] => 2021-08-04 16:27:35
)

[2021-08-04T16:27:35+08:00][sql] CONNECT:[ UseTime:0.013994s ] mysql:host=127.0.0.1;port=3306;dbname=aa;charset=utf8
[2021-08-04T16:27:35+08:00][sql] SHOW FULL COLUMNS FROM `user` [ RunTime:0.001133s ]
[2021-08-04T16:27:35+08:00][sql] SELECT * FROM `user` WHERE  `id` = 391 LIMIT 1 [ RunTime:0.000483s ]
[2021-08-04T16:27:42+08:00][info] 接口地址：Lists/getprice,接口输入：Array
(
    [timestamp] => 2021-08-04 16:27:42
)

[2021-08-04T16:27:42+08:00][sql] CONNECT:[ UseTime:0.002519s ] mysql:host=127.0.0.1;port=3306;dbname=aa;charset=utf8
[2021-08-04T16:27:42+08:00][sql] SHOW FULL COLUMNS FROM `user` [ RunTime:0.001290s ]
[2021-08-04T16:27:42+08:00][sql] SELECT * FROM `user` WHERE  `id` = 391 LIMIT 1 [ RunTime:0.000570s ]
[2021-08-04T16:27:45+08:00][info] 接口地址：Lists/getprice,接口输入：Array
(
    [timestamp] => 2021-08-04 16:27:45
)

[2021-08-04T16:27:45+08:00][sql] CONNECT:[ UseTime:0.000541s ] mysql:host=127.0.0.1;port=3306;dbname=aa;charset=utf8
[2021-08-04T16:27:45+08:00][sql] SHOW FULL COLUMNS FROM `user` [ RunTime:0.001413s ]
[2021-08-04T16:27:45+08:00][sql] SELECT * FROM `user` WHERE  `id` = 391 LIMIT 1 [ RunTime:0.000491s ]
[2021-08-04T16:27:53+08:00][info] 接口地址：Lists/getprice,接口输入：Array
(
    [timestamp] => 2021-08-04 16:27:53
)

[2021-08-04T16:27:53+08:00][sql] CONNECT:[ UseTime:0.000513s ] mysql:host=127.0.0.1;port=3306;dbname=aa;charset=utf8
[2021-08-04T16:27:53+08:00][sql] SHOW FULL COLUMNS FROM `user` [ RunTime:0.001365s ]
[2021-08-04T16:27:53+08:00][sql] SELECT * FROM `user` WHERE  `id` = 391 LIMIT 1 [ RunTime:0.000461s ]
[2021-08-04T16:30:36+08:00][info] 接口地址：Lists/getprice,接口输入：Array
(
    [timestamp] => 2021-08-04 16:30:36
)

[2021-08-04T16:30:36+08:00][sql] CONNECT:[ UseTime:0.000511s ] mysql:host=127.0.0.1;port=3306;dbname=aa;charset=utf8
[2021-08-04T16:30:36+08:00][sql] SHOW FULL COLUMNS FROM `user` [ RunTime:0.001750s ]
[2021-08-04T16:30:36+08:00][sql] SELECT * FROM `user` WHERE  `id` = 391 LIMIT 1 [ RunTime:0.000838s ]
[2021-08-04T17:25:47+08:00][info] 接口地址：Lists/getprice,接口输入：Array
(
    [timestamp] => 2021-08-04 17:25:47
)

[2021-08-04T17:25:47+08:00][sql] CONNECT:[ UseTime:0.000344s ] mysql:host=127.0.0.1;port=3306;dbname=aa;charset=utf8
[2021-08-04T17:25:47+08:00][sql] SHOW FULL COLUMNS FROM `user` [ RunTime:0.002058s ]
[2021-08-04T17:25:47+08:00][sql] SELECT * FROM `user` WHERE  `id` = 421 LIMIT 1 [ RunTime:0.000508s ]
[2021-08-04T17:32:44+08:00][info] 接口地址：Lists/getprice,接口输入：Array
(
    [timestamp] => 2021-08-04 17:32:44
)

[2021-08-04T17:32:44+08:00][sql] CONNECT:[ UseTime:0.000382s ] mysql:host=127.0.0.1;port=3306;dbname=aa;charset=utf8
[2021-08-04T17:32:44+08:00][sql] SHOW FULL COLUMNS FROM `user` [ RunTime:0.001336s ]
[2021-08-04T17:32:44+08:00][sql] SELECT * FROM `user` WHERE  `id` = 421 LIMIT 1 [ RunTime:0.000443s ]
[2021-08-04T18:13:14+08:00][info] 接口地址：Lists/getprice,接口输入：Array
(
    [timestamp] => 2021-08-04 18:13:14
)

[2021-08-04T18:13:14+08:00][sql] CONNECT:[ UseTime:0.006229s ] mysql:host=127.0.0.1;port=3306;dbname=aa;charset=utf8
[2021-08-04T18:13:14+08:00][sql] SHOW FULL COLUMNS FROM `user` [ RunTime:0.001209s ]
[2021-08-04T18:13:14+08:00][sql] SELECT * FROM `user` WHERE  `id` IS NULL LIMIT 1 [ RunTime:0.001816s ]
[2021-08-04T18:13:20+08:00][info] 接口地址：Lists/getprice,接口输入：Array
(
    [timestamp] => 2021-08-04 18:13:20
)

[2021-08-04T18:13:20+08:00][sql] CONNECT:[ UseTime:0.000400s ] mysql:host=127.0.0.1;port=3306;dbname=aa;charset=utf8
[2021-08-04T18:13:20+08:00][sql] SHOW FULL COLUMNS FROM `user` [ RunTime:0.001271s ]
[2021-08-04T18:13:20+08:00][sql] SELECT * FROM `user` WHERE  `id` IS NULL LIMIT 1 [ RunTime:0.000347s ]
[2021-08-04T18:13:28+08:00][info] 接口地址：Lists/getprice,接口输入：Array
(
    [timestamp] => 2021-08-04 18:13:28
)

[2021-08-04T18:13:28+08:00][sql] CONNECT:[ UseTime:0.000453s ] mysql:host=127.0.0.1;port=3306;dbname=aa;charset=utf8
[2021-08-04T18:13:28+08:00][sql] SHOW FULL COLUMNS FROM `user` [ RunTime:0.001285s ]
[2021-08-04T18:13:28+08:00][sql] SELECT * FROM `user` WHERE  `id` IS NULL LIMIT 1 [ RunTime:0.000343s ]
[2021-08-04T18:13:33+08:00][info] 接口地址：Lists/getprice,接口输入：Array
(
    [timestamp] => 2021-08-04 18:13:33
)

[2021-08-04T18:13:33+08:00][sql] CONNECT:[ UseTime:0.000834s ] mysql:host=127.0.0.1;port=3306;dbname=aa;charset=utf8
[2021-08-04T18:13:33+08:00][sql] SHOW FULL COLUMNS FROM `user` [ RunTime:0.001454s ]
[2021-08-04T18:13:33+08:00][sql] SELECT * FROM `user` WHERE  `id` IS NULL LIMIT 1 [ RunTime:0.000726s ]
[2021-08-04T18:13:38+08:00][info] 接口地址：Lists/getprice,接口输入：Array
(
    [timestamp] => 2021-08-04 18:13:38
)

[2021-08-04T18:13:38+08:00][sql] CONNECT:[ UseTime:0.001459s ] mysql:host=127.0.0.1;port=3306;dbname=aa;charset=utf8
[2021-08-04T18:13:38+08:00][sql] SHOW FULL COLUMNS FROM `user` [ RunTime:0.011332s ]
[2021-08-04T18:13:38+08:00][sql] SELECT * FROM `user` WHERE  `id` IS NULL LIMIT 1 [ RunTime:0.002553s ]
[2021-08-04T18:13:41+08:00][info] 接口地址：Lists/getprice,接口输入：Array
(
    [timestamp] => 2021-08-04 18:13:41
)

[2021-08-04T18:13:41+08:00][sql] CONNECT:[ UseTime:0.001205s ] mysql:host=127.0.0.1;port=3306;dbname=aa;charset=utf8
[2021-08-04T18:13:41+08:00][sql] SHOW FULL COLUMNS FROM `user` [ RunTime:0.001327s ]
[2021-08-04T18:13:41+08:00][sql] SELECT * FROM `user` WHERE  `id` IS NULL LIMIT 1 [ RunTime:0.000428s ]
[2021-08-04T18:13:43+08:00][info] 接口地址：Lists/getprice,接口输入：Array
(
    [timestamp] => 2021-08-04 18:13:43
)

[2021-08-04T18:13:43+08:00][sql] CONNECT:[ UseTime:0.000610s ] mysql:host=127.0.0.1;port=3306;dbname=aa;charset=utf8
[2021-08-04T18:13:43+08:00][sql] SHOW FULL COLUMNS FROM `user` [ RunTime:0.001280s ]
[2021-08-04T18:13:43+08:00][sql] SELECT * FROM `user` WHERE  `id` IS NULL LIMIT 1 [ RunTime:0.000351s ]
[2021-08-04T18:13:46+08:00][info] 接口地址：Lists/getprice,接口输入：Array
(
    [timestamp] => 2021-08-04 18:13:46
)

[2021-08-04T18:13:46+08:00][sql] CONNECT:[ UseTime:0.003253s ] mysql:host=127.0.0.1;port=3306;dbname=aa;charset=utf8
[2021-08-04T18:13:46+08:00][sql] SHOW FULL COLUMNS FROM `user` [ RunTime:0.004607s ]
[2021-08-04T18:13:46+08:00][sql] SELECT * FROM `user` WHERE  `id` IS NULL LIMIT 1 [ RunTime:0.000453s ]
[2021-08-04T18:13:51+08:00][info] 接口地址：Lists/getprice,接口输入：Array
(
    [timestamp] => 2021-08-04 18:13:51
)

[2021-08-04T18:13:51+08:00][sql] CONNECT:[ UseTime:0.000398s ] mysql:host=127.0.0.1;port=3306;dbname=aa;charset=utf8
[2021-08-04T18:13:51+08:00][sql] SHOW FULL COLUMNS FROM `user` [ RunTime:0.001400s ]
[2021-08-04T18:13:51+08:00][sql] SELECT * FROM `user` WHERE  `id` IS NULL LIMIT 1 [ RunTime:0.000354s ]
[2021-08-04T19:01:37+08:00][info] 接口地址：Lists/getprice,接口输入：Array
(
    [timestamp] => 2021-08-04 19:01:37
)

[2021-08-04T19:01:37+08:00][sql] CONNECT:[ UseTime:0.001417s ] mysql:host=127.0.0.1;port=3306;dbname=aa;charset=utf8
[2021-08-04T19:01:37+08:00][sql] SHOW FULL COLUMNS FROM `user` [ RunTime:0.001381s ]
[2021-08-04T19:01:37+08:00][sql] SELECT * FROM `user` WHERE  `id` = 421 LIMIT 1 [ RunTime:0.004374s ]
