[2021-08-16T04:45:42+08:00][info] 接口地址：Lists/getprice,接口输入：Array
(
    [timestamp] => 2021-08-16 04:45:42
)

[2021-08-16T04:45:42+08:00][sql] CONNECT:[ UseTime:0.006583s ] mysql:host=127.0.0.1;port=3306;dbname=aa;charset=utf8
[2021-08-16T04:45:42+08:00][sql] SHOW FULL COLUMNS FROM `user` [ RunTime:0.001089s ]
[2021-08-16T04:45:42+08:00][sql] SELECT * FROM `user` WHERE  `id` = 71 LIMIT 1 [ RunTime:0.000414s ]
[2021-08-16T04:45:57+08:00][info] 接口地址：Lists/getprice,接口输入：Array
(
    [timestamp] => 2021-08-16 04:45:57
)

[2021-08-16T04:45:57+08:00][sql] CONNECT:[ UseTime:0.000371s ] mysql:host=127.0.0.1;port=3306;dbname=aa;charset=utf8
[2021-08-16T04:45:57+08:00][sql] SHOW FULL COLUMNS FROM `user` [ RunTime:0.002904s ]
[2021-08-16T04:45:57+08:00][sql] SELECT * FROM `user` WHERE  `id` = 71 LIMIT 1 [ RunTime:0.000477s ]
[2021-08-16T10:28:10+08:00][info] 接口地址：Lists/getprice,接口输入：Array
(
    [timestamp] => 2021-08-16 10:28:10
)

[2021-08-16T10:28:10+08:00][sql] CONNECT:[ UseTime:0.010474s ] mysql:host=127.0.0.1;port=3306;dbname=aa;charset=utf8
[2021-08-16T10:28:10+08:00][sql] SHOW FULL COLUMNS FROM `user` [ RunTime:0.002757s ]
[2021-08-16T10:28:10+08:00][sql] SELECT * FROM `user` WHERE  `id` IS NULL LIMIT 1 [ RunTime:0.000401s ]
[2021-08-16T10:29:15+08:00][info] 接口地址：Lists/getprice,接口输入：Array
(
    [timestamp] => 2021-08-16 10:29:15
)

[2021-08-16T10:29:15+08:00][sql] CONNECT:[ UseTime:0.001076s ] mysql:host=127.0.0.1;port=3306;dbname=aa;charset=utf8
[2021-08-16T10:29:15+08:00][sql] SHOW FULL COLUMNS FROM `user` [ RunTime:0.002153s ]
[2021-08-16T10:29:15+08:00][sql] SELECT * FROM `user` WHERE  `id` = 427 LIMIT 1 [ RunTime:0.000465s ]
[2021-08-16T11:40:48+08:00][info] 接口地址：Lists/getprice,接口输入：Array
(
    [timestamp] => 2021-08-16 11:40:48
)

[2021-08-16T11:40:48+08:00][sql] CONNECT:[ UseTime:0.000460s ] mysql:host=127.0.0.1;port=3306;dbname=aa;charset=utf8
[2021-08-16T11:40:48+08:00][sql] SHOW FULL COLUMNS FROM `user` [ RunTime:0.001127s ]
[2021-08-16T11:40:48+08:00][sql] SELECT * FROM `user` WHERE  `id` IS NULL LIMIT 1 [ RunTime:0.000384s ]
[2021-08-16T12:46:54+08:00][info] 接口地址：Lists/getprice,接口输入：Array
(
    [timestamp] => 2021-08-16 12:46:54
)

[2021-08-16T12:46:54+08:00][sql] CONNECT:[ UseTime:0.000363s ] mysql:host=127.0.0.1;port=3306;dbname=aa;charset=utf8
[2021-08-16T12:46:54+08:00][sql] SHOW FULL COLUMNS FROM `user` [ RunTime:0.001123s ]
[2021-08-16T12:46:54+08:00][sql] SELECT * FROM `user` WHERE  `id` IS NULL LIMIT 1 [ RunTime:0.000373s ]
[2021-08-16T12:47:14+08:00][info] 接口地址：Lists/getprice,接口输入：Array
(
    [timestamp] => 2021-08-16 12:47:14
)

[2021-08-16T12:47:14+08:00][sql] CONNECT:[ UseTime:0.000340s ] mysql:host=127.0.0.1;port=3306;dbname=aa;charset=utf8
[2021-08-16T12:47:14+08:00][sql] SHOW FULL COLUMNS FROM `user` [ RunTime:0.001100s ]
[2021-08-16T12:47:14+08:00][sql] SELECT * FROM `user` WHERE  `id` = 428 LIMIT 1 [ RunTime:0.000435s ]
[2021-08-16T12:47:36+08:00][info] 接口地址：Lists/getprice,接口输入：Array
(
    [timestamp] => 2021-08-16 12:47:36
)

[2021-08-16T12:47:36+08:00][sql] CONNECT:[ UseTime:0.000370s ] mysql:host=127.0.0.1;port=3306;dbname=aa;charset=utf8
[2021-08-16T12:47:36+08:00][sql] SHOW FULL COLUMNS FROM `user` [ RunTime:0.001095s ]
[2021-08-16T12:47:36+08:00][sql] SELECT * FROM `user` WHERE  `id` = 428 LIMIT 1 [ RunTime:0.000570s ]
[2021-08-16T12:55:10+08:00][info] 接口地址：Lists/getprice,接口输入：Array
(
    [timestamp] => 2021-08-16 12:55:10
)

[2021-08-16T12:55:10+08:00][sql] CONNECT:[ UseTime:0.000400s ] mysql:host=127.0.0.1;port=3306;dbname=aa;charset=utf8
[2021-08-16T12:55:10+08:00][sql] SHOW FULL COLUMNS FROM `user` [ RunTime:0.001140s ]
[2021-08-16T12:55:10+08:00][sql] SELECT * FROM `user` WHERE  `id` = 428 LIMIT 1 [ RunTime:0.000466s ]
[2021-08-16T19:02:15+08:00][info] 接口地址：Lists/getprice,接口输入：Array
(
    [timestamp] => 2021-08-16 19:02:15
)

[2021-08-16T19:02:15+08:00][sql] CONNECT:[ UseTime:0.000377s ] mysql:host=127.0.0.1;port=3306;dbname=aa;charset=utf8
[2021-08-16T19:02:15+08:00][sql] SHOW FULL COLUMNS FROM `user` [ RunTime:0.001685s ]
[2021-08-16T19:02:15+08:00][sql] SELECT * FROM `user` WHERE  `id` = 391 LIMIT 1 [ RunTime:0.000567s ]
[2021-08-16T19:02:17+08:00][info] 接口地址：Newlist/index,接口输入：Array
(
    [timestamp] => 2021-08-16 19:02:16
)

[2021-08-16T19:02:17+08:00][sql] CONNECT:[ UseTime:0.000411s ] mysql:host=127.0.0.1;port=3306;dbname=aa;charset=utf8
[2021-08-16T19:02:17+08:00][sql] SHOW FULL COLUMNS FROM `newlist` [ RunTime:0.000924s ]
[2021-08-16T19:02:17+08:00][sql] SELECT COUNT(*) AS think_count FROM `newlist` [ RunTime:0.000259s ]
[2021-08-16T19:02:17+08:00][sql] SELECT * FROM `newlist` ORDER BY `newlist_id` DESC LIMIT 0,20 [ RunTime:0.000309s ]
[2021-08-16T19:02:18+08:00][info] 接口地址：Lists/index,接口输入：Array
(
    [timestamp] => 2021-08-16 19:02:18
)

[2021-08-16T19:02:18+08:00][sql] CONNECT:[ UseTime:0.000375s ] mysql:host=127.0.0.1;port=3306;dbname=aa;charset=utf8
[2021-08-16T19:02:18+08:00][sql] SHOW FULL COLUMNS FROM `lists` [ RunTime:0.000917s ]
[2021-08-16T19:02:18+08:00][sql] SELECT COUNT(*) AS think_count FROM `lists` WHERE  `phone` = '15888888888' [ RunTime:0.000342s ]
[2021-08-16T19:02:18+08:00][sql] SELECT * FROM `lists` WHERE  `phone` = '15888888888' ORDER BY `lists_id` DESC LIMIT 0,20 [ RunTime:0.000334s ]
[2021-08-16T19:02:19+08:00][info] 接口地址：Lists/getprice,接口输入：Array
(
    [timestamp] => 2021-08-16 19:02:19
)

[2021-08-16T19:02:19+08:00][sql] CONNECT:[ UseTime:0.000312s ] mysql:host=127.0.0.1;port=3306;dbname=aa;charset=utf8
[2021-08-16T19:02:19+08:00][sql] SHOW FULL COLUMNS FROM `user` [ RunTime:0.001041s ]
[2021-08-16T19:02:19+08:00][sql] SELECT * FROM `user` WHERE  `id` = 391 LIMIT 1 [ RunTime:0.000418s ]
[2021-08-16T23:36:31+08:00][info] 接口地址：Lists/getprice,接口输入：Array
(
    [timestamp] => 2021-08-16 23:36:31
)

[2021-08-16T23:36:31+08:00][sql] CONNECT:[ UseTime:0.000393s ] mysql:host=127.0.0.1;port=3306;dbname=aa;charset=utf8
[2021-08-16T23:36:31+08:00][sql] SHOW FULL COLUMNS FROM `user` [ RunTime:0.001271s ]
[2021-08-16T23:36:31+08:00][sql] SELECT * FROM `user` WHERE  `id` IS NULL LIMIT 1 [ RunTime:0.000391s ]
[2021-08-16T23:38:28+08:00][info] 接口地址：Lists/getprice,接口输入：Array
(
    [timestamp] => 2021-08-16 23:38:28
)

[2021-08-16T23:38:28+08:00][sql] CONNECT:[ UseTime:0.000320s ] mysql:host=127.0.0.1;port=3306;dbname=aa;charset=utf8
[2021-08-16T23:38:28+08:00][sql] SHOW FULL COLUMNS FROM `user` [ RunTime:0.001075s ]
[2021-08-16T23:38:28+08:00][sql] SELECT * FROM `user` WHERE  `id` = 396 LIMIT 1 [ RunTime:0.000474s ]
[2021-08-16T23:38:33+08:00][info] 接口地址：Lists/getprice,接口输入：Array
(
    [timestamp] => 2021-08-16 23:38:33
)

[2021-08-16T23:38:33+08:00][sql] CONNECT:[ UseTime:0.000321s ] mysql:host=127.0.0.1;port=3306;dbname=aa;charset=utf8
[2021-08-16T23:38:33+08:00][sql] SHOW FULL COLUMNS FROM `user` [ RunTime:0.001066s ]
[2021-08-16T23:38:33+08:00][sql] SELECT * FROM `user` WHERE  `id` = 396 LIMIT 1 [ RunTime:0.000432s ]
[2021-08-16T23:39:51+08:00][info] 接口地址：Lists/getprice,接口输入：Array
(
    [timestamp] => 2021-08-16 23:39:51
)

[2021-08-16T23:39:51+08:00][sql] CONNECT:[ UseTime:0.000331s ] mysql:host=127.0.0.1;port=3306;dbname=aa;charset=utf8
[2021-08-16T23:39:51+08:00][sql] SHOW FULL COLUMNS FROM `user` [ RunTime:0.001102s ]
[2021-08-16T23:39:51+08:00][sql] SELECT * FROM `user` WHERE  `id` = 396 LIMIT 1 [ RunTime:0.000448s ]
[2021-08-16T23:41:09+08:00][info] 接口地址：Lists/getprice,接口输入：Array
(
    [timestamp] => 2021-08-16 23:41:09
)

[2021-08-16T23:41:09+08:00][sql] CONNECT:[ UseTime:0.000348s ] mysql:host=127.0.0.1;port=3306;dbname=aa;charset=utf8
[2021-08-16T23:41:09+08:00][sql] SHOW FULL COLUMNS FROM `user` [ RunTime:0.001087s ]
[2021-08-16T23:41:09+08:00][sql] SELECT * FROM `user` WHERE  `id` = 396 LIMIT 1 [ RunTime:0.000435s ]
[2021-08-16T23:41:59+08:00][info] 接口地址：Lists/getprice,接口输入：Array
(
    [timestamp] => 2021-08-16 23:41:59
)

[2021-08-16T23:41:59+08:00][sql] CONNECT:[ UseTime:0.000323s ] mysql:host=127.0.0.1;port=3306;dbname=aa;charset=utf8
[2021-08-16T23:41:59+08:00][sql] SHOW FULL COLUMNS FROM `user` [ RunTime:0.001067s ]
[2021-08-16T23:41:59+08:00][sql] SELECT * FROM `user` WHERE  `id` = 396 LIMIT 1 [ RunTime:0.000441s ]
[2021-08-16T23:43:21+08:00][info] 接口地址：Lists/getprice,接口输入：Array
(
    [timestamp] => 2021-08-16 23:43:21
)

[2021-08-16T23:43:21+08:00][sql] CONNECT:[ UseTime:0.000407s ] mysql:host=127.0.0.1;port=3306;dbname=aa;charset=utf8
[2021-08-16T23:43:21+08:00][sql] SHOW FULL COLUMNS FROM `user` [ RunTime:0.001110s ]
[2021-08-16T23:43:21+08:00][sql] SELECT * FROM `user` WHERE  `id` = 396 LIMIT 1 [ RunTime:0.000486s ]
[2021-08-16T23:43:31+08:00][info] 接口地址：Lists/getprice,接口输入：Array
(
    [timestamp] => 2021-08-16 23:43:31
)

[2021-08-16T23:43:31+08:00][sql] CONNECT:[ UseTime:0.000344s ] mysql:host=127.0.0.1;port=3306;dbname=aa;charset=utf8
[2021-08-16T23:43:31+08:00][sql] SHOW FULL COLUMNS FROM `user` [ RunTime:0.001111s ]
[2021-08-16T23:43:31+08:00][sql] SELECT * FROM `user` WHERE  `id` = 396 LIMIT 1 [ RunTime:0.000462s ]
[2021-08-16T23:43:46+08:00][info] 接口地址：Lists/getprice,接口输入：Array
(
    [timestamp] => 2021-08-16 23:43:46
)

[2021-08-16T23:43:46+08:00][sql] CONNECT:[ UseTime:0.000360s ] mysql:host=127.0.0.1;port=3306;dbname=aa;charset=utf8
[2021-08-16T23:43:46+08:00][sql] SHOW FULL COLUMNS FROM `user` [ RunTime:0.001091s ]
[2021-08-16T23:43:46+08:00][sql] SELECT * FROM `user` WHERE  `id` = 396 LIMIT 1 [ RunTime:0.000435s ]
[2021-08-16T23:43:54+08:00][info] 接口地址：Lists/getprice,接口输入：Array
(
    [timestamp] => 2021-08-16 23:43:54
)

[2021-08-16T23:43:54+08:00][sql] CONNECT:[ UseTime:0.000371s ] mysql:host=127.0.0.1;port=3306;dbname=aa;charset=utf8
[2021-08-16T23:43:54+08:00][sql] SHOW FULL COLUMNS FROM `user` [ RunTime:0.001363s ]
[2021-08-16T23:43:54+08:00][sql] SELECT * FROM `user` WHERE  `id` = 396 LIMIT 1 [ RunTime:0.000451s ]
[2021-08-16T23:44:18+08:00][info] 接口地址：Lists/getprice,接口输入：Array
(
    [timestamp] => 2021-08-16 23:44:18
)

[2021-08-16T23:44:18+08:00][sql] CONNECT:[ UseTime:0.000333s ] mysql:host=127.0.0.1;port=3306;dbname=aa;charset=utf8
[2021-08-16T23:44:18+08:00][sql] SHOW FULL COLUMNS FROM `user` [ RunTime:0.002779s ]
[2021-08-16T23:44:18+08:00][sql] SELECT * FROM `user` WHERE  `id` = 396 LIMIT 1 [ RunTime:0.000545s ]
[2021-08-16T23:47:16+08:00][info] 接口地址：Lists/getprice,接口输入：Array
(
    [timestamp] => 2021-08-16 23:47:16
)

[2021-08-16T23:47:16+08:00][sql] CONNECT:[ UseTime:0.000313s ] mysql:host=127.0.0.1;port=3306;dbname=aa;charset=utf8
[2021-08-16T23:47:16+08:00][sql] SHOW FULL COLUMNS FROM `user` [ RunTime:0.001288s ]
[2021-08-16T23:47:16+08:00][sql] SELECT * FROM `user` WHERE  `id` = 396 LIMIT 1 [ RunTime:0.000443s ]
