[2021-08-17T00:18:31+08:00][info] 接口地址：Lists/getprice,接口输入：Array
(
    [timestamp] => 2021-08-17 00:18:31
)

[2021-08-17T00:18:31+08:00][sql] CONNECT:[ UseTime:0.000418s ] mysql:host=127.0.0.1;port=3306;dbname=aa;charset=utf8
[2021-08-17T00:18:31+08:00][sql] SHOW FULL COLUMNS FROM `user` [ RunTime:0.001100s ]
[2021-08-17T00:18:31+08:00][sql] SELECT * FROM `user` WHERE  `id` = 396 LIMIT 1 [ RunTime:0.000488s ]
[2021-08-17T00:19:06+08:00][info] 接口地址：Lists/getprice,接口输入：Array
(
    [timestamp] => 2021-08-17 00:19:06
)

[2021-08-17T00:19:06+08:00][sql] CONNECT:[ UseTime:0.000345s ] mysql:host=127.0.0.1;port=3306;dbname=aa;charset=utf8
[2021-08-17T00:19:06+08:00][sql] SHOW FULL COLUMNS FROM `user` [ RunTime:0.004689s ]
[2021-08-17T00:19:06+08:00][sql] SELECT * FROM `user` WHERE  `id` = 396 LIMIT 1 [ RunTime:0.000452s ]
[2021-08-17T00:20:22+08:00][info] 接口地址：Lists/getprice,接口输入：Array
(
    [timestamp] => 2021-08-17 00:20:22
)

[2021-08-17T00:20:22+08:00][sql] CONNECT:[ UseTime:0.000405s ] mysql:host=127.0.0.1;port=3306;dbname=aa;charset=utf8
[2021-08-17T00:20:22+08:00][sql] SHOW FULL COLUMNS FROM `user` [ RunTime:0.001389s ]
[2021-08-17T00:20:22+08:00][sql] SELECT * FROM `user` WHERE  `id` = 396 LIMIT 1 [ RunTime:0.000517s ]
[2021-08-17T00:20:31+08:00][info] 接口地址：Lists/getprice,接口输入：Array
(
    [timestamp] => 2021-08-17 00:20:31
)

[2021-08-17T00:20:31+08:00][sql] CONNECT:[ UseTime:0.000436s ] mysql:host=127.0.0.1;port=3306;dbname=aa;charset=utf8
[2021-08-17T00:20:31+08:00][sql] SHOW FULL COLUMNS FROM `user` [ RunTime:0.001112s ]
[2021-08-17T00:20:31+08:00][sql] SELECT * FROM `user` WHERE  `id` = 396 LIMIT 1 [ RunTime:0.000496s ]
[2021-08-17T00:23:33+08:00][info] 接口地址：Lists/getprice,接口输入：Array
(
    [timestamp] => 2021-08-17 00:23:33
)

[2021-08-17T00:23:33+08:00][sql] CONNECT:[ UseTime:0.000407s ] mysql:host=127.0.0.1;port=3306;dbname=aa;charset=utf8
[2021-08-17T00:23:33+08:00][sql] SHOW FULL COLUMNS FROM `user` [ RunTime:0.001281s ]
[2021-08-17T00:23:33+08:00][sql] SELECT * FROM `user` WHERE  `id` = 396 LIMIT 1 [ RunTime:0.000483s ]
[2021-08-17T00:25:07+08:00][info] 接口地址：Lists/getprice,接口输入：Array
(
    [timestamp] => 2021-08-17 00:25:07
)

[2021-08-17T00:25:07+08:00][sql] CONNECT:[ UseTime:0.004119s ] mysql:host=127.0.0.1;port=3306;dbname=aa;charset=utf8
[2021-08-17T00:25:07+08:00][sql] SHOW FULL COLUMNS FROM `user` [ RunTime:0.001662s ]
[2021-08-17T00:25:07+08:00][sql] SELECT * FROM `user` WHERE  `id` = 396 LIMIT 1 [ RunTime:0.000597s ]
[2021-08-17T00:25:09+08:00][info] 接口地址：Lists/getprice,接口输入：Array
(
    [timestamp] => 2021-08-17 00:25:09
)

[2021-08-17T00:25:09+08:00][sql] CONNECT:[ UseTime:0.000360s ] mysql:host=127.0.0.1;port=3306;dbname=aa;charset=utf8
[2021-08-17T00:25:09+08:00][sql] SHOW FULL COLUMNS FROM `user` [ RunTime:0.001253s ]
[2021-08-17T00:25:09+08:00][sql] SELECT * FROM `user` WHERE  `id` = 396 LIMIT 1 [ RunTime:0.000465s ]
[2021-08-17T00:25:10+08:00][info] 接口地址：Lists/getprice,接口输入：Array
(
    [timestamp] => 2021-08-17 00:25:10
)

[2021-08-17T00:25:10+08:00][sql] CONNECT:[ UseTime:0.000338s ] mysql:host=127.0.0.1;port=3306;dbname=aa;charset=utf8
[2021-08-17T00:25:10+08:00][sql] SHOW FULL COLUMNS FROM `user` [ RunTime:0.001086s ]
[2021-08-17T00:25:10+08:00][sql] SELECT * FROM `user` WHERE  `id` = 396 LIMIT 1 [ RunTime:0.000411s ]
[2021-08-17T00:25:12+08:00][info] 接口地址：Lists/getprice,接口输入：Array
(
    [timestamp] => 2021-08-17 00:25:12
)

[2021-08-17T00:25:12+08:00][sql] CONNECT:[ UseTime:0.000365s ] mysql:host=127.0.0.1;port=3306;dbname=aa;charset=utf8
[2021-08-17T00:25:12+08:00][sql] SHOW FULL COLUMNS FROM `user` [ RunTime:0.002444s ]
[2021-08-17T00:25:12+08:00][sql] SELECT * FROM `user` WHERE  `id` = 396 LIMIT 1 [ RunTime:0.000607s ]
[2021-08-17T00:25:40+08:00][info] 接口地址：Lists/getprice,接口输入：Array
(
    [timestamp] => 2021-08-17 00:25:40
)

[2021-08-17T00:25:40+08:00][sql] CONNECT:[ UseTime:0.000891s ] mysql:host=127.0.0.1;port=3306;dbname=aa;charset=utf8
[2021-08-17T00:25:40+08:00][sql] SHOW FULL COLUMNS FROM `user` [ RunTime:0.001629s ]
[2021-08-17T00:25:40+08:00][sql] SELECT * FROM `user` WHERE  `id` = 396 LIMIT 1 [ RunTime:0.000968s ]
[2021-08-17T00:25:42+08:00][info] 接口地址：Lists/getprice,接口输入：Array
(
    [timestamp] => 2021-08-17 00:25:42
)

[2021-08-17T00:25:42+08:00][sql] CONNECT:[ UseTime:0.000320s ] mysql:host=127.0.0.1;port=3306;dbname=aa;charset=utf8
[2021-08-17T00:25:42+08:00][sql] SHOW FULL COLUMNS FROM `user` [ RunTime:0.001304s ]
[2021-08-17T00:25:42+08:00][sql] SELECT * FROM `user` WHERE  `id` = 396 LIMIT 1 [ RunTime:0.000462s ]
[2021-08-17T00:25:47+08:00][info] 接口地址：Lists/getprice,接口输入：Array
(
    [timestamp] => 2021-08-17 00:25:47
)

[2021-08-17T00:25:47+08:00][sql] CONNECT:[ UseTime:0.000355s ] mysql:host=127.0.0.1;port=3306;dbname=aa;charset=utf8
[2021-08-17T00:25:47+08:00][sql] SHOW FULL COLUMNS FROM `user` [ RunTime:0.001328s ]
[2021-08-17T00:25:47+08:00][sql] SELECT * FROM `user` WHERE  `id` = 396 LIMIT 1 [ RunTime:0.000431s ]
[2021-08-17T00:26:13+08:00][info] 接口地址：Lists/getprice,接口输入：Array
(
    [timestamp] => 2021-08-17 00:26:13
)

[2021-08-17T00:26:13+08:00][sql] CONNECT:[ UseTime:0.000458s ] mysql:host=127.0.0.1;port=3306;dbname=aa;charset=utf8
[2021-08-17T00:26:13+08:00][sql] SHOW FULL COLUMNS FROM `user` [ RunTime:0.001650s ]
[2021-08-17T00:26:13+08:00][sql] SELECT * FROM `user` WHERE  `id` = 396 LIMIT 1 [ RunTime:0.000514s ]
[2021-08-17T00:27:20+08:00][info] 接口地址：Lists/getprice,接口输入：Array
(
    [timestamp] => 2021-08-17 00:27:20
)

[2021-08-17T00:27:20+08:00][sql] CONNECT:[ UseTime:0.000443s ] mysql:host=127.0.0.1;port=3306;dbname=aa;charset=utf8
[2021-08-17T00:27:20+08:00][sql] SHOW FULL COLUMNS FROM `user` [ RunTime:0.001278s ]
[2021-08-17T00:27:20+08:00][sql] SELECT * FROM `user` WHERE  `id` = 396 LIMIT 1 [ RunTime:0.000562s ]
[2021-08-17T00:27:29+08:00][info] 接口地址：Lists/getprice,接口输入：Array
(
    [timestamp] => 2021-08-17 00:27:29
)

[2021-08-17T00:27:29+08:00][sql] CONNECT:[ UseTime:0.000472s ] mysql:host=127.0.0.1;port=3306;dbname=aa;charset=utf8
[2021-08-17T00:27:29+08:00][sql] SHOW FULL COLUMNS FROM `user` [ RunTime:0.001785s ]
[2021-08-17T00:27:29+08:00][sql] SELECT * FROM `user` WHERE  `id` = 396 LIMIT 1 [ RunTime:0.000443s ]
[2021-08-17T00:30:16+08:00][info] 接口地址：Lists/getprice,接口输入：Array
(
    [timestamp] => 2021-08-17 00:30:16
)

[2021-08-17T00:30:16+08:00][sql] CONNECT:[ UseTime:0.000416s ] mysql:host=127.0.0.1;port=3306;dbname=aa;charset=utf8
[2021-08-17T00:30:16+08:00][sql] SHOW FULL COLUMNS FROM `user` [ RunTime:0.001088s ]
[2021-08-17T00:30:16+08:00][sql] SELECT * FROM `user` WHERE  `id` = 396 LIMIT 1 [ RunTime:0.000427s ]
[2021-08-17T00:34:33+08:00][info] 接口地址：Lists/getprice,接口输入：Array
(
    [timestamp] => 2021-08-17 00:34:33
)

[2021-08-17T00:34:33+08:00][sql] CONNECT:[ UseTime:0.000344s ] mysql:host=127.0.0.1;port=3306;dbname=aa;charset=utf8
[2021-08-17T00:34:33+08:00][sql] SHOW FULL COLUMNS FROM `user` [ RunTime:0.001068s ]
[2021-08-17T00:34:33+08:00][sql] SELECT * FROM `user` WHERE  `id` = 396 LIMIT 1 [ RunTime:0.000414s ]
[2021-08-17T00:34:40+08:00][info] 接口地址：Lists/getprice,接口输入：Array
(
    [timestamp] => 2021-08-17 00:34:40
)

[2021-08-17T00:34:40+08:00][sql] CONNECT:[ UseTime:0.000348s ] mysql:host=127.0.0.1;port=3306;dbname=aa;charset=utf8
[2021-08-17T00:34:40+08:00][sql] SHOW FULL COLUMNS FROM `user` [ RunTime:0.001458s ]
[2021-08-17T00:34:40+08:00][sql] SELECT * FROM `user` WHERE  `id` = 396 LIMIT 1 [ RunTime:0.000465s ]
[2021-08-17T00:35:27+08:00][info] 接口地址：Lists/getprice,接口输入：Array
(
    [timestamp] => 2021-08-17 00:35:27
)

[2021-08-17T00:35:27+08:00][sql] CONNECT:[ UseTime:0.000351s ] mysql:host=127.0.0.1;port=3306;dbname=aa;charset=utf8
[2021-08-17T00:35:27+08:00][sql] SHOW FULL COLUMNS FROM `user` [ RunTime:0.001086s ]
[2021-08-17T00:35:27+08:00][sql] SELECT * FROM `user` WHERE  `id` = 396 LIMIT 1 [ RunTime:0.000442s ]
[2021-08-17T00:37:03+08:00][info] 接口地址：Lists/getprice,接口输入：Array
(
    [timestamp] => 2021-08-17 00:37:03
)

[2021-08-17T00:37:03+08:00][sql] CONNECT:[ UseTime:0.000416s ] mysql:host=127.0.0.1;port=3306;dbname=aa;charset=utf8
[2021-08-17T00:37:03+08:00][sql] SHOW FULL COLUMNS FROM `user` [ RunTime:0.003198s ]
[2021-08-17T00:37:03+08:00][sql] SELECT * FROM `user` WHERE  `id` = 396 LIMIT 1 [ RunTime:0.000464s ]
[2021-08-17T00:42:24+08:00][info] 接口地址：Lists/getprice,接口输入：Array
(
    [timestamp] => 2021-08-17 00:42:24
)

[2021-08-17T00:42:24+08:00][sql] CONNECT:[ UseTime:0.000343s ] mysql:host=127.0.0.1;port=3306;dbname=aa;charset=utf8
[2021-08-17T00:42:24+08:00][sql] SHOW FULL COLUMNS FROM `user` [ RunTime:0.001196s ]
[2021-08-17T00:42:24+08:00][sql] SELECT * FROM `user` WHERE  `id` IS NULL LIMIT 1 [ RunTime:0.000351s ]
[2021-08-17T00:42:31+08:00][info] 接口地址：Lists/getprice,接口输入：Array
(
    [timestamp] => 2021-08-17 00:42:31
)

[2021-08-17T00:42:31+08:00][sql] CONNECT:[ UseTime:0.000382s ] mysql:host=127.0.0.1;port=3306;dbname=aa;charset=utf8
[2021-08-17T00:42:31+08:00][sql] SHOW FULL COLUMNS FROM `user` [ RunTime:0.001138s ]
[2021-08-17T00:42:31+08:00][sql] SELECT * FROM `user` WHERE  `id` = 396 LIMIT 1 [ RunTime:0.000462s ]
[2021-08-17T00:42:37+08:00][info] 接口地址：Lists/getprice,接口输入：Array
(
    [timestamp] => 2021-08-17 00:42:37
)

[2021-08-17T00:42:37+08:00][sql] CONNECT:[ UseTime:0.000408s ] mysql:host=127.0.0.1;port=3306;dbname=aa;charset=utf8
[2021-08-17T00:42:37+08:00][sql] SHOW FULL COLUMNS FROM `user` [ RunTime:0.001308s ]
[2021-08-17T00:42:37+08:00][sql] SELECT * FROM `user` WHERE  `id` = 396 LIMIT 1 [ RunTime:0.000523s ]
[2021-08-17T00:46:19+08:00][info] 接口地址：Lists/getprice,接口输入：Array
(
    [timestamp] => 2021-08-17 00:46:19
)

[2021-08-17T00:46:19+08:00][sql] CONNECT:[ UseTime:0.000380s ] mysql:host=127.0.0.1;port=3306;dbname=aa;charset=utf8
[2021-08-17T00:46:19+08:00][sql] SHOW FULL COLUMNS FROM `user` [ RunTime:0.001103s ]
[2021-08-17T00:46:19+08:00][sql] SELECT * FROM `user` WHERE  `id` = 396 LIMIT 1 [ RunTime:0.000432s ]
[2021-08-17T00:52:14+08:00][info] 接口地址：Lists/getprice,接口输入：Array
(
    [timestamp] => 2021-08-17 00:52:14
)

[2021-08-17T00:52:14+08:00][sql] CONNECT:[ UseTime:0.000552s ] mysql:host=127.0.0.1;port=3306;dbname=aa;charset=utf8
[2021-08-17T00:52:14+08:00][sql] SHOW FULL COLUMNS FROM `user` [ RunTime:0.003114s ]
[2021-08-17T00:52:14+08:00][sql] SELECT * FROM `user` WHERE  `id` = 396 LIMIT 1 [ RunTime:0.000516s ]
[2021-08-17T00:52:56+08:00][info] 接口地址：Lists/getprice,接口输入：Array
(
    [timestamp] => 2021-08-17 00:52:56
)

[2021-08-17T00:52:56+08:00][sql] CONNECT:[ UseTime:0.000338s ] mysql:host=127.0.0.1;port=3306;dbname=aa;charset=utf8
[2021-08-17T00:52:56+08:00][sql] SHOW FULL COLUMNS FROM `user` [ RunTime:0.003239s ]
[2021-08-17T00:52:56+08:00][sql] SELECT * FROM `user` WHERE  `id` = 396 LIMIT 1 [ RunTime:0.000427s ]
[2021-08-17T00:53:46+08:00][info] 接口地址：Lists/getprice,接口输入：Array
(
    [timestamp] => 2021-08-17 00:53:46
)

[2021-08-17T00:53:46+08:00][sql] CONNECT:[ UseTime:0.001468s ] mysql:host=127.0.0.1;port=3306;dbname=aa;charset=utf8
[2021-08-17T00:53:46+08:00][sql] SHOW FULL COLUMNS FROM `user` [ RunTime:0.001330s ]
[2021-08-17T00:53:46+08:00][sql] SELECT * FROM `user` WHERE  `id` = 396 LIMIT 1 [ RunTime:0.000513s ]
[2021-08-17T00:53:48+08:00][info] 接口地址：Lists/getprice,接口输入：Array
(
    [timestamp] => 2021-08-17 00:53:48
)

[2021-08-17T00:53:48+08:00][sql] CONNECT:[ UseTime:0.000345s ] mysql:host=127.0.0.1;port=3306;dbname=aa;charset=utf8
[2021-08-17T00:53:48+08:00][sql] SHOW FULL COLUMNS FROM `user` [ RunTime:0.001299s ]
[2021-08-17T00:53:48+08:00][sql] SELECT * FROM `user` WHERE  `id` = 396 LIMIT 1 [ RunTime:0.000456s ]
[2021-08-17T00:54:01+08:00][info] 接口地址：Lists/getprice,接口输入：Array
(
    [timestamp] => 2021-08-17 00:54:01
)

[2021-08-17T00:54:01+08:00][sql] CONNECT:[ UseTime:0.000359s ] mysql:host=127.0.0.1;port=3306;dbname=aa;charset=utf8
[2021-08-17T00:54:01+08:00][sql] SHOW FULL COLUMNS FROM `user` [ RunTime:0.001151s ]
[2021-08-17T00:54:01+08:00][sql] SELECT * FROM `user` WHERE  `id` = 396 LIMIT 1 [ RunTime:0.000446s ]
[2021-08-17T00:59:15+08:00][info] 接口地址：Lists/getprice,接口输入：Array
(
    [timestamp] => 2021-08-17 00:59:15
)

[2021-08-17T00:59:15+08:00][sql] CONNECT:[ UseTime:0.000318s ] mysql:host=127.0.0.1;port=3306;dbname=aa;charset=utf8
[2021-08-17T00:59:15+08:00][sql] SHOW FULL COLUMNS FROM `user` [ RunTime:0.001061s ]
[2021-08-17T00:59:15+08:00][sql] SELECT * FROM `user` WHERE  `id` = 396 LIMIT 1 [ RunTime:0.000472s ]
[2021-08-17T01:03:07+08:00][info] 接口地址：Lists/getprice,接口输入：Array
(
    [timestamp] => 2021-08-17 01:03:07
)

[2021-08-17T01:03:07+08:00][sql] CONNECT:[ UseTime:0.000404s ] mysql:host=127.0.0.1;port=3306;dbname=aa;charset=utf8
[2021-08-17T01:03:07+08:00][sql] SHOW FULL COLUMNS FROM `user` [ RunTime:0.001356s ]
[2021-08-17T01:03:07+08:00][sql] SELECT * FROM `user` WHERE  `id` = 396 LIMIT 1 [ RunTime:0.000428s ]
[2021-08-17T01:03:27+08:00][info] 接口地址：Lists/getprice,接口输入：Array
(
    [timestamp] => 2021-08-17 01:03:27
)

[2021-08-17T01:03:27+08:00][sql] CONNECT:[ UseTime:0.000314s ] mysql:host=127.0.0.1;port=3306;dbname=aa;charset=utf8
[2021-08-17T01:03:27+08:00][sql] SHOW FULL COLUMNS FROM `user` [ RunTime:0.001328s ]
[2021-08-17T01:03:27+08:00][sql] SELECT * FROM `user` WHERE  `id` = 396 LIMIT 1 [ RunTime:0.000426s ]
[2021-08-17T01:18:31+08:00][info] 接口地址：Lists/getprice,接口输入：Array
(
    [timestamp] => 2021-08-17 01:18:31
)

[2021-08-17T01:18:31+08:00][sql] CONNECT:[ UseTime:0.000397s ] mysql:host=127.0.0.1;port=3306;dbname=aa;charset=utf8
[2021-08-17T01:18:31+08:00][sql] SHOW FULL COLUMNS FROM `user` [ RunTime:0.001411s ]
[2021-08-17T01:18:31+08:00][sql] SELECT * FROM `user` WHERE  `id` = 396 LIMIT 1 [ RunTime:0.000665s ]
[2021-08-17T01:18:47+08:00][info] 接口地址：Lists/getprice,接口输入：Array
(
    [timestamp] => 2021-08-17 01:18:47
)

[2021-08-17T01:18:47+08:00][sql] CONNECT:[ UseTime:0.000739s ] mysql:host=127.0.0.1;port=3306;dbname=aa;charset=utf8
[2021-08-17T01:18:47+08:00][sql] SHOW FULL COLUMNS FROM `user` [ RunTime:0.001538s ]
[2021-08-17T01:18:47+08:00][sql] SELECT * FROM `user` WHERE  `id` = 396 LIMIT 1 [ RunTime:0.000595s ]
[2021-08-17T01:19:52+08:00][info] 接口地址：Lists/getprice,接口输入：Array
(
    [timestamp] => 2021-08-17 01:19:52
)

[2021-08-17T01:19:52+08:00][sql] CONNECT:[ UseTime:0.000336s ] mysql:host=127.0.0.1;port=3306;dbname=aa;charset=utf8
[2021-08-17T01:19:52+08:00][sql] SHOW FULL COLUMNS FROM `user` [ RunTime:0.001098s ]
[2021-08-17T01:19:52+08:00][sql] SELECT * FROM `user` WHERE  `id` = 396 LIMIT 1 [ RunTime:0.000418s ]
[2021-08-17T01:21:39+08:00][info] 接口地址：Lists/getprice,接口输入：Array
(
    [timestamp] => 2021-08-17 01:21:39
)

[2021-08-17T01:21:39+08:00][sql] CONNECT:[ UseTime:0.000393s ] mysql:host=127.0.0.1;port=3306;dbname=aa;charset=utf8
[2021-08-17T01:21:39+08:00][sql] SHOW FULL COLUMNS FROM `user` [ RunTime:0.001268s ]
[2021-08-17T01:21:39+08:00][sql] SELECT * FROM `user` WHERE  `id` = 396 LIMIT 1 [ RunTime:0.000443s ]
[2021-08-17T01:21:45+08:00][info] 接口地址：Lists/getprice,接口输入：Array
(
    [timestamp] => 2021-08-17 01:21:45
)

[2021-08-17T01:21:45+08:00][sql] CONNECT:[ UseTime:0.000351s ] mysql:host=127.0.0.1;port=3306;dbname=aa;charset=utf8
[2021-08-17T01:21:45+08:00][sql] SHOW FULL COLUMNS FROM `user` [ RunTime:0.001364s ]
[2021-08-17T01:21:45+08:00][sql] SELECT * FROM `user` WHERE  `id` = 396 LIMIT 1 [ RunTime:0.000446s ]
[2021-08-17T01:43:36+08:00][info] 接口地址：Lists/getprice,接口输入：Array
(
    [timestamp] => 2021-08-17 01:43:36
)

[2021-08-17T01:43:36+08:00][sql] CONNECT:[ UseTime:0.000327s ] mysql:host=127.0.0.1;port=3306;dbname=aa;charset=utf8
[2021-08-17T01:43:36+08:00][sql] SHOW FULL COLUMNS FROM `user` [ RunTime:0.001105s ]
[2021-08-17T01:43:36+08:00][sql] SELECT * FROM `user` WHERE  `id` = 396 LIMIT 1 [ RunTime:0.000461s ]
[2021-08-17T01:44:44+08:00][info] 接口地址：Lists/getprice,接口输入：Array
(
    [timestamp] => 2021-08-17 01:44:44
)

[2021-08-17T01:44:44+08:00][sql] CONNECT:[ UseTime:0.000371s ] mysql:host=127.0.0.1;port=3306;dbname=aa;charset=utf8
[2021-08-17T01:44:44+08:00][sql] SHOW FULL COLUMNS FROM `user` [ RunTime:0.002891s ]
[2021-08-17T01:44:44+08:00][sql] SELECT * FROM `user` WHERE  `id` = 396 LIMIT 1 [ RunTime:0.000442s ]
[2021-08-17T01:53:18+08:00][info] 接口地址：Lists/getprice,接口输入：Array
(
    [timestamp] => 2021-08-17 01:53:18
)

[2021-08-17T01:53:18+08:00][sql] CONNECT:[ UseTime:0.000381s ] mysql:host=127.0.0.1;port=3306;dbname=aa;charset=utf8
[2021-08-17T01:53:18+08:00][sql] SHOW FULL COLUMNS FROM `user` [ RunTime:0.001402s ]
[2021-08-17T01:53:18+08:00][sql] SELECT * FROM `user` WHERE  `id` = 396 LIMIT 1 [ RunTime:0.000460s ]
[2021-08-17T01:53:44+08:00][info] 接口地址：Lists/getprice,接口输入：Array
(
    [timestamp] => 2021-08-17 01:53:44
)

[2021-08-17T01:53:44+08:00][sql] CONNECT:[ UseTime:0.000348s ] mysql:host=127.0.0.1;port=3306;dbname=aa;charset=utf8
[2021-08-17T01:53:44+08:00][sql] SHOW FULL COLUMNS FROM `user` [ RunTime:0.001239s ]
[2021-08-17T01:53:44+08:00][sql] SELECT * FROM `user` WHERE  `id` = 396 LIMIT 1 [ RunTime:0.000564s ]
[2021-08-17T02:05:07+08:00][info] 接口地址：Lists/getprice,接口输入：Array
(
    [timestamp] => 2021-08-17 02:05:07
)

[2021-08-17T02:05:07+08:00][sql] CONNECT:[ UseTime:0.000816s ] mysql:host=127.0.0.1;port=3306;dbname=aa;charset=utf8
[2021-08-17T02:05:07+08:00][sql] SHOW FULL COLUMNS FROM `user` [ RunTime:0.001061s ]
[2021-08-17T02:05:07+08:00][sql] SELECT * FROM `user` WHERE  `id` = 396 LIMIT 1 [ RunTime:0.000425s ]
[2021-08-17T02:05:32+08:00][info] 接口地址：Lists/getprice,接口输入：Array
(
    [timestamp] => 2021-08-17 02:05:32
)

[2021-08-17T02:05:32+08:00][sql] CONNECT:[ UseTime:0.000543s ] mysql:host=127.0.0.1;port=3306;dbname=aa;charset=utf8
[2021-08-17T02:05:32+08:00][sql] SHOW FULL COLUMNS FROM `user` [ RunTime:0.001371s ]
[2021-08-17T02:05:32+08:00][sql] SELECT * FROM `user` WHERE  `id` = 396 LIMIT 1 [ RunTime:0.000460s ]
[2021-08-17T02:07:34+08:00][info] 接口地址：Lists/getprice,接口输入：Array
(
    [timestamp] => 2021-08-17 02:07:34
)

[2021-08-17T02:07:34+08:00][sql] CONNECT:[ UseTime:0.000337s ] mysql:host=127.0.0.1;port=3306;dbname=aa;charset=utf8
[2021-08-17T02:07:34+08:00][sql] SHOW FULL COLUMNS FROM `user` [ RunTime:0.001175s ]
[2021-08-17T02:07:34+08:00][sql] SELECT * FROM `user` WHERE  `id` = 396 LIMIT 1 [ RunTime:0.000432s ]
[2021-08-17T02:07:37+08:00][info] 接口地址：Lists/getprice,接口输入：Array
(
    [timestamp] => 2021-08-17 02:07:37
)

[2021-08-17T02:07:37+08:00][sql] CONNECT:[ UseTime:0.000335s ] mysql:host=127.0.0.1;port=3306;dbname=aa;charset=utf8
[2021-08-17T02:07:37+08:00][sql] SHOW FULL COLUMNS FROM `user` [ RunTime:0.001299s ]
[2021-08-17T02:07:37+08:00][sql] SELECT * FROM `user` WHERE  `id` = 396 LIMIT 1 [ RunTime:0.000441s ]
[2021-08-17T02:21:59+08:00][info] 接口地址：Lists/getprice,接口输入：Array
(
    [timestamp] => 2021-08-17 02:21:59
)

[2021-08-17T02:21:59+08:00][sql] CONNECT:[ UseTime:0.000337s ] mysql:host=127.0.0.1;port=3306;dbname=aa;charset=utf8
[2021-08-17T02:21:59+08:00][sql] SHOW FULL COLUMNS FROM `user` [ RunTime:0.001316s ]
[2021-08-17T02:21:59+08:00][sql] SELECT * FROM `user` WHERE  `id` = 396 LIMIT 1 [ RunTime:0.000431s ]
[2021-08-17T02:39:23+08:00][info] 接口地址：Lists/getprice,接口输入：Array
(
    [timestamp] => 2021-08-17 02:39:23
)

[2021-08-17T02:39:23+08:00][sql] CONNECT:[ UseTime:0.000346s ] mysql:host=127.0.0.1;port=3306;dbname=aa;charset=utf8
[2021-08-17T02:39:23+08:00][sql] SHOW FULL COLUMNS FROM `user` [ RunTime:0.001113s ]
[2021-08-17T02:39:23+08:00][sql] SELECT * FROM `user` WHERE  `id` = 396 LIMIT 1 [ RunTime:0.000449s ]
[2021-08-17T02:51:13+08:00][info] 接口地址：Lists/getprice,接口输入：Array
(
    [timestamp] => 2021-08-17 02:51:13
)

[2021-08-17T02:51:13+08:00][sql] CONNECT:[ UseTime:0.000368s ] mysql:host=127.0.0.1;port=3306;dbname=aa;charset=utf8
[2021-08-17T02:51:13+08:00][sql] SHOW FULL COLUMNS FROM `user` [ RunTime:0.001130s ]
[2021-08-17T02:51:13+08:00][sql] SELECT * FROM `user` WHERE  `id` = 396 LIMIT 1 [ RunTime:0.000437s ]
[2021-08-17T02:55:18+08:00][info] 接口地址：Lists/getprice,接口输入：Array
(
    [timestamp] => 2021-08-17 02:55:18
)

[2021-08-17T02:55:18+08:00][sql] CONNECT:[ UseTime:0.000343s ] mysql:host=127.0.0.1;port=3306;dbname=aa;charset=utf8
[2021-08-17T02:55:18+08:00][sql] SHOW FULL COLUMNS FROM `user` [ RunTime:0.006594s ]
[2021-08-17T02:55:18+08:00][sql] SELECT * FROM `user` WHERE  `id` = 396 LIMIT 1 [ RunTime:0.000455s ]
[2021-08-17T02:55:47+08:00][info] 接口地址：Lists/getprice,接口输入：Array
(
    [timestamp] => 2021-08-17 02:55:47
)

[2021-08-17T02:55:47+08:00][sql] CONNECT:[ UseTime:0.005418s ] mysql:host=127.0.0.1;port=3306;dbname=aa;charset=utf8
[2021-08-17T02:55:47+08:00][sql] SHOW FULL COLUMNS FROM `user` [ RunTime:0.001282s ]
[2021-08-17T02:55:47+08:00][sql] SELECT * FROM `user` WHERE  `id` = 396 LIMIT 1 [ RunTime:0.000414s ]
[2021-08-17T03:09:01+08:00][info] 接口地址：Lists/getprice,接口输入：Array
(
    [timestamp] => 2021-08-17 03:09:01
)

[2021-08-17T03:09:01+08:00][sql] CONNECT:[ UseTime:0.000387s ] mysql:host=127.0.0.1;port=3306;dbname=aa;charset=utf8
[2021-08-17T03:09:01+08:00][sql] SHOW FULL COLUMNS FROM `user` [ RunTime:0.001096s ]
[2021-08-17T03:09:01+08:00][sql] SELECT * FROM `user` WHERE  `id` = 396 LIMIT 1 [ RunTime:0.000465s ]
[2021-08-17T03:10:23+08:00][info] 接口地址：Lists/getprice,接口输入：Array
(
    [timestamp] => 2021-08-17 03:10:23
)

[2021-08-17T03:10:23+08:00][sql] CONNECT:[ UseTime:0.000338s ] mysql:host=127.0.0.1;port=3306;dbname=aa;charset=utf8
[2021-08-17T03:10:23+08:00][sql] SHOW FULL COLUMNS FROM `user` [ RunTime:0.001097s ]
[2021-08-17T03:10:23+08:00][sql] SELECT * FROM `user` WHERE  `id` = 396 LIMIT 1 [ RunTime:0.000481s ]
