[2023-04-11T20:45:07+08:00][error] 错误信息:controller not exists:app\controller\Pages
[2023-04-11T20:45:08+08:00][error] 错误信息:controller not exists:app\controller\Privacy
[2023-04-11T20:45:08+08:00][error] 错误信息:controller not exists:app\controller\Shippinginfo
[2023-04-11T20:45:09+08:00][error] 错误信息:controller not exists:app\controller\FrontEnd
[2023-04-11T20:45:11+08:00][error] 错误信息:controller not exists:app\controller\0865574d0622f26397ec43d96a5394038251c36a\Svg
[2023-04-11T20:45:11+08:00][error] 错误信息:controller not exists:app\controller\Sms
[2023-04-11T20:45:12+08:00][error] 错误信息:controller not exists:app\controller\Img
[2023-04-11T20:45:13+08:00][error] 错误信息:controller not exists:.DS_Store
[2023-04-11T20:45:14+08:00][error] 错误信息:controller not exists:app\controller\Merchantbank
[2023-04-11T20:45:14+08:00][error] 错误信息:controller not exists:app\controller\Merchantbank
[2023-04-11T20:45:15+08:00][error] 错误信息:controller not exists:app\controller\Merchantbank
[2023-04-11T20:45:15+08:00][error] 错误信息:controller not exists:app\controller\Merchantbank
[2023-04-11T20:45:16+08:00][error] 错误信息:controller not exists:app\controller\Merchantbank
[2023-04-11T20:45:16+08:00][error] 错误信息:controller not exists:app\controller\Merchantbank
[2023-04-11T20:45:19+08:00][error] 错误信息:controller not exists:app\controller\Assets
[2023-04-11T20:45:20+08:00][error] 错误信息:controller not exists:app\controller\Pl
[2023-04-11T20:45:20+08:00][error] 错误信息:controller not exists:app\controller\Bpegstar
[2023-04-11T20:45:21+08:00][error] 错误信息:controller not exists:app\controller\Password
[2023-04-11T20:45:22+08:00][error] 错误信息:controller not exists:app\controller\SanFilez
[2023-04-11T20:45:24+08:00][error] 错误信息:controller not exists:app\controller\Files
[2023-04-11T20:45:24+08:00][error] 错误信息:controller not exists:pre-land
[2023-04-11T20:45:24+08:00][error] 错误信息:controller not exists:app\controller\Meta
[2023-04-11T20:45:25+08:00][error] 错误信息:controller not exists:app\controller\Img
[2023-04-11T20:45:27+08:00][error] 错误信息:controller not exists:app\controller\Images
[2023-04-11T20:45:30+08:00][error] 错误信息:controller not exists:app\controller\Images
[2023-04-11T20:45:31+08:00][error] 错误信息:controller not exists:app\controller\Images
[2023-04-11T21:06:35+08:00][error] 错误信息:controller not exists:app\controller\Web
[2023-04-11T21:06:36+08:00][error] 错误信息:controller not exists:app\controller\Web
[2023-04-11T21:53:27+08:00][error] 错误信息:controller not exists:__tests__
[2023-04-11T21:53:28+08:00][error] 错误信息:controller not exists:__tests__
[2023-04-11T22:02:03+08:00][error] 错误信息:controller not exists:app\controller\Nmaplowercheck1681221721
[2023-04-11T22:02:03+08:00][error] 错误信息:controller not exists:app\controller\NmapUpperCheck1681221721
[2023-04-11T22:02:04+08:00][error] 错误信息:controller not exists:app\controller\Nmap
[2023-04-11T22:02:04+08:00][error] 错误信息:controller not exists:app\controller\Sdk
[2023-04-11T22:02:04+08:00][error] 错误信息:controller not exists:app\controller\Evox
[2023-04-11T22:02:05+08:00][error] 错误信息:controller not exists:app\controller\HNAP1
